
Species :    1 (Bi), atom :    1
 l =  0, m =  0, lm=   1 :    66.00000000    
 l =  1, m = -1, lm=   2 :    30.00000000    
 l =  1, m =  0, lm=   3 :    30.00000000    
 l =  1, m =  1, lm=   4 :    36.00000000    
 l =  2, m = -2, lm=   5 :    35.72949017    
 l =  2, m = -1, lm=   6 :    35.72949017    
 l =  2, m =  0, lm=   7 :    66.00000000    
 l =  2, m =  1, lm=   8 :    69.27050983    
 l =  2, m =  2, lm=   9 :    69.27050984    
 l =  3, m = -3, lm=  10 :   -62.27499748    
 l =  3, m = -2, lm=  11 :   -21.00000000    
 l =  3, m = -1, lm=  12 :   -21.00000000    
 l =  3, m =  0, lm=  13 :    27.00000000    
 l =  3, m =  1, lm=  14 :    87.00000000    
 l =  3, m =  2, lm=  15 :    87.00000000    
 l =  3, m =  3, lm=  16 :    185.2749975    

Species :    1 (Bi), atom :    2
 l =  0, m =  0, lm=   1 :    66.00000000    
 l =  1, m = -1, lm=   2 :    30.00000000    
 l =  1, m =  0, lm=   3 :    30.00000000    
 l =  1, m =  1, lm=   4 :    36.00000000    
 l =  2, m = -2, lm=   5 :    35.72949017    
 l =  2, m = -1, lm=   6 :    35.72949017    
 l =  2, m =  0, lm=   7 :    66.00000000    
 l =  2, m =  1, lm=   8 :    69.27050983    
 l =  2, m =  2, lm=   9 :    69.27050984    
 l =  3, m = -3, lm=  10 :   -62.27499748    
 l =  3, m = -2, lm=  11 :   -21.00000000    
 l =  3, m = -1, lm=  12 :   -21.00000000    
 l =  3, m =  0, lm=  13 :    27.00000000    
 l =  3, m =  1, lm=  14 :    87.00000000    
 l =  3, m =  2, lm=  15 :    87.00000000    
 l =  3, m =  3, lm=  16 :    185.2749975    
