 -0.5000000000       0.000000000    
 -0.4980000000       0.000000000    
 -0.4960000000       0.000000000    
 -0.4940000000       0.000000000    
 -0.4920000000       0.000000000    
 -0.4900000000       0.000000000    
 -0.4880000000       0.000000000    
 -0.4860000000       0.000000000    
 -0.4840000000      0.5871719922E-01
 -0.4820000000      0.4231920203    
 -0.4800000000      0.8439887415    
 -0.4780000000       1.394687884    
 -0.4760000000       1.815855176    
 -0.4740000000       2.225824121    
 -0.4720000000       2.488874075    
 -0.4700000000       2.637562575    
 -0.4680000000       2.816881952    
 -0.4660000000       3.057534343    
 -0.4640000000       3.326959499    
 -0.4620000000       3.619485081    
 -0.4600000000       3.843172465    
 -0.4580000000       4.044126936    
 -0.4560000000       4.175454227    
 -0.4540000000       4.364815097    
 -0.4520000000       4.539844115    
 -0.4500000000       4.776707537    
 -0.4480000000       5.034825313    
 -0.4460000000       5.382541532    
 -0.4440000000       5.853696599    
 -0.4420000000       6.261857264    
 -0.4400000000       6.569816295    
 -0.4380000000       6.674328034    
 -0.4360000000       6.786055322    
 -0.4340000000       6.909904513    
 -0.4320000000       7.084952845    
 -0.4300000000       7.285854386    
 -0.4280000000       7.558536295    
 -0.4260000000       7.986809390    
 -0.4240000000       8.626607977    
 -0.4220000000       9.354520012    
 -0.4200000000       10.22183541    
 -0.4180000000       10.96420140    
 -0.4160000000       11.52584269    
 -0.4140000000       10.66726482    
 -0.4120000000       8.847438060    
 -0.4100000000       6.553152392    
 -0.4080000000       4.928443487    
 -0.4060000000       3.693101008    
 -0.4040000000       2.519476942    
 -0.4020000000       1.460435341    
 -0.4000000000      0.6883088487    
 -0.3980000000      0.2445570418    
 -0.3960000000      0.6978045449E-01
 -0.3940000000      0.9837399143E-02
 -0.3920000000      0.2214736415E-01
 -0.3900000000      0.2092839614    
 -0.3880000000      0.8839322355    
 -0.3860000000       2.241574242    
 -0.3840000000       3.970807758    
 -0.3820000000       5.631711806    
 -0.3800000000       6.675018445    
 -0.3780000000       7.092526720    
 -0.3760000000       7.073689657    
 -0.3740000000       7.042998426    
 -0.3720000000       7.115175608    
 -0.3700000000       7.245614899    
 -0.3680000000       7.490016749    
 -0.3660000000       8.318157292    
 -0.3640000000       8.819260660    
 -0.3620000000       8.663903370    
 -0.3600000000       7.649176401    
 -0.3580000000       6.698765772    
 -0.3560000000       5.996533382    
 -0.3540000000       5.395104975    
 -0.3520000000       4.792548090    
 -0.3500000000       4.235563329    
 -0.3480000000       3.724022635    
 -0.3460000000       3.321796816    
 -0.3440000000       3.011474844    
 -0.3420000000       2.743128645    
 -0.3400000000       2.520357342    
 -0.3380000000       2.309976068    
 -0.3360000000       2.126864512    
 -0.3340000000       1.967408075    
 -0.3320000000       1.826233524    
 -0.3300000000       1.695363478    
 -0.3280000000       1.566223970    
 -0.3260000000       1.450117428    
 -0.3240000000       1.324360806    
 -0.3220000000       1.199545733    
 -0.3200000000       1.072046846    
 -0.3180000000      0.9661785646    
 -0.3160000000      0.8732170822    
 -0.3140000000      0.7981755601    
 -0.3120000000      0.7290627945    
 -0.3100000000      0.6708070940    
 -0.3080000000      0.6186520096    
 -0.3060000000      0.5687247291    
 -0.3040000000      0.5216963833    
 -0.3020000000      0.4580482742    
 -0.3000000000      0.3838764351    
 -0.2980000000      0.3050508372    
 -0.2960000000      0.2425276737    
 -0.2940000000      0.1969768847    
 -0.2920000000      0.1741713315    
 -0.2900000000      0.1294893056    
 -0.2880000000      0.7832946490E-01
 -0.2860000000      0.2137894886E-01
 -0.2840000000      0.2679893358E-02
 -0.2820000000      0.5506961991E-04
 -0.2800000000       0.000000000    
 -0.2780000000       0.000000000    
 -0.2760000000       0.000000000    
 -0.2740000000       0.000000000    
 -0.2720000000       0.000000000    
 -0.2700000000       0.000000000    
 -0.2680000000       0.000000000    
 -0.2660000000       0.000000000    
 -0.2640000000       0.000000000    
 -0.2620000000       0.000000000    
 -0.2600000000       0.000000000    
 -0.2580000000       0.000000000    
 -0.2560000000       0.000000000    
 -0.2540000000       0.000000000    
 -0.2520000000       0.000000000    
 -0.2500000000       0.000000000    
 -0.2480000000       0.000000000    
 -0.2460000000       0.000000000    
 -0.2440000000       0.000000000    
 -0.2420000000       0.000000000    
 -0.2400000000       0.000000000    
 -0.2380000000       0.000000000    
 -0.2360000000       0.000000000    
 -0.2340000000       0.000000000    
 -0.2320000000       0.000000000    
 -0.2300000000       0.000000000    
 -0.2280000000       0.000000000    
 -0.2260000000       0.000000000    
 -0.2240000000       0.000000000    
 -0.2220000000       0.000000000    
 -0.2200000000       0.000000000    
 -0.2180000000       0.000000000    
 -0.2160000000       0.000000000    
 -0.2140000000       0.000000000    
 -0.2120000000       0.000000000    
 -0.2100000000       0.000000000    
 -0.2080000000       0.000000000    
 -0.2060000000       0.000000000    
 -0.2040000000       0.000000000    
 -0.2020000000       0.000000000    
 -0.2000000000       0.000000000    
 -0.1980000000       0.000000000    
 -0.1960000000       0.000000000    
 -0.1940000000       0.000000000    
 -0.1920000000       0.000000000    
 -0.1900000000       0.000000000    
 -0.1880000000       0.000000000    
 -0.1860000000       0.000000000    
 -0.1840000000       0.000000000    
 -0.1820000000       0.000000000    
 -0.1800000000       0.000000000    
 -0.1780000000       0.000000000    
 -0.1760000000       0.000000000    
 -0.1740000000      0.3213851886E-02
 -0.1720000000      0.1125869740    
 -0.1700000000      0.6930187124    
 -0.1680000000       1.920347128    
 -0.1660000000       3.249380965    
 -0.1640000000       4.644580271    
 -0.1620000000       6.152421257    
 -0.1600000000       7.958239383    
 -0.1580000000       9.669308704    
 -0.1560000000       10.71621231    
 -0.1540000000       11.57479954    
 -0.1520000000       12.46256816    
 -0.1500000000       13.21791004    
 -0.1480000000       13.44366732    
 -0.1460000000       13.07902476    
 -0.1440000000       12.63128388    
 -0.1420000000       12.31417598    
 -0.1400000000       12.05893298    
 -0.1380000000       11.96663676    
 -0.1360000000       12.09872767    
 -0.1340000000       12.65662910    
 -0.1320000000       13.59784309    
 -0.1300000000       14.30106373    
 -0.1280000000       14.65673239    
 -0.1260000000       14.69352246    
 -0.1240000000       15.00287246    
 -0.1220000000       15.58822072    
 -0.1200000000       16.39571961    
 -0.1180000000       17.46374394    
 -0.1160000000       18.99733512    
 -0.1140000000       21.53938883    
 -0.1120000000       23.71521415    
 -0.1100000000       24.86556105    
 -0.1080000000       24.13108488    
 -0.1060000000       23.08956623    
 -0.1040000000       22.15119096    
 -0.1020000000       21.73634723    
 -0.1000000000       21.66850261    
 -0.9800000000E-01   21.60863979    
 -0.9600000000E-01   21.50240392    
 -0.9400000000E-01   21.20783613    
 -0.9200000000E-01   21.10556657    
 -0.9000000000E-01   21.12031083    
 -0.8800000000E-01   21.20310411    
 -0.8600000000E-01   21.28215689    
 -0.8400000000E-01   21.38865196    
 -0.8200000000E-01   21.55162826    
 -0.8000000000E-01   21.63865947    
 -0.7800000000E-01   21.56183634    
 -0.7600000000E-01   21.52756491    
 -0.7400000000E-01   21.54623746    
 -0.7200000000E-01   21.23472291    
 -0.7000000000E-01   20.61424492    
 -0.6800000000E-01   19.94604474    
 -0.6600000000E-01   19.68149342    
 -0.6400000000E-01   19.69247582    
 -0.6200000000E-01   20.01042949    
 -0.6000000000E-01   20.38990460    
 -0.5800000000E-01   20.93879994    
 -0.5600000000E-01   21.72303949    
 -0.5400000000E-01   22.94283635    
 -0.5200000000E-01   24.00711364    
 -0.5000000000E-01   23.62800756    
 -0.4800000000E-01   21.70167465    
 -0.4600000000E-01   19.18757642    
 -0.4400000000E-01   17.70594778    
 -0.4200000000E-01   17.64715199    
 -0.4000000000E-01   18.06888730    
 -0.3800000000E-01   17.98180251    
 -0.3600000000E-01   17.29512804    
 -0.3400000000E-01   16.25711239    
 -0.3200000000E-01   15.72333665    
 -0.3000000000E-01   15.44082671    
 -0.2800000000E-01   15.09215528    
 -0.2600000000E-01   14.14780027    
 -0.2400000000E-01   12.34200968    
 -0.2200000000E-01   10.08319144    
 -0.2000000000E-01   7.858096971    
 -0.1800000000E-01   6.232902308    
 -0.1600000000E-01   5.229731046    
 -0.1400000000E-01   4.586847404    
 -0.1200000000E-01   4.321145873    
 -0.1000000000E-01   4.402853843    
 -0.8000000000E-02   3.703355460    
 -0.6000000000E-02   2.266406049    
 -0.4000000000E-02  0.7168303282    
 -0.2000000000E-02  0.5457529236E-01
 -0.2710505431E-19  0.6420961715E-02
  0.2000000000E-02  0.3108290589E-01
  0.4000000000E-02  0.1267419543    
  0.6000000000E-02  0.5920726084    
  0.8000000000E-02   1.720515145    
  0.1000000000E-01   3.464760777    
  0.1200000000E-01   5.835900352    
  0.1400000000E-01   7.128604818    
  0.1600000000E-01   8.080348996    
  0.1800000000E-01   7.982778954    
  0.2000000000E-01   8.664532230    
  0.2200000000E-01   9.350389172    
  0.2400000000E-01   10.78646966    
  0.2600000000E-01   11.90115950    
  0.2800000000E-01   13.20475105    
  0.3000000000E-01   14.45715940    
  0.3200000000E-01   16.17182072    
  0.3400000000E-01   17.61999995    
  0.3600000000E-01   18.37332839    
  0.3800000000E-01   18.27558983    
  0.4000000000E-01   17.75028662    
  0.4200000000E-01   17.16903875    
  0.4400000000E-01   16.78142128    
  0.4600000000E-01   16.44990827    
  0.4800000000E-01   16.16225315    
  0.5000000000E-01   16.03408180    
  0.5200000000E-01   16.00145625    
  0.5400000000E-01   15.96954419    
  0.5600000000E-01   15.91370180    
  0.5800000000E-01   15.91831068    
  0.6000000000E-01   16.00897674    
  0.6200000000E-01   16.28202619    
  0.6400000000E-01   16.55135989    
  0.6600000000E-01   16.79272675    
  0.6800000000E-01   16.66864126    
  0.7000000000E-01   16.40151014    
  0.7200000000E-01   16.07333777    
  0.7400000000E-01   15.87416633    
  0.7600000000E-01   15.75178409    
  0.7800000000E-01   15.80370913    
  0.8000000000E-01   16.05535004    
  0.8200000000E-01   16.36652945    
  0.8400000000E-01   16.69354897    
  0.8600000000E-01   17.19527418    
  0.8800000000E-01   18.23121591    
  0.9000000000E-01   20.61923514    
  0.9200000000E-01   22.06275480    
  0.9400000000E-01   20.64682282    
  0.9600000000E-01   16.75347916    
  0.9800000000E-01   13.19041651    
  0.1000000000       12.02169246    
  0.1020000000       12.10059652    
  0.1040000000       13.03631486    
  0.1060000000       13.94612291    
  0.1080000000       14.26875840    
  0.1100000000       14.02687521    
  0.1120000000       13.75319815    
  0.1140000000       13.94921641    
  0.1160000000       14.17814050    
  0.1180000000       14.47890934    
  0.1200000000       14.75533174    
  0.1220000000       15.09650504    
  0.1240000000       15.29405928    
  0.1260000000       15.43935665    
  0.1280000000       15.65295567    
  0.1300000000       15.93918883    
  0.1320000000       16.22248525    
  0.1340000000       16.30968414    
  0.1360000000       16.21360362    
  0.1380000000       15.85447800    
  0.1400000000       15.37799809    
  0.1420000000       14.69869483    
  0.1440000000       13.87006584    
  0.1460000000       13.00636101    
  0.1480000000       12.34445415    
  0.1500000000       11.94027509    
  0.1520000000       11.48075528    
  0.1540000000       10.88117625    
  0.1560000000       9.959138193    
  0.1580000000       9.026987617    
  0.1600000000       8.247986343    
  0.1620000000       7.968673217    
  0.1640000000       8.239915029    
  0.1660000000       9.877101461    
  0.1680000000       13.23050329    
  0.1700000000       18.15493907    
  0.1720000000       23.61099149    
  0.1740000000       27.56757789    
  0.1760000000       30.25009542    
  0.1780000000       31.68483534    
  0.1800000000       32.67381424    
  0.1820000000       32.38024687    
  0.1840000000       30.85252640    
  0.1860000000       28.29751969    
  0.1880000000       25.42192151    
  0.1900000000       22.36791860    
  0.1920000000       20.33403951    
  0.1940000000       19.28161984    
  0.1960000000       19.34812195    
  0.1980000000       20.12233480    
  0.2000000000       21.65145944    
  0.2020000000       23.74836861    
  0.2040000000       26.21276811    
  0.2060000000       28.54040066    
  0.2080000000       30.76772920    
  0.2100000000       30.99397286    
  0.2120000000       28.93234359    
  0.2140000000       24.70274476    
  0.2160000000       20.65003883    
  0.2180000000       17.48541006    
  0.2200000000       15.12564115    
  0.2220000000       13.27166543    
  0.2240000000       12.02676715    
  0.2260000000       11.31606181    
  0.2280000000       11.05407083    
  0.2300000000       11.19707209    
  0.2320000000       11.74707519    
  0.2340000000       12.17787748    
  0.2360000000       12.50080524    
  0.2380000000       12.74203186    
  0.2400000000       13.16053733    
  0.2420000000       13.81426603    
  0.2440000000       14.50326312    
  0.2460000000       15.68567029    
  0.2480000000       17.03513038    
  0.2500000000       18.49381760    
  0.2520000000       20.41349228    
  0.2540000000       22.04753492    
  0.2560000000       23.72523841    
  0.2580000000       24.82835188    
  0.2600000000       26.21639158    
  0.2620000000       27.40762918    
  0.2640000000       28.19586571    
  0.2660000000       28.75032166    
  0.2680000000       29.35129910    
  0.2700000000       30.35488765    
  0.2720000000       31.59027861    
  0.2740000000       32.41960167    
  0.2760000000       32.44072465    
  0.2780000000       31.90457888    
  0.2800000000       31.54446909    
  0.2820000000       31.49988761    
  0.2840000000       30.93801048    
  0.2860000000       30.02458713    
  0.2880000000       28.91163829    
  0.2900000000       28.16547469    
  0.2920000000       27.65390056    
  0.2940000000       27.36075658    
  0.2960000000       27.17596170    
  0.2980000000       27.00812871    
  0.3000000000       26.98111192    
  0.3020000000       27.29081392    
  0.3040000000       27.87384057    
  0.3060000000       28.76529245    
  0.3080000000       29.85332543    
  0.3100000000       30.88201333    
  0.3120000000       31.77577187    
  0.3140000000       32.35797203    
  0.3160000000       33.30768883    
  0.3180000000       34.19053291    
  0.3200000000       35.03596725    
  0.3220000000       35.36746847    
  0.3240000000       35.19142660    
  0.3260000000       34.72981676    
  0.3280000000       34.01437326    
  0.3300000000       33.29129695    
  0.3320000000       32.56100053    
  0.3340000000       32.14729432    
  0.3360000000       32.06096101    
  0.3380000000       32.34874680    
  0.3400000000       32.95733671    
  0.3420000000       34.03638132    
  0.3440000000       35.81437758    
  0.3460000000       38.58117175    
  0.3480000000       42.43282837    
  0.3500000000       47.88808524    
  0.3520000000       51.30726534    
  0.3540000000       51.55089480    
  0.3560000000       47.43773318    
  0.3580000000       42.31459138    
  0.3600000000       37.88254611    
  0.3620000000       35.22033168    
  0.3640000000       34.49300142    
  0.3660000000       34.79548093    
  0.3680000000       35.20811834    
  0.3700000000       35.40005047    
  0.3720000000       35.56795614    
  0.3740000000       35.94456728    
  0.3760000000       36.66795022    
  0.3780000000       37.38275608    
  0.3800000000       38.60281938    
  0.3820000000       38.36200998    
  0.3840000000       35.98376501    
  0.3860000000       31.73300332    
  0.3880000000       27.59635096    
  0.3900000000       24.93294385    
  0.3920000000       23.33330862    
  0.3940000000       22.94665576    
  0.3960000000       23.89346690    
  0.3980000000       26.06682602    
  0.4000000000       28.94215452    
  0.4020000000       31.64305058    
  0.4040000000       33.86066493    
  0.4060000000       35.18753110    
  0.4080000000       35.67122137    
  0.4100000000       34.81266013    
  0.4120000000       33.33991798    
  0.4140000000       31.69281541    
  0.4160000000       30.63342773    
  0.4180000000       30.38334799    
  0.4200000000       30.84618294    
  0.4220000000       31.16254287    
  0.4240000000       31.18180698    
  0.4260000000       31.05969961    
  0.4280000000       31.58543299    
  0.4300000000       32.64551608    
  0.4320000000       33.38599817    
  0.4340000000       33.22142584    
  0.4360000000       31.55381401    
  0.4380000000       28.96449585    
  0.4400000000       26.23422456    
  0.4420000000       23.77688494    
  0.4440000000       21.51975582    
  0.4460000000       19.18344975    
  0.4480000000       16.87657202    
  0.4500000000       14.76741955    
  0.4520000000       12.68731074    
  0.4540000000       10.62326454    
  0.4560000000       8.611291333    
  0.4580000000       6.790971686    
  0.4600000000       5.236218625    
  0.4620000000       3.940646062    
  0.4640000000       2.932816491    
  0.4660000000       2.186376550    
  0.4680000000       1.670493771    
  0.4700000000       1.282695237    
  0.4720000000      0.9948864595    
  0.4740000000      0.7691993674    
  0.4760000000      0.5915910405    
  0.4780000000      0.4625944919    
  0.4800000000      0.3576184713    
  0.4820000000      0.2800510322    
  0.4840000000      0.2133099152    
  0.4860000000      0.1599831294    
  0.4880000000      0.1120502632    
  0.4900000000      0.7752282537E-01
  0.4920000000      0.4725296413E-01
  0.4940000000      0.2725622291E-01
  0.4960000000      0.1236225660E-01
  0.4980000000      0.4326448680E-02
     
