 -0.5000000000       0.000000000    
 -0.4980000000       0.000000000    
 -0.4960000000       0.000000000    
 -0.4940000000       0.000000000    
 -0.4920000000       0.000000000    
 -0.4900000000       0.000000000    
 -0.4880000000       0.000000000    
 -0.4860000000       0.000000000    
 -0.4840000000      0.2177674093    
 -0.4820000000       1.575234496    
 -0.4800000000       3.152352792    
 -0.4780000000       5.232069227    
 -0.4760000000       6.853268470    
 -0.4740000000       8.446210696    
 -0.4720000000       9.500385802    
 -0.4700000000       10.13560354    
 -0.4680000000       10.90042679    
 -0.4660000000       11.91541884    
 -0.4640000000       13.05549527    
 -0.4620000000       14.30332514    
 -0.4600000000       15.29721861    
 -0.4580000000       16.22404876    
 -0.4560000000       16.88865379    
 -0.4540000000       17.80945578    
 -0.4520000000       18.68956766    
 -0.4500000000       19.84546803    
 -0.4480000000       21.12042462    
 -0.4460000000       22.81659915    
 -0.4440000000       25.11219919    
 -0.4420000000       27.15725369    
 -0.4400000000       28.78335082    
 -0.4380000000       29.50258608    
 -0.4360000000       30.27343750    
 -0.4340000000       31.10683111    
 -0.4320000000       32.19416112    
 -0.4300000000       33.41863185    
 -0.4280000000       35.00629943    
 -0.4260000000       37.35313886    
 -0.4240000000       40.76997733    
 -0.4220000000       44.68790690    
 -0.4200000000       49.39665618    
 -0.4180000000       53.59037423    
 -0.4160000000       56.89719871    
 -0.4140000000       53.08626905    
 -0.4120000000       44.33940369    
 -0.4100000000       33.12099127    
 -0.4080000000       25.12990693    
 -0.4060000000       18.99700400    
 -0.4040000000       13.07508681    
 -0.4020000000       7.645971981    
 -0.4000000000       3.641010802    
 -0.3980000000       1.305850936    
 -0.3960000000      0.3760067033    
 -0.3940000000      0.5349995177E-01
 -0.3920000000      0.1167956694    
 -0.3900000000       1.094865210    
 -0.3880000000       4.633397232    
 -0.3860000000       11.78845064    
 -0.3840000000       21.03979794    
 -0.3820000000       30.13705030    
 -0.3800000000       36.08760127    
 -0.3780000000       38.73810945    
 -0.3760000000       39.03047538    
 -0.3740000000       39.30438006    
 -0.3720000000       40.13174552    
 -0.3700000000       41.26730083    
 -0.3680000000       42.90168668    
 -0.3660000000       47.37533758    
 -0.3640000000       50.01454294    
 -0.3620000000       49.41097307    
 -0.3600000000       44.56169223    
 -0.3580000000       40.09180893    
 -0.3560000000       36.63315008    
 -0.3540000000       33.52412471    
 -0.3520000000       30.18414533    
 -0.3500000000       26.97942286    
 -0.3480000000       23.97023896    
 -0.3460000000       21.64110725    
 -0.3440000000       19.89067925    
 -0.3420000000       18.37685667    
 -0.3400000000       17.13204090    
 -0.3380000000       15.93997155    
 -0.3360000000       14.90990910    
 -0.3340000000       14.01774089    
 -0.3320000000       13.22654442    
 -0.3300000000       12.48583382    
 -0.3280000000       11.73005281    
 -0.3260000000       11.04736328    
 -0.3240000000       10.26897666    
 -0.3220000000       9.476273148    
 -0.3200000000       8.636851370    
 -0.3180000000       7.947380160    
 -0.3160000000       7.337028598    
 -0.3140000000       6.854021991    
 -0.3120000000       6.404923804    
 -0.3100000000       6.034191744    
 -0.3080000000       5.704149788    
 -0.3060000000       5.380135995    
 -0.3040000000       5.067425010    
 -0.3020000000       4.567840953    
 -0.3000000000       3.933376736    
 -0.2980000000       3.222806954    
 -0.2960000000       2.645610291    
 -0.2940000000       2.223638841    
 -0.2920000000       2.043924214    
 -0.2900000000       1.562424648    
 -0.2880000000      0.9656364535    
 -0.2860000000      0.2720208816    
 -0.2840000000      0.3541546103E-01
 -0.2820000000      0.7535204475E-03
 -0.2800000000       0.000000000    
 -0.2780000000       0.000000000    
 -0.2760000000       0.000000000    
 -0.2740000000       0.000000000    
 -0.2720000000       0.000000000    
 -0.2700000000       0.000000000    
 -0.2680000000       0.000000000    
 -0.2660000000       0.000000000    
 -0.2640000000       0.000000000    
 -0.2620000000       0.000000000    
 -0.2600000000       0.000000000    
 -0.2580000000       0.000000000    
 -0.2560000000       0.000000000    
 -0.2540000000       0.000000000    
 -0.2520000000       0.000000000    
 -0.2500000000       0.000000000    
 -0.2480000000       0.000000000    
 -0.2460000000       0.000000000    
 -0.2440000000       0.000000000    
 -0.2420000000       0.000000000    
 -0.2400000000       0.000000000    
 -0.2380000000       0.000000000    
 -0.2360000000       0.000000000    
 -0.2340000000       0.000000000    
 -0.2320000000       0.000000000    
 -0.2300000000       0.000000000    
 -0.2280000000       0.000000000    
 -0.2260000000       0.000000000    
 -0.2240000000       0.000000000    
 -0.2220000000       0.000000000    
 -0.2200000000       0.000000000    
 -0.2180000000       0.000000000    
 -0.2160000000       0.000000000    
 -0.2140000000       0.000000000    
 -0.2120000000       0.000000000    
 -0.2100000000       0.000000000    
 -0.2080000000       0.000000000    
 -0.2060000000       0.000000000    
 -0.2040000000       0.000000000    
 -0.2020000000       0.000000000    
 -0.2000000000       0.000000000    
 -0.1980000000       0.000000000    
 -0.1960000000       0.000000000    
 -0.1940000000       0.000000000    
 -0.1920000000       0.000000000    
 -0.1900000000       0.000000000    
 -0.1880000000       0.000000000    
 -0.1860000000       0.000000000    
 -0.1840000000       0.000000000    
 -0.1820000000       0.000000000    
 -0.1800000000       0.000000000    
 -0.1780000000       0.000000000    
 -0.1760000000       0.000000000    
 -0.1740000000      0.6028163580E-02
 -0.1720000000      0.2117392458    
 -0.1700000000       1.307357976    
 -0.1680000000       3.631968557    
 -0.1660000000       6.161536699    
 -0.1640000000       8.837287809    
 -0.1620000000       11.75454222    
 -0.1600000000       15.26217990    
 -0.1580000000       18.61534590    
 -0.1560000000       20.71427710    
 -0.1540000000       22.46997975    
 -0.1520000000       24.30329499    
 -0.1500000000       25.88794850    
 -0.1480000000       26.44253954    
 -0.1460000000       25.84123023    
 -0.1440000000       25.07113233    
 -0.1420000000       24.55346378    
 -0.1400000000       24.15409795    
 -0.1380000000       24.07799238    
 -0.1360000000       24.45173852    
 -0.1340000000       25.68901910    
 -0.1320000000       27.71372854    
 -0.1300000000       29.26598066    
 -0.1280000000       30.12424045    
 -0.1260000000       30.34351490    
 -0.1240000000       31.12868321    
 -0.1220000000       32.49707634    
 -0.1200000000       34.34621552    
 -0.1180000000       36.76727672    
 -0.1160000000       40.22216797    
 -0.1140000000       45.90634946    
 -0.1120000000       50.82080982    
 -0.1100000000       53.52293415    
 -0.1080000000       52.12100936    
 -0.1060000000       50.05711685    
 -0.1040000000       48.22606216    
 -0.1020000000       47.56974585    
 -0.1000000000       47.72346402    
 -0.9800000000E-01   47.89451317    
 -0.9600000000E-01   47.94612932    
 -0.9400000000E-01   47.53320011    
 -0.9200000000E-01   47.55128460    
 -0.9000000000E-01   47.82518928    
 -0.8800000000E-01   48.25997058    
 -0.8600000000E-01   48.68721668    
 -0.8400000000E-01   49.18680073    
 -0.8200000000E-01   49.82051143    
 -0.8000000000E-01   50.28920115    
 -0.7800000000E-01   50.38113064    
 -0.7600000000E-01   50.57478540    
 -0.7400000000E-01   50.87845414    
 -0.7200000000E-01   50.40675034    
 -0.7000000000E-01   49.20789931    
 -0.6800000000E-01   47.90694625    
 -0.6600000000E-01   47.54751700    
 -0.6400000000E-01   47.83762237    
 -0.6200000000E-01   48.85901934    
 -0.6000000000E-01   50.03564152    
 -0.5800000000E-01   51.68509778    
 -0.5600000000E-01   54.04964494    
 -0.5400000000E-01   57.62773679    
 -0.5200000000E-01   60.89424793    
 -0.5000000000E-01   60.29557593    
 -0.4800000000E-01   55.40372119    
 -0.4600000000E-01   48.75314972    
 -0.4400000000E-01   44.77267795    
 -0.4200000000E-01   44.65776608    
 -0.4000000000E-01   45.88299033    
 -0.3800000000E-01   45.84644459    
 -0.3600000000E-01   44.22110098    
 -0.3400000000E-01   41.70961733    
 -0.3200000000E-01   40.51717122    
 -0.3000000000E-01   40.00666112    
 -0.2800000000E-01   39.25276391    
 -0.2600000000E-01   36.81135766    
 -0.2400000000E-01   32.06681617    
 -0.2200000000E-01   26.16411374    
 -0.2000000000E-01   20.42379497    
 -0.1800000000E-01   16.25871070    
 -0.1600000000E-01   13.67865668    
 -0.1400000000E-01   12.01262297    
 -0.1200000000E-01   11.30657432    
 -0.1000000000E-01   11.50361991    
 -0.8000000000E-02   9.718529972    
 -0.6000000000E-02   5.971272786    
 -0.4000000000E-02   1.925244743    
 -0.2000000000E-02  0.1454294464    
 -0.2710505431E-19  0.1582392940E-01
  0.2000000000E-02  0.7459852431E-01
  0.4000000000E-02  0.3059293017    
  0.6000000000E-02   1.411720558    
  0.8000000000E-02   4.029827353    
  0.1000000000E-01   8.072087794    
  0.1200000000E-01   13.55319553    
  0.1400000000E-01   16.54806255    
  0.1600000000E-01   18.77584575    
  0.1800000000E-01   18.52228612    
  0.2000000000E-01   20.07303120    
  0.2200000000E-01   21.63055797    
  0.2400000000E-01   24.93399161    
  0.2600000000E-01   27.64139058    
  0.2800000000E-01   30.77829620    
  0.3000000000E-01   33.91821590    
  0.3200000000E-01   38.07049033    
  0.3400000000E-01   41.68286736    
  0.3600000000E-01   43.64051348    
  0.3800000000E-01   43.56704524    
  0.4000000000E-01   42.41491247    
  0.4200000000E-01   41.13317419    
  0.4400000000E-01   40.32879111    
  0.4600000000E-01   39.70562970    
  0.4800000000E-01   39.17063018    
  0.5000000000E-01   39.00824653    
  0.5200000000E-01   39.03537326    
  0.5400000000E-01   39.05496480    
  0.5600000000E-01   38.99694372    
  0.5800000000E-01   39.08209153    
  0.6000000000E-01   39.37445747    
  0.6200000000E-01   40.13626664    
  0.6400000000E-01   40.90146665    
  0.6600000000E-01   41.58566322    
  0.6800000000E-01   41.27747336    
  0.7000000000E-01   40.54505148    
  0.7200000000E-01   39.62688682    
  0.7400000000E-01   39.02256342    
  0.7600000000E-01   38.60096873    
  0.7800000000E-01   38.59682436    
  0.8000000000E-01   39.08811970    
  0.8200000000E-01   39.69395014    
  0.8400000000E-01   40.25456935    
  0.8600000000E-01   41.08344184    
  0.8800000000E-01   42.89302120    
  0.9000000000E-01   46.55249325    
  0.9200000000E-01   48.61487871    
  0.9400000000E-01   45.64035675    
  0.9600000000E-01   38.89446494    
  0.9800000000E-01   32.76231554    
  0.1000000000       31.10683111    
  0.1020000000       31.93268953    
  0.1040000000       34.74934896    
  0.1060000000       37.36519519    
  0.1080000000       38.29956055    
  0.1100000000       37.63872311    
  0.1120000000       36.85167101    
  0.1140000000       37.34221282    
  0.1160000000       37.89002218    
  0.1180000000       38.61264829    
  0.1200000000       39.20190128    
  0.1220000000       39.89966122    
  0.1240000000       40.12948495    
  0.1260000000       40.15133705    
  0.1280000000       40.26210455    
  0.1300000000       40.50850574    
  0.1320000000       40.73983652    
  0.1340000000       40.54090712    
  0.1360000000       40.02022449    
  0.1380000000       39.02030285    
  0.1400000000       37.78754340    
  0.1420000000       36.18480541    
  0.1440000000       34.23846209    
  0.1460000000       32.27629485    
  0.1480000000       30.69691599    
  0.1500000000       29.76782528    
  0.1520000000       28.81989656    
  0.1540000000       27.64252086    
  0.1560000000       25.56129738    
  0.1580000000       23.22387695    
  0.1600000000       21.07144579    
  0.1620000000       20.01877773    
  0.1640000000       20.03008054    
  0.1660000000       22.28536724    
  0.1680000000       27.33772184    
  0.1700000000       34.89553193    
  0.1720000000       43.34701726    
  0.1740000000       49.47313850    
  0.1760000000       53.76293041    
  0.1780000000       55.88936511    
  0.1800000000       56.97895568    
  0.1820000000       55.77558353    
  0.1840000000       52.90165654    
  0.1860000000       48.70567793    
  0.1880000000       43.65219305    
  0.1900000000       38.03469811    
  0.1920000000       34.03689538    
  0.1940000000       32.24163291    
  0.1960000000       32.68018181    
  0.1980000000       34.53610267    
  0.2000000000       37.82597295    
  0.2020000000       42.38778573    
  0.2040000000       47.72949219    
  0.2060000000       52.17752339    
  0.2080000000       55.45985846    
  0.2100000000       54.43017277    
  0.2120000000       49.48670187    
  0.2140000000       41.24770930    
  0.2160000000       33.70609990    
  0.2180000000       28.09877749    
  0.2200000000       24.02788327    
  0.2220000000       20.98403742    
  0.2240000000       18.84215555    
  0.2260000000       17.36111111    
  0.2280000000       16.44972813    
  0.2300000000       16.19051710    
  0.2320000000       16.68105891    
  0.2340000000       17.12638949    
  0.2360000000       17.52198773    
  0.2380000000       17.88217050    
  0.2400000000       18.52040232    
  0.2420000000       19.48980638    
  0.2440000000       20.49424913    
  0.2460000000       22.18138141    
  0.2480000000       24.09268603    
  0.2500000000       26.14000109    
  0.2520000000       28.81575219    
  0.2540000000       31.10306351    
  0.2560000000       33.46459660    
  0.2580000000       35.02589096    
  0.2600000000       36.98504413    
  0.2620000000       38.67820457    
  0.2640000000       39.83184438    
  0.2660000000       40.66448447    
  0.2680000000       41.57549069    
  0.2700000000       43.05314429    
  0.2720000000       44.88457574    
  0.2740000000       46.14521545    
  0.2760000000       46.26879280    
  0.2780000000       45.60004340    
  0.2800000000       45.18975152    
  0.2820000000       45.22592050    
  0.2840000000       44.50329439    
  0.2860000000       43.25810185    
  0.2880000000       41.71790606    
  0.2900000000       40.69876965    
  0.2920000000       40.00854492    
  0.2940000000       39.62500301    
  0.2960000000       39.40987293    
  0.2980000000       39.22299986    
  0.3000000000       39.26067588    
  0.3020000000       39.77947471    
  0.3040000000       40.70479782    
  0.3060000000       42.06113462    
  0.3080000000       43.70117188    
  0.3100000000       45.24136767    
  0.3120000000       46.59619743    
  0.3140000000       47.47480228    
  0.3160000000       48.85939610    
  0.3180000000       50.12455693    
  0.3200000000       51.35618610    
  0.3220000000       51.87649197    
  0.3240000000       51.68133017    
  0.3260000000       51.06005257    
  0.3280000000       50.05334925    
  0.3300000000       49.02743116    
  0.3320000000       47.99058702    
  0.3340000000       47.44503822    
  0.3360000000       47.38287278    
  0.3380000000       47.88923852    
  0.3400000000       48.87785735    
  0.3420000000       50.57252484    
  0.3440000000       53.34246600    
  0.3460000000       57.60098681    
  0.3480000000       63.52591809    
  0.3500000000       71.88283661    
  0.3520000000       77.03842351    
  0.3540000000       77.39107108    
  0.3560000000       71.10331971    
  0.3580000000       63.36428795    
  0.3600000000       56.63987148    
  0.3620000000       52.59798780    
  0.3640000000       51.49935499    
  0.3660000000       51.97030527    
  0.3680000000       52.61305821    
  0.3700000000       52.96306846    
  0.3720000000       53.28218437    
  0.3740000000       53.95281756    
  0.3760000000       55.20328475    
  0.3780000000       56.48163219    
  0.3800000000       58.50445783    
  0.3820000000       58.16047574    
  0.3840000000       54.44260585    
  0.3860000000       47.84138997    
  0.3880000000       41.44663870    
  0.3900000000       37.31659312    
  0.3920000000       34.79757427    
  0.3940000000       34.14577908    
  0.3960000000       35.54129895    
  0.3980000000       38.80253545    
  0.4000000000       43.12246817    
  0.4020000000       47.21596800    
  0.4040000000       50.62715507    
  0.4060000000       52.74304049    
  0.4080000000       53.59263479    
  0.4100000000       52.37419223    
  0.4120000000       50.20819770    
  0.4140000000       47.77055905    
  0.4160000000       46.24392663    
  0.4180000000       45.93762056    
  0.4200000000       46.69490861    
  0.4220000000       47.25402079    
  0.4240000000       47.38739390    
  0.4260000000       47.32447495    
  0.4280000000       48.22945300    
  0.4300000000       49.93466978    
  0.4320000000       51.13917221    
  0.4340000000       50.96209491    
  0.4360000000       48.47472391    
  0.4380000000       44.58806544    
  0.4400000000       40.49644941    
  0.4420000000       36.79214289    
  0.4440000000       33.37116006    
  0.4460000000       29.78515625    
  0.4480000000       26.20894821    
  0.4500000000       22.90174696    
  0.4520000000       19.61263021    
  0.4540000000       16.37023172    
  0.4560000000       13.22955850    
  0.4580000000       10.40837794    
  0.4600000000       8.011429398    
  0.4620000000       6.017614294    
  0.4640000000       4.472143856    
  0.4660000000       3.334327980    
  0.4680000000       2.549913194    
  0.4700000000       1.959906684    
  0.4720000000       1.519850743    
  0.4740000000       1.173231337    
  0.4760000000      0.9012104552    
  0.4780000000      0.7030345775    
  0.4800000000      0.5425347222    
  0.4820000000      0.4249855324    
  0.4840000000      0.3232602720    
  0.4860000000      0.2426335841    
  0.4880000000      0.1695421007    
  0.4900000000      0.1175491898    
  0.4920000000      0.7158444252E-01
  0.4940000000      0.4144362461E-01
  0.4960000000      0.1883801119E-01
  0.4980000000      0.6781684028E-02
     
