    32 : nkpt
    14 : nstsv

     1  0.1250000000      0.1250000000      0.1250000000     : k-point, vkl
 (state, eigenvalue and occupancy below)
     1  -1.433510513       2.000000000    
     2  -1.427174649       2.000000000    
     3  -1.403029317       2.000000000    
     4  0.3945216767       2.000000000    
     5  0.4178513481       2.000000000    
     6  0.5069977428       2.000000000    
     7  0.6879381964       2.000000000    
     8  0.6900733897       2.000000000    
     9  0.7527966353       2.000000000    
    10   1.327185080       0.000000000    
    11   1.708406879       0.000000000    
    12   1.738005026       0.000000000    
    13   1.819192654       0.000000000    
    14   1.972091600       0.000000000    


     2  0.3750000000      0.1250000000      0.1250000000     : k-point, vkl
 (state, eigenvalue and occupancy below)
     1  -1.542667610       2.000000000    
     2  -1.416176622       2.000000000    
     3  -1.415880310       2.000000000    
     4  0.4366220239       2.000000000    
     5  0.4937625128       2.000000000    
     6  0.5572371287       2.000000000    
     7  0.6096412373       2.000000000    
     8  0.7192398539       2.000000000    
     9  0.9131136849       2.000000000    
    10   1.443567875       0.000000000    
    11   1.598742581       0.000000000    
    12   1.661828950       0.000000000    
    13   1.703167073       0.000000000    
    14   1.967122327       0.000000000    


     3  0.6250000000      0.1250000000      0.1250000000     : k-point, vkl
 (state, eigenvalue and occupancy below)
     1  -1.544822551       2.000000000    
     2  -1.422723690       2.000000000    
     3  -1.415269591       2.000000000    
     4  0.4169398899       2.000000000    
     5  0.4848337978       2.000000000    
     6  0.6504430618       2.000000000    
     7  0.6813556397       2.000000000    
     8  0.7331868743       2.000000000    
     9  0.9011091070       2.000000000    
    10   1.334353654       0.000000000    
    11   1.465987120       0.000000000    
    12   1.597948398       0.000000000    
    13   1.775705216       0.000000000    
    14   1.923700206       0.000000000    


     4  0.8750000000      0.1250000000      0.1250000000     : k-point, vkl
 (state, eigenvalue and occupancy below)
     1  -1.434651498       2.000000000    
     2  -1.432816422       2.000000000    
     3  -1.404918294       2.000000000    
     4  0.3946538994       2.000000000    
     5  0.4480170351       2.000000000    
     6  0.5258241359       2.000000000    
     7  0.6472340806       2.000000000    
     8  0.7571042016       2.000000000    
     9  0.7779582393       2.000000000    
    10   1.354740357       0.000000000    
    11   1.631740896       0.000000000    
    12   1.713185034       0.000000000    
    13   1.768217987       0.000000000    
    14   1.806542508       0.000000000    


     5  0.1250000000      0.3750000000      0.1250000000     : k-point, vkl
 (state, eigenvalue and occupancy below)
     1  -1.467051685       2.000000000    
     2  -1.429262475       2.000000000    
     3  -1.403544701       2.000000000    
     4  0.3903835870       2.000000000    
     5  0.5353514070       2.000000000    
     6  0.5691588120       2.000000000    
     7  0.6051275746       2.000000000    
     8  0.7490728937       2.000000000    
     9  0.8242612388       2.000000000    
    10   1.341254573       0.000000000    
    11   1.553144223       0.000000000    
    12   1.637761288       0.000000000    
    13   1.769584555       0.000000000    
    14   1.964231187       0.000000000    


     6  0.3750000000      0.3750000000      0.1250000000     : k-point, vkl
 (state, eigenvalue and occupancy below)
     1  -1.541769213       2.000000000    
     2  -1.439907205       2.000000000    
     3  -1.413542341       2.000000000    
     4  0.3648944459       2.000000000    
     5  0.4873269457       2.000000000    
     6  0.6431453419       2.000000000    
     7  0.6717995611       2.000000000    
     8  0.7803464744       2.000000000    
     9  0.9268943376       2.000000000    
    10   1.436002644       0.000000000    
    11   1.552288318       0.000000000    
    12   1.611059468       0.000000000    
    13   1.797759233       0.000000000    
    14   1.884432048       0.000000000    


     7  0.6250000000      0.3750000000      0.1250000000     : k-point, vkl
 (state, eigenvalue and occupancy below)
     1  -1.542951422       2.000000000    
     2  -1.447698465       2.000000000    
     3  -1.412832710       2.000000000    
     4  0.4107136037       2.000000000    
     5  0.4858261129       2.000000000    
     6  0.6130819373       2.000000000    
     7  0.7080011150       2.000000000    
     8  0.7610886502       2.000000000    
     9   1.169927777       0.000000000    
    10   1.277961678       0.000000000    
    11   1.399058572       0.000000000    
    12   1.495343001       0.000000000    
    13   1.847403558       0.000000000    
    14   1.859376272       0.000000000    


     8  0.8750000000      0.3750000000      0.1250000000     : k-point, vkl
 (state, eigenvalue and occupancy below)
     1  -1.472916504       2.000000000    
     2  -1.429131094       2.000000000    
     3  -1.406725991       2.000000000    
     4  0.3796871462       2.000000000    
     5  0.5165807480       2.000000000    
     6  0.5947511408       2.000000000    
     7  0.7004175257       2.000000000    
     8  0.7486470044       2.000000000    
     9  0.9034832155       2.000000000    
    10   1.245911499       0.000000000    
    11   1.436178676       0.000000000    
    12   1.652030608       0.000000000    
    13   1.729573911       0.000000000    
    14   1.826559001       0.000000000    


     9  0.1250000000      0.6250000000      0.1250000000     : k-point, vkl
 (state, eigenvalue and occupancy below)
     1  -1.472968090       2.000000000    
     2  -1.428965537       2.000000000    
     3  -1.406691933       2.000000000    
     4  0.3818364829       2.000000000    
     5  0.5053110420       2.000000000    
     6  0.6488218507       2.000000000    
     7  0.6834242613       2.000000000    
     8  0.7342772927       2.000000000    
     9  0.9190500729       2.000000000    
    10   1.158036108       0.000000000    
    11   1.365049459       0.000000000    
    12   1.737635181       0.000000000    
    13   1.859049783       0.000000000    
    14   1.930905304       0.000000000    


    10  0.3750000000      0.6250000000      0.1250000000     : k-point, vkl
 (state, eigenvalue and occupancy below)
     1  -1.542833535       2.000000000    
     2  -1.447657610       2.000000000    
     3  -1.412596860       2.000000000    
     4  0.4090724027       2.000000000    
     5  0.4806716996       2.000000000    
     6  0.6070345944       2.000000000    
     7  0.7083614286       2.000000000    
     8  0.7824023636       2.000000000    
     9   1.195145508       0.000000000    
    10   1.200882554       0.000000000    
    11   1.438817409       0.000000000    
    12   1.593681459       0.000000000    
    13   1.730881962       0.000000000    
    14   1.827664477       0.000000000    


    11  0.6250000000      0.6250000000      0.1250000000     : k-point, vkl
 (state, eigenvalue and occupancy below)
     1  -1.541689193       2.000000000    
     2  -1.439858312       2.000000000    
     3  -1.414218972       2.000000000    
     4  0.3639242953       2.000000000    
     5  0.4657885401       2.000000000    
     6  0.6677342388       2.000000000    
     7  0.7143686002       2.000000000    
     8  0.8120644790       2.000000000    
     9  0.9602542485       2.000000000    
    10   1.289392458       0.000000000    
    11   1.493837744       0.000000000    
    12   1.559578549       0.000000000    
    13   1.776294539       0.000000000    
    14   1.838100816       0.000000000    


    12  0.8750000000      0.6250000000      0.1250000000     : k-point, vkl
 (state, eigenvalue and occupancy below)
     1  -1.467295483       2.000000000    
     2  -1.430394829       2.000000000    
     3  -1.403892459       2.000000000    
     4  0.3895938343       2.000000000    
     5  0.5132546730       2.000000000    
     6  0.5785411419       2.000000000    
     7  0.6870706175       2.000000000    
     8  0.7614813296       2.000000000    
     9  0.8366096292       2.000000000    
    10   1.216151341       0.000000000    
    11   1.318308629       0.000000000    
    12   1.806093262       0.000000000    
    13   1.853236008       0.000000000    
    14   1.985266715       0.000000000    


    13  0.1250000000      0.8750000000      0.1250000000     : k-point, vkl
 (state, eigenvalue and occupancy below)
     1  -1.434780404       2.000000000    
     2  -1.433242802       2.000000000    
     3  -1.404997584       2.000000000    
     4  0.3968813753       2.000000000    
     5  0.4495849495       2.000000000    
     6  0.5190078300       2.000000000    
     7  0.6726850479       2.000000000    
     8  0.7457217246       2.000000000    
     9  0.7791944948       2.000000000    
    10   1.312070757       0.000000000    
    11   1.521383882       0.000000000    
    12   1.755899467       0.000000000    
    13   1.816021589       0.000000000    
    14   1.954706180       0.000000000    


    14  0.3750000000      0.8750000000      0.1250000000     : k-point, vkl
 (state, eigenvalue and occupancy below)
     1  -1.544699365       2.000000000    
     2  -1.422996140       2.000000000    
     3  -1.415360127       2.000000000    
     4  0.4146380283       2.000000000    
     5  0.4750795889       2.000000000    
     6  0.6295129550       2.000000000    
     7  0.7021424477       2.000000000    
     8  0.7434990988       2.000000000    
     9  0.9120679834       2.000000000    
    10   1.362075540       0.000000000    
    11   1.514171973       0.000000000    
    12   1.591726107       0.000000000    
    13   1.623478007       0.000000000    
    14   1.953580957       0.000000000    


    15  0.6250000000      0.8750000000      0.1250000000     : k-point, vkl
 (state, eigenvalue and occupancy below)
     1  -1.542544188       2.000000000    
     2  -1.416486338       2.000000000    
     3  -1.415855669       2.000000000    
     4  0.4369981587       2.000000000    
     5  0.4704132473       2.000000000    
     6  0.5591150103       2.000000000    
     7  0.6858177391       2.000000000    
     8  0.7341884100       2.000000000    
     9  0.9188071760       2.000000000    
    10   1.346887622       0.000000000    
    11   1.439268736       0.000000000    
    12   1.670183449       0.000000000    
    13   1.884274753       0.000000000    
    14   1.944045974       0.000000000    


    16  0.8750000000      0.8750000000      0.1250000000     : k-point, vkl
 (state, eigenvalue and occupancy below)
     1  -1.434378108       2.000000000    
     2  -1.427198892       2.000000000    
     3  -1.403243006       2.000000000    
     4  0.3978086367       2.000000000    
     5  0.4252364477       2.000000000    
     6  0.5255804539       2.000000000    
     7  0.6853159953       2.000000000    
     8  0.7104826344       2.000000000    
     9  0.7628881537       2.000000000    
    10   1.211728686       0.000000000    
    11   1.632464502       0.000000000    
    12   1.784362251       0.000000000    
    13   1.871132762       0.000000000    
    14   1.992101016       0.000000000    


    17  0.1250000000      0.1250000000      0.3750000000     : k-point, vkl
 (state, eigenvalue and occupancy below)
     1  -1.437089613       2.000000000    
     2  -1.427418922       2.000000000    
     3  -1.403165068       2.000000000    
     4  0.4005493277       2.000000000    
     5  0.4322917602       2.000000000    
     6  0.5745028544       2.000000000    
     7  0.6840790040       2.000000000    
     8  0.7089485374       2.000000000    
     9  0.7657973377       2.000000000    
    10   1.074127906      0.1424621245E-04
    11   1.684133444       0.000000000    
    12   1.779817696       0.000000000    
    13   1.960243850       0.000000000    
    14   2.007148371       0.000000000    


    18  0.3750000000      0.1250000000      0.3750000000     : k-point, vkl
 (state, eigenvalue and occupancy below)
     1  -1.542437301       2.000000000    
     2  -1.418256446       2.000000000    
     3  -1.415785878       2.000000000    
     4  0.4351613801       2.000000000    
     5  0.4485101462       2.000000000    
     6  0.5662589334       2.000000000    
     7  0.7049862333       2.000000000    
     8  0.7373710969       2.000000000    
     9  0.9347244734       2.000000000    
    10   1.297903556       0.000000000    
    11   1.539083727       0.000000000    
    12   1.696309120       0.000000000    
    13   1.839551309       0.000000000    
    14   1.915828338       0.000000000    


    19  0.6250000000      0.1250000000      0.3750000000     : k-point, vkl
 (state, eigenvalue and occupancy below)
     1  -1.544490007       2.000000000    
     2  -1.423222247       2.000000000    
     3  -1.417702019       2.000000000    
     4  0.4168521677       2.000000000    
     5  0.4482878336       2.000000000    
     6  0.6694990846       2.000000000    
     7  0.7147940892       2.000000000    
     8  0.7598188010       2.000000000    
     9   1.025841825       2.000000000    
    10   1.208127641       0.000000000    
    11   1.392074211       0.000000000    
    12   1.547548324       0.000000000    
    13   1.705023469       0.000000000    
    14   1.989105728       0.000000000    


    20  0.8750000000      0.1250000000      0.3750000000     : k-point, vkl
 (state, eigenvalue and occupancy below)
     1  -1.436886501       2.000000000    
     2  -1.434440676       2.000000000    
     3  -1.405054453       2.000000000    
     4  0.3952124078       2.000000000    
     5  0.4616945708       2.000000000    
     6  0.5670645250       2.000000000    
     7  0.7229398685       2.000000000    
     8  0.7601276561       2.000000000    
     9  0.7872904072       2.000000000    
    10   1.052314149       1.999905650    
    11   1.582151036       0.000000000    
    12   1.756547794       0.000000000    
    13   1.838589838       0.000000000    
    14   2.008669337       0.000000000    


    21  0.1250000000      0.3750000000      0.3750000000     : k-point, vkl
 (state, eigenvalue and occupancy below)
     1  -1.466782698       2.000000000    
     2  -1.431787406       2.000000000    
     3  -1.403612227       2.000000000    
     4  0.3884622237       2.000000000    
     5  0.5001928934       2.000000000    
     6  0.6009083869       2.000000000    
     7  0.6641922246       2.000000000    
     8  0.7560373530       2.000000000    
     9  0.8320398526       2.000000000    
    10   1.275260256       0.000000000    
    11   1.478559986       0.000000000    
    12   1.592158109       0.000000000    
    13   1.859242041       0.000000000    
    14   1.950135954       0.000000000    


    22  0.3750000000      0.3750000000      0.3750000000     : k-point, vkl
 (state, eigenvalue and occupancy below)
     1  -1.541719743       2.000000000    
     2  -1.439660006       2.000000000    
     3  -1.414829224       2.000000000    
     4  0.3679232494       2.000000000    
     5  0.4762965479       2.000000000    
     6  0.6320777863       2.000000000    
     7  0.7057371793       2.000000000    
     8  0.7882547159       2.000000000    
     9  0.9282519396       2.000000000    
    10   1.372043055       0.000000000    
    11   1.572604483       0.000000000    
    12   1.619001425       0.000000000    
    13   1.782888320       0.000000000    
    14   1.937453064       0.000000000    


    23  0.6250000000      0.3750000000      0.3750000000     : k-point, vkl
 (state, eigenvalue and occupancy below)
     1  -1.542896048       2.000000000    
     2  -1.447467849       2.000000000    
     3  -1.414415912       2.000000000    
     4  0.4152619136       2.000000000    
     5  0.4848626342       2.000000000    
     6  0.5773521143       2.000000000    
     7  0.7453947294       2.000000000    
     8  0.7616662093       2.000000000    
     9   1.247158700       0.000000000    
    10   1.279938661       0.000000000    
    11   1.393272718       0.000000000    
    12   1.527090928       0.000000000    
    13   1.574196354       0.000000000    
    14   1.879008432       0.000000000    


    24  0.8750000000      0.3750000000      0.3750000000     : k-point, vkl
 (state, eigenvalue and occupancy below)
     1  -1.472606731       2.000000000    
     2  -1.431422080       2.000000000    
     3  -1.406577479       2.000000000    
     4  0.3783993429       2.000000000    
     5  0.4776670789       2.000000000    
     6  0.6903611013       2.000000000    
     7  0.7089870467       2.000000000    
     8  0.7478254287       2.000000000    
     9  0.9338415481       2.000000000    
    10   1.223672834       0.000000000    
    11   1.326725108       0.000000000    
    12   1.563156959       0.000000000    
    13   1.733436169       0.000000000    
    14   1.953562897       0.000000000    


    25  0.1250000000      0.6250000000      0.3750000000     : k-point, vkl
 (state, eigenvalue and occupancy below)
     1  -1.472813527       2.000000000    
     2  -1.431499608       2.000000000    
     3  -1.406662692       2.000000000    
     4  0.3806487950       2.000000000    
     5  0.4916436653       2.000000000    
     6  0.6532459644       2.000000000    
     7  0.7256490677       2.000000000    
     8  0.7464427337       2.000000000    
     9   1.027169359       2.000000000    
    10   1.122731525       0.000000000    
    11   1.204633035       0.000000000    
    12   1.690601604       0.000000000    
    13   1.811206534       0.000000000    
    14   2.000746707       0.000000000    


    26  0.3750000000      0.6250000000      0.3750000000     : k-point, vkl
 (state, eigenvalue and occupancy below)
     1  -1.542778760       2.000000000    
     2  -1.447627370       2.000000000    
     3  -1.414355680       2.000000000    
     4  0.4139390900       2.000000000    
     5  0.4709821700       2.000000000    
     6  0.5957127479       2.000000000    
     7  0.7133712741       2.000000000    
     8  0.7915024047       2.000000000    
     9   1.186776013       0.000000000    
    10   1.354365184       0.000000000    
    11   1.410052780       0.000000000    
    12   1.486901033       0.000000000    
    13   1.630092530       0.000000000    
    14   1.876555938       0.000000000    


    27  0.6250000000      0.6250000000      0.3750000000     : k-point, vkl
 (state, eigenvalue and occupancy below)
     1  -1.541902526       2.000000000    
     2  -1.439944840       2.000000000    
     3  -1.416162874       2.000000000    
     4  0.3682269930       2.000000000    
     5  0.4599171562       2.000000000    
     6  0.6447578563       2.000000000    
     7  0.7195733282       2.000000000    
     8  0.8278068259       2.000000000    
     9   1.033116963       2.000000000    
    10   1.204018028       0.000000000    
    11   1.503491007       0.000000000    
    12   1.537824303       0.000000000    
    13   1.657659778       0.000000000    
    14   1.978846024       0.000000000    


    28  0.8750000000      0.6250000000      0.3750000000     : k-point, vkl
 (state, eigenvalue and occupancy below)
     1  -1.467010580       2.000000000    
     2  -1.432930328       2.000000000    
     3  -1.403671772       2.000000000    
     4  0.3882969603       2.000000000    
     5  0.5016205679       2.000000000    
     6  0.5879411699       2.000000000    
     7  0.7444407505       2.000000000    
     8  0.7594698377       2.000000000    
     9  0.9215939194       2.000000000    
    10   1.051581992       1.999954629    
    11   1.321889389       0.000000000    
    12   1.775457014       0.000000000    
    13   1.856263869       0.000000000    
    14   2.035597972       0.000000000    


    29  0.1250000000      0.8750000000      0.3750000000     : k-point, vkl
 (state, eigenvalue and occupancy below)
     1  -1.436746649       2.000000000    
     2  -1.434724711       2.000000000    
     3  -1.404922047       2.000000000    
     4  0.3974162246       2.000000000    
     5  0.4573650559       2.000000000    
     6  0.5777060842       2.000000000    
     7  0.7320852973       2.000000000    
     8  0.7673935705       2.000000000    
     9  0.7893065051       2.000000000    
    10   1.015442032       2.000000000    
    11   1.507527782       0.000000000    
    12   1.834803998       0.000000000    
    13   1.909766364       0.000000000    
    14   1.937845332       0.000000000    


    30  0.3750000000      0.8750000000      0.3750000000     : k-point, vkl
 (state, eigenvalue and occupancy below)
     1  -1.544341021       2.000000000    
     2  -1.423146900       2.000000000    
     3  -1.417585876       2.000000000    
     4  0.4133507927       2.000000000    
     5  0.4354302990       2.000000000    
     6  0.6904347461       2.000000000    
     7  0.7097507720       2.000000000    
     8  0.7831072181       2.000000000    
     9  0.9810120659       2.000000000    
    10   1.240588152       0.000000000    
    11   1.452170928       0.000000000    
    12   1.537845952       0.000000000    
    13   1.658222856       0.000000000    
    14   1.949264901       0.000000000    


    31  0.6250000000      0.8750000000      0.3750000000     : k-point, vkl
 (state, eigenvalue and occupancy below)
     1  -1.542310136       2.000000000    
     2  -1.419171773       2.000000000    
     3  -1.415992098       2.000000000    
     4  0.4337984107       2.000000000    
     5  0.4427609025       2.000000000    
     6  0.5627124221       2.000000000    
     7  0.7362055020       2.000000000    
     8  0.7939563930       2.000000000    
     9   1.024281607       2.000000000    
    10   1.071952233      0.1254752496E-03
    11   1.508680137       0.000000000    
    12   1.694862451       0.000000000    
    13   1.838734090       0.000000000    
    14   1.957206153       0.000000000    


    32  0.8750000000      0.8750000000      0.3750000000     : k-point, vkl
 (state, eigenvalue and occupancy below)
     1  -1.438138146       2.000000000    
     2  -1.427230468       2.000000000    
     3  -1.403158214       2.000000000    
     4  0.4002542170       2.000000000    
     5  0.4339361371       2.000000000    
     6  0.6245287595       2.000000000    
     7  0.6826250157       2.000000000    
     8  0.7306692173       2.000000000    
     9  0.8011508892       2.000000000    
    10  0.9381041077       2.000000000    
    11   1.639351227       0.000000000    
    12   1.876007884       0.000000000    
    13   1.907168630       0.000000000    
    14   1.991348997       0.000000000    

