
! Atomic positions generated by spacegroup version 1.2.01
!  Hermann-Mauguin symbol : R-3m:H
!  Hall symbol            : -R 3 2"
!  Schoenflies symbol     : D3d^5
!  space group number     : 166:H
!  lattice constants (a,b,c) :    6.708492300       3.608219900       10.66555800    
!  angles in degrees (bc,ac,ab) :    90.00000000       90.00000000       121.0000000    
!  number of conventional unit cells :    1   1   1
!  reduction to primitive cell : T
!  Wyckoff positions :
!   species :    1, Hg
!      0.000000000       0.000000000       0.000000000    

avec
  -1.858370631       3.092848112       0.000000000    
  0.9972503459       2.061898741      -3.555186000    
  -3.852871323      -1.030949371      -3.555186000    

atoms
   1                                    : nspecies
'Hg.in'                                 : spfname
   1                                    : natoms; atposl, bfcmt below
    0.00000000    0.00000000    0.00000000    0.00000000  0.00000000  0.00000000
