 -0.5000000000       3.800262128    
 -0.4980000000       3.998708499    
 -0.4960000000       4.203819464    
 -0.4940000000       4.408993026    
 -0.4920000000       4.662166297    
 -0.4900000000       4.930280760    
 -0.4880000000       5.283739335    
 -0.4860000000       5.675016709    
 -0.4840000000       6.192007413    
 -0.4820000000       6.696111989    
 -0.4800000000       7.241746781    
 -0.4780000000       7.610432775    
 -0.4760000000       7.863746879    
 -0.4740000000       8.033313418    
 -0.4720000000       8.325726765    
 -0.4700000000       8.738857412    
 -0.4680000000       9.303208195    
 -0.4660000000       9.888085928    
 -0.4640000000       10.29994240    
 -0.4620000000       10.43999843    
 -0.4600000000       10.40529738    
 -0.4580000000       10.37977296    
 -0.4560000000       10.50537294    
 -0.4540000000       10.80090871    
 -0.4520000000       11.42626993    
 -0.4500000000       12.04364351    
 -0.4480000000       12.51182793    
 -0.4460000000       13.03262032    
 -0.4440000000       13.47967954    
 -0.4420000000       13.43220429    
 -0.4400000000       12.28574803    
 -0.4380000000       10.74690283    
 -0.4360000000       9.385283179    
 -0.4340000000       8.412035175    
 -0.4320000000       7.611225259    
 -0.4300000000       6.670775606    
 -0.4280000000       5.778400275    
 -0.4260000000       4.847522896    
 -0.4240000000       4.198094135    
 -0.4220000000       3.743011436    
 -0.4200000000       3.421248118    
 -0.4180000000       3.183532801    
 -0.4160000000       2.990588624    
 -0.4140000000       2.848860101    
 -0.4120000000       2.761624379    
 -0.4100000000       2.733281699    
 -0.4080000000       2.776316821    
 -0.4060000000       2.864637655    
 -0.4040000000       3.026918397    
 -0.4020000000       3.253641210    
 -0.4000000000       3.595539936    
 -0.3980000000       4.028541706    
 -0.3960000000       4.573643770    
 -0.3940000000       5.256090922    
 -0.3920000000       6.089007261    
 -0.3900000000       6.871976487    
 -0.3880000000       7.305312845    
 -0.3860000000       7.378539210    
 -0.3840000000       7.284718869    
 -0.3820000000       7.273012046    
 -0.3800000000       7.300130678    
 -0.3780000000       7.382712344    
 -0.3760000000       7.441684365    
 -0.3740000000       7.542508701    
 -0.3720000000       7.650670736    
 -0.3700000000       7.824301768    
 -0.3680000000       8.043055785    
 -0.3660000000       8.308959069    
 -0.3640000000       8.697352774    
 -0.3620000000       9.115007472    
 -0.3600000000       9.525075078    
 -0.3580000000       9.764262971    
 -0.3560000000       9.798759913    
 -0.3540000000       9.826178271    
 -0.3520000000       9.995977487    
 -0.3500000000       10.34991701    
 -0.3480000000       10.71065221    
 -0.3460000000       10.81723942    
 -0.3440000000       10.61098339    
 -0.3420000000       9.882932367    
 -0.3400000000       8.561259407    
 -0.3380000000       7.156800567    
 -0.3360000000       5.930011074    
 -0.3340000000       5.299411756    
 -0.3320000000       5.211743203    
 -0.3300000000       5.278983199    
 -0.3280000000       5.349746309    
 -0.3260000000       5.271172959    
 -0.3240000000       5.514021869    
 -0.3220000000       6.082897317    
 -0.3200000000       6.699728497    
 -0.3180000000       7.452306712    
 -0.3160000000       8.741644603    
 -0.3140000000       10.43734366    
 -0.3120000000       11.69228993    
 -0.3100000000       11.34032682    
 -0.3080000000       10.00782271    
 -0.3060000000       8.475570846    
 -0.3040000000       7.585764753    
 -0.3020000000       7.031589122    
 -0.3000000000       6.725341094    
 -0.2980000000       6.627101614    
 -0.2960000000       6.803959304    
 -0.2940000000       6.794057520    
 -0.2920000000       6.586420201    
 -0.2900000000       6.111517108    
 -0.2880000000       5.799974630    
 -0.2860000000       5.643983686    
 -0.2840000000       5.601167081    
 -0.2820000000       5.753197819    
 -0.2800000000       5.908173133    
 -0.2780000000       6.037387910    
 -0.2760000000       5.715223555    
 -0.2740000000       5.151904626    
 -0.2720000000       4.430188612    
 -0.2700000000       3.775849426    
 -0.2680000000       3.247665296    
 -0.2660000000       2.772468946    
 -0.2640000000       2.461503341    
 -0.2620000000       2.218781550    
 -0.2600000000       2.056797274    
 -0.2580000000       1.937083254    
 -0.2560000000       1.843765419    
 -0.2540000000       1.742740272    
 -0.2520000000       1.669291658    
 -0.2500000000       1.619351201    
 -0.2480000000       1.589425673    
 -0.2460000000       1.551531571    
 -0.2440000000       1.526771771    
 -0.2420000000       1.531473049    
 -0.2400000000       1.542303019    
 -0.2380000000       1.561271294    
 -0.2360000000       1.576881331    
 -0.2340000000       1.598270096    
 -0.2320000000       1.647364617    
 -0.2300000000       1.669986922    
 -0.2280000000       1.709791475    
 -0.2260000000       1.736323712    
 -0.2240000000       1.759917210    
 -0.2220000000       1.817873225    
 -0.2200000000       1.825226543    
 -0.2180000000       1.863499090    
 -0.2160000000       1.913267202    
 -0.2140000000       1.938816227    
 -0.2120000000       1.974149976    
 -0.2100000000       2.023426196    
 -0.2080000000       2.076070601    
 -0.2060000000       2.127532727    
 -0.2040000000       2.160602922    
 -0.2020000000       2.207874514    
 -0.2000000000       2.289011823    
 -0.1980000000       2.366846403    
 -0.1960000000       2.452426788    
 -0.1940000000       2.621870475    
 -0.1920000000       2.720399884    
 -0.1900000000       2.769747035    
 -0.1880000000       2.726889355    
 -0.1860000000       2.664229604    
 -0.1840000000       2.677097122    
 -0.1820000000       2.669655193    
 -0.1800000000       2.680910757    
 -0.1780000000       2.670383379    
 -0.1760000000       2.710652562    
 -0.1740000000       2.708232490    
 -0.1720000000       2.724354649    
 -0.1700000000       2.722449106    
 -0.1680000000       2.743425433    
 -0.1660000000       2.762840281    
 -0.1640000000       2.786888562    
 -0.1620000000       2.794634359    
 -0.1600000000       2.864014134    
 -0.1580000000       2.968495654    
 -0.1560000000       3.273731928    
 -0.1540000000       3.984714868    
 -0.1520000000       5.007085588    
 -0.1500000000       5.121116583    
 -0.1480000000       4.588246352    
 -0.1460000000       3.614848821    
 -0.1440000000       3.434728079    
 -0.1420000000       3.435756966    
 -0.1400000000       3.471228825    
 -0.1380000000       3.527769926    
 -0.1360000000       3.585932100    
 -0.1340000000       3.585056836    
 -0.1320000000       3.481933940    
 -0.1300000000       3.338421213    
 -0.1280000000       3.241121720    
 -0.1260000000       3.203851902    
 -0.1240000000       3.174967173    
 -0.1220000000       3.116795228    
 -0.1200000000       3.047168374    
 -0.1180000000       3.021769396    
 -0.1160000000       3.011295961    
 -0.1140000000       2.993561124    
 -0.1120000000       2.940937209    
 -0.1100000000       2.923124177    
 -0.1080000000       2.899837932    
 -0.1060000000       2.899139024    
 -0.1040000000       2.878821534    
 -0.1020000000       2.855968203    
 -0.1000000000       2.848143326    
 -0.9800000000E-01   2.838416495    
 -0.9600000000E-01   2.830557469    
 -0.9400000000E-01   2.836841184    
 -0.9200000000E-01   2.828289139    
 -0.9000000000E-01   2.843782087    
 -0.8800000000E-01   2.842992654    
 -0.8600000000E-01   2.844343427    
 -0.8400000000E-01   2.896630658    
 -0.8200000000E-01   2.913005416    
 -0.8000000000E-01   2.954689130    
 -0.7800000000E-01   2.968129363    
 -0.7600000000E-01   3.053557355    
 -0.7400000000E-01   3.192614122    
 -0.7200000000E-01   3.365513550    
 -0.7000000000E-01   3.446855913    
 -0.6800000000E-01   3.453343530    
 -0.6600000000E-01   3.328859883    
 -0.6400000000E-01   3.203233372    
 -0.6200000000E-01   3.095934696    
 -0.6000000000E-01   3.032918236    
 -0.5800000000E-01   3.062725284    
 -0.5600000000E-01   3.005416379    
 -0.5400000000E-01   2.986011625    
 -0.5200000000E-01   2.969726202    
 -0.5000000000E-01   2.988546440    
 -0.4800000000E-01   3.016673068    
 -0.4600000000E-01   2.997229334    
 -0.4400000000E-01   3.128627152    
 -0.4200000000E-01   3.196160873    
 -0.4000000000E-01   3.224487235    
 -0.3800000000E-01   3.130007426    
 -0.3600000000E-01   3.059399728    
 -0.3400000000E-01   2.989740337    
 -0.3200000000E-01   2.895464288    
 -0.3000000000E-01   2.827935117    
 -0.2800000000E-01   2.819257818    
 -0.2600000000E-01   2.838674512    
 -0.2400000000E-01   2.805449140    
 -0.2200000000E-01   2.766473325    
 -0.2000000000E-01   2.776107164    
 -0.1800000000E-01   2.787361095    
 -0.1600000000E-01   2.787713724    
 -0.1400000000E-01   2.760260272    
 -0.1200000000E-01   2.802433669    
 -0.1000000000E-01   2.812199612    
 -0.8000000000E-02   2.849857131    
 -0.6000000000E-02   2.845888326    
 -0.4000000000E-02   2.931286511    
 -0.2000000000E-02   2.981991239    
 -0.2710505431E-19   3.039625171    
  0.2000000000E-02   3.067648536    
  0.4000000000E-02   3.055645905    
  0.6000000000E-02   3.031895843    
  0.8000000000E-02   3.003112801    
  0.1000000000E-01   2.996025866    
  0.1200000000E-01   3.034350457    
  0.1400000000E-01   3.034575619    
  0.1600000000E-01   3.028491912    
  0.1800000000E-01   3.015531255    
  0.2000000000E-01   3.004314965    
  0.2200000000E-01   3.034304467    
  0.2400000000E-01   3.058387175    
  0.2600000000E-01   3.066020716    
  0.2800000000E-01   3.067053462    
  0.3000000000E-01   3.080904102    
  0.3200000000E-01   3.088373346    
  0.3400000000E-01   3.136831839    
  0.3600000000E-01   3.181975807    
  0.3800000000E-01   3.186572449    
  0.4000000000E-01   3.130342792    
  0.4200000000E-01   3.055564780    
  0.4400000000E-01   3.009311146    
  0.4600000000E-01   2.958149640    
  0.4800000000E-01   2.919397545    
  0.5000000000E-01   2.908000735    
  0.5200000000E-01   2.916382699    
  0.5400000000E-01   2.862838372    
  0.5600000000E-01   2.883620041    
  0.5800000000E-01   2.862731571    
  0.6000000000E-01   2.865872826    
  0.6200000000E-01   2.856146797    
  0.6400000000E-01   2.860297603    
  0.6600000000E-01   2.879753201    
  0.6800000000E-01   2.875685276    
  0.7000000000E-01   2.898230389    
  0.7200000000E-01   2.885953572    
  0.7400000000E-01   2.865490953    
  0.7600000000E-01   2.894830736    
  0.7800000000E-01   2.945387189    
  0.8000000000E-01   2.962682840    
  0.8200000000E-01   2.959139988    
  0.8400000000E-01   2.972113976    
  0.8600000000E-01   2.971863472    
  0.8800000000E-01   3.026661005    
  0.9000000000E-01   3.072053308    
  0.9200000000E-01   3.113181957    
  0.9400000000E-01   3.115545858    
  0.9600000000E-01   3.143709867    
  0.9800000000E-01   3.243742809    
  0.1000000000       3.299328798    
  0.1020000000       3.383719844    
  0.1040000000       3.495217023    
  0.1060000000       3.592218959    
  0.1080000000       3.615077756    
  0.1100000000       3.584126218    
  0.1120000000       3.549367273    
  0.1140000000       3.544794560    
  0.1160000000       3.529656685    
  0.1180000000       3.554059264    
  0.1200000000       3.583350979    
  0.1220000000       3.620959186    
  0.1240000000       3.646437535    
  0.1260000000       3.694898935    
  0.1280000000       3.767947208    
  0.1300000000       3.823085778    
  0.1320000000       3.893452972    
  0.1340000000       3.938417526    
  0.1360000000       4.053249748    
  0.1380000000       4.117775499    
  0.1400000000       4.278935225    
  0.1420000000       4.391205955    
  0.1440000000       4.504012350    
  0.1460000000       4.577305704    
  0.1480000000       4.635170671    
  0.1500000000       4.690834324    
  0.1520000000       4.768691351    
  0.1540000000       4.844673382    
  0.1560000000       4.896481305    
  0.1580000000       4.997103696    
  0.1600000000       5.047488783    
  0.1620000000       5.189884467    
  0.1640000000       5.280202275    
  0.1660000000       5.399083621    
  0.1680000000       5.577395489    
  0.1700000000       5.702434984    
  0.1720000000       5.982404571    
  0.1740000000       6.124766510    
  0.1760000000       6.311271129    
  0.1780000000       6.312756395    
  0.1800000000       6.341743208    
  0.1820000000       6.303828186    
  0.1840000000       6.330185209    
  0.1860000000       6.357130012    
  0.1880000000       6.393940207    
  0.1900000000       6.466282464    
  0.1920000000       6.543795222    
  0.1940000000       6.676098619    
  0.1960000000       6.759612971    
  0.1980000000       6.863995051    
  0.2000000000       6.921330463    
  0.2020000000       6.995273836    
  0.2040000000       6.992287246    
  0.2060000000       6.981955943    
  0.2080000000       6.965787664    
  0.2100000000       6.990253789    
  0.2120000000       7.002563970    
  0.2140000000       6.968019032    
  0.2160000000       6.877890152    
  0.2180000000       6.782693711    
  0.2200000000       6.726240981    
  0.2220000000       6.772149733    
  0.2240000000       6.753246340    
  0.2260000000       6.739623670    
  0.2280000000       6.725894577    
  0.2300000000       6.743681088    
  0.2320000000       6.784325125    
  0.2340000000       6.812530359    
  0.2360000000       6.915259296    
  0.2380000000       7.094403327    
  0.2400000000       7.154428986    
  0.2420000000       7.157003274    
  0.2440000000       6.924956675    
  0.2460000000       6.739865758    
  0.2480000000       6.522908468    
  0.2500000000       6.369312267    
  0.2520000000       6.253390614    
  0.2540000000       6.145579907    
  0.2560000000       6.091733958    
  0.2580000000       6.040845822    
  0.2600000000       5.978600877    
  0.2620000000       5.969932375    
  0.2640000000       5.907567326    
  0.2660000000       5.923751777    
  0.2680000000       5.889998096    
  0.2700000000       5.800270760    
  0.2720000000       5.674599732    
  0.2740000000       5.545980926    
  0.2760000000       5.469481410    
  0.2780000000       5.354304170    
  0.2800000000       5.164444818    
  0.2820000000       4.961022581    
  0.2840000000       4.795836339    
  0.2860000000       4.652989707    
  0.2880000000       4.602364525    
  0.2900000000       4.494805640    
  0.2920000000       4.490895618    
  0.2940000000       4.421681888    
  0.2960000000       4.446915272    
  0.2980000000       4.430163637    
  0.3000000000       4.439002547    
  0.3020000000       4.462954915    
  0.3040000000       4.447488571    
  0.3060000000       4.515354218    
  0.3080000000       4.402546059    
  0.3100000000       4.310310522    
  0.3120000000       4.062851476    
  0.3140000000       3.952164293    
  0.3160000000       3.852383910    
  0.3180000000       3.765432548    
  0.3200000000       3.760057463    
  0.3220000000       3.687078706    
  0.3240000000       3.714545149    
  0.3260000000       3.665203806    
  0.3280000000       3.736183142    
  0.3300000000       3.803336144    
  0.3320000000       3.881975670    
  0.3340000000       3.976534772    
  0.3360000000       3.999497972    
  0.3380000000       4.113441614    
  0.3400000000       4.167094591    
  0.3420000000       4.303722341    
  0.3440000000       4.397223943    
  0.3460000000       4.568321883    
  0.3480000000       4.755689111    
  0.3500000000       4.940470802    
  0.3520000000       5.159460834    
  0.3540000000       5.240144525    
  0.3560000000       5.163618096    
  0.3580000000       4.984486073    
  0.3600000000       4.875685012    
  0.3620000000       4.826985805    
  0.3640000000       4.809008477    
  0.3660000000       4.826690041    
  0.3680000000       4.843896023    
  0.3700000000       4.840631665    
  0.3720000000       4.885225583    
  0.3740000000       4.937591154    
  0.3760000000       5.030030844    
  0.3780000000       5.117352944    
  0.3800000000       5.209930378    
  0.3820000000       5.349478404    
  0.3840000000       5.471574391    
  0.3860000000       5.678826109    
  0.3880000000       5.872165213    
  0.3900000000       6.088913907    
  0.3920000000       6.356913995    
  0.3940000000       6.668396377    
  0.3960000000       6.995030570    
  0.3980000000       7.376936363    
  0.4000000000       7.875045973    
  0.4020000000       8.535290799    
  0.4040000000       9.309319389    
  0.4060000000       10.01656139    
  0.4080000000       10.44532286    
  0.4100000000       10.57568092    
  0.4120000000       10.35023446    
  0.4140000000       10.11270396    
  0.4160000000       9.718744154    
  0.4180000000       9.272452368    
  0.4200000000       8.802495054    
  0.4220000000       8.338688310    
  0.4240000000       8.063830917    
  0.4260000000       7.774812244    
  0.4280000000       7.596341855    
  0.4300000000       7.385733496    
  0.4320000000       7.225034783    
  0.4340000000       7.076863108    
  0.4360000000       6.973188200    
  0.4380000000       6.874127190    
  0.4400000000       6.799878550    
  0.4420000000       6.636559213    
  0.4440000000       6.493482924    
  0.4460000000       6.307533842    
  0.4480000000       6.231051317    
  0.4500000000       6.150467024    
  0.4520000000       6.119813320    
  0.4540000000       6.145980838    
  0.4560000000       6.152470066    
  0.4580000000       6.215535839    
  0.4600000000       6.278082983    
  0.4620000000       6.392859056    
  0.4640000000       6.528463612    
  0.4660000000       6.760372901    
  0.4680000000       7.031305613    
  0.4700000000       7.394514340    
  0.4720000000       7.738707012    
  0.4740000000       8.124634580    
  0.4760000000       8.351300949    
  0.4780000000       8.453555870    
  0.4800000000       8.421750096    
  0.4820000000       8.351561751    
  0.4840000000       8.254334611    
  0.4860000000       8.179671258    
  0.4880000000       8.185948179    
  0.4900000000       8.198768198    
  0.4920000000       8.297863227    
  0.4940000000       8.352829112    
  0.4960000000       8.524129698    
  0.4980000000       8.715409148    
     
