 -0.5000000000       8.040000000    
 -0.4980000000       8.515333333    
 -0.4960000000       9.012666667    
 -0.4940000000       9.508000000    
 -0.4920000000       10.10866667    
 -0.4900000000       10.72400000    
 -0.4880000000       11.51466667    
 -0.4860000000       12.35733333    
 -0.4840000000       13.47533333    
 -0.4820000000       14.56800000    
 -0.4800000000       15.76666667    
 -0.4780000000       16.64533333    
 -0.4760000000       17.37866667    
 -0.4740000000       18.00533333    
 -0.4720000000       18.92200000    
 -0.4700000000       20.09000000    
 -0.4680000000       21.63866667    
 -0.4660000000       23.31466667    
 -0.4640000000       24.62666667    
 -0.4620000000       25.35600000    
 -0.4600000000       25.68466667    
 -0.4580000000       26.10733333    
 -0.4560000000       26.98600000    
 -0.4540000000       28.43266667    
 -0.4520000000       30.87800000    
 -0.4500000000       33.23666667    
 -0.4480000000       35.05800000    
 -0.4460000000       36.90133333    
 -0.4440000000       38.56000000    
 -0.4420000000       38.78400000    
 -0.4400000000       35.67866667    
 -0.4380000000       31.27066667    
 -0.4360000000       27.26800000    
 -0.4340000000       24.48066667    
 -0.4320000000       22.23133333    
 -0.4300000000       19.57066667    
 -0.4280000000       16.99133333    
 -0.4260000000       14.29133333    
 -0.4240000000       12.40400000    
 -0.4220000000       11.09200000    
 -0.4200000000       10.17266667    
 -0.4180000000       9.502000000    
 -0.4160000000       8.958666667    
 -0.4140000000       8.565333333    
 -0.4120000000       8.338000000    
 -0.4100000000       8.294666667    
 -0.4080000000       8.472666667    
 -0.4060000000       8.800000000    
 -0.4040000000       9.374666667    
 -0.4020000000       10.17533333    
 -0.4000000000       11.37800000    
 -0.3980000000       12.90000000    
 -0.3960000000       14.79800000    
 -0.3940000000       17.17733333    
 -0.3920000000       20.18200000    
 -0.3900000000       23.13533333    
 -0.3880000000       24.85400000    
 -0.3860000000       25.20000000    
 -0.3840000000       24.86933333    
 -0.3820000000       24.86066667    
 -0.3800000000       25.12200000    
 -0.3780000000       25.62400000    
 -0.3760000000       26.03666667    
 -0.3740000000       26.53133333    
 -0.3720000000       27.05866667    
 -0.3700000000       27.88466667    
 -0.3680000000       28.92133333    
 -0.3660000000       30.18933333    
 -0.3640000000       31.99266667    
 -0.3620000000       33.97800000    
 -0.3600000000       36.01066667    
 -0.3580000000       37.42000000    
 -0.3560000000       38.05400000    
 -0.3540000000       38.68466667    
 -0.3520000000       40.01000000    
 -0.3500000000       42.32866667    
 -0.3480000000       44.82533333    
 -0.3460000000       46.12933333    
 -0.3440000000       45.75000000    
 -0.3420000000       42.90600000    
 -0.3400000000       37.56333333    
 -0.3380000000       31.96933333    
 -0.3360000000       27.13866667    
 -0.3340000000       24.76933333    
 -0.3320000000       24.70866667    
 -0.3300000000       25.18533333    
 -0.3280000000       25.56000000    
 -0.3260000000       25.19866667    
 -0.3240000000       26.39466667    
 -0.3220000000       29.14933333    
 -0.3200000000       32.13200000    
 -0.3180000000       35.77600000    
 -0.3160000000       42.14600000    
 -0.3140000000       50.50266667    
 -0.3120000000       56.55933333    
 -0.3100000000       54.34333333    
 -0.3080000000       47.13600000    
 -0.3060000000       38.99533333    
 -0.3040000000       34.30400000    
 -0.3020000000       31.49533333    
 -0.3000000000       30.03533333    
 -0.2980000000       29.65733333    
 -0.2960000000       30.71600000    
 -0.2940000000       30.76666667    
 -0.2920000000       29.75933333    
 -0.2900000000       27.24266667    
 -0.2880000000       25.49666667    
 -0.2860000000       24.42266667    
 -0.2840000000       23.81066667    
 -0.2820000000       23.99933333    
 -0.2800000000       24.26600000    
 -0.2780000000       24.46600000    
 -0.2760000000       23.05000000    
 -0.2740000000       20.80266667    
 -0.2720000000       18.07333333    
 -0.2700000000       15.56466667    
 -0.2680000000       13.50066667    
 -0.2660000000       11.60266667    
 -0.2640000000       10.32133333    
 -0.2620000000       9.289333333    
 -0.2600000000       8.550000000    
 -0.2580000000       7.955333333    
 -0.2560000000       7.468666667    
 -0.2540000000       6.958666667    
 -0.2520000000       6.558666667    
 -0.2500000000       6.242000000    
 -0.2480000000       6.002666667    
 -0.2460000000       5.745333333    
 -0.2440000000       5.547333333    
 -0.2420000000       5.454000000    
 -0.2400000000       5.395333333    
 -0.2380000000       5.373333333    
 -0.2360000000       5.360000000    
 -0.2340000000       5.369333333    
 -0.2320000000       5.474000000    
 -0.2300000000       5.497333333    
 -0.2280000000       5.575333333    
 -0.2260000000       5.608666667    
 -0.2240000000       5.633333333    
 -0.2220000000       5.756000000    
 -0.2200000000       5.732000000    
 -0.2180000000       5.806666667    
 -0.2160000000       5.901333333    
 -0.2140000000       5.934000000    
 -0.2120000000       5.990666667    
 -0.2100000000       6.084000000    
 -0.2080000000       6.193333333    
 -0.2060000000       6.292666667    
 -0.2040000000       6.344666667    
 -0.2020000000       6.434000000    
 -0.2000000000       6.616666667    
 -0.1980000000       6.794000000    
 -0.1960000000       6.993333333    
 -0.1940000000       7.437333333    
 -0.1920000000       7.670666667    
 -0.1900000000       7.758000000    
 -0.1880000000       7.562000000    
 -0.1860000000       7.323333333    
 -0.1840000000       7.294000000    
 -0.1820000000       7.210000000    
 -0.1800000000       7.185333333    
 -0.1780000000       7.100000000    
 -0.1760000000       7.149333333    
 -0.1740000000       7.084666667    
 -0.1720000000       7.074000000    
 -0.1700000000       7.010000000    
 -0.1680000000       7.012000000    
 -0.1660000000       7.004666667    
 -0.1640000000       7.010000000    
 -0.1620000000       6.974000000    
 -0.1600000000       7.062000000    
 -0.1580000000       7.190666667    
 -0.1560000000       7.743333333    
 -0.1540000000       9.168000000    
 -0.1520000000       11.36400000    
 -0.1500000000       11.67533333    
 -0.1480000000       10.59666667    
 -0.1460000000       8.488666667    
 -0.1440000000       8.035333333    
 -0.1420000000       7.986000000    
 -0.1400000000       8.018666667    
 -0.1380000000       8.099333333    
 -0.1360000000       8.185333333    
 -0.1340000000       8.128666667    
 -0.1320000000       7.844666667    
 -0.1300000000       7.476000000    
 -0.1280000000       7.213333333    
 -0.1260000000       7.094666667    
 -0.1240000000       6.992000000    
 -0.1220000000       6.823333333    
 -0.1200000000       6.628000000    
 -0.1180000000       6.539333333    
 -0.1160000000       6.490666667    
 -0.1140000000       6.420666667    
 -0.1120000000       6.276666667    
 -0.1100000000       6.201333333    
 -0.1080000000       6.126000000    
 -0.1060000000       6.094000000    
 -0.1040000000       6.028000000    
 -0.1020000000       5.948666667    
 -0.1000000000       5.909333333    
 -0.9800000000E-01   5.860000000    
 -0.9600000000E-01   5.819333333    
 -0.9400000000E-01   5.806666667    
 -0.9200000000E-01   5.762666667    
 -0.9000000000E-01   5.772000000    
 -0.8800000000E-01   5.742666667    
 -0.8600000000E-01   5.724000000    
 -0.8400000000E-01   5.802000000    
 -0.8200000000E-01   5.812000000    
 -0.8000000000E-01   5.865333333    
 -0.7800000000E-01   5.864666667    
 -0.7600000000E-01   6.002000000    
 -0.7400000000E-01   6.250000000    
 -0.7200000000E-01   6.544000000    
 -0.7000000000E-01   6.665333333    
 -0.6800000000E-01   6.649333333    
 -0.6600000000E-01   6.396000000    
 -0.6400000000E-01   6.140666667    
 -0.6200000000E-01   5.916666667    
 -0.6000000000E-01   5.781333333    
 -0.5800000000E-01   5.819333333    
 -0.5600000000E-01   5.689333333    
 -0.5400000000E-01   5.633333333    
 -0.5200000000E-01   5.584666667    
 -0.5000000000E-01   5.604666667    
 -0.4800000000E-01   5.638000000    
 -0.4600000000E-01   5.578000000    
 -0.4400000000E-01   5.800666667    
 -0.4200000000E-01   5.905333333    
 -0.4000000000E-01   5.938000000    
 -0.3800000000E-01   5.744666667    
 -0.3600000000E-01   5.593333333    
 -0.3400000000E-01   5.450666667    
 -0.3200000000E-01   5.262666667    
 -0.3000000000E-01   5.122666667    
 -0.2800000000E-01   5.094666667    
 -0.2600000000E-01   5.114666667    
 -0.2400000000E-01   5.042666667    
 -0.2200000000E-01   4.953333333    
 -0.2000000000E-01   4.954666667    
 -0.1800000000E-01   4.962666667    
 -0.1600000000E-01   4.952666667    
 -0.1400000000E-01   4.887333333    
 -0.1200000000E-01   4.946000000    
 -0.1000000000E-01   4.948000000    
 -0.8000000000E-02   5.004000000    
 -0.6000000000E-02   4.986000000    
 -0.4000000000E-02   5.118666667    
 -0.2000000000E-02   5.194000000    
 -0.2710505431E-19   5.280000000    
  0.2000000000E-02   5.318666667    
  0.4000000000E-02   5.284000000    
  0.6000000000E-02   5.224000000    
  0.8000000000E-02   5.158666667    
  0.1000000000E-01   5.132666667    
  0.1200000000E-01   5.188000000    
  0.1400000000E-01   5.172000000    
  0.1600000000E-01   5.146666667    
  0.1800000000E-01   5.110666667    
  0.2000000000E-01   5.080000000    
  0.2200000000E-01   5.119333333    
  0.2400000000E-01   5.146000000    
  0.2600000000E-01   5.146666667    
  0.2800000000E-01   5.132666667    
  0.3000000000E-01   5.144666667    
  0.3200000000E-01   5.145333333    
  0.3400000000E-01   5.216666667    
  0.3600000000E-01   5.278000000    
  0.3800000000E-01   5.273333333    
  0.4000000000E-01   5.165333333    
  0.4200000000E-01   5.030000000    
  0.4400000000E-01   4.938666667    
  0.4600000000E-01   4.842000000    
  0.4800000000E-01   4.764666667    
  0.5000000000E-01   4.738000000    
  0.5200000000E-01   4.739333333    
  0.5400000000E-01   4.640000000    
  0.5600000000E-01   4.662000000    
  0.5800000000E-01   4.620000000    
  0.6000000000E-01   4.615333333    
  0.6200000000E-01   4.587333333    
  0.6400000000E-01   4.582666667    
  0.6600000000E-01   4.605333333    
  0.6800000000E-01   4.589333333    
  0.7000000000E-01   4.618000000    
  0.7200000000E-01   4.588000000    
  0.7400000000E-01   4.545333333    
  0.7600000000E-01   4.583333333    
  0.7800000000E-01   4.656000000    
  0.8000000000E-01   4.675333333    
  0.8200000000E-01   4.660000000    
  0.8400000000E-01   4.670666667    
  0.8600000000E-01   4.663333333    
  0.8800000000E-01   4.741333333    
  0.9000000000E-01   4.807333333    
  0.9200000000E-01   4.864000000    
  0.9400000000E-01   4.858666667    
  0.9600000000E-01   4.894666667    
  0.9800000000E-01   5.045333333    
  0.1000000000       5.124666667    
  0.1020000000       5.247333333    
  0.1040000000       5.410666667    
  0.1060000000       5.552666667    
  0.1080000000       5.582000000    
  0.1100000000       5.531333333    
  0.1120000000       5.472666667    
  0.1140000000       5.457333333    
  0.1160000000       5.426666667    
  0.1180000000       5.459333333    
  0.1200000000       5.500666667    
  0.1220000000       5.550666667    
  0.1240000000       5.583333333    
  0.1260000000       5.651333333    
  0.1280000000       5.760000000    
  0.1300000000       5.836666667    
  0.1320000000       5.936666667    
  0.1340000000       5.996666667    
  0.1360000000       6.166000000    
  0.1380000000       6.257333333    
  0.1400000000       6.490000000    
  0.1420000000       6.647333333    
  0.1440000000       6.812666667    
  0.1460000000       6.918666667    
  0.1480000000       7.009333333    
  0.1500000000       7.090666667    
  0.1520000000       7.210666667    
  0.1540000000       7.324000000    
  0.1560000000       7.404666667    
  0.1580000000       7.559333333    
  0.1600000000       7.636666667    
  0.1620000000       7.852666667    
  0.1640000000       7.990000000    
  0.1660000000       8.174000000    
  0.1680000000       8.446000000    
  0.1700000000       8.640000000    
  0.1720000000       9.068666667    
  0.1740000000       9.291333333    
  0.1760000000       9.574000000    
  0.1780000000       9.570666667    
  0.1800000000       9.605333333    
  0.1820000000       9.539333333    
  0.1840000000       9.570000000    
  0.1860000000       9.598666667    
  0.1880000000       9.642666667    
  0.1900000000       9.742666667    
  0.1920000000       9.852666667    
  0.1940000000       10.03866667    
  0.1960000000       10.15333333    
  0.1980000000       10.29266667    
  0.2000000000       10.37333333    
  0.2020000000       10.47466667    
  0.2040000000       10.46466667    
  0.2060000000       10.43933333    
  0.2080000000       10.40600000    
  0.2100000000       10.43800000    
  0.2120000000       10.44933333    
  0.2140000000       10.38800000    
  0.2160000000       10.24400000    
  0.2180000000       10.09133333    
  0.2200000000       10.00333333    
  0.2220000000       10.06266667    
  0.2240000000       10.02800000    
  0.2260000000       9.999333333    
  0.2280000000       9.968666667    
  0.2300000000       9.986000000    
  0.2320000000       10.03866667    
  0.2340000000       10.07133333    
  0.2360000000       10.21400000    
  0.2380000000       10.47000000    
  0.2400000000       10.56133333    
  0.2420000000       10.56733333    
  0.2440000000       10.23266667    
  0.2460000000       9.962000000    
  0.2480000000       9.645333333    
  0.2500000000       9.421333333    
  0.2520000000       9.254000000    
  0.2540000000       9.107333333    
  0.2560000000       9.033333333    
  0.2580000000       8.968666667    
  0.2600000000       8.889333333    
  0.2620000000       8.898666667    
  0.2640000000       8.827333333    
  0.2660000000       8.870666667    
  0.2680000000       8.839333333    
  0.2700000000       8.706000000    
  0.2720000000       8.520666667    
  0.2740000000       8.320000000    
  0.2760000000       8.208666667    
  0.2780000000       8.031333333    
  0.2800000000       7.733333333    
  0.2820000000       7.416000000    
  0.2840000000       7.148000000    
  0.2860000000       6.928666667    
  0.2880000000       6.845333333    
  0.2900000000       6.686666667    
  0.2920000000       6.678000000    
  0.2940000000       6.580000000    
  0.2960000000       6.620666667    
  0.2980000000       6.594666667    
  0.3000000000       6.612000000    
  0.3020000000       6.647333333    
  0.3040000000       6.633333333    
  0.3060000000       6.736000000    
  0.3080000000       6.568000000    
  0.3100000000       6.427333333    
  0.3120000000       6.056000000    
  0.3140000000       5.894666667    
  0.3160000000       5.748000000    
  0.3180000000       5.622000000    
  0.3200000000       5.617333333    
  0.3220000000       5.520000000    
  0.3240000000       5.563333333    
  0.3260000000       5.501333333    
  0.3280000000       5.614000000    
  0.3300000000       5.734000000    
  0.3320000000       5.864000000    
  0.3340000000       6.016000000    
  0.3360000000       6.060666667    
  0.3380000000       6.236666667    
  0.3400000000       6.329333333    
  0.3420000000       6.538000000    
  0.3440000000       6.687333333    
  0.3460000000       6.948000000    
  0.3480000000       7.240000000    
  0.3500000000       7.519333333    
  0.3520000000       7.858000000    
  0.3540000000       7.970000000    
  0.3560000000       7.850000000    
  0.3580000000       7.554666667    
  0.3600000000       7.382666667    
  0.3620000000       7.290000000    
  0.3640000000       7.260000000    
  0.3660000000       7.272000000    
  0.3680000000       7.292000000    
  0.3700000000       7.273333333    
  0.3720000000       7.330000000    
  0.3740000000       7.396000000    
  0.3760000000       7.520000000    
  0.3780000000       7.632666667    
  0.3800000000       7.754000000    
  0.3820000000       7.940666667    
  0.3840000000       8.097333333    
  0.3860000000       8.379333333    
  0.3880000000       8.636666667    
  0.3900000000       8.930666667    
  0.3920000000       9.292666667    
  0.3940000000       9.718666667    
  0.3960000000       10.16000000    
  0.3980000000       10.68333333    
  0.4000000000       11.36666667    
  0.4020000000       12.28000000    
  0.4040000000       13.33933333    
  0.4060000000       14.30133333    
  0.4080000000       14.86466667    
  0.4100000000       15.01666667    
  0.4120000000       14.67333333    
  0.4140000000       14.31800000    
  0.4160000000       13.74266667    
  0.4180000000       13.09000000    
  0.4200000000       12.40933333    
  0.4220000000       11.73666667    
  0.4240000000       11.33333333    
  0.4260000000       10.91133333    
  0.4280000000       10.64600000    
  0.4300000000       10.33800000    
  0.4320000000       10.09600000    
  0.4340000000       9.876000000    
  0.4360000000       9.718666667    
  0.4380000000       9.567333333    
  0.4400000000       9.451333333    
  0.4420000000       9.215333333    
  0.4440000000       9.015333333    
  0.4460000000       8.755333333    
  0.4480000000       8.647333333    
  0.4500000000       8.531333333    
  0.4520000000       8.490000000    
  0.4540000000       8.524000000    
  0.4560000000       8.533333333    
  0.4580000000       8.622000000    
  0.4600000000       8.715333333    
  0.4620000000       8.879333333    
  0.4640000000       9.073333333    
  0.4660000000       9.398000000    
  0.4680000000       9.774000000    
  0.4700000000       10.26533333    
  0.4720000000       10.72666667    
  0.4740000000       11.25200000    
  0.4760000000       11.57066667    
  0.4780000000       11.71933333    
  0.4800000000       11.67866667    
  0.4820000000       11.58600000    
  0.4840000000       11.45333333    
  0.4860000000       11.35266667    
  0.4880000000       11.35933333    
  0.4900000000       11.37666667    
  0.4920000000       11.51466667    
  0.4940000000       11.58600000    
  0.4960000000       11.81933333    
  0.4980000000       12.07800000    
     
