   0.000000000      -55.30352466    
  0.1698158191      -55.29541315    
  0.3396316382      -55.27109914    
  0.5094474573      -55.23064438    
  0.6792632765      -55.17415232    
  0.8490790956      -55.10190357    
   1.018894915      -55.01380846    
   1.188710734      -54.91024751    
   1.358526553      -54.79150393    
   1.528342372      -54.65791121    
   1.698158191      -54.50985624    
   1.867974010      -54.34778310    
   2.037789829      -54.17219742    
   2.207605648      -53.98367163    
   2.377421468      -53.78285089    
   2.547237287      -53.57046016    
   2.717053106      -53.34731215    
   2.886868925      -53.11431649    
   3.056684744      -52.87249010    
   3.226500563      -52.62296887    
   3.396316382      -52.36702054    
   3.566132201      -52.10605878    
   3.735948020      -51.84165811    
   3.905763840      -51.57391051    
   4.075579659      -51.30797656    
   4.245395478      -51.04421418    
   4.415211297      -50.78577999    
   4.585027116      -50.53428992    
   4.754842935      -50.29291692    
   4.924658754      -50.06685381    
   5.094474573      -49.85473253    
   5.264290393      -49.66205710    
   5.434106212      -49.49205663    
   5.603922031      -49.34784616    
   5.773737850      -49.23228588    
   5.943553669      -49.14782597    
   6.113369488      -49.09635327    
   6.283185307      -49.07905975    
   6.454065420      -49.07835407    
   6.624945533      -49.07632660    
   6.795825646      -49.07324573    
   6.966705759      -49.06955765    
   7.137585872      -49.06588430    
   7.308465985      -49.06301966    
   7.479346098      -49.06035266    
   7.650226211      -49.06203869    
   7.821106324      -49.06786936    
   7.991986437      -49.07922620    
   8.162866550      -49.09758623    
   8.333746663      -49.12402772    
   8.504626776      -49.16100893    
   8.675506889      -49.21118524    
   8.846387002      -49.27270089    
   9.017267115      -49.34852538    
   9.188147228      -49.43971168    
   9.359027341      -49.54703664    
   9.529907454      -49.67095339    
   9.700787567      -49.81155875    
   9.871667680      -49.96857915    
   10.04254779      -50.14111458    
   10.21342791      -50.32868975    
   10.38430802      -50.52978895    
   10.55518813      -50.74289022    
   10.72606825      -50.96628389    
   10.89694836      -51.19813204    
   11.06782847      -51.43652483    
   11.23870858      -51.67906188    
   11.40958870      -51.92468054    
   11.58046881      -52.17114828    
   11.75134892      -52.41668518    
   11.92222904      -52.65960710    
   12.09310915      -52.89938757    
   12.26398926      -53.13237331    
   12.43486938      -53.35835619    
   12.60574949      -53.57609809    
   12.77662960      -53.78447074    
   12.94750971      -53.98245116    
   13.11838983      -54.16911633    
   13.28926994      -54.34363757    
   13.46015005      -54.50527483    
   13.63103017      -54.65337124    
   13.80191028      -54.78734799    
   13.97279039      -54.90669962    
   14.14367051      -55.01071837    
   14.31455062      -55.09956091    
   14.48543073      -55.17266191    
   14.65631084      -55.22977241    
   14.82719096      -55.27070097    
   14.99807107      -55.29531201    
   15.16895118      -55.30352466    
   15.33899487      -55.29539177    
   15.50903856      -55.27102141    
   15.67908225      -55.23049879    
   15.84912595      -55.17396720    
   16.01916964      -55.10162984    
   16.18921333      -55.01375254    
   16.35925702      -54.91066733    
   16.52930071      -54.79277693    
   16.69934440      -54.66103459    
   16.86938809      -54.51505160    
   17.03943178      -54.35595811    
   17.20947547      -54.18450749    
   17.37951916      -54.00156446    
   17.54956285      -53.80811768    
   17.71960654      -53.60529400    
   17.88965023      -53.39404731    
   18.05969392      -53.17646773    
   18.22973761      -52.95388642    
   18.39978130      -52.72815341    
   18.56982499      -52.50140536    
   18.73986868      -52.27582694    
   18.90991237      -52.05405121    
   19.07995606      -51.83889000    
   19.24999975      -51.63258852    
   19.42004344      -51.43991897    
   19.59008713      -51.26351219    
   19.76013082      -51.10677636    
   19.93017451      -50.97303005    
   20.10021821      -50.86534532    
   20.27026190      -50.78639218    
   20.44030559      -50.73961989    
   20.61034928      -50.72336738    
   20.78039297      -50.72039466    
   20.95043666      -50.71112067    
   21.12048035      -50.69627086    
   21.29052404      -50.67497202    
   21.46056773      -50.64840914    
   21.63061142      -50.61500985    
   21.80065511      -50.57705001    
   21.97069880      -50.53358095    
   22.14074249      -50.48476767    
   22.31078618      -50.43081387    
   22.48082987      -50.37196746    
   22.65087356      -50.30852608    
   22.82091725      -50.24084281    
   22.99096094      -50.16933158    
   23.16100463      -50.09431652    
   23.33104832      -50.01664839    
   23.50109201      -49.93680635    
   23.67113570      -49.85549005    
   23.84117939      -49.77345735    
   24.01122308      -49.69182195    
   24.18126677      -49.61100009    
   24.35131046      -49.53222537    
   24.52135416      -49.45649076    
   24.69139785      -49.38491837    
   24.86144154      -49.31894225    
   25.03148523      -49.25881339    
   25.20152892      -49.20665337    
   25.37157261      -49.16192874    
   25.54161630      -49.12621565    
   25.71165999      -49.10019326    
   25.88170368      -49.08436976    
   26.05174737      -49.07905975    
   26.21709435      -49.07839228    
   26.38244133      -49.07640746    
   26.54778831      -49.07315766    
   26.71313530      -49.06872878    
   26.87848228      -49.06323824    
   27.04382926      -49.05683215    
   27.20917624      -49.04854066    
   27.37452322      -49.04077774    
   27.53987020      -49.03267387    
   27.70521719      -49.02488340    
   27.87056417      -49.01673291    
   28.03591115      -49.00890608    
   28.20125813      -49.00161806    
   28.36660511      -48.99507045    
   28.53195210      -48.98944540    
   28.69729908      -48.98418942    
   28.86264606      -48.98084295    
   29.02799304      -48.97868115    
   29.19334002      -48.97799156    
   29.35789124      -48.98502309    
   29.52244246      -49.00617997    
   29.68699368      -49.04054619    
   29.85154490      -49.08752387    
   30.01609612      -49.14619483    
   30.18064734      -49.21536464    
   30.34519856      -49.29367975    
   30.50974978      -49.38012130    
   30.67430100      -49.47225566    
   30.83885222      -49.56881887    
   31.00340344      -49.66859544    
   31.16795466      -49.76992685    
   31.33250588      -49.87163239    
   31.49705710      -49.97182367    
   31.66160832      -50.06950606    
   31.82615954      -50.16351108    
   31.99071076      -50.25277256    
   32.15526198      -50.33632785    
   32.31981320      -50.41331722    
   32.48436442      -50.48298200    
   32.64891564      -50.54466208    
   32.81346686      -50.59779301    
   32.97801808      -50.64190303    
   33.14256930      -50.67781849    
   33.30712052      -50.70281209    
   33.47167174      -50.71833175    
   33.63622296      -50.72336738    
     
   0.000000000      -23.87839330    
  0.1698158191      -23.89024522    
  0.3396316382      -23.93368469    
  0.5094474573      -24.01341823    
  0.6792632765      -24.12598666    
  0.8490790956      -24.27314471    
   1.018894915      -24.44641630    
   1.188710734      -24.64774401    
   1.358526553      -24.87550692    
   1.528342372      -25.12797108    
   1.698158191      -25.40331150    
   1.867974010      -25.69963638    
   2.037789829      -26.01500871    
   2.207605648      -26.34746325    
   2.377421468      -26.69501817    
   2.547237287      -27.05568112    
   2.717053106      -27.42745005    
   2.886868925      -27.80830900    
   3.056684744      -28.19621952    
   3.226500563      -28.58910811    
   3.396316382      -28.98485055    
   3.566132201      -29.38125355    
   3.735948020      -29.77603469    
   3.905763840      -30.16252844    
   4.075579659      -30.54712595    
   4.245395478      -30.92127634    
   4.415211297      -31.28571903    
   4.585027116      -31.63421359    
   4.754842935      -31.96449743    
   4.924658754      -32.27446577    
   5.094474573      -32.55836975    
   5.264290393      -32.81380748    
   5.434106212      -33.03731492    
   5.603922031      -33.22557762    
   5.773737850      -33.37557164    
   5.943553669      -33.48471885    
   6.113369488      -33.55104072    
   6.283185307      -33.57329010    
   6.454065420      -33.56523006    
   6.624945533      -33.54106731    
   6.795825646      -33.50085408    
   6.966705759      -33.44467772    
   7.137585872      -33.37266116    
   7.308465985      -33.28496350    
   7.479346098      -33.18059203    
   7.650226211      -33.06224018    
   7.821106324      -32.92890521    
   7.991986437      -32.78090100    
   8.162866550      -32.61858334    
   8.333746663      -32.44185425    
   8.504626776      -32.25218863    
   8.675506889      -32.05114980    
   8.846387002      -31.83616823    
   9.017267115      -31.60937854    
   9.188147228      -31.37237300    
   9.359027341      -31.47734805    
   9.529907454      -31.58190464    
   9.700787567      -31.64873721    
   9.871667680      -31.67692555    
   10.04254779      -31.66530643    
   10.21342791      -31.61589013    
   10.38430802      -31.52854786    
   10.55518813      -31.40447279    
   10.72606825      -31.24522680    
   10.89694836      -31.05267537    
   11.06782847      -30.82892824    
   11.23870858      -30.57651300    
   11.40958870      -30.29765900    
   11.58046881      -29.99494323    
   11.75134892      -29.67105120    
   11.92222904      -29.32876256    
   12.09310915      -28.97714429    
   12.26398926      -28.60718092    
   12.43486938      -28.22776230    
   12.60574949      -27.84209111    
   12.77662960      -27.45350675    
   12.94750971      -27.06550034    
   13.11838983      -26.68172716    
   13.28926994      -26.30601351    
   13.46015005      -25.94235486    
   13.63103017      -25.59490127    
   13.80191028      -25.26792566    
   13.97279039      -24.96577092    
   14.14367051      -24.68894288    
   14.31455062      -24.44922519    
   14.48543073      -24.24687964    
   14.65631084      -24.08554751    
   14.82719096      -23.96850729    
   14.99807107      -23.89917885    
   15.16895118      -23.87839330    
   15.33899487      -23.89031763    
   15.50903856      -23.96538156    
   15.67908225      -24.09449968    
   15.84912595      -24.27314402    
   16.01916964      -24.49878418    
   16.18921333      -24.76851377    
   16.35925702      -25.07903410    
   16.52930071      -25.42673376    
   16.69934440      -25.80905477    
   16.86938809      -26.21936772    
   17.03943178      -26.65496749    
   17.20947547      -27.11174973    
   17.37951916      -27.58561018    
   17.54956285      -28.07246545    
   17.71960654      -28.56826173    
   17.88965023      -29.06764029    
   18.05969392      -29.56942848    
   18.22973761      -30.06809773    
   18.39978130      -30.55962910    
   18.56982499      -31.04194204    
   18.73986868      -31.50716742    
   18.90991237      -31.95290645    
   19.07995606      -32.37489059    
   19.24999975      -32.76736313    
   19.42004344      -33.12890949    
   19.59008713      -33.45361884    
   19.76013082      -33.73723629    
   19.93017451      -33.97573513    
   20.10021821      -34.16546969    
   20.27026190      -34.30340329    
   20.44030559      -34.38911506    
   20.61034928      -34.41722235    
   20.78039297      -34.40745370    
   20.95043666      -34.37798509    
   21.12048035      -34.32961008    
   21.29052404      -34.26112165    
   21.46056773      -34.17594536    
   21.63061142      -34.07252218    
   21.80065511      -33.95410699    
   21.97069880      -33.82105911    
   22.14074249      -33.67517003    
   22.31078618      -33.51867799    
   22.48082987      -33.35438678    
   22.65087356      -33.18582521    
   22.82091725      -33.01745088    
   22.99096094      -32.85488392    
   23.16100463      -32.70444074    
   23.33104832      -32.57589160    
   23.50109201      -32.47770388    
   23.67113570      -32.41860166    
   23.84117939      -32.40528325    
   24.01122308      -32.43813991    
   24.18126677      -32.51137507    
   24.35131046      -32.61663763    
   24.52135416      -32.74276698    
   24.69139785      -32.87973714    
   24.86144154      -33.01843223    
   25.03148523      -33.15089584    
   25.20152892      -33.27193321    
   25.37157261      -33.37620931    
   25.54161630      -33.46062874    
   25.71165999      -33.52265467    
   25.88170368      -33.56054752    
   26.05174737      -33.57329010    
   26.21709435      -33.56574367    
   26.38244133      -33.54312283    
   26.54778831      -33.50548316    
   26.71313530      -33.45291787    
   26.87848228      -33.38555866    
   27.04382926      -33.30357694    
   27.20917624      -33.20634879    
   27.37452322      -33.09587100    
   27.53987020      -32.97153691    
   27.70521719      -32.83388970    
   27.87056417      -32.68295541    
   28.03591115      -32.51938062    
   28.20125813      -32.34368614    
   28.36660511      -32.15645909    
   28.53195210      -31.95835891    
   28.69729908      -31.74909925    
   28.86264606      -31.53160926    
   29.02799304      -31.30389258    
   29.19334002      -31.07393210    
   29.35789124      -31.09894980    
   29.52244246      -31.17299979    
   29.68699368      -31.28917444    
   29.85154490      -31.43568433    
   30.01609612      -31.60437571    
   30.18064734      -31.78762712    
   30.34519856      -31.97949464    
   30.50974978      -32.17651603    
   30.67430100      -32.37297956    
   30.83885222      -32.56722120    
   31.00340344      -32.75743849    
   31.16795466      -32.94175175    
   31.33250588      -33.11897508    
   31.49705710      -33.28755497    
   31.66160832      -33.44671269    
   31.82615954      -33.59562479    
   31.99071076      -33.73358858    
   32.15526198      -33.86000236    
   32.31981320      -33.97435073    
   32.48436442      -34.07619353    
   32.64891564      -34.16515734    
   32.81346686      -34.24092901    
   32.97801808      -34.30325062    
   33.14256930      -34.35379720    
   33.30712052      -34.38867620    
   33.47167174      -34.41021805    
   33.63622296      -34.41722235    
     
   0.000000000      -23.85791468    
  0.1698158191      -23.87091709    
  0.3396316382      -23.90177348    
  0.5094474573      -23.94498480    
  0.6792632765      -24.00271836    
  0.8490790956      -24.07529410    
   1.018894915      -24.16161814    
   1.188710734      -24.26085832    
   1.358526553      -24.37185479    
   1.528342372      -24.49334375    
   1.698158191      -24.62399605    
   1.867974010      -24.76244748    
   2.037789829      -24.90732378    
   2.207605648      -25.05726138    
   2.377421468      -25.21092430    
   2.547237287      -25.36701737    
   2.717053106      -25.52429638    
   2.886868925      -25.68157537    
   3.056684744      -25.83773155    
   3.226500563      -25.99170832    
   3.396316382      -26.14251671    
   3.566132201      -26.28923560    
   3.735948020      -26.43101107    
   3.905763840      -26.56530404    
   4.075579659      -26.69493586    
   4.245395478      -26.81631537    
   4.415211297      -26.93124090    
   4.585027116      -27.03782004    
   4.754842935      -27.13563604    
   4.924658754      -27.22971761    
   5.094474573      -27.30897330    
   5.264290393      -27.37832036    
   5.434106212      -27.43747329    
   5.603922031      -27.48619294    
   5.773737850      -27.52428529    
   5.943553669      -27.55160050    
   6.113369488      -27.56803206    
   6.283185307      -27.57351631    
   6.454065420      -27.60003326    
   6.624945533      -27.67860547    
   6.795825646      -27.80638721    
   6.966705759      -27.97891571    
   7.137585872      -28.19046757    
   7.308465985      -28.43445499    
   7.479346098      -28.70024969    
   7.650226211      -28.98806372    
   7.821106324      -29.28680197    
   7.991986437      -29.58954886    
   8.162866550      -29.88975481    
   8.333746663      -30.18080860    
   8.504626776      -30.45808499    
   8.675506889      -30.72089059    
   8.846387002      -30.95508070    
   9.017267115      -31.16132016    
   9.188147228      -31.33526400    
   9.359027341      -31.12263507    
   9.529907454      -30.86444001    
   9.700787567      -30.59728506    
   9.871667680      -30.32207412    
   10.04254779      -30.03627038    
   10.21342791      -29.74798924    
   10.38430802      -29.45463578    
   10.55518813      -29.15732054    
   10.72606825      -28.85720853    
   10.89694836      -28.55551508    
   11.06782847      -28.25350004    
   11.23870858      -27.95248468    
   11.40958870      -27.65374380    
   11.58046881      -27.35864584    
   11.75134892      -27.06853616    
   11.92222904      -26.78474941    
   12.09310915      -26.50935889    
   12.26398926      -26.24222778    
   12.43486938      -25.98521642    
   12.60574949      -25.73946065    
   12.77662960      -25.50600721    
   12.94750971      -25.28580164    
   13.11838983      -25.07967918    
   13.28926994      -24.88835925    
   13.46015005      -24.71244404    
   13.63103017      -24.55242100    
   13.80191028      -24.40866919    
   13.97279039      -24.28146866    
   14.14367051      -24.17078328    
   14.31455062      -24.07718310    
   14.48543073      -24.00049334    
   14.65631084      -23.94066963    
   14.82719096      -23.89744054    
   14.99807107      -23.86965971    
   15.16895118      -23.85791468    
   15.33899487      -23.87577751    
   15.50903856      -23.88965633    
   15.67908225      -23.90739790    
   15.84912595      -23.93152195    
   16.01916964      -23.96185891    
   16.18921333      -23.99802066    
   16.35925702      -24.03952432    
   16.52930071      -24.08582170    
   16.69934440      -24.14452383    
   16.86938809      -24.19886272    
   17.03943178      -24.25611706    
   17.20947547      -24.31562400    
   17.37951916      -24.37672088    
   17.54956285      -24.43875437    
   17.71960654      -24.50108811    
   17.88965023      -24.56273353    
   18.05969392      -24.62384866    
   18.22973761      -24.68351500    
   18.39978130      -24.74121565    
   18.56982499      -24.79665683    
   18.73986868      -24.84903990    
   18.90991237      -24.89813654    
   19.07995606      -24.94358285    
   19.24999975      -24.98222480    
   19.42004344      -25.01957432    
   19.59008713      -25.05239251    
   19.76013082      -25.08046523    
   19.93017451      -25.10361303    
   20.10021821      -25.12169026    
   20.27026190      -25.13605965    
   20.44030559      -25.15641444    
   20.61034928      -25.15907214    
   20.78039297      -25.17085076    
   20.95043666      -25.21929458    
   21.12048035      -25.31732885    
   21.29052404      -25.45041878    
   21.46056773      -25.62061826    
   21.63061142      -25.82047367    
   21.80065511      -26.04746374    
   21.97069880      -26.29638954    
   22.14074249      -26.56247416    
   22.31078618      -26.84060119    
   22.48082987      -27.12527142    
   22.65087356      -27.41049922    
   22.82091725      -27.68964739    
   22.99096094      -27.95521895    
   23.16100463      -28.19748145    
   23.33104832      -28.40933469    
   23.50109201      -28.57935721    
   23.67113570      -28.69826903    
   23.84117939      -28.75925776    
   24.01122308      -28.76334180    
   24.18126677      -28.71423372    
   24.35131046      -28.62228967    
   24.52135416      -28.49930950    
   24.69139785      -28.35783150    
   24.86144154      -28.20852026    
   25.03148523      -28.06050265    
   25.20152892      -27.92298813    
   25.37157261      -27.80048042    
   25.54161630      -27.69943246    
   25.71165999      -27.62413076    
   25.88170368      -27.57768646    
   26.05174737      -27.57351631    
   26.21709435      -27.58557866    
   26.38244133      -27.62904170    
   26.54778831      -27.70307357    
   26.71313530      -27.80516612    
   26.87848228      -27.93324273    
   27.04382926      -28.08502087    
   27.20917624      -28.25736111    
   27.37452322      -28.44896748    
   27.53987020      -28.65643020    
   27.70521719      -28.87719018    
   27.87056417      -29.10839803    
   28.03591115      -29.34768999    
   28.20125813      -29.59271872    
   28.36660511      -29.84129582    
   28.53195210      -30.09139872    
   28.69729908      -30.33912560    
   28.86264606      -30.58703996    
   29.02799304      -30.83135219    
   29.19334002      -31.06754680    
   29.35789124      -31.04919901    
   29.52244246      -30.99532741    
   29.68699368      -30.90582362    
   29.85154490      -30.78079132    
   30.01609612      -30.62264211    
   30.18064734      -30.43326081    
   30.34519856      -30.21486216    
   30.50974978      -29.97002060    
   30.67430100      -29.70136911    
   30.83885222      -29.41142620    
   31.00340344      -29.10458188    
   31.16795466      -28.78361328    
   31.33250588      -28.45315482    
   31.49705710      -28.11511497    
   31.66160832      -27.77441576    
   31.82615954      -27.43528391    
   31.99071076      -27.10215143    
   32.15526198      -26.77964337    
   32.31981320      -26.47254856    
   32.48436442      -26.18576669    
   32.64891564      -25.92422499    
   32.81346686      -25.69276002    
   32.97801808      -25.49596352    
   33.14256930      -25.33852724    
   33.30712052      -25.22290268    
   33.47167174      -25.16489392    
   33.63622296      -25.15907214    
     
   0.000000000      -23.85791468    
  0.1698158191      -23.86630841    
  0.3396316382      -23.89137343    
  0.5094474573      -23.93276529    
  0.6792632765      -23.98992307    
  0.8490790956      -24.06208808    
   1.018894915      -24.14832789    
   1.188710734      -24.24756411    
   1.358526553      -24.35860204    
   1.528342372      -24.48016053    
   1.698158191      -24.61090065    
   1.867974010      -24.74945206    
   2.037789829      -24.89443636    
   2.207605648      -25.04448698    
   2.377421468      -25.19826571    
   2.547237287      -25.35447568    
   2.717053106      -25.51187132    
   2.886868925      -25.66926562    
   3.056684744      -25.82553500    
   3.226500563      -25.97962224    
   3.396316382      -26.13053790    
   3.566132201      -26.27736057    
   3.735948020      -26.41923611    
   3.905763840      -26.55527458    
   4.075579659      -26.68497581    
   4.245395478      -26.80720320    
   4.415211297      -26.92209923    
   4.585027116      -27.02871649    
   4.754842935      -27.12657232    
   4.924658754      -27.21820625    
   5.094474573      -27.29745841    
   5.264290393      -27.36680277    
   5.434106212      -27.42595367    
   5.603922031      -27.47467183    
   5.773737850      -27.51276313    
   5.943553669      -27.54007763    
   6.113369488      -27.55650879    
   6.283185307      -27.56199291    
   6.454065420      -27.55723900    
   6.624945533      -27.54300040    
   6.795825646      -27.51934656    
   6.966705759      -27.48639326    
   7.137585872      -27.44430269    
   7.308465985      -27.39328354    
   7.479346098      -27.33266696    
   7.650226211      -27.26466626    
   7.821106324      -27.18863690    
   7.991986437      -27.10497348    
   8.162866550      -27.01411621    
   8.333746663      -26.91498307    
   8.504626776      -26.81136761    
   8.675506889      -26.70345818    
   8.846387002      -26.58938485    
   9.017267115      -26.47097238    
   9.188147228      -26.34890378    
   9.359027341      -26.22389192    
   9.529907454      -26.09667442    
   9.700787567      -25.96800762    
   9.871667680      -25.83865957    
   10.04254779      -25.70938772    
   10.21342791      -25.58099135    
   10.38430802      -25.45420414    
   10.55518813      -25.32975401    
   10.72606825      -25.20833404    
   10.89694836      -25.09059216    
   11.06782847      -24.97712120    
   11.23870858      -24.86873690    
   11.40958870      -24.76552890    
   11.58046881      -24.66796818    
   11.75134892      -24.57635287    
   11.92222904      -24.49089532    
   12.09310915      -24.41172175    
   12.26398926      -24.33887429    
   12.43486938      -24.27231521    
   12.60574949      -24.21193313    
   12.77662960      -24.15755108    
   12.94750971      -24.10893591    
   13.11838983      -24.06580871    
   13.28926994      -24.02785588    
   13.46015005      -23.99474048    
   13.63103017      -23.96611335    
   13.80191028      -23.94162394    
   13.97279039      -23.92093036    
   14.14367051      -23.90114872    
   14.31455062      -23.88735178    
   14.48543073      -23.87644294    
   14.65631084      -23.86819904    
   14.82719096      -23.86244141    
   14.99807107      -23.85903971    
   15.16895118      -23.85791468    
   15.33899487      -23.86146072    
   15.50903856      -23.87204691    
   15.67908225      -23.88951899    
   15.84912595      -23.91362474    
   16.01916964      -23.94402099    
   16.18921333      -23.98028286    
   16.35925702      -24.02191470    
   16.52930071      -24.06836215    
   16.69934440      -24.12179398    
   16.86938809      -24.17622767    
   17.03943178      -24.23359309    
   17.20947547      -24.29322502    
   17.37951916      -24.35445867    
   17.54956285      -24.41663881    
   17.71960654      -24.47912742    
   17.88965023      -24.54131008    
   18.05969392      -24.60260105    
   18.22973761      -24.66244716    
   18.39978130      -24.72033060    
   18.56982499      -24.77582731    
   18.73986868      -24.82839740    
   18.90991237      -24.87768184    
   19.07995606      -24.92331644    
   19.24999975      -24.96448787    
   19.42004344      -25.00194497    
   19.59008713      -25.03487810    
   19.76013082      -25.06307300    
   19.93017451      -25.08635015    
   20.10021821      -25.10456393    
   20.27026190      -25.11802657    
   20.44030559      -25.12804140    
   20.61034928      -25.13069662    
   20.78039297      -25.14630301    
   20.95043666      -25.17449219    
   21.12048035      -25.21082511    
   21.29052404      -25.25596383    
   21.46056773      -25.31621505    
   21.63061142      -25.38058895    
   21.80065511      -25.46261892    
   21.97069880      -25.55383049    
   22.14074249      -25.65298383    
   22.31078618      -25.75878721    
   22.48082987      -25.86992457    
   22.65087356      -25.98507941    
   22.82091725      -26.10295497    
   22.99096094      -26.22229067    
   23.16100463      -26.34176807    
   23.33104832      -26.46044604    
   23.50109201      -26.57713329    
   23.67113570      -26.69081325    
   23.84117939      -26.79998626    
   24.01122308      -26.90510004    
   24.18126677      -27.00452316    
   24.35131046      -27.09759786    
   24.52135416      -27.18363596    
   24.69139785      -27.26213546    
   24.86144154      -27.33462639    
   25.03148523      -27.39661637    
   25.20152892      -27.45063170    
   25.37157261      -27.49452873    
   25.54161630      -27.52893687    
   25.71165999      -27.55365605    
   25.88170368      -27.56854417    
   26.05174737      -27.56199291    
   26.21709435      -27.57035674    
   26.38244133      -27.58770315    
   26.54778831      -27.61348297    
   26.71313530      -27.64798681    
   26.87848228      -27.69035255    
   27.04382926      -27.73934485    
   27.20917624      -27.79081798    
   27.37452322      -27.84885177    
   27.53987020      -27.90883634    
   27.70521719      -27.97109058    
   27.87056417      -28.03021695    
   28.03591115      -28.08645933    
   28.20125813      -28.13836914    
   28.36660511      -28.18463674    
   28.53195210      -28.22411626    
   28.69729908      -28.25529296    
   28.86264606      -28.27850745    
   29.02799304      -28.29218343    
   29.19334002      -28.29693955    
   29.35789124      -28.27212973    
   29.52244246      -28.19888680    
   29.68699368      -28.08451217    
   29.85154490      -27.93885945    
   30.01609612      -27.77142267    
   30.18064734      -27.58998310    
   30.34519856      -27.40065471    
   30.50974978      -27.21129588    
   30.67430100      -27.01944904    
   30.83885222      -26.82999578    
   31.00340344      -26.64685742    
   31.16795466      -26.47088425    
   31.33250588      -26.30398494    
   31.49705710      -26.14621416    
   31.66160832      -25.99886382    
   31.82615954      -25.86254509    
   31.99071076      -25.73769558    
   32.15526198      -25.62460861    
   32.31981320      -25.52345973    
   32.48436442      -25.43433151    
   32.64891564      -25.35723655    
   32.81346686      -25.29213875    
   32.97801808      -25.23897264    
   33.14256930      -25.20712281    
   33.30712052      -25.17771173    
   33.47167174      -25.15436306    
   33.63622296      -25.13069662    
     
   0.000000000      -3.379722090    
  0.1698158191      -3.388112700    
  0.3396316382      -3.419502236    
  0.5094474573      -3.471513704    
  0.6792632765      -3.543447017    
  0.8490790956      -3.634462454    
   1.018894915      -3.743405840    
   1.188710734      -3.869054279    
   1.358526553      -4.009995922    
   1.528342372      -4.164697940    
   1.698158191      -4.331537332    
   1.867974010      -4.508830677    
   2.037789829      -4.694861870    
   2.207605648      -4.887907192    
   2.377421468      -5.086257308    
   2.547237287      -5.288236000    
   2.717053106      -5.492215637    
   2.886868925      -5.696629527    
   3.056684744      -5.899981395    
   3.226500563      -6.100852291    
   3.396316382      -6.297905272    
   3.566132201      -6.489888201    
   3.735948020      -6.675634996    
   3.905763840      -6.851941082    
   4.075579659      -7.022263332    
   4.245395478      -7.179392375    
   4.415211297      -7.330918569    
   4.585027116      -7.471555996    
   4.754842935      -7.600651232    
   4.924658754      -7.723490352    
   5.094474573      -7.828342321    
   5.264290393      -7.920112985    
   5.434106212      -7.998412348    
   5.603922031      -8.062914026    
   5.773737850      -8.113353469    
   5.943553669      -8.149526482    
   6.113369488      -8.171288056    
   6.283185307      -8.178551525    
   6.454065420      -8.153977880    
   6.624945533      -8.082770808    
   6.795825646      -7.972313523    
   6.966705759      -7.834030416    
   7.137585872      -7.681075656    
   7.308465985      -7.524520421    
   7.479346098      -7.369245915    
   7.650226211      -7.218371380    
   7.821106324      -7.068631989    
   7.991986437      -6.917522217    
   8.162866550      -6.762980717    
   8.333746663      -6.600822037    
   8.504626776      -6.436145842    
   8.675506889      -6.272079209    
   8.846387002      -6.096367533    
   9.017267115      -5.915125192    
   9.188147228      -5.728847251    
   9.359027341      -5.538178002    
   9.529907454      -5.343880231    
   9.700787567      -5.146813021    
   9.871667680      -4.947915179    
   10.04254779      -4.743659060    
   10.21342791      -4.544411510    
   10.38430802      -4.346509032    
   10.55518813      -4.151104370    
   10.72606825      -3.959389604    
   10.89694836      -3.772594717    
   11.06782847      -3.591989256    
   11.23870858      -3.419145301    
   11.40958870      -3.254931631    
   11.58046881      -3.101068999    
   11.75134892      -3.168591079    
   11.92222904      -3.277810621    
   12.09310915      -3.381148383    
   12.26398926      -3.458578795    
   12.43486938      -3.519841396    
   12.60574949      -3.565562282    
   12.77662960      -3.596605519    
   12.94750971      -3.614072530    
   13.11838983      -3.619294130    
   13.28926994      -3.613813909    
   13.46015005      -3.599362031    
   13.63103017      -3.577819072    
   13.80191028      -3.551170077    
   13.97279039      -3.521449750    
   14.14367051      -3.490380092    
   14.31455062      -3.460514441    
   14.48543073      -3.433338321    
   14.65631084      -3.410432756    
   14.82719096      -3.393108287    
   14.99807107      -3.382406412    
   15.16895118      -3.379722090    
   15.33899487      -3.378218218    
   15.50903856      -3.382235868    
   15.67908225      -3.389444877    
   15.84912595      -3.400172442    
   16.01916964      -3.414923926    
   16.18921333      -3.434232240    
   16.35925702      -3.458584611    
   16.52930071      -3.488361751    
   16.69934440      -3.524358222    
   16.86938809      -3.565658662    
   17.03943178      -3.612534040    
   17.20947547      -3.664649063    
   17.37951916      -3.721496563    
   17.54956285      -3.782422844    
   17.71960654      -3.846657855    
   17.88965023      -3.901136091    
   18.05969392      -3.970255732    
   18.22973761      -4.039916511    
   18.39978130      -4.109188300    
   18.56982499      -4.186217776    
   18.73986868      -4.252655395    
   18.90991237      -4.316147790    
   19.07995606      -4.375932255    
   19.24999975      -4.428195043    
   19.42004344      -4.478674763    
   19.59008713      -4.523568250    
   19.76013082      -4.562392459    
   19.93017451      -4.594738913    
   20.10021821      -4.620273623    
   20.27026190      -4.639073954    
   20.44030559      -4.651263330    
   20.61034928      -4.654955309    
   20.78039297      -4.639931592    
   20.95043666      -4.596186721    
   21.12048035      -4.529954215    
   21.29052404      -4.451767522    
   21.46056773      -4.380867536    
   21.63061142      -4.342624502    
   21.80065511      -4.360243535    
   21.97069880      -4.433004255    
   22.14074249      -4.547483941    
   22.31078618      -4.690587206    
   22.48082987      -4.853292767    
   22.65087356      -5.029598734    
   22.82091725      -5.215258535    
   22.99096094      -5.407040834    
   23.16100463      -5.599135850    
   23.33104832      -5.795982370    
   23.50109201      -5.992426421    
   23.67113570      -6.187023292    
   23.84117939      -6.379149905    
   24.01122308      -6.569447048    
   24.18126677      -6.753333734    
   24.35131046      -6.932934255    
   24.52135416      -7.107270008    
   24.69139785      -7.278891902    
   24.86144154      -7.447384740    
   25.03148523      -7.608926457    
   25.20152892      -7.762993186    
   25.37157261      -7.900398201    
   25.54161630      -8.016413074    
   25.71165999      -8.104617655    
   25.88170368      -8.159781208    
   26.05174737      -8.178551525    
   26.21709435      -8.155320612    
   26.38244133      -8.085970973    
   26.54778831      -7.971513203    
   26.71313530      -7.813571965    
   26.87848228      -7.614305148    
   27.04382926      -7.376305878    
   27.20917624      -7.098661180    
   27.37452322      -6.792494979    
   27.53987020      -6.456957337    
   27.70521719      -6.095535155    
   27.87056417      -5.711344222    
   28.03591115      -5.307835227    
   28.20125813      -4.888274000    
   28.36660511      -4.516851589    
   28.53195210      -4.306155917    
   28.69729908      -4.124497439    
   28.86264606      -3.985008587    
   29.02799304      -3.893544134    
   29.19334002      -3.863202084    
   29.35789124      -3.874901871    
   29.52244246      -3.910142252    
   29.68699368      -3.959006289    
   29.85154490      -4.012844624    
   30.01609612      -4.066111198    
   30.18064734      -4.113640688    
   30.34519856      -4.151875862    
   30.50974978      -4.179368967    
   30.67430100      -4.192902969    
   30.83885222      -4.190649475    
   31.00340344      -4.177423975    
   31.16795466      -4.151211540    
   31.33250588      -4.118658831    
   31.49705710      -4.070206451    
   31.66160832      -4.012612796    
   31.82615954      -3.947732638    
   31.99071076      -3.877633146    
   32.15526198      -3.869002027    
   32.31981320      -3.984033531    
   32.48436442      -4.099585033    
   32.64891564      -4.214786764    
   32.81346686      -4.327054387    
   32.97801808      -4.431775354    
   33.14256930      -4.523240173    
   33.30712052      -4.594156529    
   33.47167174      -4.639505582    
   33.63622296      -4.654955309    
     
   0.000000000      -3.376331627    
  0.1698158191      -3.365801209    
  0.3396316382      -3.327996995    
  0.5094474573      -3.265309885    
  0.6792632765      -3.178462153    
  0.8490790956      -3.068558382    
   1.018894915      -2.936323367    
   1.188710734      -2.783249582    
   1.358526553      -2.610795955    
   1.528342372      -2.420550116    
   1.698158191      -2.214200497    
   1.867974010      -1.993510864    
   2.037789829      -1.760300112    
   2.207605648      -1.677963005    
   2.377421468      -1.945246095    
   2.547237287      -2.225141754    
   2.717053106      -2.515402471    
   2.886868925      -2.813634024    
   3.056684744      -3.117329465    
   3.226500563      -3.423912678    
   3.396316382      -3.730780493    
   3.566132201      -4.035341742    
   3.735948020      -4.335052357    
   3.905763840      -4.616879413    
   4.075579659      -4.900110798    
   4.245395478      -5.171348548    
   4.415211297      -5.439757722    
   4.585027116      -5.681696524    
   4.754842935      -5.905879029    
   4.924658754      -6.110816147    
   5.094474573      -6.294793304    
   5.264290393      -6.456749899    
   5.434106212      -6.595603338    
   5.603922031      -6.710442445    
   5.773737850      -6.800525632    
   5.943553669      -6.865278854    
   6.113369488      -6.904293684    
   6.283185307      -6.917325741    
   6.454065420      -6.899546264    
   6.624945533      -6.844737296    
   6.795825646      -6.748554826    
   6.966705759      -6.604357789    
   7.137585872      -6.405160218    
   7.308465985      -6.147043973    
   7.479346098      -5.829207865    
   7.650226211      -5.463781365    
   7.821106324      -5.058592707    
   7.991986437      -4.624062281    
   8.162866550      -4.169898168    
   8.333746663      -3.704612597    
   8.504626776      -3.236308820    
   8.675506889      -2.774736096    
   8.846387002      -2.320210800    
   9.017267115      -1.880703747    
   9.188147228      -1.460876583    
   9.359027341      -1.064753575    
   9.529907454     -0.6957387777    
   9.700787567     -0.7369234482    
   9.871667680     -0.9980989657    
   10.04254779      -1.246942538    
   10.21342791      -1.494100271    
   10.38430802      -1.731982969    
   10.55518813      -1.959274870    
   10.72606825      -2.174759888    
   10.89694836      -2.377328390    
   11.06782847      -2.565985357    
   11.23870858      -2.741542210    
   11.40958870      -2.900103174    
   11.58046881      -3.042530977    
   11.75134892      -2.958894574    
   11.92222904      -2.830273277    
   12.09310915      -2.718399604    
   12.26398926      -2.622772281    
   12.43486938      -2.546404978    
   12.60574949      -2.491378094    
   12.77662960      -2.459638212    
   12.94750971      -2.452708779    
   13.11838983      -2.566012583    
   13.28926994      -2.690990129    
   13.46015005      -2.806573781    
   13.63103017      -2.912363709    
   13.80191028      -3.007997014    
   13.97279039      -3.093148180    
   14.14367051      -3.167522824    
   14.31455062      -3.230884036    
   14.48543073      -3.283013929    
   14.65631084      -3.323739233    
   14.82719096      -3.352925101    
   14.99807107      -3.370475176    
   15.16895118      -3.376331627    
   15.33899487      -3.371100943    
   15.50903856      -3.347219912    
   15.67908225      -3.308032639    
   15.84912595      -3.254880828    
   16.01916964      -3.189557584    
   16.18921333      -3.114430951    
   16.35925702      -3.032487968    
   16.52930071      -2.947351258    
   16.69934440      -2.865844983    
   16.86938809      -2.788215830    
   17.03943178      -2.721155630    
   17.20947547      -2.668914251    
   17.37951916      -2.634634448    
   17.54956285      -2.619854172    
   17.71960654      -2.624360626    
   17.88965023      -2.646318440    
   18.05969392      -2.683309104    
   18.22973761      -2.732054115    
   18.39978130      -2.789378304    
   18.56982499      -2.852478949    
   18.73986868      -2.918349130    
   18.90991237      -2.984868606    
   19.07995606      -3.050057416    
   19.24999975      -3.111269028    
   19.42004344      -3.169013227    
   19.59008713      -3.221144358    
   19.76013082      -3.266672611    
   19.93017451      -3.304790337    
   20.10021821      -3.334855315    
   20.27026190      -3.358965573    
   20.44030559      -3.379507359    
   20.61034928      -3.384043862    
   20.78039297      -3.387084722    
   20.95043666      -3.403440917    
   21.12048035      -3.431068792    
   21.29052404      -3.456534830    
   21.46056773      -3.465769674    
   21.63061142      -3.430975296    
   21.80065511      -3.343242728    
   21.97069880      -3.204149423    
   22.14074249      -3.035002907    
   22.31078618      -2.859829908    
   22.48082987      -2.703017753    
   22.65087356      -2.591254959    
   22.82091725      -2.552530627    
   22.99096094      -2.608256002    
   23.16100463      -2.757167143    
   23.33104832      -2.996900860    
   23.50109201      -3.298372943    
   23.67113570      -3.640046002    
   23.84117939      -4.009058599    
   24.01122308      -4.386168016    
   24.18126677      -4.757969253    
   24.35131046      -5.118511891    
   24.52135416      -5.459223901    
   24.69139785      -5.772553995    
   24.86144154      -6.051964733    
   25.03148523      -6.292567284    
   25.20152892      -6.492494295    
   25.37157261      -6.650842430    
   25.54161630      -6.770061677    
   25.71165999      -6.852761708    
   25.88170368      -6.901321709    
   26.05174737      -6.917325741    
   26.21709435      -6.900856578    
   26.38244133      -6.851721456    
   26.54778831      -6.770732858    
   26.71313530      -6.659230444    
   26.87848228      -6.519062457    
   27.04382926      -6.352565662    
   27.20917624      -6.161778892    
   27.37452322      -5.951490931    
   27.53987020      -5.724733659    
   27.70521719      -5.486272039    
   27.87056417      -5.239907421    
   28.03591115      -4.991752639    
   28.20125813      -4.748228371    
   28.36660511      -4.455785975    
   28.53195210      -4.013565242    
   28.69729908      -3.554190249    
   28.86264606      -3.100912085    
   29.02799304      -2.646558473    
   29.19334002      -2.194100154    
   29.35789124      -2.203526339    
   29.52244246      -2.232313287    
   29.68699368      -2.283146582    
   29.85154490      -2.346057861    
   30.01609612      -2.422864043    
   30.18064734      -2.511265538    
   30.34519856      -2.608999948    
   30.50974978      -2.716997203    
   30.67430100      -2.827066251    
   30.83885222      -2.940627567    
   31.00340344      -3.056642466    
   31.16795466      -3.173771504    
   31.33250588      -3.291115218    
   31.49705710      -3.408048157    
   31.66160832      -3.524221269    
   31.82615954      -3.639577850    
   31.99071076      -3.754350895    
   32.15526198      -3.804538864    
   32.31981320      -3.730771151    
   32.48436442      -3.658682239    
   32.64891564      -3.590584994    
   32.81346686      -3.528680205    
   32.97801808      -3.474983917    
   33.14256930      -3.432457143    
   33.30712052      -3.399871751    
   33.47167174      -3.385232305    
   33.63622296      -3.384043862    
     
   0.000000000      -3.376331627    
  0.1698158191      -3.363651069    
  0.3396316382      -3.325745645    
  0.5094474573      -3.263020104    
  0.6792632765      -3.176135999    
  0.8490790956      -3.065993272    
   1.018894915      -2.933706509    
   1.188710734      -2.780577603    
   1.358526553      -2.608066577    
   1.528342372      -2.417762255    
   1.698158191      -2.211354173    
   1.867974010      -1.990606779    
   2.037789829      -1.757336626    
   2.207605648      -1.516377352    
   2.377421468      -1.263686888    
   2.547237287      -1.004039638    
   2.717053106     -0.7393092534    
   2.886868925     -0.4713439652    
   3.056684744     -0.2019707577    
   3.226500563      0.6700891780E-01
   3.396316382      0.3338230638    
   3.566132201      0.5967327963    
   3.735948020      0.8540360980    
   3.905763840       1.114269899    
   4.075579659       1.354320438    
   4.245395478       1.591225719    
   4.415211297       1.807334462    
   4.585027116       2.011182476    
   4.754842935       2.113634828    
   4.924658754       2.178364237    
   5.094474573       2.241923747    
   5.264290393       2.298174172    
   5.434106212       2.346632621    
   5.603922031       2.386877427    
   5.773737850       2.418555151    
   5.943553669       2.441385635    
   6.113369488       2.455165916    
   6.283185307       2.459773066    
   6.454065420       2.449888088    
   6.624945533       2.420358709    
   6.795825646       2.371559009    
   6.966705759       2.304103982    
   7.137585872       2.218837241    
   7.308465985       2.116814587    
   7.479346098       2.005343337    
   7.650226211       1.873082062    
   7.821106324       1.728347474    
   7.991986437       1.572820918    
   8.162866550       1.408278432    
   8.333746663       1.243280484    
   8.504626776       1.066339531    
   8.675506889      0.8699506259    
   8.846387002      0.6064035495    
   9.017267115      0.3386438293    
   9.188147228      0.6859464804E-01
   9.359027341     -0.2018746358    
   9.529907454     -0.4709550871    
   9.700787567     -0.3566076137    
   9.871667680     -0.3337137727    
   10.04254779     -0.4760638174    
   10.21342791     -0.6068533143    
   10.38430802     -0.7247177290    
   10.55518813     -0.8286649441    
   10.72606825     -0.9178742688    
   10.89694836     -0.9917085733    
   11.06782847      -1.049725466    
   11.23870858      -1.099514804    
   11.40958870      -1.127206766    
   11.58046881      -1.139152857    
   11.75134892      -1.287583940    
   11.92222904      -1.469141398    
   12.09310915      -1.645739988    
   12.26398926      -1.816709399    
   12.43486938      -1.981415805    
   12.60574949      -2.139255578    
   12.77662960      -2.289656143    
   12.94750971      -2.432077320    
   13.11838983      -2.471296206    
   13.28926994      -2.514870686    
   13.46015005      -2.581361913    
   13.63103017      -2.667104574    
   13.80191028      -2.767073599    
   13.97279039      -2.875326391    
   14.14367051      -2.983868489    
   14.31455062      -3.090109241    
   14.48543073      -3.186003137    
   14.65631084      -3.266378301    
   14.82719096      -3.326970439    
   14.99807107      -3.364538858    
   15.16895118      -3.376331627    
   15.33899487      -3.368233671    
   15.50903856      -3.344181834    
   15.67908225      -3.304908863    
   15.84912595      -3.251658017    
   16.01916964      -3.186214969    
   16.18921333      -3.110948118    
   16.35925702      -3.028847536    
   16.52930071      -2.943541134    
   16.69934440      -2.860705279    
   16.86938809      -2.782788171    
   17.03943178      -2.715471911    
   17.20947547      -2.663030784    
   17.37951916      -2.628626289    
   17.54956285      -2.613803536    
   17.71960654      -2.618343593    
   17.88965023      -2.640525051    
   18.05969392      -2.677639671    
   18.22973761      -2.726532823    
   18.39978130      -2.784015121    
   18.56982499      -2.847208716    
   18.73986868      -2.913236853    
   18.90991237      -2.979904172    
   19.07995606      -3.045229183    
   19.24999975      -3.106507280    
   19.42004344      -3.164379651    
   19.59008713      -3.216629472    
   19.76013082      -3.262266834    
   19.93017451      -3.300484271    
   20.10021821      -3.330639914    
   20.27026190      -3.354586408    
   20.44030559      -3.373985350    
   20.61034928      -3.378529899    
   20.78039297      -3.367358277    
   20.95043666      -3.318398041    
   21.12048035      -3.244457006    
   21.29052404      -3.139448766    
   21.46056773      -3.009377910    
   21.63061142      -2.851749829    
   21.80065511      -2.671204419    
   21.97069880      -2.468294428    
   22.14074249      -2.245137813    
   22.31078618      -2.004019172    
   22.48082987      -1.747362502    
   22.65087356      -1.477706586    
   22.82091725      -1.197683322    
   22.99096094     -0.9099990782    
   23.16100463     -0.6173693372    
   23.33104832     -0.3227054679    
   23.50109201     -0.2880248296E-01
   23.67113570      0.2614659488    
   23.84117939      0.5538129572    
   24.01122308      0.8271105392    
   24.18126677       1.088204105    
   24.35131046       1.333866836    
   24.52135416       1.561046778    
   24.69139785       1.766601584    
   24.86144154       1.942971644    
   25.03148523       2.096795506    
   25.20152892       2.217334848    
   25.37157261       2.312729525    
   25.54161630       2.381192155    
   25.71165999       2.426278203    
   25.88170368       2.451623007    
   26.05174737       2.459773066    
   26.21709435       2.450511939    
   26.38244133       2.422782435    
   26.54778831       2.376750551    
   26.71313530       2.312707743    
   26.87848228       2.231093814    
   27.04382926       2.132530452    
   27.20917624       2.022879352    
   27.37452322       1.893059096    
   27.53987020       1.691743748    
   27.70521719       1.383618542    
   27.87056417       1.056003631    
   28.03591115      0.7056829006    
   28.20125813      0.3346730119    
   28.36660511     -0.5491617868E-01
   28.53195210     -0.4608898886    
   28.69729908     -0.8772897236    
   28.86264606      -1.309095346    
   29.02799304      -1.745522577    
   29.19334002      -2.193676097    
   29.35789124      -2.166608758    
   29.52244246      -2.093472984    
   29.68699368      -1.975487536    
   29.85154490      -1.817769295    
   30.01609612      -1.632253366    
   30.18064734      -1.425263911    
   30.34519856      -1.201800963    
   30.50974978     -0.9660967900    
   30.67430100     -0.7211057870    
   30.83885222     -0.4698364516    
   31.00340344     -0.2152909263    
   31.16795466     -0.3593168994    
   31.33250588     -0.6240009958    
   31.49705710     -0.9051734064    
   31.66160832      -1.200612951    
   31.82615954      -1.501940205    
   31.99071076      -1.800899794    
   32.15526198      -2.089384078    
   32.31981320      -2.359563088    
   32.48436442      -2.604259626    
   32.64891564      -2.817616369    
   32.81346686      -2.995874630    
   32.97801808      -3.137811877    
   33.14256930      -3.248276795    
   33.30712052      -3.322060246    
   33.47167174      -3.369873469    
   33.63622296      -3.378529899    
     
   0.000000000      0.8696893845E-01
  0.1698158191      0.7670337705E-01
  0.3396316382      0.4585741329E-01
  0.5094474573     -0.5705544037E-02
  0.6792632765     -0.7817712759E-01
  0.8490790956     -0.1821088780    
   1.018894915     -0.2977228972    
   1.188710734     -0.4346691953    
   1.358526553     -0.5927944998    
   1.528342372     -0.7717154166    
   1.698158191     -0.9707803111    
   1.867974010      -1.189046446    
   2.037789829      -1.425270690    
   2.207605648      -1.513392875    
   2.377421468      -1.260641143    
   2.547237287      -1.000950509    
   2.717053106     -0.7361833022    
   2.886868925     -0.4681872094    
   3.056684744     -0.1987892014    
   3.226500563      0.7020925549E-01
   3.396316382      0.3370361954    
   3.566132201      0.5999528145    
   3.735948020      0.8572571991    
   3.905763840       1.115764514    
   4.075579659       1.355870009    
   4.245395478       1.592122752    
   4.415211297       1.808365451    
   4.585027116       2.012165286    
   4.754842935       2.200268705    
   4.924658754       2.359744304    
   5.094474573       2.514881778    
   5.264290393       2.651665641    
   5.434106212       2.769125660    
   5.603922031       2.866419298    
   5.773737850       2.942841713    
   5.943553669       2.997834635    
   6.113369488       3.030993723    
   6.283185307       3.042074091    
   6.454065420       3.029019154    
   6.624945533       2.989998679    
   6.795825646       2.925441957    
   6.966705759       2.836052328    
   7.137585872       2.722789729    
   7.308465985       2.586847749    
   7.479346098       2.439710263    
   7.650226211       2.261804619    
   7.821106324       2.066014392    
   7.991986437       1.854167296    
   8.162866550       1.628174384    
   8.333746663       1.392287052    
   8.504626776       1.143931490    
   8.675506889      0.8702729654    
   8.846387002      0.6879251211    
   9.017267115      0.5060300877    
   9.188147228      0.3264517028    
   9.359027341      0.1509979883    
   9.529907454     -0.1859540574E-01
   9.700787567     -0.1806808632    
   9.871667680     -0.4956531102E-01
   10.04254779      0.2246793921    
   10.21342791      0.4531681588    
   10.38430802      0.2596380962    
   10.55518813      0.6447022537E-01
   10.72606825     -0.1315783173    
   10.89694836     -0.3277450686    
   11.06782847     -0.5232664885    
   11.23870858     -0.7198908771    
   11.40958870     -0.9121979140    
   11.58046881      -1.101531017    
   11.75134892      -1.135360515    
   11.92222904      -1.116984836    
   12.09310915      -1.084667034    
   12.26398926      -1.039488525    
   12.43486938     -0.9827186142    
   12.60574949     -0.9158075073    
   12.77662960     -0.8403678953    
   12.94750971     -0.7581518593    
   13.11838983     -0.6710238903    
   13.28926994     -0.5809304148    
   13.46015005     -0.4898662305    
   13.63103017     -0.3998383397    
   13.80191028     -0.3128277891    
   13.97279039     -0.2307502468    
   14.14367051     -0.1410502250    
   14.31455062     -0.7471560583E-01
   14.48543073     -0.1828662361E-01
   14.65631084      0.2697446552E-01
   14.82719096      0.6005193782E-01
   14.99807107      0.8020151042E-01
   15.16895118      0.8696893845E-01
   15.33899487      0.8383111144E-01
   15.50903856      0.7463052173E-01
   15.67908225      0.6001238853E-01
   15.84912595      0.4107370880E-01
   16.01916964      0.1939452949E-01
   16.18921333     -0.2922693053E-02
   16.35925702     -0.2321549298E-01
   16.52930071     -0.3824695931E-01
   16.69934440     -0.5772183733E-01
   16.86938809     -0.5029684006E-01
   17.03943178     -0.2536571119E-01
   17.20947547      0.2068022864E-01
   17.37951916      0.9026231609E-01
   17.54956285      0.1841099235    
   17.71960654      0.3011129752    
   17.88965023      0.4385852324    
   18.05969392      0.5927835631    
   18.22973761      0.7594542142    
   18.39978130      0.9342527224    
   18.56982499       1.111121488    
   18.73986868       1.289534416    
   18.90991237       1.464386710    
   19.07995606       1.632292862    
   19.24999975       1.798726467    
   19.42004344       1.943854750    
   19.59008713       2.074460403    
   19.76013082       2.188526256    
   19.93017451       2.284331014    
   20.10021821       2.360453297    
   20.27026190       2.414437816    
   20.44030559       2.437957102    
   20.61034928       2.449088463    
   20.78039297       2.431629199    
   20.95043666       2.385098366    
   21.12048035       2.296733504    
   21.29052404       2.179322916    
   21.46056773       2.026555376    
   21.63061142       1.846329708    
   21.80065511       1.641630559    
   21.97069880       1.418550047    
   22.14074249       1.184926255    
   22.31078618      0.9519560481    
   22.48082987      0.7356134450    
   22.65087356      0.5575491374    
   22.82091725      0.4428270338    
   22.99096094      0.4112987956    
   23.16100463      0.4693363802    
   23.33104832      0.5974902884    
   23.50109201      0.7766621407    
   23.67113570      0.9868204968    
   23.84117939       1.213531644    
   24.01122308       1.442685634    
   24.18126677       1.669760437    
   24.35131046       1.888476926    
   24.52135416       2.099935830    
   24.69139785       2.290009871    
   24.86144154       2.461651371    
   25.03148523       2.614072675    
   25.20152892       2.740120056    
   25.37157261       2.848457454    
   25.54161630       2.933547760    
   25.71165999       2.994757203    
   25.88170368       3.031651545    
   26.05174737       3.042074091    
   26.21709435       3.025466061    
   26.38244133       2.973095817    
   26.54778831       2.886141683    
   26.71313530       2.765203995    
   26.87848228       2.611077203    
   27.04382926       2.424759689    
   27.20917624       2.215598726    
   27.37452322       1.967673785    
   27.53987020       1.749816409    
   27.70521719       1.584388601    
   27.87056417       1.419789396    
   28.03591115       1.249649912    
   28.20125813       1.078352232    
   28.36660511      0.9115018707    
   28.53195210      0.7561050176    
   28.69729908      0.6231394232    
   28.86264606      0.5161289560    
   29.02799304      0.4475894463    
   29.19334002      0.4238260566    
   29.35789124      0.4258272344    
   29.52244246      0.4307442701    
   29.68699368      0.4374700892    
   29.85154490      0.4416453786    
   30.01609612      0.4379154991    
   30.18064734      0.4197169056    
   30.34519856      0.3794420515    
   30.50974978      0.3088386684    
   30.67430100      0.2017964363    
   30.83885222      0.5711594356E-01
   31.00340344     -0.1323955348    
   31.16795466      0.4015168235E-01
   31.33250588      0.2938751116    
   31.49705710      0.5438294031    
   31.66160832      0.7875494837    
   31.82615954       1.022737421    
   31.99071076       1.247128722    
   32.15526198       1.458503624    
   32.31981320       1.654705758    
   32.48436442       1.833667218    
   32.64891564       1.993438988    
   32.81346686       2.132225467    
   32.97801808       2.248421445    
   33.14256930       2.339258779    
   33.30712052       2.406419089    
   33.47167174       2.435731485    
   33.63622296       2.449088463    
     
   0.000000000      0.8696893845E-01
  0.1698158191      0.9094673024E-01
  0.3396316382      0.1028573438    
  0.5094474573      0.1226325212    
  0.6792632765      0.1501585929    
  0.8490790956      0.1852766263    
   1.018894915      0.2277826474    
   1.188710734      0.2774279532    
   1.358526553      0.3339195309    
   1.528342372      0.3969206088    
   1.698158191      0.4660513651    
   1.867974010      0.5408898237    
   2.037789829      0.6209729712    
   2.207605648      0.7057981301    
   2.377421468      0.7948246246    
   2.547237287      0.8874757776    
   2.717053106      0.9831412755    
   2.886868925       1.081179937    
   3.056684744       1.180922918    
   3.226500563       1.281677380    
   3.396316382       1.382730646    
   3.566132201       1.483354850    
   3.735948020       1.582812099    
   3.905763840       1.680369879    
   4.075579659       1.775268291    
   4.245395478       1.866786753    
   4.415211297       1.953890238    
   4.585027116       2.036604550    
   4.754842935       2.201430221    
   4.924658754       2.361628305    
   5.094474573       2.516764897    
   5.264290393       2.653552012    
   5.434106212       2.771016285    
   5.603922031       2.868314107    
   5.773737850       2.944740125    
   5.943553669       2.999735781    
   6.113369488       3.032896570    
   6.283185307       3.043977514    
   6.454065420       3.038416219    
   6.624945533       3.021746047    
   6.795825646       2.994008324    
   6.966705759       2.955272510    
   7.137585872       2.905637051    
   7.308465985       2.845230511    
   7.479346098       2.776808265    
   7.650226211       2.694934233    
   7.821106324       2.602928936    
   7.991986437       2.501049967    
   8.162866550       2.389592563    
   8.333746663       2.275091867    
   8.504626776       2.145029487    
   8.675506889       1.998810746    
   8.846387002       1.851542187    
   9.017267115       1.696725121    
   9.188147228       1.534889862    
   9.359027341       1.366604260    
   9.529907454       1.192471638    
   9.700787567       1.013128213    
   9.871667680      0.8292400517    
   10.04254779      0.6443129768    
   10.21342791      0.4631197537    
   10.38430802      0.6664251960    
   10.55518813      0.8346336935    
   10.72606825      0.9682651284    
   10.89694836       1.068284675    
   11.06782847       1.136067078    
   11.23870858       1.179856516    
   11.40958870       1.187743101    
   11.58046881       1.169714415    
   11.75134892       1.128533105    
   11.92222904       1.067297639    
   12.09310915      0.9865012677    
   12.26398926      0.8954661018    
   12.43486938      0.7958948668    
   12.60574949      0.6922047986    
   12.77662960      0.5889210371    
   12.94750971      0.4904026116    
   13.11838983      0.4004622002    
   13.28926994      0.3219549513    
   13.46015005      0.2564718983    
   13.63103017      0.2042677063    
   13.80191028      0.1644574510    
   13.97279039      0.1353947327    
   14.14367051      0.1195421148    
   14.31455062      0.1059160980    
   14.48543073      0.9719390392E-01
   14.65631084      0.9190001509E-01
   14.82719096      0.8890335160E-01
   14.99807107      0.8741433292E-01
   15.16895118      0.8696893845E-01
   15.33899487      0.8383491648E-01
   15.50903856      0.7464577425E-01
   15.67908225      0.6004679459E-01
   15.84912595      0.4113496126E-01
   16.01916964      0.1949002753E-01
   16.18921333     -0.2786454071E-02
   16.35925702     -0.2303401174E-01
   16.52930071     -0.3801942503E-01
   16.69934440     -0.5668148117E-01
   16.86938809     -0.4901785250E-01
   17.03943178     -0.2388949497E-01
   17.20947547      0.2228957199E-01
   17.37951916      0.9192359825E-01
   17.54956285      0.1857363588    
   17.71960654      0.3026253341    
   17.88965023      0.4400117565    
   18.05969392      0.5939988236    
   18.22973761      0.7604344653    
   18.39978130      0.9349890952    
   18.56982499       1.111605993    
   18.73986868       1.289792947    
   18.90991237       1.464432341    
   19.07995606       1.632445718    
   19.24999975       1.799500487    
   19.42004344       1.944471892    
   19.59008713       2.074922716    
   19.76013082       2.188836184    
   19.93017451       2.284490952    
   20.10021821       2.360465280    
   20.27026190       2.414605442    
   20.44030559       2.439349740    
   20.61034928       2.450479477    
   20.78039297       2.450967048    
   20.95043666       2.454824726    
   21.12048035       2.458697670    
   21.29052404       2.468045818    
   21.46056773       2.474656510    
   21.63061142       2.497347264    
   21.80065511       2.506622647    
   21.97069880       2.517258616    
   22.14074249       2.529169893    
   22.31078618       2.542264454    
   22.48082987       2.556445487    
   22.65087356       2.571613794    
   22.82091725       2.587670751    
   22.99096094       2.604522011    
   23.16100463       2.622130403    
   23.33104832       2.640330570    
   23.50109201       2.659122620    
   23.67113570       2.678493787    
   23.84117939       2.694927802    
   24.01122308       2.714230661    
   24.18126677       2.735380972    
   24.35131046       2.757801157    
   24.52135416       2.782024484    
   24.69139785       2.808717640    
   24.86144154       2.836878887    
   25.03148523       2.870265847    
   25.20152892       2.906451861    
   25.37157261       2.945277907    
   25.54161630       2.982665160    
   25.71165999       3.013974960    
   25.88170368       3.034785764    
   26.05174737       3.043977514    
   26.21709435       3.043152331    
   26.38244133       3.043337939    
   26.54778831       3.043699262    
   26.71313530       3.044202285    
   26.87848228       3.044833687    
   27.04382926       3.045580228    
   27.20917624       3.047793693    
   27.37452322       3.048553635    
   27.53987020       3.049406761    
   27.70521719       3.050302095    
   27.87056417       3.051276209    
   28.03591115       3.052278982    
   28.20125813       3.053290487    
   28.36660511       3.054292343    
   28.53195210       3.055268128    
   28.69729908       3.067061365    
   28.86264606       3.067157441    
   29.02799304       3.067245509    
   29.19334002       3.067266287    
   29.35789124       3.054884267    
   29.52244246       3.010464361    
   29.68699368       2.950786220    
   29.85154490       2.871626190    
   30.01609612       2.777220674    
   30.18064734       2.673435187    
   30.34519856       2.567586464    
   30.50974978       2.460284907    
   30.67430100       2.373877963    
   30.83885222       2.308997174    
   31.00340344       2.263297563    
   31.16795466       2.238232030    
   31.33250588       2.228818536    
   31.49705710       2.234578007    
   31.66160832       2.249587209    
   31.82615954       2.270592964    
   31.99071076       2.295028979    
   32.15526198       2.320934315    
   32.31981320       2.346834387    
   32.48436442       2.371629294    
   32.64891564       2.394502745    
   32.81346686       2.414852109    
   32.97801808       2.432236218    
   33.14256930       2.437568437    
   33.30712052       2.447489574    
   33.47167174       2.448561479    
   33.63622296       2.450479477    
     
   0.000000000       16.29689735    
  0.1698158191       16.31898192    
  0.3396316382       16.38518203    
  0.5094474573       16.49533165    
  0.6792632765       16.64913774    
  0.8490790956       16.84567087    
   1.018894915       17.08526700    
   1.188710734       17.36665716    
   1.358526553       17.68881009    
   1.528342372       18.05046143    
   1.698158191       18.45010706    
   1.867974010       18.88600379    
   2.037789829       19.35617616    
   2.207605648       19.85842730    
   2.377421468       20.39035167    
   2.547237287       20.94934747    
   2.717053106       21.53262708    
   2.886868925       22.13722393    
   3.056684744       22.75999534    
   3.226500563       23.39762070    
   3.396316382       24.04659531    
   3.566132201       24.70321990    
   3.735948020       25.36358658    
   3.905763840       26.02529760    
   4.075579659       26.68061256    
   4.245395478       27.32663778    
   4.415211297       27.95792336    
   4.585027116       28.56964135    
   4.754842935       29.15599421    
   4.924658754       29.70698579    
   5.094474573       30.22408032    
   5.264290393       30.69631591    
   5.434106212       31.11621666    
   5.603922031       31.47587693    
   5.773737850       31.76718698    
   5.943553669       31.98231875    
   6.113369488       32.11452579    
   6.283185307       32.15915236    
   6.454065420       32.16105857    
   6.624945533       32.16669359    
   6.795825646       32.17580182    
   6.966705759       32.18794079    
   7.137585872       32.20245523    
   7.308465985       32.21843836    
   7.479346098       32.23522511    
   7.650226211       32.25003472    
   7.821106324       32.26144799    
   7.991986437       32.26680911    
   8.162866550       32.26272306    
   8.333746663       32.24500852    
   8.504626776       32.20802623    
   8.675506889       32.13600126    
   8.846387002       32.03998297    
   9.017267115       31.90275732    
   9.188147228       31.71638260    
   9.359027341       31.47437922    
   9.529907454       31.17304533    
   9.700787567       30.81227676    
   9.871667680       30.39547482    
   10.04254779       29.93219809    
   10.21342791       29.42217056    
   10.38430802       28.87691956    
   10.55518813       28.30344678    
   10.72606825       27.70796827    
   10.89694836       27.09588561    
   11.06782847       26.47189531    
   11.23870858       25.84099843    
   11.40958870       25.20538781    
   11.58046881       24.56928038    
   11.75134892       23.93602661    
   11.92222904       23.30889186    
   12.09310915       22.69048881    
   12.26398926       22.08531461    
   12.43486938       21.49584321    
   12.60574949       20.92519440    
   12.77662960       20.37641710    
   12.94750971       19.85245818    
   13.11838983       19.35612914    
   13.28926994       18.89007401    
   13.46015005       18.45674089    
   13.63103017       18.05835902    
   13.80191028       17.69692286    
   13.97279039       17.37418345    
   14.14367051       17.09275832    
   14.31455062       16.85159468    
   14.48543073       16.65294174    
   14.65631084       16.49761994    
   14.82719096       16.38624786    
   14.99807107       16.31925588    
   15.16895118       16.29689735    
   15.33899487       16.31903890    
   15.50903856       16.38537200    
   15.67908225       16.49561882    
   15.84912595       16.64930644    
   16.01916964       16.84575427    
   16.18921333       17.08406066    
   16.35925702       17.36309133    
   16.52930071       17.68147233    
   16.69934440       18.03591145    
   16.86938809       18.42776953    
   17.03943178       18.85342114    
   17.20947547       19.31057622    
   17.37951916       19.79674830    
   17.54956285       20.30926937    
   17.71960654       20.84530204    
   17.88965023       21.40210641    
   18.05969392       21.97601701    
   18.22973761       22.56395165    
   18.39978130       23.16240393    
   18.56982499       23.76745007    
   18.73986868       24.37552420    
   18.90991237       24.98213506    
   19.07995606       25.58255399    
   19.24999975       26.17170506    
   19.42004344       26.74284579    
   19.59008713       27.28865760    
   19.76013082       27.79955023    
   19.93017451       28.26292547    
   20.10021821       28.66201111    
   20.27026190       28.97497511    
   20.44030559       29.17332338    
   20.61034928       29.24386664    
   20.78039297       29.24692651    
   20.95043666       29.25686023    
   21.12048035       29.27251793    
   21.29052404       29.29751925    
   21.46056773       29.32691882    
   21.63061142       29.36626050    
   21.80065511       29.41120917    
   21.97069880       29.46460810    
   22.14074249       29.52689489    
   22.31078618       29.59844043    
   22.48082987       29.67952220    
   22.65087356       29.77030040    
   22.82091725       29.87079705    
   22.99096094       29.98087755    
   23.16100463       30.10152588    
   23.33104832       30.22956478    
   23.50109201       30.36569274    
   23.67113570       30.50899845    
   23.84117939       30.66045043    
   24.01122308       30.81394929    
   24.18126677       30.97060704    
   24.35131046       31.12832313    
   24.52135416       31.28507471    
   24.69139785       31.43795700    
   24.86144154       31.58378914    
   25.03148523       31.72063670    
   25.20152892       31.84370644    
   25.37157261       31.95146545    
   25.54161630       32.03961780    
   25.71165999       32.10511926    
   25.88170368       32.14550307    
   26.05174737       32.15915236    
   26.21709435       32.16094481    
   26.38244133       32.16630761    
   26.54778831       32.17519517    
   26.71313530       32.18752512    
   26.87848228       32.20316902    
   27.04382926       32.22193997    
   27.20917624       32.24397812    
   27.37452322       32.26804197    
   27.53987020       32.29417837    
   27.70521719       32.31868812    
   27.87056417       32.34710599    
   28.03591115       32.37558065    
   28.20125813       32.40320550    
   28.36660511       32.42899875    
   28.53195210       32.45195023    
   28.69729908       32.47158243    
   28.86264606       32.48600097    
   29.02799304       32.49746373    
   29.19334002       32.50044260    
   29.35789124       32.48952860    
   29.52244246       32.45629873    
   29.68699368       32.39890157    
   29.85154490       32.32337591    
   30.01609612       32.22850224    
   30.18064734       32.11579238    
   30.34519856       31.98695597    
   30.50974978       31.84363773    
   30.67430100       31.68823089    
   30.83885222       31.52314968    
   31.00340344       31.34917222    
   31.16795466       31.16919012    
   31.33250588       30.98283558    
   31.49705710       30.79719800    
   31.66160832       30.61219974    
   31.82615954       30.43012976    
   31.99071076       30.25330319    
   32.15526198       30.08404677    
   32.31981320       29.92467623    
   32.48436442       29.77746497    
   32.64891564       29.64460399    
   32.81346686       29.52815418    
   32.97801808       29.42999286    
   33.14256930       29.34815534    
   33.30712052       29.29132851    
   33.47167174       29.25542163    
   33.63622296       29.24386664    
     
   0.000000000       40.84656098    
  0.1698158191       40.85088461    
  0.3396316382       40.86373810    
  0.5094474573       40.88477719    
  0.6792632765       40.91345386    
  0.8490790956       40.94905126    
   1.018894915       40.99072819    
   1.188710734       41.03756498    
   1.358526553       41.08861013    
   1.528342372       41.14292139    
   1.698158191       41.19959956    
   1.867974010       41.25781340    
   2.037789829       41.31681573    
   2.207605648       41.37595129    
   2.377421468       41.43465793    
   2.547237287       41.49246264    
   2.717053106       41.54897427    
   2.886868925       41.60387423    
   3.056684744       41.65690634    
   3.226500563       41.70786377    
   3.396316382       41.32323790    
   3.566132201       40.93406720    
   3.735948020       40.57942774    
   3.905763840       40.25901189    
   4.075579659       39.96447189    
   4.245395478       39.69667817    
   4.415211297       39.44218695    
   4.585027116       39.21709921    
   4.754842935       39.01103206    
   4.924658754       38.81678433    
   5.094474573       38.64446082    
   5.264290393       38.48834762    
   5.434106212       38.34913375    
   5.603922031       38.22853016    
   5.773737850       38.12922855    
   5.943553669       38.05460054    
   6.113369488       38.00806794    
   6.283185307       37.99223134    
   6.454065420       37.99969681    
   6.624945533       38.02198469    
   6.795825646       38.05877307    
   6.966705759       38.10953753    
   7.137585872       38.17356834    
   7.308465985       38.24999307    
   7.479346098       38.34392300    
   7.650226211       38.44179417    
   7.821106324       38.54871434    
   7.991986437       38.66344668    
   8.162866550       38.78473244    
   8.333746663       38.91368301    
   8.504626776       39.04422850    
   8.675506889       39.17684425    
   8.846387002       38.97130244    
   9.017267115       38.62586496    
   9.188147228       38.32047062    
   9.359027341       38.06721147    
   9.529907454       37.87472562    
   9.700787567       37.74745554    
   9.871667680       37.68584503    
   10.04254779       37.68783894    
   10.21342791       37.74847488    
   10.38430802       37.86371749    
   10.55518813       38.02954247    
   10.72606825       38.24271310    
   10.89694836       38.50086392    
   11.06782847       38.80242933    
   11.23870858       39.14557858    
   11.40958870       39.53172222    
   11.58046881       39.95996864    
   11.75134892       40.43054635    
   11.92222904       40.94382996    
   12.09310915       41.17112132    
   12.26398926       41.19549574    
   12.43486938       41.21090886    
   12.60574949       41.21747127    
   12.77662960       41.21543369    
   12.94750971       41.20521226    
   13.11838983       41.18741220    
   13.28926994       41.16284675    
   13.46015005       41.13254810    
   13.63103017       41.09776648    
   13.80191028       41.05995386    
   13.97279039       41.02072990    
   14.14367051       40.98183041    
   14.31455062       40.94502937    
   14.48543073       40.91206427    
   14.65631084       40.88453408    
   14.82719096       40.86380603    
   14.99807107       40.85092851    
   15.16895118       40.84656098    
   15.33899487       40.85088567    
   15.50903856       40.86360362    
   15.67908225       40.88395717    
   15.84912595       40.91071636    
   16.01916964       40.94221870    
   16.18921333       40.97640624    
   16.35925702       41.01084237    
   16.52930071       41.04268539    
   16.69934440       41.06857115    
   16.86938809       41.08445930    
   17.03943178       41.08517427    
   17.20947547       41.06383590    
   17.37951916       41.01099430    
   17.54956285       40.91379877    
   17.71960654       40.75626504    
   17.88965023       40.52573790    
   18.05969392       40.20895348    
   18.22973761       39.81691448    
   18.39978130       39.36928978    
   18.56982499       38.88112899    
   18.73986868       38.38426113    
   18.90991237       37.88447368    
   19.07995606       37.39021376    
   19.24999975       36.90743217    
   19.42004344       36.44078858    
   19.59008713       35.99525908    
   19.76013082       35.57717501    
   19.93017451       35.19569443    
   20.10021821       34.86430614    
   20.27026190       34.60130409    
   20.44030559       34.42966561    
   20.61034928       34.36968798    
   20.78039297       34.38651316    
   20.95043666       34.43701486    
   21.12048035       34.52010609    
   21.29052404       34.63578487    
   21.46056773       34.78145118    
   21.63061142       34.95678840    
   21.80065511       35.15814828    
   21.97069880       35.38404487    
   22.14074249       35.63177976    
   22.31078618       35.89824897    
   22.48082987       36.17985876    
   22.65087356       36.47240137    
   22.82091725       36.77088729    
   22.99096094       37.06934036    
   23.16100463       37.36256782    
   23.33104832       37.63773862    
   23.50109201       37.88754217    
   23.67113570       38.10186822    
   23.84117939       38.27000118    
   24.01122308       38.38311898    
   24.18126677       38.45183234    
   24.35131046       38.47510615    
   24.52135416       38.46115918    
   24.69139785       38.41937691    
   24.86144154       38.35748871    
   25.03148523       38.28679495    
   25.20152892       38.21052603    
   25.37157261       38.14039028    
   25.54161630       38.07940270    
   25.71165999       38.03222836    
   25.88170368       38.00242295    
   26.05174737       37.99223134    
   26.21709435       37.99922453    
   26.38244133       38.02013845    
   26.54778831       38.05477787    
   26.71313530       38.10282311    
   26.87848228       38.16383827    
   27.04382926       38.23728208    
   27.20917624       38.32688683    
   27.37452322       38.42299716    
   27.53987020       38.52939833    
   27.70521719       38.64503010    
   27.87056417       38.76951649    
   28.03591115       38.90173865    
   28.20125813       39.04081197    
   28.36660511       39.18585255    
   28.53195210       39.33598516    
   28.69729908       39.49692403    
   28.86264606       39.65463762    
   29.02799304       39.82253806    
   29.19334002       39.98117048    
   29.35789124       39.94248774    
   29.52244246       39.81292075    
   29.68699368       39.60880178    
   29.85154490       39.35327007    
   30.01609612       39.05843252    
   30.18064734       38.73795626    
   30.34519856       38.40280878    
   30.50974978       38.05993343    
   30.67430100       37.71916168    
   30.83885222       37.38557366    
   31.00340344       37.05980108    
   31.16795466       36.74666518    
   31.33250588       36.44852982    
   31.49705710       36.16730662    
   31.66160832       35.90440702    
   31.82615954       35.66090198    
   31.99071076       35.43757255    
   32.15526198       35.23496595    
   32.31981320       35.05344381    
   32.48436442       34.89322420    
   32.64891564       34.75441809    
   32.81346686       34.63706091    
   32.97801808       34.54113924    
   33.14256930       34.46597121    
   33.30712052       34.41280405    
   33.47167174       34.38031758    
   33.63622296       34.36968798    
     
   0.000000000       56.83792274    
  0.1698158191       56.54684882    
  0.3396316382       55.80913926    
  0.5094474573       54.84408557    
  0.6792632765       53.78548790    
  0.8490790956       52.70016623    
   1.018894915       51.62275647    
   1.188710734       50.57238274    
   1.358526553       49.56046447    
   1.528342372       48.59400699    
   1.698158191       47.67728010    
   1.867974010       46.81272074    
   2.037789829       46.00145846    
   2.207605648       45.24364509    
   2.377421468       44.53867665    
   2.547237287       43.88535289    
   2.717053106       43.28199899    
   2.886868925       42.72656338    
   3.056684744       42.21669948    
   3.226500563       41.74983922    
   3.396316382       41.75659707    
   3.566132201       41.80296887    
   3.735948020       41.84688586    
   3.905763840       41.89062186    
   4.075579659       41.92922015    
   4.245395478       41.97159340    
   4.415211297       42.00422221    
   4.585027116       42.03420709    
   4.754842935       42.06152350    
   4.924658754       42.07913760    
   5.094474573       42.10025456    
   5.264290393       42.11858646    
   5.434106212       42.13412011    
   5.603922031       42.14684448    
   5.773737850       42.15675055    
   5.943553669       42.16383132    
   6.113369488       42.16808179    
   6.283185307       42.16949895    
   6.454065420       42.15963423    
   6.624945533       42.12941974    
   6.795825646       42.07702436    
   6.966705759       41.99951189    
   7.137585872       41.89306678    
   7.308465985       41.75339992    
   7.479346098       41.57650989    
   7.650226211       41.35891060    
   7.821106324       41.09972014    
   7.991986437       40.80048213    
   8.162866550       40.46596108    
   8.333746663       40.10937145    
   8.504626776       39.73082434    
   8.675506889       39.34281373    
   8.846387002       39.31217416    
   9.017267115       39.44796123    
   9.188147228       39.58341685    
   9.359027341       39.71759514    
   9.529907454       39.84963926    
   9.700787567       39.97876539    
   9.871667680       40.10425756    
   10.04254779       40.23804306    
   10.21342791       40.35379537    
   10.38430802       40.46411490    
   10.55518813       40.56850468    
   10.72606825       40.66650643    
   10.89694836       40.75769580    
   11.06782847       40.84167892    
   11.23870858       40.91735640    
   11.40958870       40.98580320    
   11.58046881       41.04603319    
   11.75134892       41.09777693    
   11.92222904       41.14080957    
   12.09310915       41.50066686    
   12.26398926       42.10061801    
   12.43486938       42.74452162    
   12.60574949       43.43263612    
   12.77662960       44.16506718    
   12.94750971       44.94172520    
   13.11838983       45.76227761    
   13.28926994       46.62608818    
   13.46015005       47.53213113    
   13.63103017       48.47885921    
   13.80191028       49.46398827    
   13.97279039       50.48412508    
   14.14367051       51.53440753    
   14.31455062       52.60592575    
   14.48543073       53.68472158    
   14.65631084       54.74412075    
   14.82719096       55.72861326    
   14.99807107       56.51197182    
   15.16895118       56.83792274    
   15.33899487       56.50682206    
   15.50903856       55.72568159    
   15.67908225       54.75975447    
   15.84912595       53.72980599    
   16.01916964       52.68673596    
   16.18921333       51.65444853    
   16.35925702       50.64564284    
   16.52930071       49.66801208    
   16.69934440       48.72650446    
   16.86938809       47.82689332    
   17.03943178       46.97373895    
   17.20947547       46.17339618    
   17.37951916       45.43456319    
   17.54956285       44.76922157    
   17.71960654       44.19242762    
   17.88965023       43.71888708    
   18.05969392       43.35462382    
   18.22973761       43.09095168    
   18.39978130       42.90727030    
   18.56982499       42.77786596    
   18.73986868       42.68869793    
   18.90991237       42.62460999    
   19.07995606       42.57698068    
   19.24999975       42.54036295    
   19.42004344       42.51132191    
   19.59008713       42.48781878    
   19.76013082       42.46866851    
   19.93017451       42.45324930    
   20.10021821       42.44129175    
   20.27026190       42.43249683    
   20.44030559       42.42501143    
   20.61034928       42.42327832    
   20.78039297       42.41152129    
   20.95043666       42.37750181    
   21.12048035       42.32224516    
   21.29052404       42.25015444    
   21.46056773       42.16276508    
   21.63061142       42.06729414    
   21.80065511       41.96255358    
   21.97069880       41.85401472    
   22.14074249       41.74449221    
   22.31078618       41.63644734    
   22.48082987       41.53209903    
   22.65087356       41.43359021    
   22.82091725       41.34319816    
   22.99096094       41.26357831    
   23.16100463       41.20093228    
   23.33104832       41.15348272    
   23.50109201       41.12901463    
   23.67113570       41.13246459    
   23.84117939       41.16754715    
   24.01122308       41.23363552    
   24.18126677       41.32851745    
   24.35131046       41.44275906    
   24.52135416       41.56735065    
   24.69139785       41.68987508    
   24.86144154       41.80171965    
   25.03148523       41.90234149    
   25.20152892       41.98623872    
   25.37157261       42.05412606    
   25.54161630       42.10559896    
   25.71165999       42.14145205    
   25.88170368       42.16254371    
   26.05174737       42.16949895    
   26.21709435       42.16033960    
   26.38244133       42.13306301    
   26.54778831       42.08825486    
   26.71313530       42.02683297    
   26.87848228       41.94997186    
   27.04382926       41.85901726    
   27.20917624       41.75803338    
   27.37452322       41.64276891    
   27.53987020       41.51778276    
   27.70521719       41.38439742    
   27.87056417       41.24387916    
   28.03591115       41.09736603    
   28.20125813       40.94591326    
   28.36660511       40.79049361    
   28.53195210       40.63201115    
   28.69729908       40.47164941    
   28.86264606       40.30951920    
   29.02799304       40.14680574    
   29.19334002       39.98723003    
   29.35789124       39.98853422    
   29.52244246       40.00915602    
   29.68699368       40.04139510    
   29.85154490       40.09097709    
   30.01609612       40.15328982    
   30.18064734       40.22734425    
   30.34519856       40.31207326    
   30.50974978       40.40395625    
   30.67430100       40.50667947    
   30.83885222       40.61901192    
   31.00340344       40.73550836    
   31.16795466       40.85753325    
   31.33250588       40.98350467    
   31.49705710       41.11373045    
   31.66160832       41.24671954    
   31.82615954       41.38144037    
   31.99071076       41.51670623    
   32.15526198       41.65110278    
   32.31981320       41.78291297    
   32.48436442       41.91004941    
   32.64891564       42.03001096    
   32.81346686       42.13988677    
   32.97801808       42.23643638    
   33.14256930       42.31474568    
   33.30712052       42.37450576    
   33.47167174       42.41067198    
   33.63622296       42.42327832    
     
