    29 : nkpt
    32 : nstsv

     1   0.000000000       0.000000000       0.000000000     : k-point, vkl
 (state, eigenvalue and occupancy below)
     1 -0.5876997868       1.000000000    
     2 -0.5876997865       1.000000000    
     3 -0.5876982381       1.000000000    
     4 -0.5876982379       1.000000000    
     5 -0.4947786914       1.000000000    
     6 -0.4947786913       1.000000000    
     7 -0.4934689589       1.000000000    
     8 -0.4934689587       1.000000000    
     9 -0.4934672899       1.000000000    
    10 -0.4934672898       1.000000000    
    11 -0.2805653296       1.000000000    
    12 -0.2805653296       1.000000000    
    13  0.2037077508       0.000000000    
    14  0.2037077511       0.000000000    
    15  0.2958873508       0.000000000    
    16  0.2958873515       0.000000000    
    17  0.2961231220       0.000000000    
    18  0.2961231221       0.000000000    
    19  0.3581752406       0.000000000    
    20  0.3581752406       0.000000000    
    21  0.4352823691       0.000000000    
    22  0.4352823740       0.000000000    
    23  0.4613864004       0.000000000    
    24  0.4613864017       0.000000000    
    25  0.4613866938       0.000000000    
    26  0.4613866957       0.000000000    
    27  0.4697407108       0.000000000    
    28  0.4697407132       0.000000000    
    29  0.5691071269       0.000000000    
    30  0.5691071296       0.000000000    
    31  0.5749097111       0.000000000    
    32  0.5749097142       0.000000000    


     2  0.1250000000       0.000000000       0.000000000     : k-point, vkl
 (state, eigenvalue and occupancy below)
     1 -0.5877372983       1.000000000    
     2 -0.5877372981       1.000000000    
     3 -0.5875583083       1.000000000    
     4 -0.5875583081       1.000000000    
     5 -0.4945328064       1.000000000    
     6 -0.4945328061       1.000000000    
     7 -0.4936249464       1.000000000    
     8 -0.4936249461       1.000000000    
     9 -0.4932468301       1.000000000    
    10 -0.4932468300       1.000000000    
    11 -0.2733425369       1.000000000    
    12 -0.2733425368       1.000000000    
    13  0.1714993633       0.000000000    
    14  0.1714993636       0.000000000    
    15  0.2466231917       0.000000000    
    16  0.2466231919       0.000000000    
    17  0.2870388813       0.000000000    
    18  0.2870388824       0.000000000    
    19  0.3792085432       0.000000000    
    20  0.3792085444       0.000000000    
    21  0.4339416398       0.000000000    
    22  0.4339416420       0.000000000    
    23  0.4758513177       0.000000000    
    24  0.4758513214       0.000000000    
    25  0.4800538730       0.000000000    
    26  0.4800538743       0.000000000    
    27  0.5185265409       0.000000000    
    28  0.5185265445       0.000000000    
    29  0.5323653255       0.000000000    
    30  0.5323653273       0.000000000    
    31  0.5351696452       0.000000000    
    32  0.5351696492       0.000000000    


     3  0.2500000000       0.000000000       0.000000000     : k-point, vkl
 (state, eigenvalue and occupancy below)
     1 -0.5877057121       1.000000000    
     2 -0.5877057119       1.000000000    
     3 -0.5871193752       1.000000000    
     4 -0.5871193749       1.000000000    
     5 -0.4942711483       1.000000000    
     6 -0.4942711477       1.000000000    
     7 -0.4936187999       1.000000000    
     8 -0.4936187997       1.000000000    
     9 -0.4925274976       1.000000000    
    10 -0.4925274974       1.000000000    
    11 -0.2527942695       1.000000000    
    12 -0.2527942694       1.000000000    
    13  0.8845839447E-01  0.7100996384E-04
    14  0.8845839495E-01  0.7100992947E-04
    15  0.2184850072       0.000000000    
    16  0.2184850074       0.000000000    
    17  0.2697852117       0.000000000    
    18  0.2697852145       0.000000000    
    19  0.3561858308       0.000000000    
    20  0.3561858319       0.000000000    
    21  0.4644416167       0.000000000    
    22  0.4644416227       0.000000000    
    23  0.4646280579       0.000000000    
    24  0.4646280607       0.000000000    
    25  0.4697653704       0.000000000    
    26  0.4697653716       0.000000000    
    27  0.5130097875       0.000000000    
    28  0.5130097893       0.000000000    
    29  0.5471814482       0.000000000    
    30  0.5471814505       0.000000000    
    31  0.5511151288       0.000000000    
    32  0.5511151337       0.000000000    


     4  0.3750000000       0.000000000       0.000000000     : k-point, vkl
 (state, eigenvalue and occupancy below)
     1 -0.5876140097       1.000000000    
     2 -0.5876140096       1.000000000    
     3 -0.5867430072       1.000000000    
     4 -0.5867430069       1.000000000    
     5 -0.4944580707       1.000000000    
     6 -0.4944580702       1.000000000    
     7 -0.4931855775       1.000000000    
     8 -0.4931855773       1.000000000    
     9 -0.4918355147       1.000000000    
    10 -0.4918355145       1.000000000    
    11 -0.2247113977       1.000000000    
    12 -0.2247113976       1.000000000    
    13  0.1311200622E-01   1.000000000    
    14  0.1311200655E-01   1.000000000    
    15  0.2035328934       0.000000000    
    16  0.2035328936       0.000000000    
    17  0.2560038927       0.000000000    
    18  0.2560038971       0.000000000    
    19  0.3448620340       0.000000000    
    20  0.3448620349       0.000000000    
    21  0.4277764406       0.000000000    
    22  0.4277764441       0.000000000    
    23  0.4373594441       0.000000000    
    24  0.4373594497       0.000000000    
    25  0.4447477991       0.000000000    
    26  0.4447478003       0.000000000    
    27  0.5988010426       0.000000000    
    28  0.5988010441       0.000000000    
    29  0.6194618380       0.000000000    
    30  0.6194618399       0.000000000    
    31  0.6206615603       0.000000000    
    32  0.6206615635       0.000000000    


     5  0.5000000000       0.000000000       0.000000000     : k-point, vkl
 (state, eigenvalue and occupancy below)
     1 -0.5876003351       1.000000000    
     2 -0.5876003349       1.000000000    
     3 -0.5865630438       1.000000000    
     4 -0.5865630435       1.000000000    
     5 -0.4946585377       1.000000000    
     6 -0.4946585372       1.000000000    
     7 -0.4929613090       1.000000000    
     8 -0.4929613088       1.000000000    
     9 -0.4915896500       1.000000000    
    10 -0.4915896498       1.000000000    
    11 -0.2085502333       1.000000000    
    12 -0.2085502331       1.000000000    
    13 -0.1966367221E-01   1.000000000    
    14 -0.1966367210E-01   1.000000000    
    15  0.1976605680       0.000000000    
    16  0.1976605681       0.000000000    
    17  0.2508557206       0.000000000    
    18  0.2508557258       0.000000000    
    19  0.3423004090       0.000000000    
    20  0.3423004099       0.000000000    
    21  0.4141632027       0.000000000    
    22  0.4141632063       0.000000000    
    23  0.4275710604       0.000000000    
    24  0.4275710664       0.000000000    
    25  0.4358718962       0.000000000    
    26  0.4358718976       0.000000000    
    27  0.6567622220       0.000000000    
    28  0.6567622251       0.000000000    
    29  0.6800015380       0.000000000    
    30  0.6800015403       0.000000000    
    31  0.6892534479       0.000000000    
    32  0.6892534503       0.000000000    


     6  0.1250000000      0.1250000000       0.000000000     : k-point, vkl
 (state, eigenvalue and occupancy below)
     1 -0.5876113923       1.000000000    
     2 -0.5876113922       1.000000000    
     3 -0.5876043712       1.000000000    
     4 -0.5876043709       1.000000000    
     5 -0.4945352948       1.000000000    
     6 -0.4945352947       1.000000000    
     7 -0.4934938743       1.000000000    
     8 -0.4934938740       1.000000000    
     9 -0.4932352965       1.000000000    
    10 -0.4932352963       1.000000000    
    11 -0.2709309483       1.000000000    
    12 -0.2709309483       1.000000000    
    13  0.1716064208       0.000000000    
    14  0.1716064209       0.000000000    
    15  0.2368663985       0.000000000    
    16  0.2368663988       0.000000000    
    17  0.2626255312       0.000000000    
    18  0.2626255314       0.000000000    
    19  0.3814316208       0.000000000    
    20  0.3814316231       0.000000000    
    21  0.4197472405       0.000000000    
    22  0.4197472408       0.000000000    
    23  0.4725830710       0.000000000    
    24  0.4725830738       0.000000000    
    25  0.5027211399       0.000000000    
    26  0.5027211426       0.000000000    
    27  0.5153611270       0.000000000    
    28  0.5153611291       0.000000000    
    29  0.5405049924       0.000000000    
    30  0.5405049941       0.000000000    
    31  0.5897858296       0.000000000    
    32  0.5897858324       0.000000000    


     7  0.2500000000      0.1250000000       0.000000000     : k-point, vkl
 (state, eigenvalue and occupancy below)
     1 -0.5876398721       1.000000000    
     2 -0.5876398719       1.000000000    
     3 -0.5872242313       1.000000000    
     4 -0.5872242310       1.000000000    
     5 -0.4942716126       1.000000000    
     6 -0.4942716124       1.000000000    
     7 -0.4935513857       1.000000000    
     8 -0.4935513851       1.000000000    
     9 -0.4926867929       1.000000000    
    10 -0.4926867927       1.000000000    
    11 -0.2547624218       1.000000000    
    12 -0.2547624218       1.000000000    
    13  0.1143627915      0.3992210760E-15
    14  0.1143627919      0.3992209035E-15
    15  0.2016302467       0.000000000    
    16  0.2016302471       0.000000000    
    17  0.2415960811       0.000000000    
    18  0.2415960818       0.000000000    
    19  0.3719606079       0.000000000    
    20  0.3719606101       0.000000000    
    21  0.4088801999       0.000000000    
    22  0.4088802020       0.000000000    
    23  0.4615872253       0.000000000    
    24  0.4615872276       0.000000000    
    25  0.5231781188       0.000000000    
    26  0.5231781201       0.000000000    
    27  0.5515916222       0.000000000    
    28  0.5515916263       0.000000000    
    29  0.5697364999       0.000000000    
    30  0.5697365010       0.000000000    
    31  0.5907265845       0.000000000    
    32  0.5907265879       0.000000000    


     8  0.3750000000      0.1250000000       0.000000000     : k-point, vkl
 (state, eigenvalue and occupancy below)
     1 -0.5875185215       1.000000000    
     2 -0.5875185213       1.000000000    
     3 -0.5868113590       1.000000000    
     4 -0.5868113587       1.000000000    
     5 -0.4942267164       1.000000000    
     6 -0.4942267159       1.000000000    
     7 -0.4932322310       1.000000000    
     8 -0.4932322305       1.000000000    
     9 -0.4919962762       1.000000000    
    10 -0.4919962759       1.000000000    
    11 -0.2286035098       1.000000000    
    12 -0.2286035097       1.000000000    
    13  0.3921325650E-01   1.000000000    
    14  0.3921325692E-01   1.000000000    
    15  0.1798479283       0.000000000    
    16  0.1798479288       0.000000000    
    17  0.2225025962       0.000000000    
    18  0.2225025980       0.000000000    
    19  0.3542603622       0.000000000    
    20  0.3542603640       0.000000000    
    21  0.4194689851       0.000000000    
    22  0.4194689891       0.000000000    
    23  0.4857584692       0.000000000    
    24  0.4857584715       0.000000000    
    25  0.4912538273       0.000000000    
    26  0.4912538312       0.000000000    
    27  0.5229419651       0.000000000    
    28  0.5229419675       0.000000000    
    29  0.6407782940       0.000000000    
    30  0.6407783003       0.000000000    
    31  0.6544289975       0.000000000    
    32  0.6544289988       0.000000000    


     9  0.5000000000      0.1250000000       0.000000000     : k-point, vkl
 (state, eigenvalue and occupancy below)
     1 -0.5874593715       1.000000000    
     2 -0.5874593713       1.000000000    
     3 -0.5865900210       1.000000000    
     4 -0.5865900207       1.000000000    
     5 -0.4943513233       1.000000000    
     6 -0.4943513227       1.000000000    
     7 -0.4929041906       1.000000000    
     8 -0.4929041902       1.000000000    
     9 -0.4917018699       1.000000000    
    10 -0.4917018696       1.000000000    
    11 -0.2061277688       1.000000000    
    12 -0.2061277687       1.000000000    
    13 -0.8379913015E-02   1.000000000    
    14 -0.8379912785E-02   1.000000000    
    15  0.1646771913       0.000000000    
    16  0.1646771920       0.000000000    
    17  0.2174156298       0.000000000    
    18  0.2174156322       0.000000000    
    19  0.3501689792       0.000000000    
    20  0.3501689807       0.000000000    
    21  0.4073336477       0.000000000    
    22  0.4073336504       0.000000000    
    23  0.4634836850       0.000000000    
    24  0.4634836882       0.000000000    
    25  0.5154276410       0.000000000    
    26  0.5154276430       0.000000000    
    27  0.5704052915       0.000000000    
    28  0.5704052972       0.000000000    
    29  0.6706647958       0.000000000    
    30  0.6706648057       0.000000000    
    31  0.6886928747       0.000000000    
    32  0.6886928783       0.000000000    


    10  0.6250000000      0.1250000000       0.000000000     : k-point, vkl
 (state, eigenvalue and occupancy below)
     1 -0.5874822853       1.000000000    
     2 -0.5874822851       1.000000000    
     3 -0.5866454456       1.000000000    
     4 -0.5866454454       1.000000000    
     5 -0.4942914928       1.000000000    
     6 -0.4942914922       1.000000000    
     7 -0.4929646130       1.000000000    
     8 -0.4929646127       1.000000000    
     9 -0.4918091023       1.000000000    
    10 -0.4918091021       1.000000000    
    11 -0.2117580999       1.000000000    
    12 -0.2117580998       1.000000000    
    13  0.2649716167E-02   1.000000000    
    14  0.2649716242E-02   1.000000000    
    15  0.1591473462       0.000000000    
    16  0.1591473469       0.000000000    
    17  0.2290498034       0.000000000    
    18  0.2290498055       0.000000000    
    19  0.3646513117       0.000000000    
    20  0.3646513133       0.000000000    
    21  0.3997551887       0.000000000    
    22  0.3997551910       0.000000000    
    23  0.4522440268       0.000000000    
    24  0.4522440302       0.000000000    
    25  0.5291953728       0.000000000    
    26  0.5291953741       0.000000000    
    27  0.5864784658       0.000000000    
    28  0.5864784704       0.000000000    
    29  0.6023423235       0.000000000    
    30  0.6023423261       0.000000000    
    31  0.6702912547       0.000000000    
    32  0.6702912626       0.000000000    


    11  0.7500000000      0.1250000000       0.000000000     : k-point, vkl
 (state, eigenvalue and occupancy below)
     1 -0.5875705346       1.000000000    
     2 -0.5875705344       1.000000000    
     3 -0.5869432478       1.000000000    
     4 -0.5869432475       1.000000000    
     5 -0.4940755732       1.000000000    
     6 -0.4940755727       1.000000000    
     7 -0.4934986728       1.000000000    
     8 -0.4934986726       1.000000000    
     9 -0.4922545786       1.000000000    
    10 -0.4922545786       1.000000000    
    11 -0.2380639742       1.000000000    
    12 -0.2380639741       1.000000000    
    13  0.6284507460E-01  0.9999998941    
    14  0.6284507470E-01  0.9999998941    
    15  0.1683789201       0.000000000    
    16  0.1683789206       0.000000000    
    17  0.2509945234       0.000000000    
    18  0.2509945247       0.000000000    
    19  0.3936114750       0.000000000    
    20  0.3936114776       0.000000000    
    21  0.4066098246       0.000000000    
    22  0.4066098291       0.000000000    
    23  0.4583091234       0.000000000    
    24  0.4583091268       0.000000000    
    25  0.4960285912       0.000000000    
    26  0.4960285941       0.000000000    
    27  0.5264320819       0.000000000    
    28  0.5264320852       0.000000000    
    29  0.5617043589       0.000000000    
    30  0.5617043598       0.000000000    
    31  0.6754308296       0.000000000    
    32  0.6754308351       0.000000000    


    12  0.8750000000      0.1250000000       0.000000000     : k-point, vkl
 (state, eigenvalue and occupancy below)
     1 -0.5876646024       1.000000000    
     2 -0.5876646022       1.000000000    
     3 -0.5873272457       1.000000000    
     4 -0.5873272455       1.000000000    
     5 -0.4942382032       1.000000000    
     6 -0.4942382029       1.000000000    
     7 -0.4937218671       1.000000000    
     8 -0.4937218669       1.000000000    
     9 -0.4928346304       1.000000000    
    10 -0.4928346303       1.000000000    
    11 -0.2616330743       1.000000000    
    12 -0.2616330742       1.000000000    
    13  0.1321045186       0.000000000    
    14  0.1321045189       0.000000000    
    15  0.2027216435       0.000000000    
    16  0.2027216439       0.000000000    
    17  0.2713871278       0.000000000    
    18  0.2713871280       0.000000000    
    19  0.4107289974       0.000000000    
    20  0.4107290006       0.000000000    
    21  0.4228755676       0.000000000    
    22  0.4228755680       0.000000000    
    23  0.4540967537       0.000000000    
    24  0.4540967552       0.000000000    
    25  0.4798846610       0.000000000    
    26  0.4798846626       0.000000000    
    27  0.4862102877       0.000000000    
    28  0.4862102887       0.000000000    
    29  0.5780812559       0.000000000    
    30  0.5780812566       0.000000000    
    31  0.5927687500       0.000000000    
    32  0.5927687509       0.000000000    


    13  0.2500000000      0.2500000000       0.000000000     : k-point, vkl
 (state, eigenvalue and occupancy below)
     1 -0.5875067854       1.000000000    
     2 -0.5875067853       1.000000000    
     3 -0.5871931065       1.000000000    
     4 -0.5871931061       1.000000000    
     5 -0.4944209614       1.000000000    
     6 -0.4944209614       1.000000000    
     7 -0.4934584969       1.000000000    
     8 -0.4934584961       1.000000000    
     9 -0.4923014732       1.000000000    
    10 -0.4923014729       1.000000000    
    11 -0.2434273293       1.000000000    
    12 -0.2434273293       1.000000000    
    13  0.1051040490      0.4190194676E-11
    14  0.1051040491      0.4190194342E-11
    15  0.1767021816       0.000000000    
    16  0.1767021819       0.000000000    
    17  0.2113997162       0.000000000    
    18  0.2113997166       0.000000000    
    19  0.3358626111       0.000000000    
    20  0.3358626129       0.000000000    
    21  0.3388584989       0.000000000    
    22  0.3388585010       0.000000000    
    23  0.5530940488       0.000000000    
    24  0.5530940495       0.000000000    
    25  0.5904348958       0.000000000    
    26  0.5904348980       0.000000000    
    27  0.5991101705       0.000000000    
    28  0.5991101717       0.000000000    
    29  0.6524406241       0.000000000    
    30  0.6524406271       0.000000000    
    31  0.6547658493       0.000000000    
    32  0.6547658513       0.000000000    


    14  0.3750000000      0.2500000000       0.000000000     : k-point, vkl
 (state, eigenvalue and occupancy below)
     1 -0.5874134373       1.000000000    
     2 -0.5874134371       1.000000000    
     3 -0.5868824397       1.000000000    
     4 -0.5868824394       1.000000000    
     5 -0.4942851648       1.000000000    
     6 -0.4942851647       1.000000000    
     7 -0.4933627837       1.000000000    
     8 -0.4933627829       1.000000000    
     9 -0.4916659838       1.000000000    
    10 -0.4916659835       1.000000000    
    11 -0.2214578028       1.000000000    
    12 -0.2214578027       1.000000000    
    13  0.5808854247E-01  0.9999999991    
    14  0.5808854259E-01  0.9999999991    
    15  0.1470865753       0.000000000    
    16  0.1470865758       0.000000000    
    17  0.1866942014       0.000000000    
    18  0.1866942020       0.000000000    
    19  0.3123912718       0.000000000    
    20  0.3123912735       0.000000000    
    21  0.3600154683       0.000000000    
    22  0.3600154705       0.000000000    
    23  0.5410807410       0.000000000    
    24  0.5410807430       0.000000000    
    25  0.5745716998       0.000000000    
    26  0.5745717008       0.000000000    
    27  0.6388623144       0.000000000    
    28  0.6388623173       0.000000000    
    29  0.6810136841       0.000000000    
    30  0.6810136885       0.000000000    
    31  0.6993492581       0.000000000    
    32  0.6993492604       0.000000000    


    15  0.5000000000      0.2500000000       0.000000000     : k-point, vkl
 (state, eigenvalue and occupancy below)
     1 -0.5872790870       1.000000000    
     2 -0.5872790868       1.000000000    
     3 -0.5866325203       1.000000000    
     4 -0.5866325200       1.000000000    
     5 -0.4941149144       1.000000000    
     6 -0.4941149140       1.000000000    
     7 -0.4930006291       1.000000000    
     8 -0.4930006285       1.000000000    
     9 -0.4915200560       1.000000000    
    10 -0.4915200557       1.000000000    
    11 -0.1986179243       1.000000000    
    12 -0.1986179242       1.000000000    
    13  0.1678872367E-01   1.000000000    
    14  0.1678872383E-01   1.000000000    
    15  0.1106491890      0.1636856107E-13
    16  0.1106491898      0.1636854900E-13
    17  0.1805871631       0.000000000    
    18  0.1805871640       0.000000000    
    19  0.3076019767       0.000000000    
    20  0.3076019784       0.000000000    
    21  0.4368407653       0.000000000    
    22  0.4368407671       0.000000000    
    23  0.5137699872       0.000000000    
    24  0.5137699879       0.000000000    
    25  0.5396696263       0.000000000    
    26  0.5396696276       0.000000000    
    27  0.6353415949       0.000000000    
    28  0.6353415969       0.000000000    
    29  0.6822208340       0.000000000    
    30  0.6822208397       0.000000000    
    31  0.6997871775       0.000000000    
    32  0.6997871810       0.000000000    


    16  0.6250000000      0.2500000000       0.000000000     : k-point, vkl
 (state, eigenvalue and occupancy below)
     1 -0.5872739506       1.000000000    
     2 -0.5872739505       1.000000000    
     3 -0.5866730309       1.000000000    
     4 -0.5866730305       1.000000000    
     5 -0.4939660302       1.000000000    
     6 -0.4939660297       1.000000000    
     7 -0.4927125508       1.000000000    
     8 -0.4927125503       1.000000000    
     9 -0.4919934600       1.000000000    
    10 -0.4919934596       1.000000000    
    11 -0.1950500123       1.000000000    
    12 -0.1950500122       1.000000000    
    13  0.1318191539E-01   1.000000000    
    14  0.1318191553E-01   1.000000000    
    15  0.8887756135E-01  0.4669689322E-04
    16  0.8887756206E-01  0.4669685997E-04
    17  0.1954142843       0.000000000    
    18  0.1954142850       0.000000000    
    19  0.3207226988       0.000000000    
    20  0.3207227005       0.000000000    
    21  0.4843847948       0.000000000    
    22  0.4843847962       0.000000000    
    23  0.5159628533       0.000000000    
    24  0.5159628565       0.000000000    
    25  0.5491525367       0.000000000    
    26  0.5491525432       0.000000000    
    27  0.5862462818       0.000000000    
    28  0.5862462866       0.000000000    
    29  0.6008006280       0.000000000    
    30  0.6008006310       0.000000000    
    31  0.6507440529       0.000000000    
    32  0.6507440545       0.000000000    


    17  0.7500000000      0.2500000000       0.000000000     : k-point, vkl
 (state, eigenvalue and occupancy below)
     1 -0.5873722541       1.000000000    
     2 -0.5873722539       1.000000000    
     3 -0.5868071700       1.000000000    
     4 -0.5868071697       1.000000000    
     5 -0.4938791269       1.000000000    
     6 -0.4938791265       1.000000000    
     7 -0.4931232890       1.000000000    
     8 -0.4931232887       1.000000000    
     9 -0.4921820847       1.000000000    
    10 -0.4921820846       1.000000000    
    11 -0.2147235056       1.000000000    
    12 -0.2147235056       1.000000000    
    13  0.4084634057E-01   1.000000000    
    14  0.4084634070E-01   1.000000000    
    15  0.1032921628      0.2565230590E-10
    16  0.1032921633      0.2565229126E-10
    17  0.2229605840       0.000000000    
    18  0.2229605843       0.000000000    
    19  0.3510218335       0.000000000    
    20  0.3510218352       0.000000000    
    21  0.4731643280       0.000000000    
    22  0.4731643302       0.000000000    
    23  0.4929249305       0.000000000    
    24  0.4929249321       0.000000000    
    25  0.4984624910       0.000000000    
    26  0.4984624929       0.000000000    
    27  0.5308768199       0.000000000    
    28  0.5308768230       0.000000000    
    29  0.6593662102       0.000000000    
    30  0.6593662113       0.000000000    
    31  0.6719006208       0.000000000    
    32  0.6719006221       0.000000000    


    18  0.3750000000      0.3750000000       0.000000000     : k-point, vkl
 (state, eigenvalue and occupancy below)
     1 -0.5872940130       1.000000000    
     2 -0.5872940129       1.000000000    
     3 -0.5866665717       1.000000000    
     4 -0.5866665713       1.000000000    
     5 -0.4943644962       1.000000000    
     6 -0.4943644961       1.000000000    
     7 -0.4933280589       1.000000000    
     8 -0.4933280581       1.000000000    
     9 -0.4909301168       1.000000000    
    10 -0.4909301165       1.000000000    
    11 -0.2051693923       1.000000000    
    12 -0.2051693923       1.000000000    
    13  0.3640649097E-01   1.000000000    
    14  0.3640649115E-01   1.000000000    
    15  0.1392590873       0.000000000    
    16  0.1392590878       0.000000000    
    17  0.1754399318       0.000000000    
    18  0.1754399323       0.000000000    
    19  0.2763349725       0.000000000    
    20  0.2763349745       0.000000000    
    21  0.3089880504       0.000000000    
    22  0.3089880518       0.000000000    
    23  0.6335396131       0.000000000    
    24  0.6335396142       0.000000000    
    25  0.6710855502       0.000000000    
    26  0.6710855512       0.000000000    
    27  0.6831899321       0.000000000    
    28  0.6831899343       0.000000000    
    29  0.6914371247       0.000000000    
    30  0.6914371295       0.000000000    
    31  0.7737539289       0.000000000    
    32  0.7737539303       0.000000000    


    19  0.5000000000      0.3750000000       0.000000000     : k-point, vkl
 (state, eigenvalue and occupancy below)
     1 -0.5872410302       1.000000000    
     2 -0.5872410302       1.000000000    
     3 -0.5865723872       1.000000000    
     4 -0.5865723868       1.000000000    
     5 -0.4943115838       1.000000000    
     6 -0.4943115837       1.000000000    
     7 -0.4932525581       1.000000000    
     8 -0.4932525573       1.000000000    
     9 -0.4907825000       1.000000000    
    10 -0.4907824997       1.000000000    
    11 -0.1879749819       1.000000000    
    12 -0.1879749819       1.000000000    
    13  0.1495039923E-01   1.000000000    
    14  0.1495039943E-01   1.000000000    
    15  0.1094399382      0.5485061193E-13
    16  0.1094399383      0.5485060574E-13
    17  0.1587612880       0.000000000    
    18  0.1587612887       0.000000000    
    19  0.2782294047       0.000000000    
    20  0.2782294062       0.000000000    
    21  0.3405370667       0.000000000    
    22  0.3405370683       0.000000000    
    23  0.6157002995       0.000000000    
    24  0.6157003014       0.000000000    
    25  0.6395077494       0.000000000    
    26  0.6395077511       0.000000000    
    27  0.6984113503       0.000000000    
    28  0.6984113542       0.000000000    
    29  0.7161700779       0.000000000    
    30  0.7161700823       0.000000000    
    31  0.7791548584       0.000000000    
    32  0.7791548622       0.000000000    


    20  0.6250000000      0.3750000000       0.000000000     : k-point, vkl
 (state, eigenvalue and occupancy below)
     1 -0.5871725384       1.000000000    
     2 -0.5871725384       1.000000000    
     3 -0.5866166211       1.000000000    
     4 -0.5866166207       1.000000000    
     5 -0.4940196508       1.000000000    
     6 -0.4940196505       1.000000000    
     7 -0.4929664345       1.000000000    
     8 -0.4929664338       1.000000000    
     9 -0.4913325267       1.000000000    
    10 -0.4913325264       1.000000000    
    11 -0.1836754972       1.000000000    
    12 -0.1836754972       1.000000000    
    13  0.2236560872E-01   1.000000000    
    14  0.2236560901E-01   1.000000000    
    15  0.6432336119E-01  0.9999995356    
    16  0.6432336137E-01  0.9999995356    
    17  0.1681738312       0.000000000    
    18  0.1681738317       0.000000000    
    19  0.2924268416       0.000000000    
    20  0.2924268432       0.000000000    
    21  0.4299553093       0.000000000    
    22  0.4299553107       0.000000000    
    23  0.5788606310       0.000000000    
    24  0.5788606318       0.000000000    
    25  0.6040141957       0.000000000    
    26  0.6040141967       0.000000000    
    27  0.6108515000       0.000000000    
    28  0.6108515033       0.000000000    
    29  0.6200732463       0.000000000    
    30  0.6200732503       0.000000000    
    31  0.7905775739       0.000000000    
    32  0.7905775742       0.000000000    


    21  0.5000000000      0.5000000000       0.000000000     : k-point, vkl
 (state, eigenvalue and occupancy below)
     1 -0.5874461925       1.000000000    
     2 -0.5874461924       1.000000000    
     3 -0.5864741192       1.000000000    
     4 -0.5864741188       1.000000000    
     5 -0.4945632506       1.000000000    
     6 -0.4945632505       1.000000000    
     7 -0.4933183042       1.000000000    
     8 -0.4933183034       1.000000000    
     9 -0.4904598249       1.000000000    
    10 -0.4904598246       1.000000000    
    11 -0.1822037916       1.000000000    
    12 -0.1822037916       1.000000000    
    13  0.1719244586E-02   1.000000000    
    14  0.1719244781E-02   1.000000000    
    15  0.1263693974      0.2436748712E-20
    16  0.1263693979      0.2436747480E-20
    17  0.1627448892       0.000000000    
    18  0.1627448897       0.000000000    
    19  0.2562025285       0.000000000    
    20  0.2562025300       0.000000000    
    21  0.3000989229       0.000000000    
    22  0.3000989241       0.000000000    
    23  0.6775982776       0.000000000    
    24  0.6775982779       0.000000000    
    25  0.7179728812       0.000000000    
    26  0.7179728882       0.000000000    
    27  0.7239615045       0.000000000    
    28  0.7239615050       0.000000000    
    29  0.7366900188       0.000000000    
    30  0.7366900223       0.000000000    
    31  0.8111284393       0.000000000    
    32  0.8111284406       0.000000000    


    22  0.3750000000      0.2500000000      0.1250000000     : k-point, vkl
 (state, eigenvalue and occupancy below)
     1 -0.5874987045       1.000000000    
     2 -0.5874987043       1.000000000    
     3 -0.5869020522       1.000000000    
     4 -0.5869020519       1.000000000    
     5 -0.4940744087       1.000000000    
     6 -0.4940744085       1.000000000    
     7 -0.4933775306       1.000000000    
     8 -0.4933775302       1.000000000    
     9 -0.4921473735       1.000000000    
    10 -0.4921473732       1.000000000    
    11 -0.2355250197       1.000000000    
    12 -0.2355250197       1.000000000    
    13  0.7686859988E-01  0.8846453206    
    14  0.7686859998E-01  0.8846453109    
    15  0.1524304559       0.000000000    
    16  0.1524304564       0.000000000    
    17  0.2195793927       0.000000000    
    18  0.2195793929       0.000000000    
    19  0.3735004206       0.000000000    
    20  0.3735004221       0.000000000    
    21  0.3910358024       0.000000000    
    22  0.3910358048       0.000000000    
    23  0.4589144392       0.000000000    
    24  0.4589144416       0.000000000    
    25  0.5482498424       0.000000000    
    26  0.5482498434       0.000000000    
    27  0.5621024210       0.000000000    
    28  0.5621024242       0.000000000    
    29  0.6307538137       0.000000000    
    30  0.6307538187       0.000000000    
    31  0.6683286701       0.000000000    
    32  0.6683286739       0.000000000    


    23  0.5000000000      0.2500000000      0.1250000000     : k-point, vkl
 (state, eigenvalue and occupancy below)
     1 -0.5873986583       1.000000000    
     2 -0.5873986582       1.000000000    
     3 -0.5867507282       1.000000000    
     4 -0.5867507279       1.000000000    
     5 -0.4941021310       1.000000000    
     6 -0.4941021306       1.000000000    
     7 -0.4930559029       1.000000000    
     8 -0.4930559025       1.000000000    
     9 -0.4919181154       1.000000000    
    10 -0.4919181151       1.000000000    
    11 -0.2101791131       1.000000000    
    12 -0.2101791130       1.000000000    
    13  0.2772402226E-01   1.000000000    
    14  0.2772402244E-01   1.000000000    
    15  0.1223719455      0.1327033987E-18
    16  0.1223719460      0.1327033419E-18
    17  0.1932042563       0.000000000    
    18  0.1932042568       0.000000000    
    19  0.3643427315       0.000000000    
    20  0.3643427353       0.000000000    
    21  0.4176418454       0.000000000    
    22  0.4176418497       0.000000000    
    23  0.4674324906       0.000000000    
    24  0.4674324971       0.000000000    
    25  0.5444904644       0.000000000    
    26  0.5444904668       0.000000000    
    27  0.6108015514       0.000000000    
    28  0.6108015520       0.000000000    
    29  0.6344654262       0.000000000    
    30  0.6344654339       0.000000000    
    31  0.6724687074       0.000000000    
    32  0.6724687135       0.000000000    


    24  0.6250000000      0.2500000000      0.1250000000     : k-point, vkl
 (state, eigenvalue and occupancy below)
     1 -0.5873226266       1.000000000    
     2 -0.5873226264       1.000000000    
     3 -0.5866077333       1.000000000    
     4 -0.5866077330       1.000000000    
     5 -0.4941170858       1.000000000    
     6 -0.4941170852       1.000000000    
     7 -0.4927061333       1.000000000    
     8 -0.4927061331       1.000000000    
     9 -0.4918638165       1.000000000    
    10 -0.4918638163       1.000000000    
    11 -0.1963292081       1.000000000    
    12 -0.1963292079       1.000000000    
    13  0.2563565631E-02   1.000000000    
    14  0.2563565703E-02   1.000000000    
    15  0.1156557694      0.1095671251E-15
    16  0.1156557698      0.1095670879E-15
    17  0.1813837665       0.000000000    
    18  0.1813837670       0.000000000    
    19  0.3616965738       0.000000000    
    20  0.3616965786       0.000000000    
    21  0.4088875206       0.000000000    
    22  0.4088875247       0.000000000    
    23  0.5338296772       0.000000000    
    24  0.5338296784       0.000000000    
    25  0.5590087418       0.000000000    
    26  0.5590087537       0.000000000    
    27  0.5718592974       0.000000000    
    28  0.5718592998       0.000000000    
    29  0.5985276380       0.000000000    
    30  0.5985276392       0.000000000    
    31  0.6994347718       0.000000000    
    32  0.6994347832       0.000000000    


    25  0.5000000000      0.3750000000      0.1250000000     : k-point, vkl
 (state, eigenvalue and occupancy below)
     1 -0.5872643784       1.000000000    
     2 -0.5872643782       1.000000000    
     3 -0.5867193452       1.000000000    
     4 -0.5867193449       1.000000000    
     5 -0.4941807345       1.000000000    
     6 -0.4941807342       1.000000000    
     7 -0.4932127028       1.000000000    
     8 -0.4932127021       1.000000000    
     9 -0.4913304412       1.000000000    
    10 -0.4913304410       1.000000000    
    11 -0.2007861881       1.000000000    
    12 -0.2007861880       1.000000000    
    13  0.3328725250E-01   1.000000000    
    14  0.3328725265E-01   1.000000000    
    15  0.1152540212      0.1637409417E-15
    16  0.1152540216      0.1637408840E-15
    17  0.1542831379       0.000000000    
    18  0.1542831381       0.000000000    
    19  0.3266381293       0.000000000    
    20  0.3266381305       0.000000000    
    21  0.3646809328       0.000000000    
    22  0.3646809343       0.000000000    
    23  0.5154462794       0.000000000    
    24  0.5154462802       0.000000000    
    25  0.6511256060       0.000000000    
    26  0.6511256071       0.000000000    
    27  0.6788425534       0.000000000    
    28  0.6788425570       0.000000000    
    29  0.6886803361       0.000000000    
    30  0.6886803410       0.000000000    
    31  0.7187582171       0.000000000    
    32  0.7187582227       0.000000000    


    26  0.6250000000      0.3750000000      0.1250000000     : k-point, vkl
 (state, eigenvalue and occupancy below)
     1 -0.5871410626       1.000000000    
     2 -0.5871410625       1.000000000    
     3 -0.5866284788       1.000000000    
     4 -0.5866284786       1.000000000    
     5 -0.4939803324       1.000000000    
     6 -0.4939803320       1.000000000    
     7 -0.4928452485       1.000000000    
     8 -0.4928452480       1.000000000    
     9 -0.4915248387       1.000000000    
    10 -0.4915248384       1.000000000    
    11 -0.1861162322       1.000000000    
    12 -0.1861162321       1.000000000    
    13  0.2310220005E-01   1.000000000    
    14  0.2310220022E-01   1.000000000    
    15  0.7875731149E-01  0.5370478850    
    16  0.7875731184E-01  0.5370477975    
    17  0.1409700845       0.000000000    
    18  0.1409700849       0.000000000    
    19  0.3433830339       0.000000000    
    20  0.3433830368       0.000000000    
    21  0.4358855371       0.000000000    
    22  0.4358855404       0.000000000    
    23  0.4868581978       0.000000000    
    24  0.4868582012       0.000000000    
    25  0.5701229375       0.000000000    
    26  0.5701229402       0.000000000    
    27  0.6465184919       0.000000000    
    28  0.6465184943       0.000000000    
    29  0.7165253098       0.000000000    
    30  0.7165253152       0.000000000    
    31  0.7242988781       0.000000000    
    32  0.7242988864       0.000000000    


    27  0.7500000000      0.3750000000      0.1250000000     : k-point, vkl
 (state, eigenvalue and occupancy below)
     1 -0.5871613536       1.000000000    
     2 -0.5871613536       1.000000000    
     3 -0.5866740141       1.000000000    
     4 -0.5866740139       1.000000000    
     5 -0.4938980338       1.000000000    
     6 -0.4938980332       1.000000000    
     7 -0.4926271511       1.000000000    
     8 -0.4926271510       1.000000000    
     9 -0.4919642983       1.000000000    
    10 -0.4919642981       1.000000000    
    11 -0.1911602328       1.000000000    
    12 -0.1911602327       1.000000000    
    13  0.2901020437E-01   1.000000000    
    14  0.2901020458E-01   1.000000000    
    15  0.7123122163E-01  0.9995357177    
    16  0.7123122201E-01  0.9995357176    
    17  0.1588560762       0.000000000    
    18  0.1588560769       0.000000000    
    19  0.3619259608       0.000000000    
    20  0.3619259659       0.000000000    
    21  0.4564020268       0.000000000    
    22  0.4564020328       0.000000000    
    23  0.4764725453       0.000000000    
    24  0.4764725478       0.000000000    
    25  0.5514274136       0.000000000    
    26  0.5514274164       0.000000000    
    27  0.6253361807       0.000000000    
    28  0.6253361822       0.000000000    
    29  0.6442236835       0.000000000    
    30  0.6442236878       0.000000000    
    31  0.7309339178       0.000000000    
    32  0.7309339197       0.000000000    


    28  0.6250000000      0.5000000000      0.1250000000     : k-point, vkl
 (state, eigenvalue and occupancy below)
     1 -0.5870988856       1.000000000    
     2 -0.5870988856       1.000000000    
     3 -0.5865981902       1.000000000    
     4 -0.5865981898       1.000000000    
     5 -0.4940952324       1.000000000    
     6 -0.4940952322       1.000000000    
     7 -0.4931273165       1.000000000    
     8 -0.4931273158       1.000000000    
     9 -0.4908804132       1.000000000    
    10 -0.4908804129       1.000000000    
    11 -0.1814240707       1.000000000    
    12 -0.1814240707       1.000000000    
    13  0.1311843320E-01   1.000000000    
    14  0.1311843349E-01   1.000000000    
    15  0.1004991910      0.4188886920E-09
    16  0.1004991913      0.4188885674E-09
    17  0.1294583191       0.000000000    
    18  0.1294583194       0.000000000    
    19  0.3120680065       0.000000000    
    20  0.3120680079       0.000000000    
    21  0.3556672998       0.000000000    
    22  0.3556673007       0.000000000    
    23  0.5795344113       0.000000000    
    24  0.5795344123       0.000000000    
    25  0.6040541679       0.000000000    
    26  0.6040541712       0.000000000    
    27  0.7121887204       0.000000000    
    28  0.7121887216       0.000000000    
    29  0.7379578390       0.000000000    
    30  0.7379578420       0.000000000    
    31  0.8223825511       0.000000000    
    32  0.8223825563       0.000000000    


    29  0.7500000000      0.5000000000      0.2500000000     : k-point, vkl
 (state, eigenvalue and occupancy below)
     1 -0.5870209433       1.000000000    
     2 -0.5870209430       1.000000000    
     3 -0.5865982400       1.000000000    
     4 -0.5865982398       1.000000000    
     5 -0.4938889734       1.000000000    
     6 -0.4938889727       1.000000000    
     7 -0.4926265995       1.000000000    
     8 -0.4926265993       1.000000000    
     9 -0.4916541341       1.000000000    
    10 -0.4916541339       1.000000000    
    11 -0.1806261680       1.000000000    
    12 -0.1806261679       1.000000000    
    13  0.3375731784E-01   1.000000000    
    14  0.3375731805E-01   1.000000000    
    15  0.6907265651E-01  0.9999463577    
    16  0.6907265700E-01  0.9999463577    
    17  0.1073516096      0.4427219460E-12
    18  0.1073516097      0.4427218951E-12
    19  0.3947911056       0.000000000    
    20  0.3947911069       0.000000000    
    21  0.4640766241       0.000000000    
    22  0.4640766262       0.000000000    
    23  0.4669720859       0.000000000    
    24  0.4669720872       0.000000000    
    25  0.4743425063       0.000000000    
    26  0.4743425067       0.000000000    
    27  0.7230429013       0.000000000    
    28  0.7230429017       0.000000000    
    29  0.7542319671       0.000000000    
    30  0.7542319705       0.000000000    
    31  0.8224461979       0.000000000    
    32  0.8224461992       0.000000000    

