   84.129999999999995       -159463.27642506568     
   84.260000000000005       -138789.88867853527     
   84.390000000000001       -120504.56508479257     
   84.519999999999996       -104349.56700069546     
   84.650000000000006       -90091.448659916670     
   84.780000000000001       -77519.499978088759     
   84.909999999999997       -66444.114973074844     
   85.040000000000006       -56695.143152618482     
   85.170000000000002       -48120.265576923106     
   85.299999999999997       -40583.425096136096     
   85.430000000000007       -33963.330805304460     
   85.560000000000002       -28152.049495530417     
   85.689999999999998       -23053.691359585646     
   85.819999999999993       -18583.193069687437     
   85.950000000000003       -14665.198291692905     
   86.079999999999998       -11233.033498284671     
   86.209999999999994       -8227.7754051376978     
   86.340000000000003       -5597.4053277673938     
   86.469999999999999       -3296.0451226186492     
   86.599999999999994       -1283.2690386023341     
   86.730000000000004        476.51431064564861     
   86.859999999999999        2014.6155972871657     
   86.989999999999995        3358.5596340609300     
   87.120000000000005        4532.5267729420939     
   87.250000000000000        5557.7458933586213     
   87.379999999999995        6452.8437007391531     
   87.510000000000005        7234.1547162421002     
   87.640000000000001        7915.9959953833177     
   87.769999999999996        8510.9102755264212     
   87.900000000000006        9029.8809258925776     
   88.030000000000001        9482.5217630007937     
   88.159999999999997        9877.2445018821400     
   88.290000000000006        10221.406340500222     
   88.420000000000002        10521.439922180394     
   88.549999999999997        10782.967688497190     
   88.680000000000007        11010.902422535697     
   88.810000000000002        11209.535588954175     
   88.939999999999998        11382.614901847483     
   89.069999999999993        11533.412392929524     
   89.200000000000003        11664.784109835420     
   89.329999999999998        11779.222446183758     
   89.459999999999994        11878.901990243467     
   89.590000000000003        11965.719676453862     
   89.719999999999999        12041.329932544522     
   89.849999999999994        12107.175433543072     
   89.980000000000004        12164.514001562695     
   90.109999999999999        12214.442126019301     
   90.239999999999995        12257.915522001260     
   90.370000000000005        12295.767094133751     
   90.500000000000000        12328.722628746644     
   90.629999999999995        12357.414497832297     
   90.760000000000005        12382.393623593298     
   90.890000000000001        12404.139921812251     
   91.019999999999996        12423.071415360204     
   91.150000000000006        12439.552185479582     
   91.280000000000001        12453.899307658879     
   91.409999999999997        12466.388900626178     
   91.540000000000006        12477.261400930263     
   91.670000000000002        12486.726161487906     
   91.799999999999997        12494.965460119578     
   91.930000000000007        12502.137993265644     
   92.060000000000002        12508.381920587264     
   92.189999999999998        12513.817517848385     
   92.319999999999993        12518.549488203389     
   92.450000000000003        12522.668975652979     
   92.579999999999998        12526.255318866721     
   92.709999999999994        12529.377578706104     
   92.840000000000003        12532.095868530569     
   92.969999999999999        12534.462512654420     
   93.099999999999994        12536.523055078213     
   93.230000000000004        12538.317137785238     
   93.359999999999999        12539.879265420625     
   93.489999999999995        12541.239471012253     
   93.620000000000005        12542.423895509357     
   93.750000000000000        12543.455292271758     
   93.879999999999995        12544.353466209857     
   94.010000000000005        12545.135656025872     
   94.140000000000001        12545.816866917474     
   94.269999999999996        12546.410160155345     
   94.400000000000006        12546.926905118406     
   94.530000000000001        12547.376998649279     
   94.659999999999997        12547.769055963998     
   94.790000000000006        12548.110576802470     
   94.920000000000002        12548.408090029261     
   95.049999999999997        12548.667279478761     
   95.180000000000007        12548.893093477074     
   95.310000000000002        12549.089840157794     
   95.439999999999998        12549.261270414552     
   95.569999999999993        12549.410650094307     
   95.700000000000003        12549.540822827357     
   95.829999999999998        12549.654264709074     
   95.959999999999994        12549.753131890673     
   96.090000000000003        12549.839301999204     
   96.219999999999999        12549.914410187534     
   96.349999999999994        12549.979880511140     
   96.480000000000004        12550.036953238132     
   96.609999999999999        12550.086708620160     
   96.739999999999995        12550.130087583391     
   96.870000000000005        12550.167909739150     
   97.000000000000000        12550.200889061853     
   97.129999999999995        12550.229647536875     
   97.260000000000005        12550.254727041556     
   97.390000000000001        12550.276599688479     
   97.519999999999996        12550.295676830377     
   97.650000000000006        12550.312316900156     
   97.780000000000001        12550.326832236979     
   97.909999999999997        12550.339495029824     
   98.040000000000006        12550.350542492803     
   98.170000000000002        12550.360181371776     
   98.299999999999997        12550.368591868815     
   98.430000000000007        12550.375931059902     
   98.560000000000002        12550.382335871429     
   98.689999999999998        12550.387925672601     
   98.819999999999993        12550.392804533398     
   98.950000000000003        12550.397063191365     
   99.079999999999998        12550.400780764863     
   99.209999999999994        12550.404026245540     
   99.340000000000003        12550.406859798552     
   99.469999999999999        12550.409333895353     
   99.599999999999994        12550.411494300692     
   99.730000000000004        12550.413380932592     
   99.859999999999999        12550.415028611753     
   99.989999999999995        12550.416467714578     
   100.12000000000000        12550.417724742312     
   100.25000000000000        12550.418822817050     
   100.38000000000000        12550.419782114059     
   100.51000000000001        12550.420620238627     
   100.64000000000000        12550.421352554549     
   100.77000000000000        12550.421992470503     
   100.90000000000001        12550.422551689713     
   101.03000000000000        12550.423040427622     
   101.16000000000000        12550.423467601704     
   101.29000000000001        12550.423840996962     
   101.42000000000000        12550.424167410260     
   101.55000000000000        12550.424452776204     
   101.68000000000001        12550.424702276920     
   101.81000000000000        12550.424920437808     
   101.94000000000000        12550.425111211089     
   102.06999999999999        12550.425278048651     
   102.20000000000000        12550.425423965638     
   102.33000000000000        12550.425551595905     
   102.45999999999999        12550.425663240423     
   102.59000000000000        12550.425760909502     
   102.72000000000000        12550.425846359656     
   102.84999999999999        12550.425921125752     
   102.98000000000000        12550.425986549102     
   103.11000000000000        12550.426043801950     
   103.23999999999999        12550.426093908874     
   103.37000000000000        12550.426137765455     
   103.50000000000000        12550.426176154584     
   103.63000000000000        12550.426209760693     
   103.76000000000001        12550.426239182192     
   103.89000000000000        12550.426264942314     
   104.02000000000000        12550.426287498609     
   104.15000000000001        12550.426307251209     
   104.28000000000000        12550.426324550073     
   104.41000000000000        12550.426339701295     
   104.54000000000001        12550.426352972629     
   104.67000000000000        12550.426364598308     
   104.80000000000000        12550.426374783261     
   104.93000000000001        12550.426383706792     
   105.06000000000000        12550.426391525796     
   105.19000000000000        12550.426398377569     
   105.31999999999999        12550.426404382275     
   105.45000000000000        12550.426409645084     
   105.58000000000000        12550.426414258052     
   105.70999999999999        12550.426418301766     
   105.84000000000000        12550.426421846778     
   105.97000000000000        12550.426424954856     
   106.09999999999999        12550.426427680088     
   106.23000000000000        12550.426430069836     
   106.36000000000000        12550.426432165581     
   106.48999999999999        12550.426434003648     
   106.62000000000000        12550.426435615858     
   106.75000000000000        12550.426437030086     
   106.88000000000000        12550.426438270752     
   107.01000000000001        12550.426439359248     
   107.14000000000000        12550.426440314321     
   107.27000000000000        12550.426441152396     
   107.40000000000001        12550.426441887872     
   107.53000000000000        12550.426442533360     
   107.66000000000000        12550.426443099923     
   107.79000000000001        12550.426443597253     
   107.92000000000000        12550.426444033847     
   108.05000000000000        12550.426444417155     
   108.18000000000001        12550.426444753710     
   108.31000000000000        12550.426445049241     
   108.44000000000000        12550.426445308769     
   108.56999999999999        12550.426445536701     
   108.70000000000000        12550.426445736901     
   108.83000000000000        12550.426445912757     
   108.95999999999999        12550.426446067242     
   109.09000000000000        12550.426446202968     
   109.22000000000000        12550.426446322219     
   109.34999999999999        12550.426446427007     
   109.48000000000000        12550.426446519092     
   109.61000000000000        12550.426446600022     
   109.73999999999999        12550.426446671154     
   109.87000000000000        12550.426446733680     
   110.00000000000000        12550.426446788644     
   110.13000000000000        12550.426446836967     
   110.26000000000001        12550.426446879455     
   110.39000000000000        12550.426446916816     
   110.52000000000000        12550.426446949668     
   110.65000000000001        12550.426446978561     
   110.78000000000000        12550.426447003974     
   110.91000000000000        12550.426447026328     
   111.04000000000001        12550.426447045991     
   111.17000000000000        12550.426447063290     
   111.30000000000000        12550.426447078511     
   111.43000000000001        12550.426447091904     
   111.56000000000000        12550.426447103689     
   111.69000000000000        12550.426447114061     
   111.81999999999999        12550.426447123191     
   111.95000000000000        12550.426447131225     
   112.08000000000000        12550.426447138299     
   112.20999999999999        12550.426447144526     
   112.34000000000000        12550.426447150008     
   112.47000000000000        12550.426447154836     
   112.59999999999999        12550.426447159087     
   112.73000000000000        12550.426447162830     
   112.86000000000000        12550.426447166126     
   112.98999999999999        12550.426447169031     
   113.12000000000000        12550.426447171589     
   113.25000000000000        12550.426447173842     
   113.38000000000000        12550.426447175829     
   113.51000000000001        12550.426447177579     
   113.64000000000000        12550.426447179119     
   113.77000000000000        12550.426447180478     
   113.90000000000001        12550.426447181675     
   114.03000000000000        12550.426447182730     
   114.16000000000000        12550.426447183661     
   114.29000000000001        12550.426447184482     
   114.42000000000000        12550.426447185204     
   114.55000000000000        12550.426447185842     
   114.68000000000001        12550.426447186404     
   114.81000000000000        12550.426447186899     
   114.94000000000000        12550.426447187336     
   115.06999999999999        12550.426447187721     
   115.20000000000000        12550.426447188062     
   115.33000000000000        12550.426447188362     
   115.45999999999999        12550.426447188627     
   115.59000000000000        12550.426447188860     
   115.72000000000000        12550.426447189066     
   115.84999999999999        12550.426447189247     
   115.98000000000000        12550.426447189409     
   116.11000000000000        12550.426447189549     
   116.23999999999999        12550.426447189675     
   116.37000000000000        12550.426447189786     
   116.50000000000000        12550.426447189882     
   116.63000000000000        12550.426447189970     
   116.76000000000001        12550.426447190044     
   116.89000000000000        12550.426447190112     
   117.02000000000000        12550.426447190172     
   117.15000000000001        12550.426447190224     
   117.28000000000000        12550.426447190270     
   117.41000000000000        12550.426447190310     
   117.54000000000001        12550.426447190346     
   117.67000000000000        12550.426447190379     
   117.80000000000000        12550.426447190406     
   117.93000000000001        12550.426447190432     
   118.06000000000000        12550.426447190453     
   118.19000000000000        12550.426447190473     
   118.31999999999999        12550.426447190490     
   118.45000000000000        12550.426447190504     
   118.58000000000000        12550.426447190519     
   118.70999999999999        12550.426447190530     
   118.84000000000000        12550.426447190541     
   118.97000000000000        12550.426447190550     
   119.09999999999999        12550.426447190559     
   119.23000000000000        12550.426447190566     
   119.36000000000000        12550.426447190572     
   119.48999999999999        12550.426447190577     
   119.62000000000000        12550.426447190583     
   119.75000000000000        12550.426447190586     
   119.88000000000000        12550.426447190590     
   120.01000000000001        12550.426447190594     
   120.14000000000000        12550.426447190597     
   120.27000000000000        12550.426447190601     
   120.40000000000001        12550.426447190603     
   120.53000000000000        12550.426447190604     
   120.66000000000000        12550.426447190606     
   120.79000000000001        12550.426447190608     
   120.92000000000000        12550.426447190610     
   121.05000000000000        12550.426447190612     
   121.18000000000001        12550.426447190612     
   121.31000000000000        12550.426447190614     
   121.44000000000000        12550.426447190614     
   121.56999999999999        12550.426447190615     
   121.70000000000000        12550.426447190615     
   121.83000000000000        12550.426447190615     
   121.95999999999999        12550.426447190617     
   122.09000000000000        12550.426447190617     
   122.22000000000000        12550.426447190617     
   122.34999999999999        12550.426447190617     
   122.48000000000000        12550.426447190619     
   122.61000000000000        12550.426447190619     
   122.73999999999999        12550.426447190619     
   122.87000000000000        12550.426447190619     
   123.00000000000000        12550.426447190619     
   123.13000000000000        12550.426447190619     
   123.26000000000001        12550.426447190619     
   123.39000000000000        12550.426447190619     
   123.52000000000000        12550.426447190621     
   123.65000000000001        12550.426447190621     
   123.78000000000000        12550.426447190621     
   123.91000000000000        12550.426447190621     
   124.04000000000001        12550.426447190621     
   124.17000000000000        12550.426447190621     
   124.30000000000000        12550.426447190621     
   124.43000000000001        12550.426447190621     
   124.56000000000000        12550.426447190621     
   124.69000000000000        12550.426447190621     
   124.81999999999999        12550.426447190621     
   124.95000000000000        12550.426447190621     
   125.08000000000000        12550.426447190621     
   125.20999999999999        12550.426447190621     
   125.34000000000000        12550.426447190621     
   125.47000000000000        12550.426447190621     
   125.59999999999999        12550.426447190621     
   125.73000000000000        12550.426447190621     
   125.86000000000000        12550.426447190621     
   125.98999999999999        12550.426447190621     
   126.12000000000000        12550.426447190621     
   126.25000000000000        12550.426447190621     
   126.38000000000000        12550.426447190621     
   126.51000000000001        12550.426447190621     
   126.64000000000000        12550.426447190621     
   126.77000000000000        12550.426447190621     
   126.90000000000001        12550.426447190621     
   127.03000000000000        12550.426447190621     
   127.16000000000000        12550.426447190621     
   127.29000000000001        12550.426447190621     
   127.42000000000000        12550.426447190621     
   127.55000000000000        12550.426447190621     
   127.68000000000001        12550.426447190621     
   127.81000000000000        12550.426447190621     
   127.94000000000000        12550.426447190621     
   128.06999999999999        12550.426447190621     
   128.19999999999999        12550.426447190621     
   128.33000000000001        12550.426447190621     
   128.46000000000001        12550.426447190621     
   128.59000000000000        12550.426447190621     
   128.72000000000000        12550.426447190621     
   128.84999999999999        12550.426447190621     
   128.97999999999999        12550.426447190621     
   129.11000000000001        12550.426447190621     
   129.24000000000001        12550.426447190621     
   129.37000000000000        12550.426447190621     
   129.50000000000000        12550.426447190621     
   129.63000000000000        12550.426447190621     
   129.75999999999999        12550.426447190621     
   129.88999999999999        12550.426447190621     
   130.02000000000001        12550.426447190621     
   130.15000000000001        12550.426447190621     
   130.28000000000000        12550.426447190621     
   130.41000000000000        12550.426447190621     
   130.53999999999999        12550.426447190621     
   130.66999999999999        12550.426447190621     
   130.80000000000001        12550.426447190621     
   130.93000000000001        12550.426447190621     
   131.06000000000000        12550.426447190621     
   131.19000000000000        12550.426447190621     
   131.31999999999999        12550.426447190621     
   131.44999999999999        12550.426447190621     
   131.58000000000001        12550.426447190621     
   131.71000000000001        12550.426447190621     
   131.84000000000000        12550.426447190621     
   131.97000000000000        12550.426447190621     
   132.09999999999999        12550.426447190621     
   132.22999999999999        12550.426447190621     
   132.36000000000001        12550.426447190621     
   132.49000000000001        12550.426447190621     
   132.62000000000000        12550.426447190621     
   132.75000000000000        12550.426447190621     
   132.88000000000000        12550.426447190621     
   133.00999999999999        12550.426447190621     
   133.13999999999999        12550.426447190621     
   133.27000000000001        12550.426447190621     
   133.40000000000001        12550.426447190621     
   133.53000000000000        12550.426447190621     
   133.66000000000000        12550.426447190621     
   133.78999999999999        12550.426447190621     
   133.91999999999999        12550.426447190621     
   134.05000000000001        12550.426447190621     
   134.18000000000001        12550.426447190621     
   134.31000000000000        12550.426447190621     
   134.44000000000000        12550.426447190621     
   134.56999999999999        12550.426447190621     
   134.69999999999999        12550.426447190621     
   134.83000000000001        12550.426447190621     
   134.96000000000001        12550.426447190621     
   135.09000000000000        12550.426447190621     
   135.22000000000000        12550.426447190621     
   135.34999999999999        12550.426447190621     
   135.47999999999999        12550.426447190621     
   135.61000000000001        12550.426447190621     
   135.74000000000001        12550.426447190621     
   135.87000000000000        12550.426447190621     
   136.00000000000000        12550.426447190621     
   136.13000000000000        12550.426447190621     
   136.25999999999999        12550.426447190621     
   136.38999999999999        12550.426447190621     
   136.52000000000001        12550.426447190621     
   136.65000000000001        12550.426447190621     
   136.78000000000000        12550.426447190621     
   136.91000000000000        12550.426447190621     
   137.03999999999999        12550.426447190621     
   137.16999999999999        12550.426447190621     
   137.30000000000001        12550.426447190621     
   137.43000000000001        12550.426447190621     
   137.56000000000000        12550.426447190621     
   137.69000000000000        12550.426447190621     
   137.81999999999999        12550.426447190621     
   137.94999999999999        12550.426447190621     
   138.08000000000001        12550.426447190621     
   138.21000000000001        12550.426447190621     
   138.34000000000000        12550.426447190621     
   138.47000000000000        12550.426447190621     
   138.59999999999999        12550.426447190621     
   138.72999999999999        12550.426447190621     
   138.86000000000001        12550.426447190621     
   138.99000000000001        12550.426447190621     
   139.12000000000000        12550.426447190621     
   139.25000000000000        12550.426447190621     
   139.38000000000000        12550.426447190621     
   139.50999999999999        12550.426447190621     
   139.63999999999999        12550.426447190621     
   139.77000000000001        12550.426447190621     
   139.90000000000001        12550.426447190621     
   140.03000000000000        12550.426447190621     
   140.16000000000000        12550.426447190621     
   140.28999999999999        12550.426447190621     
   140.41999999999999        12550.426447190621     
   140.55000000000001        12550.426447190621     
   140.68000000000001        12550.426447190621     
   140.81000000000000        12550.426447190621     
   140.94000000000000        12550.426447190621     
   141.06999999999999        12550.426447190621     
   141.19999999999999        12550.426447190621     
   141.33000000000001        12550.426447190621     
   141.46000000000001        12550.426447190621     
   141.59000000000000        12550.426447190621     
   141.72000000000000        12550.426447190621     
   141.84999999999999        12550.426447190621     
   141.97999999999999        12550.426447190621     
   142.11000000000001        12550.426447190621     
   142.24000000000001        12550.426447190621     
   142.37000000000000        12550.426447190621     
   142.50000000000000        12550.426447190621     
   142.63000000000000        12550.426447190621     
   142.75999999999999        12550.426447190621     
   142.88999999999999        12550.426447190621     
   143.02000000000001        12550.426447190621     
   143.15000000000001        12550.426447190621     
   143.28000000000000        12550.426447190621     
   143.41000000000000        12550.426447190621     
   143.53999999999999        12550.426447190621     
   143.66999999999999        12550.426447190621     
   143.80000000000001        12550.426447190621     
   143.93000000000001        12550.426447190621     
   144.06000000000000        12550.426447190621     
   144.19000000000000        12550.426447190621     
   144.31999999999999        12550.426447190621     
   144.44999999999999        12550.426447190621     
   144.58000000000001        12550.426447190621     
   144.71000000000001        12550.426447190621     
   144.84000000000000        12550.426447190621     
   144.97000000000000        12550.426447190621     
   145.09999999999999        12550.426447190621     
   145.22999999999999        12550.426447190621     
   145.36000000000001        12550.426447190621     
   145.49000000000001        12550.426447190621     
   145.62000000000000        12550.426447190621     
   145.75000000000000        12550.426447190621     
   145.88000000000000        12550.426447190621     
   146.00999999999999        12550.426447190621     
   146.13999999999999        12550.426447190621     
   146.27000000000001        12550.426447190621     
   146.40000000000001        12550.426447190621     
   146.53000000000000        12550.426447190621     
   146.66000000000000        12550.426447190621     
   146.78999999999999        12550.426447190621     
   146.91999999999999        12550.426447190621     
   147.05000000000001        12550.426447190621     
   147.18000000000001        12550.426447190621     
   147.31000000000000        12550.426447190621     
   147.44000000000000        12550.426447190621     
   147.56999999999999        12550.426447190621     
   147.69999999999999        12550.426447190621     
   147.83000000000001        12550.426447190621     
   147.96000000000001        12550.426447190621     
   148.09000000000000        12550.426447190621     
   148.22000000000000        12550.426447190621     
   148.34999999999999        12550.426447190621     
   148.47999999999999        12550.426447190621     
   148.61000000000001        12550.426447190621     
   148.74000000000001        12550.426447190621     
   148.87000000000000        12550.426447190621     
   149.00000000000000        12550.426447190621     
   149.13000000000000        12550.426447190621     
   149.25999999999999        12550.426447190621     
   149.38999999999999        12550.426447190621     
   149.52000000000001        12550.426447190621     
   149.65000000000001        12550.426447190621     
   149.78000000000000        12550.426447190621     
   149.91000000000000        12550.426447190621     
   150.03999999999999        12550.426447190621     
   150.16999999999999        12550.426447190621     
   150.30000000000001        12550.426447190621     
   150.43000000000001        12550.426447190621     
   150.56000000000000        12550.426447190621     
   150.69000000000000        12550.426447190621     
   150.81999999999999        12550.426447190621     
   150.94999999999999        12550.426447190621     
   151.08000000000001        12550.426447190621     
   151.21000000000001        12550.426447190621     
   151.34000000000000        12550.426447190621     
   151.47000000000000        12550.426447190621     
   151.59999999999999        12550.426447190621     
   151.72999999999999        12550.426447190621     
   151.86000000000001        12550.426447190621     
   151.99000000000001        12550.426447190621     
   152.12000000000000        12550.426447190621     
   152.25000000000000        12550.426447190621     
   152.38000000000000        12550.426447190621     
   152.50999999999999        12550.426447190621     
   152.63999999999999        12550.426447190621     
   152.77000000000001        12550.426447190621     
   152.90000000000001        12550.426447190621     
   153.03000000000000        12550.426447190621     
   153.16000000000000        12550.426447190621     
   153.28999999999999        12550.426447190621     
   153.41999999999999        12550.426447190621     
   153.55000000000001        12550.426447190621     
   153.68000000000001        12550.426447190621     
   153.81000000000000        12550.426447190621     
   153.94000000000000        12550.426447190621     
   154.06999999999999        12550.426447190621     
   154.19999999999999        12550.426447190621     
   154.33000000000001        12550.426447190621     
   154.46000000000001        12550.426447190621     
   154.59000000000000        12550.426447190621     
   154.72000000000000        12550.426447190621     
   154.84999999999999        12550.426447190621     
   154.97999999999999        12550.426447190621     
   155.11000000000001        12550.426447190621     
   155.24000000000001        12550.426447190621     
   155.37000000000000        12550.426447190621     
   155.50000000000000        12550.426447190621     
   155.63000000000000        12550.426447190621     
   155.75999999999999        12550.426447190621     
   155.88999999999999        12550.426447190621     
   156.02000000000001        12550.426447190621     
   156.15000000000001        12550.426447190621     
   156.28000000000000        12550.426447190621     
   156.41000000000000        12550.426447190621     
   156.53999999999999        12550.426447190621     
   156.66999999999999        12550.426447190621     
   156.80000000000001        12550.426447190621     
   156.93000000000001        12550.426447190621     
   157.06000000000000        12550.426447190621     
   157.19000000000000        12550.426447190621     
   157.31999999999999        12550.426447190621     
   157.44999999999999        12550.426447190621     
   157.58000000000001        12550.426447190621     
   157.71000000000001        12550.426447190621     
   157.84000000000000        12550.426447190621     
   157.97000000000000        12550.426447190621     
   158.09999999999999        12550.426447190621     
   158.22999999999999        12550.426447190621     
   158.36000000000001        12550.426447190621     
   158.49000000000001        12550.426447190621     
   158.62000000000000        12550.426447190621     
   158.75000000000000        12550.426447190621     
   158.88000000000000        12550.426447190621     
   159.00999999999999        12550.426447190621     
   159.13999999999999        12550.426447190621     
   159.27000000000001        12550.426447190621     
   159.40000000000001        12550.426447190621     
   159.53000000000000        12550.426447190621     
   159.66000000000000        12550.426447190621     
   159.78999999999999        12550.426447190621     
   159.91999999999999        12550.426447190621     
   160.05000000000001        12550.426447190621     
   160.18000000000001        12550.426447190621     
   160.31000000000000        12550.426447190621     
   160.44000000000000        12550.426447190621     
   160.56999999999999        12550.426447190621     
   160.69999999999999        12550.426447190621     
   160.83000000000001        12550.426447190621     
   160.96000000000001        12550.426447190621     
   161.09000000000000        12550.426447190621     
   161.22000000000000        12550.426447190621     
   161.34999999999999        12550.426447190621     
   161.47999999999999        12550.426447190621     
   161.61000000000001        12550.426447190621     
   161.74000000000001        12550.426447190621     
   161.87000000000000        12550.426447190621     
   162.00000000000000        12550.426447190621     
   162.13000000000000        12550.426447190621     
   162.25999999999999        12550.426447190621     
   162.38999999999999        12550.426447190621     
   162.52000000000001        12550.426447190621     
   162.65000000000001        12550.426447190621     
   162.78000000000000        12550.426447190621     
   162.91000000000000        12550.426447190621     
   163.03999999999999        12550.426447190621     
   163.16999999999999        12550.426447190621     
   163.30000000000001        12550.426447190621     
   163.43000000000001        12550.426447190621     
   163.56000000000000        12550.426447190621     
   163.69000000000000        12550.426447190621     
   163.81999999999999        12550.426447190621     
   163.94999999999999        12550.426447190621     
   164.08000000000001        12550.426447190621     
   164.21000000000001        12550.426447190621     
   164.34000000000000        12550.426447190621     
   164.47000000000000        12550.426447190621     
   164.59999999999999        12550.426447190621     
   164.72999999999999        12550.426447190621     
   164.86000000000001        12550.426447190621     
   164.99000000000001        12550.426447190621     
   165.12000000000000        12550.426447190621     
   165.25000000000000        12550.426447190621     
   165.38000000000000        12550.426447190621     
   165.50999999999999        12550.426447190621     
   165.63999999999999        12550.426447190621     
   165.77000000000001        12550.426447190621     
   165.90000000000001        12550.426447190621     
   166.03000000000000        12550.426447190621     
   166.16000000000000        12550.426447190621     
   166.28999999999999        12550.426447190621     
   166.41999999999999        12550.426447190621     
   166.55000000000001        12550.426447190621     
   166.68000000000001        12550.426447190621     
   166.81000000000000        12550.426447190621     
   166.94000000000000        12550.426447190621     
   167.06999999999999        12550.426447190621     
   167.19999999999999        12550.426447190621     
   167.33000000000001        12550.426447190621     
   167.46000000000001        12550.426447190621     
   167.59000000000000        12550.426447190621     
   167.72000000000000        12550.426447190621     
   167.84999999999999        12550.426447190621     
   167.97999999999999        12550.426447190621     
   168.11000000000001        12550.426447190621     
   168.24000000000001        12550.426447190621     
   168.37000000000000        12550.426447190621     
   168.50000000000000        12550.426447190621     
   168.63000000000000        12550.426447190621     
   168.75999999999999        12550.426447190621     
   168.88999999999999        12550.426447190621     
   169.02000000000001        12550.426447190621     
   169.15000000000001        12550.426447190621     
   169.28000000000000        12550.426447190621     
   169.41000000000000        12550.426447190621     
   169.53999999999999        12550.426447190621     
   169.66999999999999        12550.426447190621     
   169.80000000000001        12550.426447190621     
   169.93000000000001        12550.426447190621     
   170.06000000000000        12550.426447190621     
   170.19000000000000        12550.426447190621     
   170.31999999999999        12550.426447190621     
   170.44999999999999        12550.426447190621     
   170.58000000000001        12550.426447190621     
   170.71000000000001        12550.426447190621     
   170.84000000000000        12550.426447190621     
   170.97000000000000        12550.426447190621     
   171.09999999999999        12550.426447190621     
   171.22999999999999        12550.426447190621     
   171.36000000000001        12550.426447190621     
   171.49000000000001        12550.426447190621     
   171.62000000000000        12550.426447190621     
   171.75000000000000        12550.426447190621     
   171.88000000000000        12550.426447190621     
   172.00999999999999        12550.426447190621     
   172.13999999999999        12550.426447190621     
   172.27000000000001        12550.426447190621     
   172.40000000000001        12550.426447190621     
   172.53000000000000        12550.426447190621     
   172.66000000000000        12550.426447190621     
   172.78999999999999        12550.426447190621     
   172.91999999999999        12550.426447190621     
   173.05000000000001        12550.426447190621     
   173.18000000000001        12550.426447190621     
   173.31000000000000        12550.426447190621     
   173.44000000000000        12550.426447190621     
   173.56999999999999        12550.426447190621     
   173.69999999999999        12550.426447190621     
   173.83000000000001        12550.426447190621     
   173.96000000000001        12550.426447190621     
   174.09000000000000        12550.426447190621     
   174.22000000000000        12550.426447190621     
   174.34999999999999        12550.426447190621     
   174.47999999999999        12550.426447190621     
   174.61000000000001        12550.426447190621     
   174.74000000000001        12550.426447190621     
   174.87000000000000        12550.426447190621     
   175.00000000000000        12550.426447190621     
   175.13000000000000        12550.426447190621     
   175.25999999999999        12550.426447190621     
   175.38999999999999        12550.426447190621     
   175.52000000000001        12550.426447190621     
   175.65000000000001        12550.426447190621     
   175.78000000000000        12550.426447190621     
   175.91000000000000        12550.426447190621     
   176.03999999999999        12550.426447190621     
   176.16999999999999        12550.426447190621     
   176.30000000000001        12550.426447190621     
   176.43000000000001        12550.426447190621     
   176.56000000000000        12550.426447190621     
   176.69000000000000        12550.426447190621     
   176.81999999999999        12550.426447190621     
   176.94999999999999        12550.426447190621     
   177.08000000000001        12550.426447190621     
   177.21000000000001        12550.426447190621     
   177.34000000000000        12550.426447190621     
   177.47000000000000        12550.426447190621     
   177.59999999999999        12550.426447190621     
   177.72999999999999        12550.426447190621     
   177.86000000000001        12550.426447190621     
   177.99000000000001        12550.426447190621     
   178.12000000000000        12550.426447190621     
   178.25000000000000        12550.426447190621     
   178.38000000000000        12550.426447190621     
   178.50999999999999        12550.426447190621     
   178.63999999999999        12550.426447190621     
   178.77000000000001        12550.426447190621     
   178.90000000000001        12550.426447190621     
   179.03000000000000        12550.426447190621     
   179.16000000000000        12550.426447190621     
   179.28999999999999        12550.426447190621     
   179.41999999999999        12550.426447190621     
   179.55000000000001        12550.426447190621     
   179.68000000000001        12550.426447190621     
   179.81000000000000        12550.426447190621     
   179.94000000000000        12550.426447190621     
   180.06999999999999        12550.426447190621     
   180.19999999999999        12550.426447190621     
   180.33000000000001        12550.426447190621     
   180.46000000000001        12550.426447190621     
   180.59000000000000        12550.426447190621     
   180.72000000000000        12550.426447190621     
   180.84999999999999        12550.426447190621     
   180.97999999999999        12550.426447190621     
   181.11000000000001        12550.426447190621     
   181.24000000000001        12550.426447190621     
   181.37000000000000        12550.426447190621     
   181.50000000000000        12550.426447190621     
   181.63000000000000        12550.426447190621     
   181.75999999999999        12550.426447190621     
   181.88999999999999        12550.426447190621     
   182.02000000000001        12550.426447190621     
   182.15000000000001        12550.426447190621     
   182.28000000000000        12550.426447190621     
   182.41000000000000        12550.426447190621     
   182.53999999999999        12550.426447190621     
   182.66999999999999        12550.426447190621     
   182.80000000000001        12550.426447190621     
   182.93000000000001        12550.426447190621     
   183.06000000000000        12550.426447190621     
   183.19000000000000        12550.426447190621     
   183.31999999999999        12550.426447190621     
   183.44999999999999        12550.426447190621     
   183.58000000000001        12550.426447190621     
   183.71000000000001        12550.426447190621     
   183.84000000000000        12550.426447190621     
   183.97000000000000        12550.426447190621     
   184.09999999999999        12550.426447190621     
   184.22999999999999        12550.426447190621     
   184.36000000000001        12550.426447190621     
   184.49000000000001        12550.426447190621     
   184.62000000000000        12550.426447190621     
   184.75000000000000        12550.426447190621     
   184.88000000000000        12550.426447190621     
   185.00999999999999        12550.426447190621     
   185.13999999999999        12550.426447190621     
   185.27000000000001        12550.426447190621     
   185.40000000000001        12550.426447190621     
   185.53000000000000        12550.426447190621     
   185.66000000000000        12550.426447190621     
   185.78999999999999        12550.426447190621     
   185.91999999999999        12550.426447190621     
   186.05000000000001        12550.426447190621     
   186.18000000000001        12550.426447190621     
   186.31000000000000        12550.426447190621     
   186.44000000000000        12550.426447190621     
   186.56999999999999        12550.426447190621     
   186.69999999999999        12550.426447190621     
   186.83000000000001        12550.426447190621     
   186.96000000000001        12550.426447190621     
   187.09000000000000        12550.426447190621     
   187.22000000000000        12550.426447190621     
   187.34999999999999        12550.426447190621     
   187.47999999999999        12550.426447190621     
   187.61000000000001        12550.426447190621     
   187.74000000000001        12550.426447190621     
   187.87000000000000        12550.426447190621     
   188.00000000000000        12550.426447190621     
   188.13000000000000        12550.426447190621     
   188.25999999999999        12550.426447190621     
   188.38999999999999        12550.426447190621     
   188.52000000000001        12550.426447190621     
   188.65000000000001        12550.426447190621     
   188.78000000000000        12550.426447190621     
   188.91000000000000        12550.426447190621     
   189.03999999999999        12550.426447190621     
   189.16999999999999        12550.426447190621     
   189.30000000000001        12550.426447190621     
   189.43000000000001        12550.426447190621     
   189.56000000000000        12550.426447190621     
   189.69000000000000        12550.426447190621     
   189.81999999999999        12550.426447190621     
   189.94999999999999        12550.426447190621     
   190.08000000000001        12550.426447190621     
   190.21000000000001        12550.426447190621     
   190.34000000000000        12550.426447190621     
   190.47000000000000        12550.426447190621     
   190.59999999999999        12550.426447190621     
   190.72999999999999        12550.426447190621     
   190.86000000000001        12550.426447190621     
   190.99000000000001        12550.426447190621     
   191.12000000000000        12550.426447190621     
   191.25000000000000        12550.426447190621     
   191.38000000000000        12550.426447190621     
   191.50999999999999        12550.426447190621     
   191.63999999999999        12550.426447190621     
   191.77000000000001        12550.426447190621     
   191.90000000000001        12550.426447190621     
   192.03000000000000        12550.426447190621     
   192.16000000000000        12550.426447190621     
   192.28999999999999        12550.426447190621     
   192.41999999999999        12550.426447190621     
   192.55000000000001        12550.426447190621     
   192.68000000000001        12550.426447190621     
   192.81000000000000        12550.426447190621     
   192.94000000000000        12550.426447190621     
   193.06999999999999        12550.426447190621     
   193.19999999999999        12550.426447190621     
   193.33000000000001        12550.426447190621     
   193.46000000000001        12550.426447190621     
   193.59000000000000        12550.426447190621     
   193.72000000000000        12550.426447190621     
   193.84999999999999        12550.426447190621     
   193.97999999999999        12550.426447190621     
   194.11000000000001        12550.426447190621     
   194.24000000000001        12550.426447190621     
   194.37000000000000        12550.426447190621     
   194.50000000000000        12550.426447190621     
   194.63000000000000        12550.426447190621     
   194.75999999999999        12550.426447190621     
   194.88999999999999        12550.426447190621     
   195.02000000000001        12550.426447190621     
   195.15000000000001        12550.426447190621     
   195.28000000000000        12550.426447190621     
   195.41000000000000        12550.426447190621     
   195.53999999999999        12550.426447190621     
   195.66999999999999        12550.426447190621     
   195.80000000000001        12550.426447190621     
   195.93000000000001        12550.426447190621     
   196.06000000000000        12550.426447190621     
   196.19000000000000        12550.426447190621     
   196.31999999999999        12550.426447190621     
   196.44999999999999        12550.426447190621     
   196.58000000000001        12550.426447190621     
   196.71000000000001        12550.426447190621     
   196.84000000000000        12550.426447190621     
   196.97000000000000        12550.426447190621     
   197.09999999999999        12550.426447190621     
   197.22999999999999        12550.426447190621     
   197.36000000000001        12550.426447190621     
   197.49000000000001        12550.426447190621     
   197.62000000000000        12550.426447190621     
   197.75000000000000        12550.426447190621     
   197.88000000000000        12550.426447190621     
   198.00999999999999        12550.426447190621     
   198.13999999999999        12550.426447190621     
   198.27000000000001        12550.426447190621     
   198.40000000000001        12550.426447190621     
   198.53000000000000        12550.426447190621     
   198.66000000000000        12550.426447190621     
   198.78999999999999        12550.426447190621     
   198.91999999999999        12550.426447190621     
   199.05000000000001        12550.426447190621     
   199.18000000000001        12550.426447190621     
   199.31000000000000        12550.426447190621     
   199.44000000000000        12550.426447190621     
   199.56999999999999        12550.426447190621     
   199.69999999999999        12550.426447190621     
   199.83000000000001        12550.426447190621     
   199.96000000000001        12550.426447190621     
   200.09000000000000        12550.426447190621     
   200.22000000000000        12550.426447190621     
   200.34999999999999        12550.426447190621     
   200.47999999999999        12550.426447190621     
   200.61000000000001        12550.426447190621     
   200.74000000000001        12550.426447190621     
   200.87000000000000        12550.426447190621     
   201.00000000000000        12550.426447190621     
   201.13000000000000        12550.426447190621     
   201.25999999999999        12550.426447190621     
   201.38999999999999        12550.426447190621     
   201.52000000000001        12550.426447190621     
   201.65000000000001        12550.426447190621     
   201.78000000000000        12550.426447190621     
   201.91000000000000        12550.426447190621     
   202.03999999999999        12550.426447190621     
   202.16999999999999        12550.426447190621     
   202.30000000000001        12550.426447190621     
   202.43000000000001        12550.426447190621     
   202.56000000000000        12550.426447190621     
   202.69000000000000        12550.426447190621     
   202.81999999999999        12550.426447190621     
   202.94999999999999        12550.426447190621     
   203.08000000000001        12550.426447190621     
   203.21000000000001        12550.426447190621     
   203.34000000000000        12550.426447190621     
   203.47000000000000        12550.426447190621     
   203.59999999999999        12550.426447190621     
   203.72999999999999        12550.426447190621     
   203.86000000000001        12550.426447190621     
   203.99000000000001        12550.426447190621     
   204.12000000000000        12550.426447190621     
   204.25000000000000        12550.426447190621     
   204.38000000000000        12550.426447190621     
   204.50999999999999        12550.426447190621     
   204.63999999999999        12550.426447190621     
   204.77000000000001        12550.426447190621     
   204.90000000000001        12550.426447190621     
   205.03000000000000        12550.426447190621     
   205.16000000000000        12550.426447190621     
   205.28999999999999        12550.426447190621     
   205.41999999999999        12550.426447190621     
   205.55000000000001        12550.426447190621     
   205.68000000000001        12550.426447190621     
   205.81000000000000        12550.426447190621     
   205.94000000000000        12550.426447190621     
   206.06999999999999        12550.426447190621     
   206.19999999999999        12550.426447190621     
   206.33000000000001        12550.426447190621     
   206.46000000000001        12550.426447190621     
   206.59000000000000        12550.426447190621     
   206.72000000000000        12550.426447190621     
   206.84999999999999        12550.426447190621     
   206.97999999999999        12550.426447190621     
   207.11000000000001        12550.426447190621     
   207.24000000000001        12550.426447190621     
   207.37000000000000        12550.426447190621     
   207.50000000000000        12550.426447190621     
   207.63000000000000        12550.426447190621     
   207.75999999999999        12550.426447190621     
   207.88999999999999        12550.426447190621     
   208.02000000000001        12550.426447190621     
   208.15000000000001        12550.426447190621     
   208.28000000000000        12550.426447190621     
   208.41000000000000        12550.426447190621     
   208.53999999999999        12550.426447190621     
   208.66999999999999        12550.426447190621     
   208.80000000000001        12550.426447190621     
   208.93000000000001        12550.426447190621     
   209.06000000000000        12550.426447190621     
   209.19000000000000        12550.426447190621     
   209.31999999999999        12550.426447190621     
   209.44999999999999        12550.426447190621     
   209.58000000000001        12550.426447190621     
   209.71000000000001        12550.426447190621     
   209.84000000000000        12550.426447190621     
   209.97000000000000        12550.426447190621     
   210.09999999999999        12550.426447190621     
   210.22999999999999        12550.426447190621     
   210.36000000000001        12550.426447190621     
   210.49000000000001        12550.426447190621     
   210.62000000000000        12550.426447190621     
   210.75000000000000        12550.426447190621     
   210.88000000000000        12550.426447190621     
   211.00999999999999        12550.426447190621     
   211.13999999999999        12550.426447190621     
   211.27000000000001        12550.426447190621     
   211.40000000000001        12550.426447190621     
   211.53000000000000        12550.426447190621     
   211.66000000000000        12550.426447190621     
   211.78999999999999        12550.426447190621     
   211.91999999999999        12550.426447190621     
   212.05000000000001        12550.426447190621     
   212.18000000000001        12550.426447190621     
   212.31000000000000        12550.426447190621     
   212.44000000000000        12550.426447190621     
   212.56999999999999        12550.426447190621     
   212.69999999999999        12550.426447190621     
   212.83000000000001        12550.426447190621     
   212.96000000000001        12550.426447190621     
   213.09000000000000        12550.426447190621     
   213.22000000000000        12550.426447190621     
   213.34999999999999        12550.426447190621     
   213.47999999999999        12550.426447190621     
   213.61000000000001        12550.426447190621     
   213.74000000000001        12550.426447190621     
   213.87000000000000        12550.426447190621     
   214.00000000000000        12550.426447190621     
