    0.261289898562E-02
    0.210284003696E-01
    0.546849542188E-01
    0.463862664560E-01
    0.150040522012    
    0.690585769453E-02
    0.144590140727E-01
    0.198729441180E-01
    0.230802299299E-01
    0.246920127102E-01
    0.254022848450E-01
    0.256717928181E-01
    0.257560124062E-01
    0.257751364190E-01
    0.257760685973E-01
    0.257739101123E-01
    0.257723464103E-01
    0.257715898730E-01
    0.257713078254E-01
    0.257712297158E-01
    0.257712194960E-01
    0.257712231300E-01
    0.257712266844E-01
    0.257712287090E-01
    0.257712311033E-01
