  -4969819162.1698074       -14370765.829146584     
  -4398283558.4231157       -12735208.650434433     
  -3887937069.3657827       -11272501.052748926     
  -3433115353.8116407       -9966924.0216542371     
  -3028492672.1996698       -8803656.9445848465     
  -2669106622.5554905       -7768854.8138906490     
  -2350367821.2910762       -6849682.5615991466     
  -2068058518.9167898       -6034317.6507017147     
  -1818323273.5585942       -5311929.6627938831     
  -1597654110.9770217       -4672643.7074075937     
  -1402872043.7687597       -4107492.9402607717     
  -1231106381.7411044       -3608364.2549992087     
  -1079772914.2902918       -3167940.2353377230     
  -946551768.66599858       -2779639.6807239163     
  -829365531.22141838       -2437558.4107052949     
  -726358048.46052778       -2136411.5735040498     
  -635874192.85362947       -1871478.3111774495     
  -556440777.53224492       -1638549.3468013380     
  -486748726.54943955       -1433877.8374318336     
  -425636549.34942567       -1254133.6691883544     
  -372075125.52894884       -1096361.2469383627     
  -325153774.75029260       -957940.73914641771     
  -284067564.82541478       -836552.67314750736     
  -248105796.54139286       -730145.73189915414     
  -216641594.48277763       -636907.57376623480     
  -189122528.04422635       -555238.47968188440     
  -165062185.03472018       -483727.62435775832     
  -144032620.53647822       -421131.76659691357     
  -125657605.64641134       -366356.15722782136     
  -109606603.93746828       -318437.47042892850     
  -95589407.283894435       -276528.57336291723     
  -83351366.997036949       -239884.95980884472     
  -72669160.825285271       -207852.68531412745     
  -63347040.940726295       -179857.65327094786     
  -55213512.575742401       -155396.11328039586     
  -48118397.421326183       -134026.24500952254     
  -41930240.075482190       -115360.71192531464     
  -36534019.789717190       -99060.079960567149     
  -31829133.490347199       -84827.006279075285     
  -27727619.462713793       -72401.112590334145     
  -24152594.248749115       -61554.466111722155     
  -21036878.200815205       -52087.599215765884     
  -18321787.775362838       -43826.006075572273     
  -15956075.025590643       -36617.061182845282     
  -13894996.921370273       -30327.310627871851     
  -12099499.069114855       -24840.092435893828     
  -10535500.150509229       -20053.447121534009     
  -9173264.9618840963       -15878.283989869075     
  -7986855.3429724239       -12236.772656384201     
  -6953649.5276837787       -9060.9327502157103     
  -6053921.5613898458       -6291.3978947730675     
  -5270473.4208215401       -3876.3328581394658     
  -4588313.3487170506       -1770.4852422498104     
  -3994374.6909333817        65.644723181563336     
  -3477270.2155250628        1666.5307509974396     
  -3027077.5000487091        3062.2561743782126     
  -2635151.5095567615        4279.0699470086347     
  -2293960.9646726265        5339.8728176734785     
  -1996945.5146753939        6264.6423427151522     
  -1738391.0990161521        7070.8043431673968     
  -1513321.2049983332        7773.5574816896415     
  -1317402.0139645666        8386.1568154069264     
  -1146859.6772520286        8920.1614634379166     
  -998408.18426304206        9385.6508890506902     
  -869186.47712035314        9791.4137406688988     
  -756703.63483432797        10145.112707858356     
  -658791.09868321836        10453.428416358989     
  -573561.04057536658        10722.185007887294     
  -499370.08829008933        10956.459724148910     
  -434787.72309080086        11160.678517550863     
  -378568.75017178507        11338.699463218523     
  -329629.32018546679        11493.885518810164     
  -287026.04525501525        11629.167987857079     
  -249937.81230460617        11747.101867511035     
  -217649.94612106634        11849.914115986279     
  -189540.42014784284        11939.545740372281     
  -165067.85056820605        12017.688494915161     
  -143761.04418952324        12085.816876277018     
  -125209.89918730310        12145.216017975834     
  -109057.48441859093        12197.006006972057     
  -94993.144522600502        12242.163081701461     
  -82746.498758691829        12281.538108921455     
  -72082.217511512426        12315.872689374213     
  -62795.476043875089        12345.813195402488     
  -54707.997678391657        12371.923006080113     
  -47664.610412502181        12394.693169911166     
  -41530.249839731143        12414.551698794223     
  -36187.351187701672        12431.871666809440     
  -31533.579608433753        12446.978268622999     
  -27479.854827800576        12460.154971217235     
  -23948.632442526701        12471.648873890968     
  -20872.407907236913        12481.675380405402     
  -18192.414936300167        12490.422269655866     
  -15857.492536709451        12498.053243981396     
  -13823.099375184613        12504.711020337449     
  -12050.455718279796        12510.520025183892     
  -10505.796879071788        12515.588742427424     
  -9159.7236383328200        12520.011759212095     
  -7986.6365423363231        12523.871550083320     
  -6964.2440599619340        12527.240030305480     
  -6073.1341273591797        12530.179910922481     
  -5296.4015182717276        12532.745878861988     
  -4619.3233932764042        12534.985625898204     
  -4029.0769365015699        12536.940745373240     
  -3514.4936352911577        12538.647513619524     
  -3065.8453469360948        12540.137571239182     
  -2674.6580668222955        12541.438516985250     
  -2333.5499076240681        12542.574425133202     
  -2036.0899377711926        12543.566296877429     
  -1776.6754907803634        12544.432453174062     
  -1550.4250626672851        12545.188878178793     
  -1353.0853432302576        12545.849517734665     
  -1180.9501039838101        12546.426540168515     
  -1030.7897207342339        12546.930563183501     
  -899.78962776745163        12547.370852289763     
  -785.49685489780552        12547.755493392857     
  -685.77348527517688        12548.091543241486     
  -598.75597062343797        12548.385161139260     
  -522.81996500284367        12548.641722909992     
  -456.54937623759980        12548.865921371276     
  -398.70969759260947        12549.061852992592     
  -348.22461506286197        12549.233094031815     
  -304.15569910028574        12549.382766712828     
  -265.68456623975914        12549.513597452524     
  -232.09768374286242        12549.627966481734     
  -202.77272171271451        12549.727952525578     
  -177.16688202704603        12549.815371036828     
  -154.80684263097251        12549.891807164699     
  -135.27960053079624        12549.958645869981     
  -118.22497458345528        12550.017096553924     
  -103.32871549450371        12550.068215768752     
  -90.316638666008714        12550.112926566095     
  -78.949527624658984        12550.152035323694     
  -69.018679687152655        12550.186246472136     
  -60.341895762943608        12550.216175788270     
  -52.760246878009049        12550.242361094419     
  -46.134951180937016        12550.265272647013     
  -40.344932957838182        12550.285321232714     
  -35.284458838547522        12550.302866050772     
  -30.861274883882771        12550.318220908855     
  -26.994776062410008        12550.331660347512     
  -23.614678764082353        12550.343424054241     
  -20.659513335880018        12550.353721934145     
  -18.075653089074848        12550.362737342195     
  -15.816298674564269        12550.370630492509     
  -13.840469043244182        12550.377541867478     
  -12.112501401147483        12550.383593866178     
  -10.601151855138129        12550.388893864172     
  -9.2791537841391030        12550.393535686189     
  -8.1227029518022089        12550.397601345894     
  -7.1109982653699824        12550.401162601203     
  -6.2258016755734058        12550.404282452497     
  -5.4512618700537097        12550.407015719396     
  -4.7734947515067612        12550.409410480781     
  -4.1803216301231121        12550.411508966388     
  -3.6611853688659743        12550.413347823589     
  -3.2067913812591833        12550.414959361909     
  -2.8090287677065930        12550.416371810894     
  -2.4608141690628385        12550.417609854268     
  -2.1559531411112731        12550.418695105272     
  -1.8890290973596739        12550.419646486769     
  -1.6552658071557740        12550.420480708293     
  -1.4505851584990475        12550.421212048188     
  -1.2713027306454112        12550.421853430425     
  -1.1142804650992459        12550.422415870846     
 -0.97671922382132814        12550.422909211395     
 -0.85622716127001519        12550.423341868607     
 -0.75066543328059832        12550.423721381116     
 -0.65818057350674219        12550.424054288675     
 -0.57714235364829458        12550.424346351065     
 -0.50611846240870739        12550.424602635538     
 -0.44387315974303188        12550.424827518154     
 -0.38929182328676626        12550.425024953274     
 -0.34147914905555782        12550.425198115654     
 -0.29955896103529928        12550.425350122527     
 -0.26280568984645863        12550.425483556031     
 -0.23059516786980028        12550.425600639292     
 -0.20234162714766740        12550.425703463978     
 -0.17754665601274489        12550.425793811286     
 -0.15583299967482492        12550.425873026921     
 -0.13677086675329225        12550.425942653483     
 -0.12004501157459513        12550.426003820456     
 -0.10537794791464156        12550.426057523197     
  -9.2527701723606484E-002   12550.426104630498     
  -8.1216852105165119E-002   12550.426146144573     
  -7.1325914573051277E-002   12550.426182490884     
  -6.2635779795970903E-002   12550.426214462965     
  -5.5004934764547368E-002   12550.426242571510     
  -4.8311608520661395E-002   12550.426267256242     
  -4.2424439989964112E-002   12550.426288993931     
  -3.7274835016862573E-002   12550.426308031012     
  -3.2754088196683753E-002   12550.426324763272     
  -2.8771459260743266E-002   12550.426339521437     
  -2.5272504047830484E-002   12550.426352502775     
  -2.2202308036810701E-002   12550.426363906989     
  -1.9531094831379860E-002   12550.426373840955     
  -1.7163485891380136E-002   12550.426382656275     
  -1.5087330252106500E-002   12550.426390395602     
  -1.3260230192625781E-002   12550.426397214596     
  -1.1668153308536679E-002   12550.426403163465     
  -1.0239996857984560E-002   12550.426408506168     
  -8.9974104630299017E-003   12550.426413160203     
  -7.9355076066837983E-003   12550.426417142153     
  -6.9589358798953253E-003   12550.426420808431     
  -6.1173574513137784E-003   12550.426423971683     
  -5.3936695114779826E-003   12550.426426694994     
  -4.7431486709413337E-003   12550.426429145820     
  -4.1713477899184993E-003   12550.426431302601     
  -3.6654887571390209E-003   12550.426433212902     
  -3.2214820543742147E-003   12550.426434891609     
  -2.8344280990817263E-003   12550.426436356707     
  -2.5071490508059525E-003   12550.426437596961     
  -2.1976260896636678E-003   12550.426438771286     
  -1.9470418401175351E-003   12550.426439723098     
  -1.7077331631955390E-003   12550.426440633124     
  -1.5137619567321217E-003   12550.426441371590     
  -1.3259576914953467E-003   12550.426442087401     
  -1.1673418726575529E-003   12550.426442692677     
  -1.0142658484809800E-003   12550.426443277522     
  -8.9857037271420380E-004   12550.426443720082     
  -7.9297456976139898E-004   12550.426444124456     
  -7.0833591453642135E-004   12550.426444448925     
  -6.2806115416250000E-004   12550.426444756991     
  -5.4799544264371911E-004   12550.426445064617     
  -4.8785470013050942E-004   12550.426445295949     
  -4.2093293537868239E-004   12550.426445553676     
  -3.6327464802026523E-004   12550.426445776018     
  -3.2789312928774913E-004   12550.426445912617     
  -2.7808723955054400E-004   12550.426446105124     
  -2.6720363352979588E-004   12550.426446147227     
  -2.2986228178033832E-004   12550.426446291829     
  -2.0064770427446460E-004   12550.426446405105     
  -1.8436802468040436E-004   12550.426446468278     
  -1.5964799756004966E-004   12550.426446564323     
  -1.3560737921890133E-004   12550.426446657859     
  -1.2784644047181325E-004   12550.426446688072     
  -1.0737271822149834E-004   12550.426446767897     
  -8.3005461044193107E-005   12550.426446863055     
  -7.6511880981393806E-005   12550.426446888472     
  -7.0736906358139699E-005   12550.426446911086     
  -6.4583030684943574E-005   12550.426446935197     
  -4.7519417884106771E-005   12550.426447002143     
  -5.4248177908939045E-005   12550.426446975729     
  -3.1879950408914083E-005   12550.426447063674     
  -2.8130136569832798E-005   12550.426447078480     
  -3.1527180465864628E-005   12550.426447065127     
  -2.5621550308147752E-005   12550.426447088434     
  -1.6318876254399053E-005   12550.426447125201     
  -3.2402572546765138E-005   12550.426447061624     
  -1.8984249157439411E-005   12550.426447114709     
  -2.5203452597866912E-005   12550.426447090058     
  -1.7272661655977220E-005   12550.426447121496     
  -1.2595193522210318E-005   12550.426447140071     
   2.4824551547924902E-007   12550.426447191159     
  -1.9023445817778240E-005   12550.426447114476     
  -2.0904885514042022E-006   12550.426447181937     
  -1.2974094572152330E-005   12550.426447138534     
  -7.4604310178237471E-006   12550.426447160540     
   6.2714656542126071E-006   12550.426447215461     
  -5.7749746232541088E-006   12550.426447167283     
   3.5538305373871439E-006   12550.426447204676     
   1.8553085893712295E-006   12550.426447197899     
  -1.5835450776886833E-005   12550.426447126860     
  -3.7890104994201168E-007   12550.426447188966     
  -9.1720185192859375E-006   12550.426447153577     
   7.9046598349971396E-006   12550.426447222379     
  -5.6965813025764508E-006   12550.426447167545     
   8.8845763434678598E-007   12550.426447194130     
  -1.4502764325366652E-006   12550.426447184685     
  -1.4790206501184730E-005   12550.426447130687     
  -1.4202256596102299E-005   12550.426447133012     
  -1.3065553446276263E-006   12550.426447185271     
  -4.2985670838248906E-006   12550.426447173119     
   2.3256685134371749E-006   12550.426447200038     
  -9.3026740537486997E-006   12550.426447152722     
  -1.3418323389325724E-005   12550.426447135915     
  -1.0896671574194405E-005   12550.426447146145     
  -2.5085862616850426E-006   12550.426447180353     
   1.1092654875888548E-005   12550.426447235946     
   2.5085862616850426E-006   12550.426447200869     
  -1.9990296772802686E-006   12550.426447182415     
  -2.9136184185196069E-006   12550.426447178657     
  -6.5327767231381317E-007   12550.426447187927     
   4.4161570648413776E-006   12550.426447208760     
   1.1968046956789058E-005   12550.426447239854     
  -5.0302380768163621E-006   12550.426447169893     
   6.6764978110471706E-006   12550.426447218142     
  -6.6503667041546185E-006   12550.426447163163     
   8.3096919918317047E-006   12550.426447224952     
  -2.1558163186355837E-006   12550.426447181699     
  -1.1406228158599178E-005   12550.426447143383     
   7.1468577351131168E-006   12550.426447220243     
  -1.1758998101648638E-007   12550.426447190130     
  -6.5589078300306844E-006   12550.426447163371     
  -1.2255489132607136E-005   12550.426447139651     
   9.4463951416577388E-006   12550.426447229944     
   4.9649103095849801E-006   12550.426447211310     
   9.9298206191699607E-007   12550.426447194761     
  -2.5216518151313191E-006   12550.426447180087     
  -5.6443190887913457E-006   12550.426447167021     
  -8.4011508659556379E-006   12550.426447155460     
  -1.0857474913855576E-005   12550.426447145132     
  -1.3026356785937436E-005   12550.426447135987     
   1.1811260315433742E-005   12550.426447240208     
   1.0099672813971551E-005   12550.426447233067     
   8.5840686142035060E-006   12550.426447226735     
   7.2383166092370500E-006   12550.426447221105     
   6.0493512456259100E-006   12550.426447216125     
   4.9910414164775331E-006   12550.426447211685     
   4.0633871217919183E-006   12550.426447207788     
   3.2271917012302372E-006   12550.426447204269     
   2.4955207082387665E-006   12550.426447201186     
   1.8291774824786770E-006   12550.426447198373     
   1.2542931308425213E-006   12550.426447195941     
   7.4473654643774710E-007   12550.426447193784     
   2.8744217581807780E-007   12550.426447191843     
  -1.1758998101648638E-007   12550.426447190121     
  -4.8342547751222177E-007   12550.426447188562     
  -7.9699876022285215E-007   12550.426447187221     
  -1.0844409360409299E-006   12550.426447185991     
  -1.3326864515201789E-006   12550.426447184926     
  -1.5678664135531518E-006   12550.426447183914     
  -1.7638497152472957E-006   12550.426447183067     
  -1.9337019100488871E-006   12550.426447182332     
  -2.0904885514042022E-006   12550.426447181650     
  -2.2342096393132413E-006   12550.426447181024     
  -2.3517996203297275E-006   12550.426447180507     
  -2.4693896013462140E-006   12550.426447179992     
  -2.5608484754701476E-006   12550.426447179587     
  -2.6523073495940817E-006   12550.426447179181     
  -2.7307006702717392E-006   12550.426447178830     
  -2.7960284375031203E-006   12550.426447178535     
  -2.8613562047345019E-006   12550.426447178241     
  -2.9136184185196069E-006   12550.426447178002     
  -2.9528150788584355E-006   12550.426447177819     
  -3.0050772926435409E-006   12550.426447177579     
  -3.0442739529823695E-006   12550.426447177397     
  -3.0704050598749220E-006   12550.426447177269     
  -3.1096017202137510E-006   12550.426447177084     
  -3.1357328271063036E-006   12550.426447176957     
  -3.1487983805525796E-006   12550.426447176886     
  -3.1749294874451321E-006   12550.426447176758     
  -3.1879950408914086E-006   12550.426447176687     
  -3.2141261477839611E-006   12550.426447176558     
  -3.2271917012302372E-006   12550.426447176487     
  -3.2402572546765136E-006   12550.426447176416     
  -3.2533228081227897E-006   12550.426447176344     
  -3.2663883615690662E-006   12550.426447176273     
  -3.2663883615690662E-006   12550.426447176258     
  -3.2794539150153422E-006   12550.426447176185     
  -3.2794539150153422E-006   12550.426447176171     
  -3.2925194684616187E-006   12550.426447176100     
  -3.2925194684616187E-006   12550.426447176085     
  -3.3055850219078947E-006   12550.426447176013     
  -3.3055850219078947E-006   12550.426447175998     
  -3.3055850219078947E-006   12550.426447175983     
  -3.3186505753541712E-006   12550.426447175911     
  -3.3186505753541712E-006   12550.426447175896     
  -3.3186505753541712E-006   12550.426447175882     
  -3.3186505753541712E-006   12550.426447175867     
  -3.3317161288004473E-006   12550.426447175794     
  -3.3317161288004473E-006   12550.426447175780     
  -3.3317161288004473E-006   12550.426447175765     
  -3.3317161288004473E-006   12550.426447175751     
  -3.3317161288004473E-006   12550.426447175734     
  -3.3317161288004473E-006   12550.426447175720     
  -3.3317161288004473E-006   12550.426447175705     
  -3.3317161288004473E-006   12550.426447175691     
  -3.3317161288004473E-006   12550.426447175676     
  -3.3317161288004473E-006   12550.426447175661     
  -3.3447816822467237E-006   12550.426447175589     
  -3.3447816822467237E-006   12550.426447175574     
  -3.3447816822467237E-006   12550.426447175558     
  -3.3447816822467237E-006   12550.426447175543     
  -3.3447816822467237E-006   12550.426447175529     
  -3.3447816822467237E-006   12550.426447175514     
  -3.3447816822467237E-006   12550.426447175500     
  -3.3447816822467237E-006   12550.426447175485     
  -3.3447816822467237E-006   12550.426447175470     
  -3.3447816822467237E-006   12550.426447175454     
  -3.3447816822467237E-006   12550.426447175440     
  -3.3447816822467237E-006   12550.426447175425     
  -3.3447816822467237E-006   12550.426447175410     
  -3.3447816822467237E-006   12550.426447175396     
  -3.3447816822467237E-006   12550.426447175381     
  -3.3447816822467237E-006   12550.426447175367     
  -3.3447816822467237E-006   12550.426447175352     
  -3.3447816822467237E-006   12550.426447175338     
  -3.3447816822467237E-006   12550.426447175321     
  -3.3447816822467237E-006   12550.426447175307     
  -3.3447816822467237E-006   12550.426447175292     
  -3.3447816822467237E-006   12550.426447175278     
  -3.3447816822467237E-006   12550.426447175263     
  -3.3447816822467237E-006   12550.426447175249     
  -3.3447816822467237E-006   12550.426447175234     
  -3.3447816822467237E-006   12550.426447175218     
  -3.3447816822467237E-006   12550.426447175203     
  -3.3447816822467237E-006   12550.426447175189     
  -3.3447816822467237E-006   12550.426447175174     
  -3.3447816822467237E-006   12550.426447175159     
  -3.3447816822467237E-006   12550.426447175145     
  -3.3447816822467237E-006   12550.426447175130     
  -3.3447816822467237E-006   12550.426447175116     
  -3.3447816822467237E-006   12550.426447175101     
  -3.3447816822467237E-006   12550.426447175085     
  -3.3447816822467237E-006   12550.426447175070     
  -3.3447816822467237E-006   12550.426447175056     
  -3.3447816822467237E-006   12550.426447175041     
  -3.3447816822467237E-006   12550.426447175027     
  -3.3447816822467237E-006   12550.426447175012     
  -3.3447816822467237E-006   12550.426447174998     
  -3.3447816822467237E-006   12550.426447174981     
  -3.3447816822467237E-006   12550.426447174967     
  -3.3447816822467237E-006   12550.426447174952     
  -3.3447816822467237E-006   12550.426447174937     
  -3.3447816822467237E-006   12550.426447174923     
  -3.3447816822467237E-006   12550.426447174908     
  -3.3447816822467237E-006   12550.426447174894     
  -3.3447816822467237E-006   12550.426447174879     
  -3.3447816822467237E-006   12550.426447174865     
  -3.3447816822467237E-006   12550.426447174848     
  -3.3447816822467237E-006   12550.426447174834     
  -3.3447816822467237E-006   12550.426447174819     
  -3.3447816822467237E-006   12550.426447174805     
  -3.3447816822467237E-006   12550.426447174790     
  -3.3447816822467237E-006   12550.426447174776     
  -3.3447816822467237E-006   12550.426447174761     
  -3.3447816822467237E-006   12550.426447174745     
  -3.3447816822467237E-006   12550.426447174730     
  -3.3447816822467237E-006   12550.426447174716     
  -3.3447816822467237E-006   12550.426447174701     
  -3.3447816822467237E-006   12550.426447174686     
  -3.3447816822467237E-006   12550.426447174672     
  -3.3447816822467237E-006   12550.426447174657     
  -3.3447816822467237E-006   12550.426447174643     
  -3.3447816822467237E-006   12550.426447174628     
  -3.3447816822467237E-006   12550.426447174612     
  -3.3447816822467237E-006   12550.426447174597     
  -3.3447816822467237E-006   12550.426447174583     
  -3.3447816822467237E-006   12550.426447174568     
  -3.3447816822467237E-006   12550.426447174554     
  -3.3447816822467237E-006   12550.426447174539     
  -3.3447816822467237E-006   12550.426447174525     
  -3.3447816822467237E-006   12550.426447174508     
  -3.3447816822467237E-006   12550.426447174494     
  -3.3447816822467237E-006   12550.426447174479     
  -3.3447816822467237E-006   12550.426447174465     
  -3.3447816822467237E-006   12550.426447174450     
  -3.3447816822467237E-006   12550.426447174435     
  -3.3447816822467237E-006   12550.426447174421     
  -3.3447816822467237E-006   12550.426447174406     
  -3.3447816822467237E-006   12550.426447174392     
  -3.3447816822467237E-006   12550.426447174375     
  -3.3447816822467237E-006   12550.426447174361     
  -3.3447816822467237E-006   12550.426447174346     
  -3.3447816822467237E-006   12550.426447174332     
  -3.3447816822467237E-006   12550.426447174317     
  -3.3447816822467237E-006   12550.426447174303     
  -3.3447816822467237E-006   12550.426447174288     
  -3.3447816822467237E-006   12550.426447174272     
  -3.3447816822467237E-006   12550.426447174257     
  -3.3447816822467237E-006   12550.426447174243     
  -3.3447816822467237E-006   12550.426447174228     
  -3.3447816822467237E-006   12550.426447174214     
  -3.3447816822467237E-006   12550.426447174199     
  -3.3447816822467237E-006   12550.426447174184     
  -3.3447816822467237E-006   12550.426447174170     
  -3.3447816822467237E-006   12550.426447174155     
  -3.3447816822467237E-006   12550.426447174139     
  -3.3447816822467237E-006   12550.426447174124     
  -3.3447816822467237E-006   12550.426447174110     
  -3.3447816822467237E-006   12550.426447174095     
  -3.3447816822467237E-006   12550.426447174081     
  -3.3447816822467237E-006   12550.426447174066     
  -3.3447816822467237E-006   12550.426447174052     
  -3.3447816822467237E-006   12550.426447174035     
  -3.3447816822467237E-006   12550.426447174021     
  -3.3447816822467237E-006   12550.426447174006     
  -3.3447816822467237E-006   12550.426447173992     
  -3.3447816822467237E-006   12550.426447173977     
  -3.3447816822467237E-006   12550.426447173963     
  -3.3447816822467237E-006   12550.426447173948     
  -3.3447816822467237E-006   12550.426447173933     
  -3.3447816822467237E-006   12550.426447173919     
  -3.3447816822467237E-006   12550.426447173902     
  -3.3447816822467237E-006   12550.426447173888     
  -3.3447816822467237E-006   12550.426447173873     
  -3.3447816822467237E-006   12550.426447173859     
  -3.3447816822467237E-006   12550.426447173844     
  -3.3447816822467237E-006   12550.426447173830     
  -3.3447816822467237E-006   12550.426447173815     
  -3.3447816822467237E-006   12550.426447173799     
  -3.3447816822467237E-006   12550.426447173784     
  -3.3447816822467237E-006   12550.426447173770     
  -3.3447816822467237E-006   12550.426447173755     
  -3.3447816822467237E-006   12550.426447173741     
  -3.3447816822467237E-006   12550.426447173726     
  -3.3447816822467237E-006   12550.426447173711     
  -3.3447816822467237E-006   12550.426447173697     
  -3.3447816822467237E-006   12550.426447173682     
  -3.3447816822467237E-006   12550.426447173666     
  -3.3447816822467237E-006   12550.426447173651     
  -3.3447816822467237E-006   12550.426447173637     
  -3.3447816822467237E-006   12550.426447173622     
  -3.3447816822467237E-006   12550.426447173608     
  -3.3447816822467237E-006   12550.426447173593     
  -3.3447816822467237E-006   12550.426447173579     
  -3.3447816822467237E-006   12550.426447173562     
  -3.3447816822467237E-006   12550.426447173548     
  -3.3447816822467237E-006   12550.426447173533     
  -3.3447816822467237E-006   12550.426447173519     
  -3.3447816822467237E-006   12550.426447173504     
  -3.3447816822467237E-006   12550.426447173490     
  -3.3447816822467237E-006   12550.426447173475     
  -3.3447816822467237E-006   12550.426447173460     
  -3.3447816822467237E-006   12550.426447173446     
  -3.3447816822467237E-006   12550.426447173430     
  -3.3447816822467237E-006   12550.426447173415     
  -3.3447816822467237E-006   12550.426447173400     
  -3.3447816822467237E-006   12550.426447173386     
  -3.3447816822467237E-006   12550.426447173371     
  -3.3447816822467237E-006   12550.426447173357     
  -3.3447816822467237E-006   12550.426447173342     
  -3.3447816822467237E-006   12550.426447173326     
  -3.3447816822467237E-006   12550.426447173311     
  -3.3447816822467237E-006   12550.426447173297     
  -3.3447816822467237E-006   12550.426447173282     
  -3.3447816822467237E-006   12550.426447173268     
  -3.3447816822467237E-006   12550.426447173253     
  -3.3447816822467237E-006   12550.426447173239     
  -3.3447816822467237E-006   12550.426447173224     
  -3.3447816822467237E-006   12550.426447173209     
  -3.3447816822467237E-006   12550.426447173193     
  -3.3447816822467237E-006   12550.426447173179     
  -3.3447816822467237E-006   12550.426447173164     
  -3.3447816822467237E-006   12550.426447173149     
  -3.3447816822467237E-006   12550.426447173135     
  -3.3447816822467237E-006   12550.426447173120     
  -3.3447816822467237E-006   12550.426447173106     
  -3.3447816822467237E-006   12550.426447173089     
  -3.3447816822467237E-006   12550.426447173075     
  -3.3447816822467237E-006   12550.426447173060     
  -3.3447816822467237E-006   12550.426447173046     
  -3.3447816822467237E-006   12550.426447173031     
  -3.3447816822467237E-006   12550.426447173017     
  -3.3447816822467237E-006   12550.426447173002     
  -3.3447816822467237E-006   12550.426447172988     
  -3.3447816822467237E-006   12550.426447172973     
  -3.3447816822467237E-006   12550.426447172957     
  -3.3447816822467237E-006   12550.426447172942     
  -3.3447816822467237E-006   12550.426447172928     
  -3.3447816822467237E-006   12550.426447172913     
  -3.3447816822467237E-006   12550.426447172898     
  -3.3447816822467237E-006   12550.426447172884     
  -3.3447816822467237E-006   12550.426447172869     
  -3.3447816822467237E-006   12550.426447172853     
  -3.3447816822467237E-006   12550.426447172838     
  -3.3447816822467237E-006   12550.426447172824     
  -3.3447816822467237E-006   12550.426447172809     
  -3.3447816822467237E-006   12550.426447172795     
  -3.3447816822467237E-006   12550.426447172780     
  -3.3447816822467237E-006   12550.426447172766     
  -3.3447816822467237E-006   12550.426447172751     
  -3.3447816822467237E-006   12550.426447172737     
  -3.3447816822467237E-006   12550.426447172720     
  -3.3447816822467237E-006   12550.426447172706     
  -3.3447816822467237E-006   12550.426447172691     
  -3.3447816822467237E-006   12550.426447172676     
  -3.3447816822467237E-006   12550.426447172662     
  -3.3447816822467237E-006   12550.426447172647     
  -3.3447816822467237E-006   12550.426447172633     
  -3.3447816822467237E-006   12550.426447172616     
  -3.3447816822467237E-006   12550.426447172602     
  -3.3447816822467237E-006   12550.426447172587     
  -3.3447816822467237E-006   12550.426447172573     
  -3.3447816822467237E-006   12550.426447172558     
  -3.3447816822467237E-006   12550.426447172544     
  -3.3447816822467237E-006   12550.426447172529     
  -3.3447816822467237E-006   12550.426447172515     
  -3.3447816822467237E-006   12550.426447172500     
  -3.3447816822467237E-006   12550.426447172484     
  -3.3447816822467237E-006   12550.426447172469     
  -3.3447816822467237E-006   12550.426447172455     
  -3.3447816822467237E-006   12550.426447172440     
  -3.3447816822467237E-006   12550.426447172425     
  -3.3447816822467237E-006   12550.426447172411     
  -3.3447816822467237E-006   12550.426447172396     
  -3.3447816822467237E-006   12550.426447172380     
  -3.3447816822467237E-006   12550.426447172365     
  -3.3447816822467237E-006   12550.426447172351     
  -3.3447816822467237E-006   12550.426447172336     
  -3.3447816822467237E-006   12550.426447172322     
  -3.3447816822467237E-006   12550.426447172307     
  -3.3447816822467237E-006   12550.426447172293     
  -3.3447816822467237E-006   12550.426447172278     
  -3.3447816822467237E-006   12550.426447172264     
  -3.3447816822467237E-006   12550.426447172247     
  -3.3447816822467237E-006   12550.426447172233     
  -3.3447816822467237E-006   12550.426447172218     
  -3.3447816822467237E-006   12550.426447172204     
  -3.3447816822467237E-006   12550.426447172189     
  -3.3447816822467237E-006   12550.426447172174     
  -3.3447816822467237E-006   12550.426447172160     
  -3.3447816822467237E-006   12550.426447172144     
  -3.3447816822467237E-006   12550.426447172129     
  -3.3447816822467237E-006   12550.426447172114     
  -3.3447816822467237E-006   12550.426447172100     
  -3.3447816822467237E-006   12550.426447172085     
  -3.3447816822467237E-006   12550.426447172071     
  -3.3447816822467237E-006   12550.426447172056     
  -3.3447816822467237E-006   12550.426447172042     
  -3.3447816822467237E-006   12550.426447172027     
  -3.3447816822467237E-006   12550.426447172011     
  -3.3447816822467237E-006   12550.426447171996     
  -3.3447816822467237E-006   12550.426447171982     
  -3.3447816822467237E-006   12550.426447171967     
  -3.3447816822467237E-006   12550.426447171953     
  -3.3447816822467237E-006   12550.426447171938     
  -3.3447816822467237E-006   12550.426447171923     
  -3.3447816822467237E-006   12550.426447171907     
  -3.3447816822467237E-006   12550.426447171893     
  -3.3447816822467237E-006   12550.426447171878     
  -3.3447816822467237E-006   12550.426447171863     
  -3.3447816822467237E-006   12550.426447171849     
  -3.3447816822467237E-006   12550.426447171834     
  -3.3447816822467237E-006   12550.426447171820     
  -3.3447816822467237E-006   12550.426447171805     
  -3.3447816822467237E-006   12550.426447171791     
  -3.3447816822467237E-006   12550.426447171774     
  -3.3447816822467237E-006   12550.426447171760     
  -3.3447816822467237E-006   12550.426447171745     
  -3.3447816822467237E-006   12550.426447171731     
  -3.3447816822467237E-006   12550.426447171716     
  -3.3447816822467237E-006   12550.426447171702     
  -3.3447816822467237E-006   12550.426447171687     
  -3.3447816822467237E-006   12550.426447171671     
  -3.3447816822467237E-006   12550.426447171656     
  -3.3447816822467237E-006   12550.426447171641     
  -3.3447816822467237E-006   12550.426447171627     
  -3.3447816822467237E-006   12550.426447171612     
  -3.3447816822467237E-006   12550.426447171598     
  -3.3447816822467237E-006   12550.426447171583     
  -3.3447816822467237E-006   12550.426447171569     
  -3.3447816822467237E-006   12550.426447171554     
  -3.3447816822467237E-006   12550.426447171538     
  -3.3447816822467237E-006   12550.426447171523     
  -3.3447816822467237E-006   12550.426447171509     
  -3.3447816822467237E-006   12550.426447171494     
  -3.3447816822467237E-006   12550.426447171480     
  -3.3447816822467237E-006   12550.426447171465     
  -3.3447816822467237E-006   12550.426447171450     
  -3.3447816822467237E-006   12550.426447171434     
  -3.3447816822467237E-006   12550.426447171420     
  -3.3447816822467237E-006   12550.426447171405     
  -3.3447816822467237E-006   12550.426447171390     
  -3.3447816822467237E-006   12550.426447171376     
  -3.3447816822467237E-006   12550.426447171361     
  -3.3447816822467237E-006   12550.426447171347     
  -3.3447816822467237E-006   12550.426447171332     
  -3.3447816822467237E-006   12550.426447171318     
  -3.3447816822467237E-006   12550.426447171301     
  -3.3447816822467237E-006   12550.426447171287     
  -3.3447816822467237E-006   12550.426447171272     
  -3.3447816822467237E-006   12550.426447171258     
  -3.3447816822467237E-006   12550.426447171243     
  -3.3447816822467237E-006   12550.426447171229     
  -3.3447816822467237E-006   12550.426447171214     
  -3.3447816822467237E-006   12550.426447171198     
  -3.3447816822467237E-006   12550.426447171183     
  -3.3447816822467237E-006   12550.426447171169     
  -3.3447816822467237E-006   12550.426447171154     
  -3.3447816822467237E-006   12550.426447171139     
  -3.3447816822467237E-006   12550.426447171125     
  -3.3447816822467237E-006   12550.426447171110     
  -3.3447816822467237E-006   12550.426447171096     
  -3.3447816822467237E-006   12550.426447171081     
  -3.3447816822467237E-006   12550.426447171065     
  -3.3447816822467237E-006   12550.426447171050     
  -3.3447816822467237E-006   12550.426447171036     
  -3.3447816822467237E-006   12550.426447171021     
  -3.3447816822467237E-006   12550.426447171007     
  -3.3447816822467237E-006   12550.426447170992     
  -3.3447816822467237E-006   12550.426447170978     
  -3.3447816822467237E-006   12550.426447170961     
  -3.3447816822467237E-006   12550.426447170947     
  -3.3447816822467237E-006   12550.426447170932     
  -3.3447816822467237E-006   12550.426447170918     
  -3.3447816822467237E-006   12550.426447170903     
  -3.3447816822467237E-006   12550.426447170888     
  -3.3447816822467237E-006   12550.426447170874     
  -3.3447816822467237E-006   12550.426447170859     
  -3.3447816822467237E-006   12550.426447170845     
  -3.3447816822467237E-006   12550.426447170828     
  -3.3447816822467237E-006   12550.426447170814     
  -3.3447816822467237E-006   12550.426447170799     
  -3.3447816822467237E-006   12550.426447170785     
  -3.3447816822467237E-006   12550.426447170770     
  -3.3447816822467237E-006   12550.426447170756     
  -3.3447816822467237E-006   12550.426447170741     
  -3.3447816822467237E-006   12550.426447170725     
  -3.3447816822467237E-006   12550.426447170710     
  -3.3447816822467237E-006   12550.426447170696     
  -3.3447816822467237E-006   12550.426447170681     
  -3.3447816822467237E-006   12550.426447170667     
  -3.3447816822467237E-006   12550.426447170652     
  -3.3447816822467237E-006   12550.426447170637     
  -3.3447816822467237E-006   12550.426447170623     
  -3.3447816822467237E-006   12550.426447170608     
  -3.3447816822467237E-006   12550.426447170592     
  -3.3447816822467237E-006   12550.426447170577     
  -3.3447816822467237E-006   12550.426447170563     
  -3.3447816822467237E-006   12550.426447170548     
  -3.3447816822467237E-006   12550.426447170534     
  -3.3447816822467237E-006   12550.426447170519     
  -3.3447816822467237E-006   12550.426447170505     
  -3.3447816822467237E-006   12550.426447170488     
  -3.3447816822467237E-006   12550.426447170474     
  -3.3447816822467237E-006   12550.426447170459     
  -3.3447816822467237E-006   12550.426447170445     
  -3.3447816822467237E-006   12550.426447170430     
  -3.3447816822467237E-006   12550.426447170415     
  -3.3447816822467237E-006   12550.426447170401     
  -3.3447816822467237E-006   12550.426447170386     
  -3.3447816822467237E-006   12550.426447170372     
  -3.3447816822467237E-006   12550.426447170355     
  -3.3447816822467237E-006   12550.426447170341     
  -3.3447816822467237E-006   12550.426447170326     
  -3.3447816822467237E-006   12550.426447170312     
  -3.3447816822467237E-006   12550.426447170297     
  -3.3447816822467237E-006   12550.426447170283     
  -3.3447816822467237E-006   12550.426447170268     
  -3.3447816822467237E-006   12550.426447170252     
  -3.3447816822467237E-006   12550.426447170237     
  -3.3447816822467237E-006   12550.426447170223     
  -3.3447816822467237E-006   12550.426447170208     
  -3.3447816822467237E-006   12550.426447170194     
  -3.3447816822467237E-006   12550.426447170179     
  -3.3447816822467237E-006   12550.426447170164     
  -3.3447816822467237E-006   12550.426447170150     
  -3.3447816822467237E-006   12550.426447170135     
  -3.3447816822467237E-006   12550.426447170119     
  -3.3447816822467237E-006   12550.426447170104     
  -3.3447816822467237E-006   12550.426447170090     
  -3.3447816822467237E-006   12550.426447170075     
  -3.3447816822467237E-006   12550.426447170061     
  -3.3447816822467237E-006   12550.426447170046     
  -3.3447816822467237E-006   12550.426447170032     
  -3.3447816822467237E-006   12550.426447170015     
  -3.3447816822467237E-006   12550.426447170001     
  -3.3447816822467237E-006   12550.426447169986     
  -3.3447816822467237E-006   12550.426447169972     
  -3.3447816822467237E-006   12550.426447169957     
  -3.3447816822467237E-006   12550.426447169943     
  -3.3447816822467237E-006   12550.426447169928     
  -3.3447816822467237E-006   12550.426447169913     
  -3.3447816822467237E-006   12550.426447169899     
  -3.3447816822467237E-006   12550.426447169883     
  -3.3447816822467237E-006   12550.426447169868     
  -3.3447816822467237E-006   12550.426447169853     
  -3.3447816822467237E-006   12550.426447169839     
  -3.3447816822467237E-006   12550.426447169824     
  -3.3447816822467237E-006   12550.426447169810     
  -3.3447816822467237E-006   12550.426447169795     
  -3.3447816822467237E-006   12550.426447169779     
  -3.3447816822467237E-006   12550.426447169764     
  -3.3447816822467237E-006   12550.426447169750     
  -3.3447816822467237E-006   12550.426447169735     
  -3.3447816822467237E-006   12550.426447169721     
  -3.3447816822467237E-006   12550.426447169706     
  -3.3447816822467237E-006   12550.426447169692     
  -3.3447816822467237E-006   12550.426447169677     
  -3.3447816822467237E-006   12550.426447169662     
  -3.3447816822467237E-006   12550.426447169646     
  -3.3447816822467237E-006   12550.426447169632     
  -3.3447816822467237E-006   12550.426447169617     
  -3.3447816822467237E-006   12550.426447169602     
  -3.3447816822467237E-006   12550.426447169588     
  -3.3447816822467237E-006   12550.426447169573     
  -3.3447816822467237E-006   12550.426447169559     
  -3.3447816822467237E-006   12550.426447169542     
  -3.3447816822467237E-006   12550.426447169528     
  -3.3447816822467237E-006   12550.426447169513     
  -3.3447816822467237E-006   12550.426447169499     
  -3.3447816822467237E-006   12550.426447169484     
  -3.3447816822467237E-006   12550.426447169470     
  -3.3447816822467237E-006   12550.426447169455     
  -3.3447816822467237E-006   12550.426447169441     
  -3.3447816822467237E-006   12550.426447169426     
  -3.3447816822467237E-006   12550.426447169410     
  -3.3447816822467237E-006   12550.426447169395     
  -3.3447816822467237E-006   12550.426447169380     
  -3.3447816822467237E-006   12550.426447169366     
  -3.3447816822467237E-006   12550.426447169351     
  -3.3447816822467237E-006   12550.426447169337     
  -3.3447816822467237E-006   12550.426447169322     
  -3.3447816822467237E-006   12550.426447169306     
  -3.3447816822467237E-006   12550.426447169291     
  -3.3447816822467237E-006   12550.426447169277     
  -3.3447816822467237E-006   12550.426447169262     
  -3.3447816822467237E-006   12550.426447169248     
  -3.3447816822467237E-006   12550.426447169233     
  -3.3447816822467237E-006   12550.426447169219     
  -3.3447816822467237E-006   12550.426447169204     
  -3.3447816822467237E-006   12550.426447169189     
  -3.3447816822467237E-006   12550.426447169173     
  -3.3447816822467237E-006   12550.426447169159     
  -3.3447816822467237E-006   12550.426447169144     
  -3.3447816822467237E-006   12550.426447169129     
  -3.3447816822467237E-006   12550.426447169115     
  -3.3447816822467237E-006   12550.426447169100     
  -3.3447816822467237E-006   12550.426447169086     
  -3.3447816822467237E-006   12550.426447169069     
  -3.3447816822467237E-006   12550.426447169055     
  -3.3447816822467237E-006   12550.426447169040     
  -3.3447816822467237E-006   12550.426447169026     
  -3.3447816822467237E-006   12550.426447169011     
  -3.3447816822467237E-006   12550.426447168997     
  -3.3447816822467237E-006   12550.426447168982     
  -3.3447816822467237E-006   12550.426447168968     
  -3.3447816822467237E-006   12550.426447168953     
  -3.3447816822467237E-006   12550.426447168937     
  -3.3447816822467237E-006   12550.426447168922     
  -3.3447816822467237E-006   12550.426447168908     
  -3.3447816822467237E-006   12550.426447168893     
  -3.3447816822467237E-006   12550.426447168878     
  -3.3447816822467237E-006   12550.426447168864     
  -3.3447816822467237E-006   12550.426447168849     
  -3.3447816822467237E-006   12550.426447168833     
  -3.3447816822467237E-006   12550.426447168818     
  -3.3447816822467237E-006   12550.426447168804     
  -3.3447816822467237E-006   12550.426447168789     
  -3.3447816822467237E-006   12550.426447168775     
  -3.3447816822467237E-006   12550.426447168760     
  -3.3447816822467237E-006   12550.426447168746     
  -3.3447816822467237E-006   12550.426447168731     
  -3.3447816822467237E-006   12550.426447168717     
  -3.3447816822467237E-006   12550.426447168700     
  -3.3447816822467237E-006   12550.426447168686     
  -3.3447816822467237E-006   12550.426447168671     
  -3.3447816822467237E-006   12550.426447168657     
  -3.3447816822467237E-006   12550.426447168642     
  -3.3447816822467237E-006   12550.426447168627     
  -3.3447816822467237E-006   12550.426447168613     
  -3.3447816822467237E-006   12550.426447168596     
  -3.3447816822467237E-006   12550.426447168582     
  -3.3447816822467237E-006   12550.426447168567     
  -3.3447816822467237E-006   12550.426447168553     
  -3.3447816822467237E-006   12550.426447168538     
  -3.3447816822467237E-006   12550.426447168524     
  -3.3447816822467237E-006   12550.426447168509     
  -3.3447816822467237E-006   12550.426447168495     
  -3.3447816822467237E-006   12550.426447168480     
  -3.3447816822467237E-006   12550.426447168464     
  -3.3447816822467237E-006   12550.426447168449     
  -3.3447816822467237E-006   12550.426447168435     
  -3.3447816822467237E-006   12550.426447168420     
  -3.3447816822467237E-006   12550.426447168406     
  -3.3447816822467237E-006   12550.426447168391     
  -3.3447816822467237E-006   12550.426447168376     
  -3.3447816822467237E-006   12550.426447168360     
  -3.3447816822467237E-006   12550.426447168345     
  -3.3447816822467237E-006   12550.426447168331     
  -3.3447816822467237E-006   12550.426447168316     
  -3.3447816822467237E-006   12550.426447168302     
  -3.3447816822467237E-006   12550.426447168287     
  -3.3447816822467237E-006   12550.426447168273     
  -3.3447816822467237E-006   12550.426447168258     
  -3.3447816822467237E-006   12550.426447168244     
  -3.3447816822467237E-006   12550.426447168227     
  -3.3447816822467237E-006   12550.426447168213     
  -3.3447816822467237E-006   12550.426447168198     
  -3.3447816822467237E-006   12550.426447168184     
  -3.3447816822467237E-006   12550.426447168169     
  -3.3447816822467237E-006   12550.426447168154     
  -3.3447816822467237E-006   12550.426447168140     
  -3.3447816822467237E-006   12550.426447168124     
  -3.3447816822467237E-006   12550.426447168109     
  -3.3447816822467237E-006   12550.426447168094     
  -3.3447816822467237E-006   12550.426447168080     
  -3.3447816822467237E-006   12550.426447168065     
  -3.3447816822467237E-006   12550.426447168051     
  -3.3447816822467237E-006   12550.426447168036     
  -3.3447816822467237E-006   12550.426447168022     
  -3.3447816822467237E-006   12550.426447168007     
  -3.3447816822467237E-006   12550.426447167991     
  -3.3447816822467237E-006   12550.426447167976     
  -3.3447816822467237E-006   12550.426447167962     
  -3.3447816822467237E-006   12550.426447167947     
  -3.3447816822467237E-006   12550.426447167933     
  -3.3447816822467237E-006   12550.426447167918     
  -3.3447816822467237E-006   12550.426447167903     
  -3.3447816822467237E-006   12550.426447167887     
  -3.3447816822467237E-006   12550.426447167873     
  -3.3447816822467237E-006   12550.426447167858     
  -3.3447816822467237E-006   12550.426447167843     
  -3.3447816822467237E-006   12550.426447167829     
  -3.3447816822467237E-006   12550.426447167814     
  -3.3447816822467237E-006   12550.426447167800     
  -3.3447816822467237E-006   12550.426447167785     
  -3.3447816822467237E-006   12550.426447167771     
  -3.3447816822467237E-006   12550.426447167754     
  -3.3447816822467237E-006   12550.426447167740     
  -3.3447816822467237E-006   12550.426447167725     
  -3.3447816822467237E-006   12550.426447167711     
  -3.3447816822467237E-006   12550.426447167696     
  -3.3447816822467237E-006   12550.426447167682     
  -3.3447816822467237E-006   12550.426447167667     
  -3.3447816822467237E-006   12550.426447167651     
  -3.3447816822467237E-006   12550.426447167636     
  -3.3447816822467237E-006   12550.426447167622     
  -3.3447816822467237E-006   12550.426447167607     
  -3.3447816822467237E-006   12550.426447167592     
  -3.3447816822467237E-006   12550.426447167578     
  -3.3447816822467237E-006   12550.426447167563     
  -3.3447816822467237E-006   12550.426447167549     
  -3.3447816822467237E-006   12550.426447167534     
  -3.3447816822467237E-006   12550.426447167518     
  -3.3447816822467237E-006   12550.426447167503     
  -3.3447816822467237E-006   12550.426447167489     
  -3.3447816822467237E-006   12550.426447167474     
  -3.3447816822467237E-006   12550.426447167460     
  -3.3447816822467237E-006   12550.426447167445     
  -3.3447816822467237E-006   12550.426447167431     
  -3.3447816822467237E-006   12550.426447167414     
  -3.3447816822467237E-006   12550.426447167400     
  -3.3447816822467237E-006   12550.426447167385     
  -3.3447816822467237E-006   12550.426447167370     
  -3.3447816822467237E-006   12550.426447167356     
  -3.3447816822467237E-006   12550.426447167341     
  -3.3447816822467237E-006   12550.426447167327     
  -3.3447816822467237E-006   12550.426447167312     
  -3.3447816822467237E-006   12550.426447167298     
  -3.3447816822467237E-006   12550.426447167281     
  -3.3447816822467237E-006   12550.426447167267     
  -3.3447816822467237E-006   12550.426447167252     
  -3.3447816822467237E-006   12550.426447167238     
  -3.3447816822467237E-006   12550.426447167223     
  -3.3447816822467237E-006   12550.426447167209     
  -3.3447816822467237E-006   12550.426447167194     
  -3.3447816822467237E-006   12550.426447167178     
  -3.3447816822467237E-006   12550.426447167163     
  -3.3447816822467237E-006   12550.426447167149     
  -3.3447816822467237E-006   12550.426447167134     
  -3.3447816822467237E-006   12550.426447167119     
  -3.3447816822467237E-006   12550.426447167105     
  -3.3447816822467237E-006   12550.426447167090     
  -3.3447816822467237E-006   12550.426447167076     
  -3.3447816822467237E-006   12550.426447167061     
  -3.3447816822467237E-006   12550.426447167045     
  -3.3447816822467237E-006   12550.426447167030     
  -3.3447816822467237E-006   12550.426447167016     
  -3.3447816822467237E-006   12550.426447167001     
  -3.3447816822467237E-006   12550.426447166987     
  -3.3447816822467237E-006   12550.426447166972     
  -3.3447816822467237E-006   12550.426447166958     
  -3.3447816822467237E-006   12550.426447166941     
  -3.3447816822467237E-006   12550.426447166927     
  -3.3447816822467237E-006   12550.426447166912     
  -3.3447816822467237E-006   12550.426447166898     
  -3.3447816822467237E-006   12550.426447166883     
  -3.3447816822467237E-006   12550.426447166868     
  -3.3447816822467237E-006   12550.426447166854     
  -3.3447816822467237E-006   12550.426447166839     
  -3.3447816822467237E-006   12550.426447166825     
  -3.3447816822467237E-006   12550.426447166808     
  -3.3447816822467237E-006   12550.426447166794     
  -3.3447816822467237E-006   12550.426447166779     
  -3.3447816822467237E-006   12550.426447166765     
  -3.3447816822467237E-006   12550.426447166750     
  -3.3447816822467237E-006   12550.426447166736     
  -3.3447816822467237E-006   12550.426447166721     
  -3.3447816822467237E-006   12550.426447166705     
  -3.3447816822467237E-006   12550.426447166690     
  -3.3447816822467237E-006   12550.426447166676     
  -3.3447816822467237E-006   12550.426447166661     
  -3.3447816822467237E-006   12550.426447166647     
  -3.3447816822467237E-006   12550.426447166632     
  -3.3447816822467237E-006   12550.426447166617     
  -3.3447816822467237E-006   12550.426447166603     
  -3.3447816822467237E-006   12550.426447166588     
  -3.3447816822467237E-006   12550.426447166572     
  -3.3447816822467237E-006   12550.426447166557     
  -3.3447816822467237E-006   12550.426447166543     
  -3.3447816822467237E-006   12550.426447166528     
  -3.3447816822467237E-006   12550.426447166514     
  -3.3447816822467237E-006   12550.426447166499     
  -3.3447816822467237E-006   12550.426447166485     
  -3.3447816822467237E-006   12550.426447166468     
  -3.3447816822467237E-006   12550.426447166454     
  -3.3447816822467237E-006   12550.426447166439     
  -3.3447816822467237E-006   12550.426447166425     
  -3.3447816822467237E-006   12550.426447166410     
  -3.3447816822467237E-006   12550.426447166396     
  -3.3447816822467237E-006   12550.426447166381     
  -3.3447816822467237E-006   12550.426447166366     
  -3.3447816822467237E-006   12550.426447166352     
  -3.3447816822467237E-006   12550.426447166335     
  -3.3447816822467237E-006   12550.426447166321     
  -3.3447816822467237E-006   12550.426447166306     
  -3.3447816822467237E-006   12550.426447166292     
