 -0.5000000000      0.5213707702E-01
 -0.4980000000      0.5613236870E-01
 -0.4960000000      0.6114966127E-01
 -0.4940000000      0.6052126959E-01
 -0.4920000000      0.6300336174E-01
 -0.4900000000      0.5670804409E-01
 -0.4880000000      0.5642032485E-01
 -0.4860000000      0.5266157267E-01
 -0.4840000000      0.5686758352E-01
 -0.4820000000      0.5536783400E-01
 -0.4800000000      0.5753462366E-01
 -0.4780000000      0.5351560519E-01
 -0.4760000000      0.5636755877E-01
 -0.4740000000      0.5672201569E-01
 -0.4720000000      0.5992544481E-01
 -0.4700000000      0.5354998869E-01
 -0.4680000000      0.5041486120E-01
 -0.4660000000      0.4681267234E-01
 -0.4640000000      0.4867174881E-01
 -0.4620000000      0.5013654629E-01
 -0.4600000000      0.5059791026E-01
 -0.4580000000      0.5141779338E-01
 -0.4560000000      0.4860184038E-01
 -0.4540000000      0.4982819294E-01
 -0.4520000000      0.4858427179E-01
 -0.4500000000      0.5410175865E-01
 -0.4480000000      0.5767533515E-01
 -0.4460000000      0.5632904257E-01
 -0.4440000000      0.6061202700E-01
 -0.4420000000      0.5879228175E-01
 -0.4400000000      0.5627297951E-01
 -0.4380000000      0.4919974081E-01
 -0.4360000000      0.4778305013E-01
 -0.4340000000      0.5427455414E-01
 -0.4320000000      0.5506316420E-01
 -0.4300000000      0.5193287684E-01
 -0.4280000000      0.4966526445E-01
 -0.4260000000      0.5010821671E-01
 -0.4240000000      0.5441260417E-01
 -0.4220000000      0.5482075091E-01
 -0.4200000000      0.5269817957E-01
 -0.4180000000      0.4914649134E-01
 -0.4160000000      0.4895664264E-01
 -0.4140000000      0.5048003304E-01
 -0.4120000000      0.5501710732E-01
 -0.4100000000      0.5570025995E-01
 -0.4080000000      0.5536172487E-01
 -0.4060000000      0.5188340823E-01
 -0.4040000000      0.4773621619E-01
 -0.4020000000      0.5285337914E-01
 -0.4000000000      0.5359886350E-01
 -0.3980000000      0.5757674330E-01
 -0.3960000000      0.5212401683E-01
 -0.3940000000      0.5093680728E-01
 -0.3920000000      0.4835810812E-01
 -0.3900000000      0.4898878425E-01
 -0.3880000000      0.5048466361E-01
 -0.3860000000      0.5181895715E-01
 -0.3840000000      0.4847884019E-01
 -0.3820000000      0.4510804704E-01
 -0.3800000000      0.4685696973E-01
 -0.3780000000      0.5164753100E-01
 -0.3760000000      0.4918545030E-01
 -0.3740000000      0.5005613768E-01
 -0.3720000000      0.4424852984E-01
 -0.3700000000      0.5832950016E-01
 -0.3680000000      0.5679074074E-01
 -0.3660000000      0.6365706811E-01
 -0.3640000000      0.5574678898E-01
 -0.3620000000      0.5184533429E-01
 -0.3600000000      0.4833372463E-01
 -0.3580000000      0.4528962724E-01
 -0.3560000000      0.5115650663E-01
 -0.3540000000      0.5572938266E-01
 -0.3520000000      0.5782185561E-01
 -0.3500000000      0.5575603053E-01
 -0.3480000000      0.5319020360E-01
 -0.3460000000      0.5164644481E-01
 -0.3440000000      0.4878545121E-01
 -0.3420000000      0.4479818599E-01
 -0.3400000000      0.4389780415E-01
 -0.3380000000      0.4066418604E-01
 -0.3360000000      0.4112449767E-01
 -0.3340000000      0.4280468528E-01
 -0.3320000000      0.4820324432E-01
 -0.3300000000      0.5100615877E-01
 -0.3280000000      0.5349775425E-01
 -0.3260000000      0.5184564575E-01
 -0.3240000000      0.4772279228E-01
 -0.3220000000      0.4538094462E-01
 -0.3200000000      0.4496694698E-01
 -0.3180000000      0.4799893531E-01
 -0.3160000000      0.4611495647E-01
 -0.3140000000      0.4667807675E-01
 -0.3120000000      0.4803773350E-01
 -0.3100000000      0.4915002489E-01
 -0.3080000000      0.5110049781E-01
 -0.3060000000      0.5063041675E-01
 -0.3040000000      0.4922998029E-01
 -0.3020000000      0.5046631144E-01
 -0.3000000000      0.4966919984E-01
 -0.2980000000      0.5061014020E-01
 -0.2960000000      0.4607828823E-01
 -0.2940000000      0.4843248199E-01
 -0.2920000000      0.4839884937E-01
 -0.2900000000      0.4976055150E-01
 -0.2880000000      0.4857436331E-01
 -0.2860000000      0.4989024622E-01
 -0.2840000000      0.5057878711E-01
 -0.2820000000      0.4869310179E-01
 -0.2800000000      0.4539759875E-01
 -0.2780000000      0.4468959838E-01
 -0.2760000000      0.4403351725E-01
 -0.2740000000      0.4678983372E-01
 -0.2720000000      0.4527935966E-01
 -0.2700000000      0.4857399709E-01
 -0.2680000000      0.5030099716E-01
 -0.2660000000      0.4922958209E-01
 -0.2640000000      0.4500273466E-01
 -0.2620000000      0.4642274618E-01
 -0.2600000000      0.4706572144E-01
 -0.2580000000      0.4927111921E-01
 -0.2560000000      0.4380393925E-01
 -0.2540000000      0.4764103477E-01
 -0.2520000000      0.4472950596E-01
 -0.2500000000      0.4390282991E-01
 -0.2480000000      0.4127705651E-01
 -0.2460000000      0.4831748280E-01
 -0.2440000000      0.5154462891E-01
 -0.2420000000      0.5271120911E-01
 -0.2400000000      0.4654831056E-01
 -0.2380000000      0.4835209534E-01
 -0.2360000000      0.4828730865E-01
 -0.2340000000      0.4791348907E-01
 -0.2320000000      0.4481309332E-01
 -0.2300000000      0.4215534381E-01
 -0.2280000000      0.4544566494E-01
 -0.2260000000      0.4286345500E-01
 -0.2240000000      0.4718988372E-01
 -0.2220000000      0.4401025880E-01
 -0.2200000000      0.4561639840E-01
 -0.2180000000      0.4627885542E-01
 -0.2160000000      0.4617069494E-01
 -0.2140000000      0.4672038058E-01
 -0.2120000000      0.4282332426E-01
 -0.2100000000      0.4452713229E-01
 -0.2080000000      0.4415899820E-01
 -0.2060000000      0.4394850214E-01
 -0.2040000000      0.4371584752E-01
 -0.2020000000      0.4549816936E-01
 -0.2000000000      0.4513951126E-01
 -0.1980000000      0.4164332061E-01
 -0.1960000000      0.4553969435E-01
 -0.1940000000      0.4644080448E-01
 -0.1920000000      0.5056887347E-01
 -0.1900000000      0.4394517509E-01
 -0.1880000000      0.4426991927E-01
 -0.1860000000      0.4480470154E-01
 -0.1840000000      0.4713879892E-01
 -0.1820000000      0.4609014619E-01
 -0.1800000000      0.4649556510E-01
 -0.1780000000      0.4462494555E-01
 -0.1760000000      0.4583032022E-01
 -0.1740000000      0.4317926635E-01
 -0.1720000000      0.4946541319E-01
 -0.1700000000      0.4856036166E-01
 -0.1680000000      0.4765770081E-01
 -0.1660000000      0.4336420572E-01
 -0.1640000000      0.4226351934E-01
 -0.1620000000      0.4326322163E-01
 -0.1600000000      0.4475585063E-01
 -0.1580000000      0.4622136849E-01
 -0.1560000000      0.4280911720E-01
 -0.1540000000      0.3940590933E-01
 -0.1520000000      0.4097304646E-01
 -0.1500000000      0.4583390164E-01
 -0.1480000000      0.4503819776E-01
 -0.1460000000      0.4541686672E-01
 -0.1440000000      0.4657767559E-01
 -0.1420000000      0.4778105597E-01
 -0.1400000000      0.4439948597E-01
 -0.1380000000      0.4213191468E-01
 -0.1360000000      0.4343936849E-01
 -0.1340000000      0.4639961437E-01
 -0.1320000000      0.4756612632E-01
 -0.1300000000      0.4697337928E-01
 -0.1280000000      0.4476561238E-01
 -0.1260000000      0.4332754713E-01
 -0.1240000000      0.4370320586E-01
 -0.1220000000      0.4106874798E-01
 -0.1200000000      0.4154523348E-01
 -0.1180000000      0.3987722541E-01
 -0.1160000000      0.4209585385E-01
 -0.1140000000      0.4548471253E-01
 -0.1120000000      0.4438286929E-01
 -0.1100000000      0.4606865148E-01
 -0.1080000000      0.4639616970E-01
 -0.1060000000      0.4932123447E-01
 -0.1040000000      0.4963533581E-01
 -0.1020000000      0.4956122951E-01
 -0.1000000000      0.4906099712E-01
 -0.9800000000E-01  0.4857436831E-01
 -0.9600000000E-01  0.4379120587E-01
 -0.9400000000E-01  0.4516219947E-01
 -0.9200000000E-01  0.4317879144E-01
 -0.9000000000E-01  0.4494484319E-01
 -0.8800000000E-01  0.4329749354E-01
 -0.8600000000E-01  0.4698457728E-01
 -0.8400000000E-01  0.4615883350E-01
 -0.8200000000E-01  0.4665436640E-01
 -0.8000000000E-01  0.4662437226E-01
 -0.7800000000E-01  0.4417030892E-01
 -0.7600000000E-01  0.4106710757E-01
 -0.7400000000E-01  0.3733962570E-01
 -0.7200000000E-01  0.4029518806E-01
 -0.7000000000E-01  0.4337943590E-01
 -0.6800000000E-01  0.4250946531E-01
 -0.6600000000E-01  0.4338592935E-01
 -0.6400000000E-01  0.4104794149E-01
 -0.6200000000E-01  0.4483811157E-01
 -0.6000000000E-01  0.4354161417E-01
 -0.5800000000E-01  0.4749487522E-01
 -0.5600000000E-01  0.4731969803E-01
 -0.5400000000E-01  0.4860863287E-01
 -0.5200000000E-01  0.4422046494E-01
 -0.5000000000E-01  0.4198464410E-01
 -0.4800000000E-01  0.4068152885E-01
 -0.4600000000E-01  0.4140479200E-01
 -0.4400000000E-01  0.4311600929E-01
 -0.4200000000E-01  0.4339936135E-01
 -0.4000000000E-01  0.4495262584E-01
 -0.3800000000E-01  0.4344359940E-01
 -0.3600000000E-01  0.4473060788E-01
 -0.3400000000E-01  0.4573259816E-01
 -0.3200000000E-01  0.4602173246E-01
 -0.3000000000E-01  0.3954758054E-01
 -0.2800000000E-01  0.3724549626E-01
 -0.2600000000E-01  0.3760073919E-01
 -0.2400000000E-01  0.4055714864E-01
 -0.2200000000E-01  0.4283877033E-01
 -0.2000000000E-01  0.4108504122E-01
 -0.1800000000E-01  0.4262729923E-01
 -0.1600000000E-01  0.4303258287E-01
 -0.1400000000E-01  0.4434334167E-01
 -0.1200000000E-01  0.4166258964E-01
 -0.1000000000E-01  0.3972707145E-01
 -0.8000000000E-02  0.4004191531E-01
 -0.6000000000E-02  0.4287739867E-01
 -0.4000000000E-02  0.4624854276E-01
 -0.2000000000E-02  0.4595517330E-01
 -0.2710505431E-19  0.4338428405E-01
  0.2000000000E-02  0.4133712564E-01
  0.4000000000E-02  0.4158706438E-01
  0.6000000000E-02  0.4424815582E-01
  0.8000000000E-02  0.4520417414E-01
  0.1000000000E-01  0.4338304401E-01
  0.1200000000E-01  0.4161573498E-01
  0.1400000000E-01  0.4123035857E-01
  0.1600000000E-01  0.4349704701E-01
  0.1800000000E-01  0.4363120644E-01
  0.2000000000E-01  0.4221453163E-01
  0.2200000000E-01  0.4298104835E-01
  0.2400000000E-01  0.4217696146E-01
  0.2600000000E-01  0.4428454008E-01
  0.2800000000E-01  0.4184993185E-01
  0.3000000000E-01  0.4462971447E-01
  0.3200000000E-01  0.4362366925E-01
  0.3400000000E-01  0.4318205965E-01
  0.3600000000E-01  0.4311355684E-01
  0.3800000000E-01  0.4301288938E-01
  0.4000000000E-01  0.4898636386E-01
  0.4200000000E-01  0.4913717930E-01
  0.4400000000E-01  0.5233585333E-01
  0.4600000000E-01  0.4394293362E-01
  0.4800000000E-01  0.4434775737E-01
  0.5000000000E-01  0.3825524898E-01
  0.5200000000E-01  0.4350897073E-01
  0.5400000000E-01  0.4227358400E-01
  0.5600000000E-01  0.4455031663E-01
  0.5800000000E-01  0.4486303318E-01
  0.6000000000E-01  0.4674867923E-01
  0.6200000000E-01  0.4453346301E-01
  0.6400000000E-01  0.4507503758E-01
  0.6600000000E-01  0.4192738998E-01
  0.6800000000E-01  0.4060130014E-01
  0.7000000000E-01  0.3614038196E-01
  0.7200000000E-01  0.3976962257E-01
  0.7400000000E-01  0.4391459022E-01
  0.7600000000E-01  0.4315357402E-01
  0.7800000000E-01  0.4298383891E-01
  0.8000000000E-01  0.4270807880E-01
  0.8200000000E-01  0.4463763999E-01
  0.8400000000E-01  0.4468883247E-01
  0.8600000000E-01  0.4564964523E-01
  0.8800000000E-01  0.4816142741E-01
  0.9000000000E-01  0.4751728847E-01
  0.9200000000E-01  0.4685297485E-01
  0.9400000000E-01  0.4497599166E-01
  0.9600000000E-01  0.4221361646E-01
  0.9800000000E-01  0.3816240870E-01
  0.1000000000      0.3678195010E-01
  0.1020000000      0.3804715324E-01
  0.1040000000      0.4195586846E-01
  0.1060000000      0.4655750356E-01
  0.1080000000      0.4580334592E-01
  0.1100000000      0.4447124077E-01
  0.1120000000      0.4337036949E-01
  0.1140000000      0.4111688336E-01
  0.1160000000      0.4262913895E-01
  0.1180000000      0.3916978839E-01
  0.1200000000      0.4214090866E-01
  0.1220000000      0.4136087261E-01
  0.1240000000      0.4780750343E-01
  0.1260000000      0.5083211804E-01
  0.1280000000      0.5407125967E-01
  0.1300000000      0.5008636683E-01
  0.1320000000      0.4676496950E-01
  0.1340000000      0.4612701721E-01
  0.1360000000      0.4785410857E-01
  0.1380000000      0.5115347101E-01
  0.1400000000      0.4853656565E-01
  0.1420000000      0.4543296679E-01
  0.1440000000      0.4061912964E-01
  0.1460000000      0.4019227856E-01
  0.1480000000      0.4343035738E-01
  0.1500000000      0.4748120361E-01
  0.1520000000      0.4974370329E-01
  0.1540000000      0.4738685748E-01
  0.1560000000      0.4250789607E-01
  0.1580000000      0.4181416270E-01
  0.1600000000      0.4256029550E-01
  0.1620000000      0.4524284257E-01
  0.1640000000      0.4432718054E-01
  0.1660000000      0.4549389136E-01
  0.1680000000      0.4641508142E-01
  0.1700000000      0.4624187975E-01
  0.1720000000      0.4859604937E-01
  0.1740000000      0.4898928402E-01
  0.1760000000      0.4639290513E-01
  0.1780000000      0.4377218709E-01
  0.1800000000      0.4525419102E-01
  0.1820000000      0.4921657623E-01
  0.1840000000      0.5605105351E-01
  0.1860000000      0.5266407397E-01
  0.1880000000      0.5228653704E-01
  0.1900000000      0.4779068581E-01
  0.1920000000      0.4858421939E-01
  0.1940000000      0.4714870172E-01
  0.1960000000      0.4569268347E-01
  0.1980000000      0.4498938376E-01
  0.2000000000      0.4575550513E-01
  0.2020000000      0.3999552182E-01
  0.2040000000      0.4256682885E-01
  0.2060000000      0.4480584398E-01
  0.2080000000      0.5030385978E-01
  0.2100000000      0.4993705809E-01
  0.2120000000      0.4892781084E-01
  0.2140000000      0.4806776584E-01
  0.2160000000      0.4984441212E-01
  0.2180000000      0.4959785552E-01
  0.2200000000      0.5268871203E-01
  0.2220000000      0.5353553950E-01
  0.2240000000      0.5510034972E-01
  0.2260000000      0.4971619487E-01
  0.2280000000      0.4573764595E-01
  0.2300000000      0.4448532039E-01
  0.2320000000      0.4501965253E-01
  0.2340000000      0.4345405393E-01
  0.2360000000      0.4579372820E-01
  0.2380000000      0.4825505426E-01
  0.2400000000      0.5055050712E-01
  0.2420000000      0.4804425763E-01
  0.2440000000      0.4950485690E-01
  0.2460000000      0.5208451653E-01
  0.2480000000      0.5191867866E-01
  0.2500000000      0.4884265306E-01
  0.2520000000      0.4528980664E-01
  0.2540000000      0.4355216365E-01
  0.2560000000      0.4523208457E-01
  0.2580000000      0.4204001435E-01
  0.2600000000      0.4611013243E-01
  0.2620000000      0.4580880311E-01
  0.2640000000      0.5069342004E-01
  0.2660000000      0.5074411860E-01
  0.2680000000      0.5339082514E-01
  0.2700000000      0.5240122101E-01
  0.2720000000      0.5058782562E-01
  0.2740000000      0.4800827999E-01
  0.2760000000      0.4810049080E-01
  0.2780000000      0.4736373068E-01
  0.2800000000      0.4836342223E-01
  0.2820000000      0.4921056037E-01
  0.2840000000      0.5171727471E-01
  0.2860000000      0.5019523924E-01
  0.2880000000      0.5272070620E-01
  0.2900000000      0.4996669606E-01
  0.2920000000      0.4987168325E-01
  0.2940000000      0.4424612069E-01
  0.2960000000      0.4119121246E-01
  0.2980000000      0.4281222340E-01
  0.3000000000      0.4500149212E-01
  0.3020000000      0.4992249272E-01
  0.3040000000      0.4994898734E-01
  0.3060000000      0.4994806109E-01
  0.3080000000      0.5354478087E-01
  0.3100000000      0.5120141161E-01
  0.3120000000      0.4967092772E-01
  0.3140000000      0.4212510423E-01
  0.3160000000      0.4163754280E-01
  0.3180000000      0.4401418104E-01
  0.3200000000      0.4685738011E-01
  0.3220000000      0.4898626439E-01
  0.3240000000      0.4838174610E-01
  0.3260000000      0.4625757356E-01
  0.3280000000      0.4796416921E-01
  0.3300000000      0.4930386122E-01
  0.3320000000      0.4903502674E-01
  0.3340000000      0.4993438524E-01
  0.3360000000      0.4911806308E-01
  0.3380000000      0.5394058763E-01
  0.3400000000      0.5478239964E-01
  0.3420000000      0.5864794453E-01
  0.3440000000      0.5699290395E-01
  0.3460000000      0.5505191159E-01
  0.3480000000      0.5554377240E-01
  0.3500000000      0.5386488772E-01
  0.3520000000      0.5356475908E-01
  0.3540000000      0.4774282286E-01
  0.3560000000      0.4592307782E-01
  0.3580000000      0.4273686596E-01
  0.3600000000      0.4634063298E-01
  0.3620000000      0.5018494451E-01
  0.3640000000      0.5172755411E-01
  0.3660000000      0.5583166878E-01
  0.3680000000      0.5739605462E-01
  0.3700000000      0.5869934150E-01
  0.3720000000      0.5108528665E-01
  0.3740000000      0.4827227486E-01
  0.3760000000      0.4565325751E-01
  0.3780000000      0.4994626655E-01
  0.3800000000      0.5128519882E-01
  0.3820000000      0.5458642316E-01
  0.3840000000      0.5646049083E-01
  0.3860000000      0.5620796632E-01
  0.3880000000      0.5653515212E-01
  0.3900000000      0.5339418939E-01
  0.3920000000      0.5571721057E-01
  0.3940000000      0.5445948042E-01
  0.3960000000      0.5798754226E-01
  0.3980000000      0.5345255578E-01
  0.4000000000      0.5556761833E-01
  0.4020000000      0.5226023362E-01
  0.4040000000      0.5518494468E-01
  0.4060000000      0.5390939946E-01
  0.4080000000      0.5527791854E-01
  0.4100000000      0.5510849836E-01
  0.4120000000      0.5678668163E-01
  0.4140000000      0.5528721181E-01
  0.4160000000      0.5717318792E-01
  0.4180000000      0.5740468959E-01
  0.4200000000      0.5965509702E-01
  0.4220000000      0.6076053649E-01
  0.4240000000      0.6092167101E-01
  0.4260000000      0.6006819037E-01
  0.4280000000      0.6015335196E-01
  0.4300000000      0.5776560600E-01
  0.4320000000      0.6144120855E-01
  0.4340000000      0.6117011956E-01
  0.4360000000      0.6138275681E-01
  0.4380000000      0.5839752542E-01
  0.4400000000      0.6044382184E-01
  0.4420000000      0.6118789666E-01
  0.4440000000      0.6130365047E-01
  0.4460000000      0.6168997053E-01
  0.4480000000      0.6583644910E-01
  0.4500000000      0.6263489073E-01
  0.4520000000      0.5937116944E-01
  0.4540000000      0.5778096593E-01
  0.4560000000      0.6190804392E-01
  0.4580000000      0.6191113408E-01
  0.4600000000      0.6287136551E-01
  0.4620000000      0.6327300497E-01
  0.4640000000      0.6535579311E-01
  0.4660000000      0.6326619061E-01
  0.4680000000      0.6180364021E-01
  0.4700000000      0.6368295312E-01
  0.4720000000      0.6256586325E-01
  0.4740000000      0.6821612960E-01
  0.4760000000      0.6825435245E-01
  0.4780000000      0.7206542040E-01
  0.4800000000      0.7032041086E-01
  0.4820000000      0.7087647898E-01
  0.4840000000      0.7480178019E-01
  0.4860000000      0.7441787729E-01
  0.4880000000      0.7524134826E-01
  0.4900000000      0.7283619434E-01
  0.4920000000      0.7599292322E-01
  0.4940000000      0.7484077396E-01
  0.4960000000      0.7145502495E-01
  0.4980000000      0.6299712098E-01
     
