
+----------------------------+
| Real-space lattice vectors |
+----------------------------+

vector a1 :    0.000000000       5.150000000       5.150000000    
vector a2 :    5.150000000       0.000000000       5.150000000    
vector a3 :    5.150000000       5.150000000       0.000000000    

Stored column-wise as a matrix :
   0.000000000       5.150000000       5.150000000    
   5.150000000       0.000000000       5.150000000    
   5.150000000       5.150000000       0.000000000    

Inverse of matrix :
 -0.9708737864E-01  0.9708737864E-01  0.9708737864E-01
  0.9708737864E-01 -0.9708737864E-01  0.9708737864E-01
  0.9708737864E-01  0.9708737864E-01 -0.9708737864E-01

Unit cell volume :    273.1817500    


+----------------------------------+
| Reciprocal-space lattice vectors |
+----------------------------------+

vector b1 :  -0.6100179910      0.6100179910      0.6100179910    
vector b2 :   0.6100179910     -0.6100179910      0.6100179910    
vector b3 :   0.6100179910      0.6100179910     -0.6100179910    

Stored column-wise as a matrix :
 -0.6100179910      0.6100179910      0.6100179910    
  0.6100179910     -0.6100179910      0.6100179910    
  0.6100179910      0.6100179910     -0.6100179910    

Inverse of matrix :
   0.000000000      0.8196479569      0.8196479569    
  0.8196479569       0.000000000      0.8196479569    
  0.8196479569      0.8196479569       0.000000000    

Brillouin zone volume :   0.9080043357    
