  0.1226753016E-22 -0.2502773072E-22  0.8303609852E-22
  0.8852909574E-23 -0.3659770804E-23 -0.3529149660E-22
 -0.1289928521E-22 -0.5695563995E-22 -0.2492132579E-22
  0.2488734336E-23  0.6864005324E-22  0.8138969509E-22
  0.4915150322E-22 -0.3339012223E-22  0.9539724417E-23
  0.4478508182E-22 -0.1656402509E-22 -0.9122164089E-22
  0.1643657386E-22  0.8794236429E-23 -0.1075313928E-22
 -0.1268820888E-22  0.8710948104E-23 -0.2070806065E-22
  0.2202454969E-22  0.1231349423E-22  0.1035754136E-22
  0.4030464610E-22  0.4405480226E-22  0.1585074103E-22
  0.1123207619E-22 -0.4707200934E-22  0.6306030075E-22
 -0.1142248568E-22  0.1225998588E-22  0.5560214840E-22
 -0.2130789943E-22 -0.2570485669E-22  0.2447993871E-22
  0.2521810864E-22 -0.1513689187E-22  0.1290395224E-21
  0.2976175296E-23  0.6244549809E-22  0.2828533633E-22
 -0.2008036468E-22  0.3722800896E-22 -0.2414204130E-22
 -0.3736738345E-24 -0.5156585198E-22  0.6580551146E-22
 -0.6051297894E-22  0.5504460708E-23  0.3045232889E-22
 -0.2391109205E-22  0.5096543738E-23 -0.5035752182E-23
 -0.4729403280E-23 -0.3616559671E-22  0.5689061374E-23
  0.5260939500E-22  0.2609987927E-22  0.1536050952E-22
 -0.2678129983E-22  0.6432926506E-23  0.1540836526E-22
 -0.2063158745E-22 -0.5518647207E-25 -0.6038621789E-23
 -0.2894715993E-23  0.1113305302E-22 -0.7020704771E-22
 -0.1110622101E-22 -0.4977875534E-22 -0.9114924925E-23
