   84.129999999999995       -4969819162.1698074     
   84.260000000000005       -4398283558.4231157     
   84.390000000000001       -3887937069.3657827     
   84.519999999999996       -3433115353.8116407     
   84.650000000000006       -3028492672.1996698     
   84.780000000000001       -2669106622.5554905     
   84.909999999999997       -2350367821.2910762     
   85.040000000000006       -2068058518.9167898     
   85.170000000000002       -1818323273.5585942     
   85.299999999999997       -1597654110.9770217     
   85.430000000000007       -1402872043.7687597     
   85.560000000000002       -1231106381.7411044     
   85.689999999999998       -1079772914.2902918     
   85.819999999999993       -946551768.66599858     
   85.950000000000003       -829365531.22141838     
   86.079999999999998       -726358048.46052778     
   86.209999999999994       -635874192.85362947     
   86.340000000000003       -556440777.53224492     
   86.469999999999999       -486748726.54943955     
   86.599999999999994       -425636549.34942567     
   86.730000000000004       -372075125.52894884     
   86.859999999999999       -325153774.75029260     
   86.989999999999995       -284067564.82541478     
   87.120000000000005       -248105796.54139286     
   87.250000000000000       -216641594.48277763     
   87.379999999999995       -189122528.04422635     
   87.510000000000005       -165062185.03472018     
   87.640000000000001       -144032620.53647822     
   87.769999999999996       -125657605.64641134     
   87.900000000000006       -109606603.93746828     
   88.030000000000001       -95589407.283894435     
   88.159999999999997       -83351366.997036949     
   88.290000000000006       -72669160.825285271     
   88.420000000000002       -63347040.940726295     
   88.549999999999997       -55213512.575742401     
   88.680000000000007       -48118397.421326183     
   88.810000000000002       -41930240.075482190     
   88.939999999999998       -36534019.789717190     
   89.069999999999993       -31829133.490347199     
   89.200000000000003       -27727619.462713793     
   89.329999999999998       -24152594.248749115     
   89.459999999999994       -21036878.200815205     
   89.590000000000003       -18321787.775362838     
   89.719999999999999       -15956075.025590643     
   89.849999999999994       -13894996.921370273     
   89.980000000000004       -12099499.069114855     
   90.109999999999999       -10535500.150509229     
   90.239999999999995       -9173264.9618840963     
   90.370000000000005       -7986855.3429724239     
   90.500000000000000       -6953649.5276837787     
   90.629999999999995       -6053921.5613898458     
   90.760000000000005       -5270473.4208215401     
   90.890000000000001       -4588313.3487170506     
   91.019999999999996       -3994374.6909333817     
   91.150000000000006       -3477270.2155250628     
   91.280000000000001       -3027077.5000487091     
   91.409999999999997       -2635151.5095567615     
   91.540000000000006       -2293960.9646726265     
   91.670000000000002       -1996945.5146753939     
   91.799999999999997       -1738391.0990161521     
   91.930000000000007       -1513321.2049983332     
   92.060000000000002       -1317402.0139645666     
   92.189999999999998       -1146859.6772520286     
   92.319999999999993       -998408.18426304206     
   92.450000000000003       -869186.47712035314     
   92.579999999999998       -756703.63483432797     
   92.709999999999994       -658791.09868321836     
   92.840000000000003       -573561.04057536658     
   92.969999999999999       -499370.08829008933     
   93.099999999999994       -434787.72309080086     
   93.230000000000004       -378568.75017178507     
   93.359999999999999       -329629.32018546679     
   93.489999999999995       -287026.04525501525     
   93.620000000000005       -249937.81230460617     
   93.750000000000000       -217649.94612106634     
   93.879999999999995       -189540.42014784284     
   94.010000000000005       -165067.85056820605     
   94.140000000000001       -143761.04418952324     
   94.269999999999996       -125209.89918730310     
   94.400000000000006       -109057.48441859093     
   94.530000000000001       -94993.144522600502     
   94.659999999999997       -82746.498758691829     
   94.790000000000006       -72082.217511512426     
   94.920000000000002       -62795.476043875089     
   95.049999999999997       -54707.997678391657     
   95.180000000000007       -47664.610412502181     
   95.310000000000002       -41530.249839731143     
   95.439999999999998       -36187.351187701672     
   95.569999999999993       -31533.579608433753     
   95.700000000000003       -27479.854827800576     
   95.829999999999998       -23948.632442526701     
   95.959999999999994       -20872.407907236913     
   96.090000000000003       -18192.414936300167     
   96.219999999999999       -15857.492536709451     
   96.349999999999994       -13823.099375184613     
   96.480000000000004       -12050.455718279796     
   96.609999999999999       -10505.796879071788     
   96.739999999999995       -9159.7236383328200     
   96.870000000000005       -7986.6365423363231     
   97.000000000000000       -6964.2440599619340     
   97.129999999999995       -6073.1341273591797     
   97.260000000000005       -5296.4015182717276     
   97.390000000000001       -4619.3233932764042     
   97.519999999999996       -4029.0769365015699     
   97.650000000000006       -3514.4936352911577     
   97.780000000000001       -3065.8453469360948     
   97.909999999999997       -2674.6580668222955     
   98.040000000000006       -2333.5499076240681     
   98.170000000000002       -2036.0899377711926     
   98.299999999999997       -1776.6754907803634     
   98.430000000000007       -1550.4250626672851     
   98.560000000000002       -1353.0853432302576     
   98.689999999999998       -1180.9501039838101     
   98.819999999999993       -1030.7897207342339     
   98.950000000000003       -899.78962776745163     
   99.079999999999998       -785.49685489780552     
   99.209999999999994       -685.77348527517688     
   99.340000000000003       -598.75597062343797     
   99.469999999999999       -522.81996500284367     
   99.599999999999994       -456.54937623759980     
   99.730000000000004       -398.70969759260947     
   99.859999999999999       -348.22461506286197     
   99.989999999999995       -304.15569910028574     
   100.12000000000000       -265.68456623975914     
   100.25000000000000       -232.09768374286242     
   100.38000000000000       -202.77272171271451     
   100.51000000000001       -177.16688202704603     
   100.64000000000000       -154.80684263097251     
   100.77000000000000       -135.27960053079624     
   100.90000000000001       -118.22497458345528     
   101.03000000000000       -103.32871549450371     
   101.16000000000000       -90.316638666008714     
   101.29000000000001       -78.949527624658984     
   101.42000000000000       -69.018679687152655     
   101.55000000000000       -60.341895762943608     
   101.68000000000001       -52.760246878009049     
   101.81000000000000       -46.134951180937016     
   101.94000000000000       -40.344932957838182     
   102.06999999999999       -35.284458838547522     
   102.20000000000000       -30.861274883882771     
   102.33000000000000       -26.994776062410008     
   102.45999999999999       -23.614678764082353     
   102.59000000000000       -20.659513335880018     
   102.72000000000000       -18.075653089074848     
   102.84999999999999       -15.816298674564269     
   102.98000000000000       -13.840469043244182     
   103.11000000000000       -12.112501401147483     
   103.23999999999999       -10.601151855138129     
   103.37000000000000       -9.2791537841391030     
   103.50000000000000       -8.1227029518022089     
   103.63000000000000       -7.1109982653699824     
   103.76000000000001       -6.2258016755734058     
   103.89000000000000       -5.4512618700537097     
   104.02000000000000       -4.7734947515067612     
   104.15000000000001       -4.1803216301231121     
   104.28000000000000       -3.6611853688659743     
   104.41000000000000       -3.2067913812591833     
   104.54000000000001       -2.8090287677065930     
   104.67000000000000       -2.4608141690628385     
   104.80000000000000       -2.1559531411112731     
   104.93000000000001       -1.8890290973596739     
   105.06000000000000       -1.6552658071557740     
   105.19000000000000       -1.4505851584990475     
   105.31999999999999       -1.2713027306454112     
   105.45000000000000       -1.1142804650992459     
   105.58000000000000      -0.97671922382132814     
   105.70999999999999      -0.85622716127001519     
   105.84000000000000      -0.75066543328059832     
   105.97000000000000      -0.65818057350674219     
   106.09999999999999      -0.57714235364829458     
   106.23000000000000      -0.50611846240870739     
   106.36000000000000      -0.44387315974303188     
   106.48999999999999      -0.38929182328676626     
   106.62000000000000      -0.34147914905555782     
   106.75000000000000      -0.29955896103529928     
   106.88000000000000      -0.26280568984645863     
   107.01000000000001      -0.23059516786980028     
   107.14000000000000      -0.20234162714766740     
   107.27000000000000      -0.17754665601274489     
   107.40000000000001      -0.15583299967482492     
   107.53000000000000      -0.13677086675329225     
   107.66000000000000      -0.12004501157459513     
   107.79000000000001      -0.10537794791464156     
   107.92000000000000       -9.2527701723606484E-002
   108.05000000000000       -8.1216852105165119E-002
   108.18000000000001       -7.1325914573051277E-002
   108.31000000000000       -6.2635779795970903E-002
   108.44000000000000       -5.5004934764547368E-002
   108.56999999999999       -4.8311608520661395E-002
   108.70000000000000       -4.2424439989964112E-002
   108.83000000000000       -3.7274835016862573E-002
   108.95999999999999       -3.2754088196683753E-002
   109.09000000000000       -2.8771459260743266E-002
   109.22000000000000       -2.5272504047830484E-002
   109.34999999999999       -2.2202308036810701E-002
   109.48000000000000       -1.9531094831379860E-002
   109.61000000000000       -1.7163485891380136E-002
   109.73999999999999       -1.5087330252106500E-002
   109.87000000000000       -1.3260230192625781E-002
   110.00000000000000       -1.1668153308536679E-002
   110.13000000000000       -1.0239996857984560E-002
   110.26000000000001       -8.9974104630299017E-003
   110.39000000000000       -7.9355076066837983E-003
   110.52000000000000       -6.9589358798953253E-003
   110.65000000000001       -6.1173574513137784E-003
   110.78000000000000       -5.3936695114779826E-003
   110.91000000000000       -4.7431486709413337E-003
   111.04000000000001       -4.1713477899184993E-003
   111.17000000000000       -3.6654887571390209E-003
   111.30000000000000       -3.2214820543742147E-003
   111.43000000000001       -2.8344280990817263E-003
   111.56000000000000       -2.5071490508059525E-003
   111.69000000000000       -2.1976260896636678E-003
   111.81999999999999       -1.9470418401175351E-003
   111.95000000000000       -1.7077331631955390E-003
   112.08000000000000       -1.5137619567321217E-003
   112.20999999999999       -1.3259576914953467E-003
   112.34000000000000       -1.1673418726575529E-003
   112.47000000000000       -1.0142658484809800E-003
   112.59999999999999       -8.9857037271420380E-004
   112.73000000000000       -7.9297456976139898E-004
   112.86000000000000       -7.0833591453642135E-004
   112.98999999999999       -6.2806115416250000E-004
   113.12000000000000       -5.4799544264371911E-004
   113.25000000000000       -4.8785470013050942E-004
   113.38000000000000       -4.2093293537868239E-004
   113.51000000000001       -3.6327464802026523E-004
   113.64000000000000       -3.2789312928774913E-004
   113.77000000000000       -2.7808723955054400E-004
   113.90000000000001       -2.6720363352979588E-004
   114.03000000000000       -2.2986228178033832E-004
   114.16000000000000       -2.0064770427446460E-004
   114.29000000000001       -1.8436802468040436E-004
   114.42000000000000       -1.5964799756004966E-004
   114.55000000000000       -1.3560737921890133E-004
   114.68000000000001       -1.2784644047181325E-004
   114.81000000000000       -1.0737271822149834E-004
   114.94000000000000       -8.3005461044193107E-005
   115.06999999999999       -7.6511880981393806E-005
   115.20000000000000       -7.0736906358139699E-005
   115.33000000000000       -6.4583030684943574E-005
   115.45999999999999       -4.7519417884106771E-005
   115.59000000000000       -5.4248177908939045E-005
   115.72000000000000       -3.1879950408914083E-005
   115.84999999999999       -2.8130136569832798E-005
   115.98000000000000       -3.1527180465864628E-005
   116.11000000000000       -2.5621550308147752E-005
   116.23999999999999       -1.6318876254399053E-005
   116.37000000000000       -3.2402572546765138E-005
   116.50000000000000       -1.8984249157439411E-005
   116.63000000000000       -2.5203452597866912E-005
   116.76000000000001       -1.7272661655977220E-005
   116.89000000000000       -1.2595193522210318E-005
   117.02000000000000        2.4824551547924902E-007
   117.15000000000001       -1.9023445817778240E-005
   117.28000000000000       -2.0904885514042022E-006
   117.41000000000000       -1.2974094572152330E-005
   117.54000000000001       -7.4604310178237471E-006
   117.67000000000000        6.2714656542126071E-006
   117.80000000000000       -5.7749746232541088E-006
   117.93000000000001        3.5538305373871439E-006
   118.06000000000000        1.8553085893712295E-006
   118.19000000000000       -1.5835450776886833E-005
   118.31999999999999       -3.7890104994201168E-007
   118.45000000000000       -9.1720185192859375E-006
   118.58000000000000        7.9046598349971396E-006
   118.70999999999999       -5.6965813025764508E-006
   118.84000000000000        8.8845763434678598E-007
   118.97000000000000       -1.4502764325366652E-006
   119.09999999999999       -1.4790206501184730E-005
   119.23000000000000       -1.4202256596102299E-005
   119.36000000000000       -1.3065553446276263E-006
   119.48999999999999       -4.2985670838248906E-006
   119.62000000000000        2.3256685134371749E-006
   119.75000000000000       -9.3026740537486997E-006
   119.88000000000000       -1.3418323389325724E-005
   120.01000000000001       -1.0896671574194405E-005
   120.14000000000000       -2.5085862616850426E-006
   120.27000000000000        1.1092654875888548E-005
   120.40000000000001        2.5085862616850426E-006
   120.53000000000000       -1.9990296772802686E-006
   120.66000000000000       -2.9136184185196069E-006
   120.79000000000001       -6.5327767231381317E-007
   120.92000000000000        4.4161570648413776E-006
   121.05000000000000        1.1968046956789058E-005
   121.18000000000001       -5.0302380768163621E-006
   121.31000000000000        6.6764978110471706E-006
   121.44000000000000       -6.6503667041546185E-006
   121.56999999999999        8.3096919918317047E-006
   121.70000000000000       -2.1558163186355837E-006
   121.83000000000000       -1.1406228158599178E-005
   121.95999999999999        7.1468577351131168E-006
   122.09000000000000       -1.1758998101648638E-007
   122.22000000000000       -6.5589078300306844E-006
   122.34999999999999       -1.2255489132607136E-005
   122.48000000000000        9.4463951416577388E-006
   122.61000000000000        4.9649103095849801E-006
   122.73999999999999        9.9298206191699607E-007
   122.87000000000000       -2.5216518151313191E-006
   123.00000000000000       -5.6443190887913457E-006
   123.13000000000000       -8.4011508659556379E-006
   123.26000000000001       -1.0857474913855576E-005
   123.39000000000000       -1.3026356785937436E-005
   123.52000000000000        1.1811260315433742E-005
   123.65000000000001        1.0099672813971551E-005
   123.78000000000000        8.5840686142035060E-006
   123.91000000000000        7.2383166092370500E-006
   124.04000000000001        6.0493512456259100E-006
   124.17000000000000        4.9910414164775331E-006
   124.30000000000000        4.0633871217919183E-006
   124.43000000000001        3.2271917012302372E-006
   124.56000000000000        2.4955207082387665E-006
   124.69000000000000        1.8291774824786770E-006
   124.81999999999999        1.2542931308425213E-006
   124.95000000000000        7.4473654643774710E-007
   125.08000000000000        2.8744217581807780E-007
   125.20999999999999       -1.1758998101648638E-007
   125.34000000000000       -4.8342547751222177E-007
   125.47000000000000       -7.9699876022285215E-007
   125.59999999999999       -1.0844409360409299E-006
   125.73000000000000       -1.3326864515201789E-006
   125.86000000000000       -1.5678664135531518E-006
   125.98999999999999       -1.7638497152472957E-006
   126.12000000000000       -1.9337019100488871E-006
   126.25000000000000       -2.0904885514042022E-006
   126.38000000000000       -2.2342096393132413E-006
   126.51000000000001       -2.3517996203297275E-006
   126.64000000000000       -2.4693896013462140E-006
   126.77000000000000       -2.5608484754701476E-006
   126.90000000000001       -2.6523073495940817E-006
   127.03000000000000       -2.7307006702717392E-006
   127.16000000000000       -2.7960284375031203E-006
   127.29000000000001       -2.8613562047345019E-006
   127.42000000000000       -2.9136184185196069E-006
   127.55000000000000       -2.9528150788584355E-006
   127.68000000000001       -3.0050772926435409E-006
   127.81000000000000       -3.0442739529823695E-006
   127.94000000000000       -3.0704050598749220E-006
   128.06999999999999       -3.1096017202137510E-006
   128.19999999999999       -3.1357328271063036E-006
   128.33000000000001       -3.1487983805525796E-006
   128.46000000000001       -3.1749294874451321E-006
   128.59000000000000       -3.1879950408914086E-006
   128.72000000000000       -3.2141261477839611E-006
   128.84999999999999       -3.2271917012302372E-006
   128.97999999999999       -3.2402572546765136E-006
   129.11000000000001       -3.2533228081227897E-006
   129.24000000000001       -3.2663883615690662E-006
   129.37000000000000       -3.2663883615690662E-006
   129.50000000000000       -3.2794539150153422E-006
   129.63000000000000       -3.2794539150153422E-006
   129.75999999999999       -3.2925194684616187E-006
   129.88999999999999       -3.2925194684616187E-006
   130.02000000000001       -3.3055850219078947E-006
   130.15000000000001       -3.3055850219078947E-006
   130.28000000000000       -3.3055850219078947E-006
   130.41000000000000       -3.3186505753541712E-006
   130.53999999999999       -3.3186505753541712E-006
   130.66999999999999       -3.3186505753541712E-006
   130.80000000000001       -3.3186505753541712E-006
   130.93000000000001       -3.3317161288004473E-006
   131.06000000000000       -3.3317161288004473E-006
   131.19000000000000       -3.3317161288004473E-006
   131.31999999999999       -3.3317161288004473E-006
   131.44999999999999       -3.3317161288004473E-006
   131.58000000000001       -3.3317161288004473E-006
   131.71000000000001       -3.3317161288004473E-006
   131.84000000000000       -3.3317161288004473E-006
   131.97000000000000       -3.3317161288004473E-006
   132.09999999999999       -3.3317161288004473E-006
   132.22999999999999       -3.3447816822467237E-006
   132.36000000000001       -3.3447816822467237E-006
   132.49000000000001       -3.3447816822467237E-006
   132.62000000000000       -3.3447816822467237E-006
   132.75000000000000       -3.3447816822467237E-006
   132.88000000000000       -3.3447816822467237E-006
   133.00999999999999       -3.3447816822467237E-006
   133.13999999999999       -3.3447816822467237E-006
   133.27000000000001       -3.3447816822467237E-006
   133.40000000000001       -3.3447816822467237E-006
   133.53000000000000       -3.3447816822467237E-006
   133.66000000000000       -3.3447816822467237E-006
   133.78999999999999       -3.3447816822467237E-006
   133.91999999999999       -3.3447816822467237E-006
   134.05000000000001       -3.3447816822467237E-006
   134.18000000000001       -3.3447816822467237E-006
   134.31000000000000       -3.3447816822467237E-006
   134.44000000000000       -3.3447816822467237E-006
   134.56999999999999       -3.3447816822467237E-006
   134.69999999999999       -3.3447816822467237E-006
   134.83000000000001       -3.3447816822467237E-006
   134.96000000000001       -3.3447816822467237E-006
   135.09000000000000       -3.3447816822467237E-006
   135.22000000000000       -3.3447816822467237E-006
   135.34999999999999       -3.3447816822467237E-006
   135.47999999999999       -3.3447816822467237E-006
   135.61000000000001       -3.3447816822467237E-006
   135.74000000000001       -3.3447816822467237E-006
   135.87000000000000       -3.3447816822467237E-006
   136.00000000000000       -3.3447816822467237E-006
   136.13000000000000       -3.3447816822467237E-006
   136.25999999999999       -3.3447816822467237E-006
   136.38999999999999       -3.3447816822467237E-006
   136.52000000000001       -3.3447816822467237E-006
   136.65000000000001       -3.3447816822467237E-006
   136.78000000000000       -3.3447816822467237E-006
   136.91000000000000       -3.3447816822467237E-006
   137.03999999999999       -3.3447816822467237E-006
   137.16999999999999       -3.3447816822467237E-006
   137.30000000000001       -3.3447816822467237E-006
   137.43000000000001       -3.3447816822467237E-006
   137.56000000000000       -3.3447816822467237E-006
   137.69000000000000       -3.3447816822467237E-006
   137.81999999999999       -3.3447816822467237E-006
   137.94999999999999       -3.3447816822467237E-006
   138.08000000000001       -3.3447816822467237E-006
   138.21000000000001       -3.3447816822467237E-006
   138.34000000000000       -3.3447816822467237E-006
   138.47000000000000       -3.3447816822467237E-006
   138.59999999999999       -3.3447816822467237E-006
   138.72999999999999       -3.3447816822467237E-006
   138.86000000000001       -3.3447816822467237E-006
   138.99000000000001       -3.3447816822467237E-006
   139.12000000000000       -3.3447816822467237E-006
   139.25000000000000       -3.3447816822467237E-006
   139.38000000000000       -3.3447816822467237E-006
   139.50999999999999       -3.3447816822467237E-006
   139.63999999999999       -3.3447816822467237E-006
   139.77000000000001       -3.3447816822467237E-006
   139.90000000000001       -3.3447816822467237E-006
   140.03000000000000       -3.3447816822467237E-006
   140.16000000000000       -3.3447816822467237E-006
   140.28999999999999       -3.3447816822467237E-006
   140.41999999999999       -3.3447816822467237E-006
   140.55000000000001       -3.3447816822467237E-006
   140.68000000000001       -3.3447816822467237E-006
   140.81000000000000       -3.3447816822467237E-006
   140.94000000000000       -3.3447816822467237E-006
   141.06999999999999       -3.3447816822467237E-006
   141.19999999999999       -3.3447816822467237E-006
   141.33000000000001       -3.3447816822467237E-006
   141.46000000000001       -3.3447816822467237E-006
   141.59000000000000       -3.3447816822467237E-006
   141.72000000000000       -3.3447816822467237E-006
   141.84999999999999       -3.3447816822467237E-006
   141.97999999999999       -3.3447816822467237E-006
   142.11000000000001       -3.3447816822467237E-006
   142.24000000000001       -3.3447816822467237E-006
   142.37000000000000       -3.3447816822467237E-006
   142.50000000000000       -3.3447816822467237E-006
   142.63000000000000       -3.3447816822467237E-006
   142.75999999999999       -3.3447816822467237E-006
   142.88999999999999       -3.3447816822467237E-006
   143.02000000000001       -3.3447816822467237E-006
   143.15000000000001       -3.3447816822467237E-006
   143.28000000000000       -3.3447816822467237E-006
   143.41000000000000       -3.3447816822467237E-006
   143.53999999999999       -3.3447816822467237E-006
   143.66999999999999       -3.3447816822467237E-006
   143.80000000000001       -3.3447816822467237E-006
   143.93000000000001       -3.3447816822467237E-006
   144.06000000000000       -3.3447816822467237E-006
   144.19000000000000       -3.3447816822467237E-006
   144.31999999999999       -3.3447816822467237E-006
   144.44999999999999       -3.3447816822467237E-006
   144.58000000000001       -3.3447816822467237E-006
   144.71000000000001       -3.3447816822467237E-006
   144.84000000000000       -3.3447816822467237E-006
   144.97000000000000       -3.3447816822467237E-006
   145.09999999999999       -3.3447816822467237E-006
   145.22999999999999       -3.3447816822467237E-006
   145.36000000000001       -3.3447816822467237E-006
   145.49000000000001       -3.3447816822467237E-006
   145.62000000000000       -3.3447816822467237E-006
   145.75000000000000       -3.3447816822467237E-006
   145.88000000000000       -3.3447816822467237E-006
   146.00999999999999       -3.3447816822467237E-006
   146.13999999999999       -3.3447816822467237E-006
   146.27000000000001       -3.3447816822467237E-006
   146.40000000000001       -3.3447816822467237E-006
   146.53000000000000       -3.3447816822467237E-006
   146.66000000000000       -3.3447816822467237E-006
   146.78999999999999       -3.3447816822467237E-006
   146.91999999999999       -3.3447816822467237E-006
   147.05000000000001       -3.3447816822467237E-006
   147.18000000000001       -3.3447816822467237E-006
   147.31000000000000       -3.3447816822467237E-006
   147.44000000000000       -3.3447816822467237E-006
   147.56999999999999       -3.3447816822467237E-006
   147.69999999999999       -3.3447816822467237E-006
   147.83000000000001       -3.3447816822467237E-006
   147.96000000000001       -3.3447816822467237E-006
   148.09000000000000       -3.3447816822467237E-006
   148.22000000000000       -3.3447816822467237E-006
   148.34999999999999       -3.3447816822467237E-006
   148.47999999999999       -3.3447816822467237E-006
   148.61000000000001       -3.3447816822467237E-006
   148.74000000000001       -3.3447816822467237E-006
   148.87000000000000       -3.3447816822467237E-006
   149.00000000000000       -3.3447816822467237E-006
   149.13000000000000       -3.3447816822467237E-006
   149.25999999999999       -3.3447816822467237E-006
   149.38999999999999       -3.3447816822467237E-006
   149.52000000000001       -3.3447816822467237E-006
   149.65000000000001       -3.3447816822467237E-006
   149.78000000000000       -3.3447816822467237E-006
   149.91000000000000       -3.3447816822467237E-006
   150.03999999999999       -3.3447816822467237E-006
   150.16999999999999       -3.3447816822467237E-006
   150.30000000000001       -3.3447816822467237E-006
   150.43000000000001       -3.3447816822467237E-006
   150.56000000000000       -3.3447816822467237E-006
   150.69000000000000       -3.3447816822467237E-006
   150.81999999999999       -3.3447816822467237E-006
   150.94999999999999       -3.3447816822467237E-006
   151.08000000000001       -3.3447816822467237E-006
   151.21000000000001       -3.3447816822467237E-006
   151.34000000000000       -3.3447816822467237E-006
   151.47000000000000       -3.3447816822467237E-006
   151.59999999999999       -3.3447816822467237E-006
   151.72999999999999       -3.3447816822467237E-006
   151.86000000000001       -3.3447816822467237E-006
   151.99000000000001       -3.3447816822467237E-006
   152.12000000000000       -3.3447816822467237E-006
   152.25000000000000       -3.3447816822467237E-006
   152.38000000000000       -3.3447816822467237E-006
   152.50999999999999       -3.3447816822467237E-006
   152.63999999999999       -3.3447816822467237E-006
   152.77000000000001       -3.3447816822467237E-006
   152.90000000000001       -3.3447816822467237E-006
   153.03000000000000       -3.3447816822467237E-006
   153.16000000000000       -3.3447816822467237E-006
   153.28999999999999       -3.3447816822467237E-006
   153.41999999999999       -3.3447816822467237E-006
   153.55000000000001       -3.3447816822467237E-006
   153.68000000000001       -3.3447816822467237E-006
   153.81000000000000       -3.3447816822467237E-006
   153.94000000000000       -3.3447816822467237E-006
   154.06999999999999       -3.3447816822467237E-006
   154.19999999999999       -3.3447816822467237E-006
   154.33000000000001       -3.3447816822467237E-006
   154.46000000000001       -3.3447816822467237E-006
   154.59000000000000       -3.3447816822467237E-006
   154.72000000000000       -3.3447816822467237E-006
   154.84999999999999       -3.3447816822467237E-006
   154.97999999999999       -3.3447816822467237E-006
   155.11000000000001       -3.3447816822467237E-006
   155.24000000000001       -3.3447816822467237E-006
   155.37000000000000       -3.3447816822467237E-006
   155.50000000000000       -3.3447816822467237E-006
   155.63000000000000       -3.3447816822467237E-006
   155.75999999999999       -3.3447816822467237E-006
   155.88999999999999       -3.3447816822467237E-006
   156.02000000000001       -3.3447816822467237E-006
   156.15000000000001       -3.3447816822467237E-006
   156.28000000000000       -3.3447816822467237E-006
   156.41000000000000       -3.3447816822467237E-006
   156.53999999999999       -3.3447816822467237E-006
   156.66999999999999       -3.3447816822467237E-006
   156.80000000000001       -3.3447816822467237E-006
   156.93000000000001       -3.3447816822467237E-006
   157.06000000000000       -3.3447816822467237E-006
   157.19000000000000       -3.3447816822467237E-006
   157.31999999999999       -3.3447816822467237E-006
   157.44999999999999       -3.3447816822467237E-006
   157.58000000000001       -3.3447816822467237E-006
   157.71000000000001       -3.3447816822467237E-006
   157.84000000000000       -3.3447816822467237E-006
   157.97000000000000       -3.3447816822467237E-006
   158.09999999999999       -3.3447816822467237E-006
   158.22999999999999       -3.3447816822467237E-006
   158.36000000000001       -3.3447816822467237E-006
   158.49000000000001       -3.3447816822467237E-006
   158.62000000000000       -3.3447816822467237E-006
   158.75000000000000       -3.3447816822467237E-006
   158.88000000000000       -3.3447816822467237E-006
   159.00999999999999       -3.3447816822467237E-006
   159.13999999999999       -3.3447816822467237E-006
   159.27000000000001       -3.3447816822467237E-006
   159.40000000000001       -3.3447816822467237E-006
   159.53000000000000       -3.3447816822467237E-006
   159.66000000000000       -3.3447816822467237E-006
   159.78999999999999       -3.3447816822467237E-006
   159.91999999999999       -3.3447816822467237E-006
   160.05000000000001       -3.3447816822467237E-006
   160.18000000000001       -3.3447816822467237E-006
   160.31000000000000       -3.3447816822467237E-006
   160.44000000000000       -3.3447816822467237E-006
   160.56999999999999       -3.3447816822467237E-006
   160.69999999999999       -3.3447816822467237E-006
   160.83000000000001       -3.3447816822467237E-006
   160.96000000000001       -3.3447816822467237E-006
   161.09000000000000       -3.3447816822467237E-006
   161.22000000000000       -3.3447816822467237E-006
   161.34999999999999       -3.3447816822467237E-006
   161.47999999999999       -3.3447816822467237E-006
   161.61000000000001       -3.3447816822467237E-006
   161.74000000000001       -3.3447816822467237E-006
   161.87000000000000       -3.3447816822467237E-006
   162.00000000000000       -3.3447816822467237E-006
   162.13000000000000       -3.3447816822467237E-006
   162.25999999999999       -3.3447816822467237E-006
   162.38999999999999       -3.3447816822467237E-006
   162.52000000000001       -3.3447816822467237E-006
   162.65000000000001       -3.3447816822467237E-006
   162.78000000000000       -3.3447816822467237E-006
   162.91000000000000       -3.3447816822467237E-006
   163.03999999999999       -3.3447816822467237E-006
   163.16999999999999       -3.3447816822467237E-006
   163.30000000000001       -3.3447816822467237E-006
   163.43000000000001       -3.3447816822467237E-006
   163.56000000000000       -3.3447816822467237E-006
   163.69000000000000       -3.3447816822467237E-006
   163.81999999999999       -3.3447816822467237E-006
   163.94999999999999       -3.3447816822467237E-006
   164.08000000000001       -3.3447816822467237E-006
   164.21000000000001       -3.3447816822467237E-006
   164.34000000000000       -3.3447816822467237E-006
   164.47000000000000       -3.3447816822467237E-006
   164.59999999999999       -3.3447816822467237E-006
   164.72999999999999       -3.3447816822467237E-006
   164.86000000000001       -3.3447816822467237E-006
   164.99000000000001       -3.3447816822467237E-006
   165.12000000000000       -3.3447816822467237E-006
   165.25000000000000       -3.3447816822467237E-006
   165.38000000000000       -3.3447816822467237E-006
   165.50999999999999       -3.3447816822467237E-006
   165.63999999999999       -3.3447816822467237E-006
   165.77000000000001       -3.3447816822467237E-006
   165.90000000000001       -3.3447816822467237E-006
   166.03000000000000       -3.3447816822467237E-006
   166.16000000000000       -3.3447816822467237E-006
   166.28999999999999       -3.3447816822467237E-006
   166.41999999999999       -3.3447816822467237E-006
   166.55000000000001       -3.3447816822467237E-006
   166.68000000000001       -3.3447816822467237E-006
   166.81000000000000       -3.3447816822467237E-006
   166.94000000000000       -3.3447816822467237E-006
   167.06999999999999       -3.3447816822467237E-006
   167.19999999999999       -3.3447816822467237E-006
   167.33000000000001       -3.3447816822467237E-006
   167.46000000000001       -3.3447816822467237E-006
   167.59000000000000       -3.3447816822467237E-006
   167.72000000000000       -3.3447816822467237E-006
   167.84999999999999       -3.3447816822467237E-006
   167.97999999999999       -3.3447816822467237E-006
   168.11000000000001       -3.3447816822467237E-006
   168.24000000000001       -3.3447816822467237E-006
   168.37000000000000       -3.3447816822467237E-006
   168.50000000000000       -3.3447816822467237E-006
   168.63000000000000       -3.3447816822467237E-006
   168.75999999999999       -3.3447816822467237E-006
   168.88999999999999       -3.3447816822467237E-006
   169.02000000000001       -3.3447816822467237E-006
   169.15000000000001       -3.3447816822467237E-006
   169.28000000000000       -3.3447816822467237E-006
   169.41000000000000       -3.3447816822467237E-006
   169.53999999999999       -3.3447816822467237E-006
   169.66999999999999       -3.3447816822467237E-006
   169.80000000000001       -3.3447816822467237E-006
   169.93000000000001       -3.3447816822467237E-006
   170.06000000000000       -3.3447816822467237E-006
   170.19000000000000       -3.3447816822467237E-006
   170.31999999999999       -3.3447816822467237E-006
   170.44999999999999       -3.3447816822467237E-006
   170.58000000000001       -3.3447816822467237E-006
   170.71000000000001       -3.3447816822467237E-006
   170.84000000000000       -3.3447816822467237E-006
   170.97000000000000       -3.3447816822467237E-006
   171.09999999999999       -3.3447816822467237E-006
   171.22999999999999       -3.3447816822467237E-006
   171.36000000000001       -3.3447816822467237E-006
   171.49000000000001       -3.3447816822467237E-006
   171.62000000000000       -3.3447816822467237E-006
   171.75000000000000       -3.3447816822467237E-006
   171.88000000000000       -3.3447816822467237E-006
   172.00999999999999       -3.3447816822467237E-006
   172.13999999999999       -3.3447816822467237E-006
   172.27000000000001       -3.3447816822467237E-006
   172.40000000000001       -3.3447816822467237E-006
   172.53000000000000       -3.3447816822467237E-006
   172.66000000000000       -3.3447816822467237E-006
   172.78999999999999       -3.3447816822467237E-006
   172.91999999999999       -3.3447816822467237E-006
   173.05000000000001       -3.3447816822467237E-006
   173.18000000000001       -3.3447816822467237E-006
   173.31000000000000       -3.3447816822467237E-006
   173.44000000000000       -3.3447816822467237E-006
   173.56999999999999       -3.3447816822467237E-006
   173.69999999999999       -3.3447816822467237E-006
   173.83000000000001       -3.3447816822467237E-006
   173.96000000000001       -3.3447816822467237E-006
   174.09000000000000       -3.3447816822467237E-006
   174.22000000000000       -3.3447816822467237E-006
   174.34999999999999       -3.3447816822467237E-006
   174.47999999999999       -3.3447816822467237E-006
   174.61000000000001       -3.3447816822467237E-006
   174.74000000000001       -3.3447816822467237E-006
   174.87000000000000       -3.3447816822467237E-006
   175.00000000000000       -3.3447816822467237E-006
   175.13000000000000       -3.3447816822467237E-006
   175.25999999999999       -3.3447816822467237E-006
   175.38999999999999       -3.3447816822467237E-006
   175.52000000000001       -3.3447816822467237E-006
   175.65000000000001       -3.3447816822467237E-006
   175.78000000000000       -3.3447816822467237E-006
   175.91000000000000       -3.3447816822467237E-006
   176.03999999999999       -3.3447816822467237E-006
   176.16999999999999       -3.3447816822467237E-006
   176.30000000000001       -3.3447816822467237E-006
   176.43000000000001       -3.3447816822467237E-006
   176.56000000000000       -3.3447816822467237E-006
   176.69000000000000       -3.3447816822467237E-006
   176.81999999999999       -3.3447816822467237E-006
   176.94999999999999       -3.3447816822467237E-006
   177.08000000000001       -3.3447816822467237E-006
   177.21000000000001       -3.3447816822467237E-006
   177.34000000000000       -3.3447816822467237E-006
   177.47000000000000       -3.3447816822467237E-006
   177.59999999999999       -3.3447816822467237E-006
   177.72999999999999       -3.3447816822467237E-006
   177.86000000000001       -3.3447816822467237E-006
   177.99000000000001       -3.3447816822467237E-006
   178.12000000000000       -3.3447816822467237E-006
   178.25000000000000       -3.3447816822467237E-006
   178.38000000000000       -3.3447816822467237E-006
   178.50999999999999       -3.3447816822467237E-006
   178.63999999999999       -3.3447816822467237E-006
   178.77000000000001       -3.3447816822467237E-006
   178.90000000000001       -3.3447816822467237E-006
   179.03000000000000       -3.3447816822467237E-006
   179.16000000000000       -3.3447816822467237E-006
   179.28999999999999       -3.3447816822467237E-006
   179.41999999999999       -3.3447816822467237E-006
   179.55000000000001       -3.3447816822467237E-006
   179.68000000000001       -3.3447816822467237E-006
   179.81000000000000       -3.3447816822467237E-006
   179.94000000000000       -3.3447816822467237E-006
   180.06999999999999       -3.3447816822467237E-006
   180.19999999999999       -3.3447816822467237E-006
   180.33000000000001       -3.3447816822467237E-006
   180.46000000000001       -3.3447816822467237E-006
   180.59000000000000       -3.3447816822467237E-006
   180.72000000000000       -3.3447816822467237E-006
   180.84999999999999       -3.3447816822467237E-006
   180.97999999999999       -3.3447816822467237E-006
   181.11000000000001       -3.3447816822467237E-006
   181.24000000000001       -3.3447816822467237E-006
   181.37000000000000       -3.3447816822467237E-006
   181.50000000000000       -3.3447816822467237E-006
   181.63000000000000       -3.3447816822467237E-006
   181.75999999999999       -3.3447816822467237E-006
   181.88999999999999       -3.3447816822467237E-006
   182.02000000000001       -3.3447816822467237E-006
   182.15000000000001       -3.3447816822467237E-006
   182.28000000000000       -3.3447816822467237E-006
   182.41000000000000       -3.3447816822467237E-006
   182.53999999999999       -3.3447816822467237E-006
   182.66999999999999       -3.3447816822467237E-006
   182.80000000000001       -3.3447816822467237E-006
   182.93000000000001       -3.3447816822467237E-006
   183.06000000000000       -3.3447816822467237E-006
   183.19000000000000       -3.3447816822467237E-006
   183.31999999999999       -3.3447816822467237E-006
   183.44999999999999       -3.3447816822467237E-006
   183.58000000000001       -3.3447816822467237E-006
   183.71000000000001       -3.3447816822467237E-006
   183.84000000000000       -3.3447816822467237E-006
   183.97000000000000       -3.3447816822467237E-006
   184.09999999999999       -3.3447816822467237E-006
   184.22999999999999       -3.3447816822467237E-006
   184.36000000000001       -3.3447816822467237E-006
   184.49000000000001       -3.3447816822467237E-006
   184.62000000000000       -3.3447816822467237E-006
   184.75000000000000       -3.3447816822467237E-006
   184.88000000000000       -3.3447816822467237E-006
   185.00999999999999       -3.3447816822467237E-006
   185.13999999999999       -3.3447816822467237E-006
   185.27000000000001       -3.3447816822467237E-006
   185.40000000000001       -3.3447816822467237E-006
   185.53000000000000       -3.3447816822467237E-006
   185.66000000000000       -3.3447816822467237E-006
   185.78999999999999       -3.3447816822467237E-006
   185.91999999999999       -3.3447816822467237E-006
   186.05000000000001       -3.3447816822467237E-006
   186.18000000000001       -3.3447816822467237E-006
   186.31000000000000       -3.3447816822467237E-006
   186.44000000000000       -3.3447816822467237E-006
   186.56999999999999       -3.3447816822467237E-006
   186.69999999999999       -3.3447816822467237E-006
   186.83000000000001       -3.3447816822467237E-006
   186.96000000000001       -3.3447816822467237E-006
   187.09000000000000       -3.3447816822467237E-006
   187.22000000000000       -3.3447816822467237E-006
   187.34999999999999       -3.3447816822467237E-006
   187.47999999999999       -3.3447816822467237E-006
   187.61000000000001       -3.3447816822467237E-006
   187.74000000000001       -3.3447816822467237E-006
   187.87000000000000       -3.3447816822467237E-006
   188.00000000000000       -3.3447816822467237E-006
   188.13000000000000       -3.3447816822467237E-006
   188.25999999999999       -3.3447816822467237E-006
   188.38999999999999       -3.3447816822467237E-006
   188.52000000000001       -3.3447816822467237E-006
   188.65000000000001       -3.3447816822467237E-006
   188.78000000000000       -3.3447816822467237E-006
   188.91000000000000       -3.3447816822467237E-006
   189.03999999999999       -3.3447816822467237E-006
   189.16999999999999       -3.3447816822467237E-006
   189.30000000000001       -3.3447816822467237E-006
   189.43000000000001       -3.3447816822467237E-006
   189.56000000000000       -3.3447816822467237E-006
   189.69000000000000       -3.3447816822467237E-006
   189.81999999999999       -3.3447816822467237E-006
   189.94999999999999       -3.3447816822467237E-006
   190.08000000000001       -3.3447816822467237E-006
   190.21000000000001       -3.3447816822467237E-006
   190.34000000000000       -3.3447816822467237E-006
   190.47000000000000       -3.3447816822467237E-006
   190.59999999999999       -3.3447816822467237E-006
   190.72999999999999       -3.3447816822467237E-006
   190.86000000000001       -3.3447816822467237E-006
   190.99000000000001       -3.3447816822467237E-006
   191.12000000000000       -3.3447816822467237E-006
   191.25000000000000       -3.3447816822467237E-006
   191.38000000000000       -3.3447816822467237E-006
   191.50999999999999       -3.3447816822467237E-006
   191.63999999999999       -3.3447816822467237E-006
   191.77000000000001       -3.3447816822467237E-006
   191.90000000000001       -3.3447816822467237E-006
   192.03000000000000       -3.3447816822467237E-006
   192.16000000000000       -3.3447816822467237E-006
   192.28999999999999       -3.3447816822467237E-006
   192.41999999999999       -3.3447816822467237E-006
   192.55000000000001       -3.3447816822467237E-006
   192.68000000000001       -3.3447816822467237E-006
   192.81000000000000       -3.3447816822467237E-006
   192.94000000000000       -3.3447816822467237E-006
   193.06999999999999       -3.3447816822467237E-006
   193.19999999999999       -3.3447816822467237E-006
   193.33000000000001       -3.3447816822467237E-006
   193.46000000000001       -3.3447816822467237E-006
   193.59000000000000       -3.3447816822467237E-006
   193.72000000000000       -3.3447816822467237E-006
   193.84999999999999       -3.3447816822467237E-006
   193.97999999999999       -3.3447816822467237E-006
   194.11000000000001       -3.3447816822467237E-006
   194.24000000000001       -3.3447816822467237E-006
   194.37000000000000       -3.3447816822467237E-006
   194.50000000000000       -3.3447816822467237E-006
   194.63000000000000       -3.3447816822467237E-006
   194.75999999999999       -3.3447816822467237E-006
   194.88999999999999       -3.3447816822467237E-006
   195.02000000000001       -3.3447816822467237E-006
   195.15000000000001       -3.3447816822467237E-006
   195.28000000000000       -3.3447816822467237E-006
   195.41000000000000       -3.3447816822467237E-006
   195.53999999999999       -3.3447816822467237E-006
   195.66999999999999       -3.3447816822467237E-006
   195.80000000000001       -3.3447816822467237E-006
   195.93000000000001       -3.3447816822467237E-006
   196.06000000000000       -3.3447816822467237E-006
   196.19000000000000       -3.3447816822467237E-006
   196.31999999999999       -3.3447816822467237E-006
   196.44999999999999       -3.3447816822467237E-006
   196.58000000000001       -3.3447816822467237E-006
   196.71000000000001       -3.3447816822467237E-006
   196.84000000000000       -3.3447816822467237E-006
   196.97000000000000       -3.3447816822467237E-006
   197.09999999999999       -3.3447816822467237E-006
   197.22999999999999       -3.3447816822467237E-006
   197.36000000000001       -3.3447816822467237E-006
   197.49000000000001       -3.3447816822467237E-006
   197.62000000000000       -3.3447816822467237E-006
   197.75000000000000       -3.3447816822467237E-006
   197.88000000000000       -3.3447816822467237E-006
   198.00999999999999       -3.3447816822467237E-006
   198.13999999999999       -3.3447816822467237E-006
   198.27000000000001       -3.3447816822467237E-006
   198.40000000000001       -3.3447816822467237E-006
   198.53000000000000       -3.3447816822467237E-006
   198.66000000000000       -3.3447816822467237E-006
   198.78999999999999       -3.3447816822467237E-006
   198.91999999999999       -3.3447816822467237E-006
   199.05000000000001       -3.3447816822467237E-006
   199.18000000000001       -3.3447816822467237E-006
   199.31000000000000       -3.3447816822467237E-006
   199.44000000000000       -3.3447816822467237E-006
   199.56999999999999       -3.3447816822467237E-006
   199.69999999999999       -3.3447816822467237E-006
   199.83000000000001       -3.3447816822467237E-006
   199.96000000000001       -3.3447816822467237E-006
   200.09000000000000       -3.3447816822467237E-006
   200.22000000000000       -3.3447816822467237E-006
   200.34999999999999       -3.3447816822467237E-006
   200.47999999999999       -3.3447816822467237E-006
   200.61000000000001       -3.3447816822467237E-006
   200.74000000000001       -3.3447816822467237E-006
   200.87000000000000       -3.3447816822467237E-006
   201.00000000000000       -3.3447816822467237E-006
   201.13000000000000       -3.3447816822467237E-006
   201.25999999999999       -3.3447816822467237E-006
   201.38999999999999       -3.3447816822467237E-006
   201.52000000000001       -3.3447816822467237E-006
   201.65000000000001       -3.3447816822467237E-006
   201.78000000000000       -3.3447816822467237E-006
   201.91000000000000       -3.3447816822467237E-006
   202.03999999999999       -3.3447816822467237E-006
   202.16999999999999       -3.3447816822467237E-006
   202.30000000000001       -3.3447816822467237E-006
   202.43000000000001       -3.3447816822467237E-006
   202.56000000000000       -3.3447816822467237E-006
   202.69000000000000       -3.3447816822467237E-006
   202.81999999999999       -3.3447816822467237E-006
   202.94999999999999       -3.3447816822467237E-006
   203.08000000000001       -3.3447816822467237E-006
   203.21000000000001       -3.3447816822467237E-006
   203.34000000000000       -3.3447816822467237E-006
   203.47000000000000       -3.3447816822467237E-006
   203.59999999999999       -3.3447816822467237E-006
   203.72999999999999       -3.3447816822467237E-006
   203.86000000000001       -3.3447816822467237E-006
   203.99000000000001       -3.3447816822467237E-006
   204.12000000000000       -3.3447816822467237E-006
   204.25000000000000       -3.3447816822467237E-006
   204.38000000000000       -3.3447816822467237E-006
   204.50999999999999       -3.3447816822467237E-006
   204.63999999999999       -3.3447816822467237E-006
   204.77000000000001       -3.3447816822467237E-006
   204.90000000000001       -3.3447816822467237E-006
   205.03000000000000       -3.3447816822467237E-006
   205.16000000000000       -3.3447816822467237E-006
   205.28999999999999       -3.3447816822467237E-006
   205.41999999999999       -3.3447816822467237E-006
   205.55000000000001       -3.3447816822467237E-006
   205.68000000000001       -3.3447816822467237E-006
   205.81000000000000       -3.3447816822467237E-006
   205.94000000000000       -3.3447816822467237E-006
   206.06999999999999       -3.3447816822467237E-006
   206.19999999999999       -3.3447816822467237E-006
   206.33000000000001       -3.3447816822467237E-006
   206.46000000000001       -3.3447816822467237E-006
   206.59000000000000       -3.3447816822467237E-006
   206.72000000000000       -3.3447816822467237E-006
   206.84999999999999       -3.3447816822467237E-006
   206.97999999999999       -3.3447816822467237E-006
   207.11000000000001       -3.3447816822467237E-006
   207.24000000000001       -3.3447816822467237E-006
   207.37000000000000       -3.3447816822467237E-006
   207.50000000000000       -3.3447816822467237E-006
   207.63000000000000       -3.3447816822467237E-006
   207.75999999999999       -3.3447816822467237E-006
   207.88999999999999       -3.3447816822467237E-006
   208.02000000000001       -3.3447816822467237E-006
   208.15000000000001       -3.3447816822467237E-006
   208.28000000000000       -3.3447816822467237E-006
   208.41000000000000       -3.3447816822467237E-006
   208.53999999999999       -3.3447816822467237E-006
   208.66999999999999       -3.3447816822467237E-006
   208.80000000000001       -3.3447816822467237E-006
   208.93000000000001       -3.3447816822467237E-006
   209.06000000000000       -3.3447816822467237E-006
   209.19000000000000       -3.3447816822467237E-006
   209.31999999999999       -3.3447816822467237E-006
   209.44999999999999       -3.3447816822467237E-006
   209.58000000000001       -3.3447816822467237E-006
   209.71000000000001       -3.3447816822467237E-006
   209.84000000000000       -3.3447816822467237E-006
   209.97000000000000       -3.3447816822467237E-006
   210.09999999999999       -3.3447816822467237E-006
   210.22999999999999       -3.3447816822467237E-006
   210.36000000000001       -3.3447816822467237E-006
   210.49000000000001       -3.3447816822467237E-006
   210.62000000000000       -3.3447816822467237E-006
   210.75000000000000       -3.3447816822467237E-006
   210.88000000000000       -3.3447816822467237E-006
   211.00999999999999       -3.3447816822467237E-006
   211.13999999999999       -3.3447816822467237E-006
   211.27000000000001       -3.3447816822467237E-006
   211.40000000000001       -3.3447816822467237E-006
   211.53000000000000       -3.3447816822467237E-006
   211.66000000000000       -3.3447816822467237E-006
   211.78999999999999       -3.3447816822467237E-006
   211.91999999999999       -3.3447816822467237E-006
   212.05000000000001       -3.3447816822467237E-006
   212.18000000000001       -3.3447816822467237E-006
   212.31000000000000       -3.3447816822467237E-006
   212.44000000000000       -3.3447816822467237E-006
   212.56999999999999       -3.3447816822467237E-006
   212.69999999999999       -3.3447816822467237E-006
   212.83000000000001       -3.3447816822467237E-006
   212.96000000000001       -3.3447816822467237E-006
   213.09000000000000       -3.3447816822467237E-006
   213.22000000000000       -3.3447816822467237E-006
   213.34999999999999       -3.3447816822467237E-006
   213.47999999999999       -3.3447816822467237E-006
   213.61000000000001       -3.3447816822467237E-006
   213.74000000000001       -3.3447816822467237E-006
   213.87000000000000       -3.3447816822467237E-006
   214.00000000000000       -3.3447816822467237E-006
