 -0.5000000000       4.551174432    
 -0.4980000000       4.401392423    
 -0.4960000000       4.279780425    
 -0.4940000000       4.278406278    
 -0.4920000000       4.079154982    
 -0.4900000000       4.036556429    
 -0.4880000000       4.015257153    
 -0.4860000000       4.062665220    
 -0.4840000000       4.247487974    
 -0.4820000000       4.101141332    
 -0.4800000000       3.766536569    
 -0.4780000000       3.064347519    
 -0.4760000000       2.634926622    
 -0.4740000000       2.427430445    
 -0.4720000000       2.351852367    
 -0.4700000000       2.185580596    
 -0.4680000000       1.796697032    
 -0.4660000000       1.301317085    
 -0.4640000000      0.8457873982    
 -0.4620000000      0.5850430297    
 -0.4600000000      0.4977847035    
 -0.4580000000      0.4435059021    
 -0.4560000000      0.5441621603    
 -0.4540000000      0.5214887370    
 -0.4520000000      0.5812641258    
 -0.4500000000      0.4988153136    
 -0.4480000000      0.5441621603    
 -0.4460000000      0.4555296872    
 -0.4440000000      0.5606519228    
 -0.4420000000      0.4946928730    
 -0.4400000000      0.5441621603    
 -0.4380000000      0.4493460263    
 -0.4360000000      0.5606519228    
 -0.4340000000      0.7152434456    
 -0.4320000000      0.8842635105    
 -0.4300000000      0.9605286618    
 -0.4280000000      0.8409778841    
 -0.4260000000      0.8492227654    
 -0.4240000000       1.129548727    
 -0.4220000000       1.500568381    
 -0.4200000000       1.537670347    
 -0.4180000000       1.133671167    
 -0.4160000000      0.7832637156    
 -0.4140000000      0.6513456161    
 -0.4120000000      0.6204273116    
 -0.4100000000      0.5874477867    
 -0.4080000000      0.5503458212    
 -0.4060000000      0.5297336182    
 -0.4040000000      0.4452235857    
 -0.4020000000      0.4307950436    
 -0.4000000000      0.4356045576    
 -0.3980000000      0.5613389962    
 -0.3960000000      0.5180533698    
 -0.3940000000      0.4307950436    
 -0.3920000000      0.2844484020    
 -0.3900000000      0.2597137583    
 -0.3880000000      0.3297952487    
 -0.3860000000      0.3380401299    
 -0.3840000000      0.3545298923    
 -0.3820000000      0.4761418903    
 -0.3800000000      0.6966924628    
 -0.3780000000      0.8925083917    
 -0.3760000000       1.049161135    
 -0.3740000000      0.9089981542    
 -0.3720000000      0.7193658862    
 -0.3700000000      0.4740806700    
 -0.3680000000      0.4782031106    
 -0.3660000000      0.5956926679    
 -0.3640000000      0.9399164587    
 -0.3620000000       1.345976859    
 -0.3600000000       1.393384926    
 -0.3580000000       1.086263100    
 -0.3560000000      0.6966924628    
 -0.3540000000      0.6657741583    
 -0.3520000000      0.6802027004    
 -0.3500000000      0.6822639207    
 -0.3480000000      0.5049989745    
 -0.3460000000      0.3710196548    
 -0.3440000000      0.2968157238    
 -0.3420000000      0.3133054862    
 -0.3400000000      0.3895706375    
 -0.3380000000      0.4039991796    
 -0.3360000000      0.4514072466    
 -0.3340000000      0.4720194497    
 -0.3320000000      0.5008765339    
 -0.3300000000      0.6389782943    
 -0.3280000000      0.7255495471    
 -0.3260000000      0.7894473765    
 -0.3240000000      0.8718961887    
 -0.3220000000      0.8018146984    
 -0.3200000000      0.6884475816    
 -0.3180000000      0.4101828405    
 -0.3160000000      0.3139925597    
 -0.3140000000      0.2521559506    
 -0.3120000000      0.2232988663    
 -0.3100000000      0.2452852162    
 -0.3080000000      0.3297952487    
 -0.3060000000      0.5544682618    
 -0.3040000000      0.8801410699    
 -0.3020000000       1.521180585    
 -0.3000000000       1.624241600    
 -0.2980000000       1.475833738    
 -0.2960000000      0.8925083917    
 -0.2940000000      0.7647127329    
 -0.2920000000      0.6389782943    
 -0.2900000000      0.5091214152    
 -0.2880000000      0.3277340284    
 -0.2860000000      0.3627747735    
 -0.2840000000      0.5812641258    
 -0.2820000000      0.8203656811    
 -0.2800000000      0.6863863613    
 -0.2780000000      0.4843867715    
 -0.2760000000      0.3009381644    
 -0.2740000000      0.4802643309    
 -0.2720000000      0.5730192446    
 -0.2700000000      0.8574676466    
 -0.2680000000      0.7976922577    
 -0.2660000000      0.7214271065    
 -0.2640000000      0.3978155187    
 -0.2620000000      0.3256728081    
 -0.2600000000      0.3772033157    
 -0.2580000000      0.4287338233    
 -0.2560000000      0.4823255512    
 -0.2540000000      0.4101828405    
 -0.2520000000      0.4019379593    
 -0.2500000000      0.2968157238    
 -0.2480000000      0.2720810802    
 -0.2460000000      0.3215503675    
 -0.2440000000      0.6204273116    
 -0.2420000000       1.667527226    
 -0.2400000000       1.933424645    
 -0.2380000000       1.912812442    
 -0.2360000000       1.378956384    
 -0.2340000000       1.154283370    
 -0.2320000000      0.8739574090    
 -0.2300000000      0.3421625705    
 -0.2280000000      0.1896322680    
 -0.2260000000      0.2088703242    
 -0.2240000000      0.2954415769    
 -0.2220000000      0.3964413719    
 -0.2200000000      0.5441621603    
 -0.2180000000      0.6410395146    
 -0.2160000000       1.042977474    
 -0.2140000000       1.007936729    
 -0.2120000000      0.9193042557    
 -0.2100000000      0.5029377542    
 -0.2080000000      0.3524686720    
 -0.2060000000      0.3297952487    
 -0.2040000000      0.3710196548    
 -0.2020000000      0.7956310374    
 -0.2000000000      0.7812024953    
 -0.1980000000      0.6534068364    
 -0.1960000000      0.2514688771    
 -0.1940000000      0.2287954538    
 -0.1920000000      0.3318564690    
 -0.1900000000      0.6204273116    
 -0.1880000000      0.8368554435    
 -0.1860000000      0.7255495471    
 -0.1840000000      0.6740190395    
 -0.1820000000       1.434609332    
 -0.1800000000       1.871588036    
 -0.1780000000       1.820057529    
 -0.1760000000      0.9502225603    
 -0.1740000000      0.5235499573    
 -0.1720000000      0.3504074517    
 -0.1700000000      0.4720194497    
 -0.1680000000      0.9028144933    
 -0.1660000000      0.9728959836    
 -0.1640000000       1.063589677    
 -0.1620000000       1.477894958    
 -0.1600000000       1.486139839    
 -0.1580000000       1.220242420    
 -0.1560000000      0.3524686720    
 -0.1540000000      0.2700198599    
 -0.1520000000      0.2329178944    
 -0.1500000000      0.3050606050    
 -0.1480000000      0.3236115878    
 -0.1460000000      0.3751420954    
 -0.1440000000      0.5317948385    
 -0.1420000000      0.9406035322    
 -0.1400000000      0.8705220418    
 -0.1380000000      0.7015019769    
 -0.1360000000      0.7853249359    
 -0.1340000000      0.8492227654    
 -0.1320000000      0.8471615450    
 -0.1300000000      0.2782647411    
 -0.1280000000      0.2762035208    
 -0.1260000000      0.3586523329    
 -0.1240000000      0.5524070415    
 -0.1220000000       2.069465185    
 -0.1200000000       2.516749991    
 -0.1180000000       2.615688566    
 -0.1160000000       1.080079439    
 -0.1140000000      0.6698965989    
 -0.1120000000      0.5173662964    
 -0.1100000000      0.8389166638    
 -0.1080000000       1.465527636    
 -0.1060000000       1.473772518    
 -0.1040000000       1.143977269    
 -0.1020000000      0.8801410699    
 -0.1000000000      0.7997534781    
 -0.9800000000E-01  0.7935698171    
 -0.9600000000E-01  0.8347942232    
 -0.9400000000E-01   1.069773338    
 -0.9200000000E-01   1.117181405    
 -0.9000000000E-01  0.7008149034    
 -0.8800000000E-01  0.4019379593    
 -0.8600000000E-01  0.3751420954    
 -0.8400000000E-01  0.3318564690    
 -0.8200000000E-01   1.550037669    
 -0.8000000000E-01   1.673710887    
 -0.7800000000E-01   1.523241805    
 -0.7600000000E-01  0.4122440609    
 -0.7400000000E-01  0.3751420954    
 -0.7200000000E-01  0.5833253461    
 -0.7000000000E-01  0.5943185211    
 -0.6800000000E-01   1.045725768    
 -0.6600000000E-01  0.8334200764    
 -0.6400000000E-01  0.9667123227    
 -0.6200000000E-01   1.925179764    
 -0.6000000000E-01   2.797075953    
 -0.5800000000E-01   2.683708836    
 -0.5600000000E-01   1.634547701    
 -0.5400000000E-01   1.997322475    
 -0.5200000000E-01   1.890139019    
 -0.5000000000E-01   1.492323500    
 -0.4800000000E-01   1.104814083    
 -0.4600000000E-01   1.358344181    
 -0.4400000000E-01   1.333609537    
 -0.4200000000E-01   1.908690002    
 -0.4000000000E-01   1.694323090    
 -0.3800000000E-01   1.906628781    
 -0.3600000000E-01  0.8822022902    
 -0.3400000000E-01   1.389262485    
 -0.3200000000E-01   1.428425671    
 -0.3000000000E-01   1.199630217    
 -0.2800000000E-01   1.941669527    
 -0.2600000000E-01   1.677833328    
 -0.2400000000E-01   1.933424645    
 -0.2200000000E-01   1.418119569    
 -0.2000000000E-01   1.567214505    
 -0.1800000000E-01   1.420867863    
 -0.1600000000E-01  0.9282362104    
 -0.1400000000E-01   1.706690412    
 -0.1200000000E-01   1.725241395    
 -0.1000000000E-01   1.725241395    
 -0.8000000000E-02   1.405752248    
 -0.6000000000E-02   1.356282960    
 -0.4000000000E-02   1.288262690    
 -0.2000000000E-02   887.5116502    
 -0.2710505431E-19   887.2416303    
  0.2000000000E-02   886.9887873    
  0.4000000000E-02  0.7970051843E-01
  0.6000000000E-02  0.1875710477    
  0.8000000000E-02  0.3875094172    
  0.1000000000E-01  0.8416649576    
  0.1200000000E-01   1.061528457    
  0.1400000000E-01   1.255283165    
  0.1600000000E-01   1.204439731    
  0.1800000000E-01   1.367963209    
  0.2000000000E-01   1.464153489    
  0.2200000000E-01   1.602942323    
  0.2400000000E-01   1.791887518    
  0.2600000000E-01   1.976023198    
  0.2800000000E-01   2.117560326    
  0.3000000000E-01   2.237798177    
  0.3200000000E-01   2.437736547    
  0.3400000000E-01   2.615688566    
  0.3600000000E-01   2.641110283    
  0.3800000000E-01   2.650729311    
  0.4000000000E-01   2.701572745    
  0.4200000000E-01   2.876089398    
  0.4400000000E-01   3.053354344    
  0.4600000000E-01   3.106946072    
  0.4800000000E-01   3.177027562    
  0.5000000000E-01   3.302762001    
  0.5200000000E-01   3.545985997    
  0.5400000000E-01   3.754169247    
  0.5600000000E-01   3.834556839    
  0.5800000000E-01   3.888835641    
  0.6000000000E-01   3.982964701    
  0.6200000000E-01   4.012508859    
  0.6400000000E-01   4.028311548    
  0.6600000000E-01   3.919753945    
  0.6800000000E-01   3.884026127    
  0.7000000000E-01   3.744550219    
  0.7200000000E-01   3.647672865    
  0.7400000000E-01   3.499952077    
  0.7600000000E-01   3.354979582    
  0.7800000000E-01   3.201762206    
  0.8000000000E-01   3.122748761    
  0.8200000000E-01   2.943422594    
  0.8400000000E-01   2.788831072    
  0.8600000000E-01   2.512627551    
  0.8800000000E-01   2.374525791    
  0.9000000000E-01   2.170464980    
  0.9200000000E-01   1.935485866    
  0.9400000000E-01   1.547976448    
  0.9600000000E-01   1.067712118    
  0.9800000000E-01  0.6534068364    
  0.1000000000      0.4081216202    
  0.1020000000      0.3627747735    
  0.1040000000      0.2906320629    
  0.1060000000      0.2370403350    
  0.1080000000      0.1360405401    
  0.1100000000      0.1360405401    
  0.1120000000      0.1525303025    
  0.1140000000      0.1916934883    
  0.1160000000      0.2164281319    
  0.1180000000      0.2246730132    
  0.1200000000      0.2040608101    
  0.1220000000      0.2370403350    
  0.1240000000      0.2287954538    
  0.1260000000      0.2164281319    
  0.1280000000      0.1511561556    
  0.1300000000      0.1408500541    
  0.1320000000      0.1944417820    
  0.1340000000      0.2411627756    
  0.1360000000      0.2803259614    
  0.1380000000      0.2597137583    
  0.1400000000      0.2411627756    
  0.1420000000      0.2370403350    
  0.1440000000      0.2947545035    
  0.1460000000      0.2741423005    
  0.1480000000      0.2287954538    
  0.1500000000      0.1896322680    
  0.1520000000      0.2267342335    
  0.1540000000      0.2555913177    
  0.1560000000      0.2432239959    
  0.1580000000      0.1937547086    
  0.1600000000      0.1669588446    
  0.1620000000      0.1628364040    
  0.1640000000      0.2555913177    
  0.1660000000      0.2494076568    
  0.1680000000      0.2205505726    
  0.1700000000      0.1896322680    
  0.1720000000      0.2597137583    
  0.1740000000      0.3339176893    
  0.1760000000      0.3710196548    
  0.1780000000      0.3380401299    
  0.1800000000      0.2514688771    
  0.1820000000      0.1834486071    
  0.1840000000      0.2391015553    
  0.1860000000      0.3194891472    
  0.1880000000      0.3401013502    
  0.1900000000      0.3297952487    
  0.1920000000      0.2906320629    
  0.1940000000      0.2720810802    
  0.1960000000      0.2164281319    
  0.1980000000      0.1752037259    
  0.2000000000      0.1401629807    
  0.2020000000      0.1154283370    
  0.2040000000      0.1319180995    
  0.2060000000      0.2514688771    
  0.2080000000      0.3421625705    
  0.2100000000      0.4101828405    
  0.2120000000      0.3854481969    
  0.2140000000      0.3710196548    
  0.2160000000      0.3277340284    
  0.2180000000      0.2391015553    
  0.2200000000      0.2267342335    
  0.2220000000      0.2411627756    
  0.2240000000      0.2803259614    
  0.2260000000      0.3565911126    
  0.2280000000      0.4493460263    
  0.2300000000      0.5276723979    
  0.2320000000      0.4843867715    
  0.2340000000      0.4328562639    
  0.2360000000      0.4081216202    
  0.2380000000      0.3792645360    
  0.2400000000      0.3854481969    
  0.2420000000      0.4411011451    
  0.2440000000      0.6018763288    
  0.2460000000      0.8698349684    
  0.2480000000       1.133671167    
  0.2500000000       1.073895779    
  0.2520000000      0.8595288669    
  0.2540000000      0.4823255512    
  0.2560000000      0.3689584345    
  0.2580000000      0.2452852162    
  0.2600000000      0.2129927648    
  0.2620000000      0.1532173759    
  0.2640000000      0.1264215120    
  0.2660000000      0.1009997949    
  0.2680000000      0.1051222355    
  0.2700000000      0.1009997949    
  0.2720000000      0.8863247308E-01
  0.2740000000      0.6595904974E-01
  0.2760000000      0.6595904974E-01
  0.2780000000      0.1051222355    
  0.2800000000      0.1545915228    
  0.2820000000      0.1834486071    
  0.2840000000      0.2061220304    
  0.2860000000      0.2329178944    
  0.2880000000      0.2741423005    
  0.2900000000      0.3112442659    
  0.2920000000      0.2926932832    
  0.2940000000      0.2906320629    
  0.2960000000      0.2514688771    
  0.2980000000      0.2226117929    
  0.3000000000      0.1752037259    
  0.3020000000      0.1422242010    
  0.3040000000      0.1216119980    
  0.3060000000      0.9275491369E-01
  0.3080000000      0.7008149034E-01
  0.3100000000      0.5153050761E-01
  0.3120000000      0.6183660913E-01
  0.3140000000      0.1051222355    
  0.3160000000      0.1401629807    
  0.3180000000      0.1484078619    
  0.3200000000      0.1339793198    
  0.3220000000      0.1319180995    
  0.3240000000      0.1195507776    
  0.3260000000      0.1587139634    
  0.3280000000      0.2081832507    
  0.3300000000      0.2597137583    
  0.3320000000      0.2803259614    
  0.3340000000      0.2391015553    
  0.3360000000      0.2411627756    
  0.3380000000      0.2061220304    
  0.3400000000      0.2452852162    
  0.3420000000      0.2102444710    
  0.3440000000      0.1937547086    
  0.3460000000      0.1772649462    
  0.3480000000      0.1958159289    
  0.3500000000      0.2061220304    
  0.3520000000      0.2102444710    
  0.3540000000      0.1813873868    
  0.3560000000      0.2061220304    
  0.3580000000      0.1607751837    
  0.3600000000      0.1875710477    
  0.3620000000      0.1710812853    
  0.3640000000      0.2926932832    
  0.3660000000      0.3401013502    
  0.3680000000      0.3256728081    
  0.3700000000      0.2432239959    
  0.3720000000      0.1937547086    
  0.3740000000      0.1772649462    
  0.3760000000      0.1092446761    
  0.3780000000      0.8863247308E-01
  0.3800000000      0.8038759187E-01
  0.3820000000      0.1154283370    
  0.3840000000      0.2123056913    
  0.3860000000      0.3998767390    
  0.3880000000      0.5132438558    
  0.3900000000      0.5173662964    
  0.3920000000      0.5317948385    
  0.3940000000      0.5565294821    
  0.3960000000      0.5853865664    
  0.3980000000      0.6142436507    
  0.4000000000      0.8059371390    
  0.4020000000       1.189324116    
  0.4040000000       1.135732388    
  0.4060000000      0.9172430354    
  0.4080000000      0.4266726030    
  0.4100000000      0.2617749786    
  0.4120000000      0.1277956589    
  0.4140000000      0.7008149034E-01
  0.4160000000      0.3297952487E-01
  0.4180000000      0.2061220304E-01
  0.4200000000      0.6183660913E-01
  0.4220000000      0.1174895573    
  0.4240000000      0.1793261665    
  0.4260000000      0.2226117929    
  0.4280000000      0.2329178944    
  0.4300000000      0.2287954538    
  0.4320000000      0.2205505726    
  0.4340000000      0.1958159289    
  0.4360000000      0.1958159289    
  0.4380000000      0.1401629807    
  0.4400000000      0.1092446761    
  0.4420000000      0.6183660913E-01
  0.4440000000      0.6389782943E-01
  0.4460000000      0.1030610152    
  0.4480000000      0.2246730132    
  0.4500000000      0.2583396115    
  0.4520000000      0.2913191363    
  0.4540000000      0.1965030023    
  0.4560000000      0.1855098274    
  0.4580000000      0.1174895573    
  0.4600000000      0.1133671167    
  0.4620000000      0.9275491369E-01
  0.4640000000      0.9687735430E-01
  0.4660000000      0.7832637156E-01
  0.4680000000      0.5977538882E-01
  0.4700000000      0.4122440609E-01
  0.4720000000      0.8451003247E-01
  0.4740000000      0.8863247308E-01
  0.4760000000      0.1092446761    
  0.4780000000      0.7214271065E-01
  0.4800000000      0.8244881217E-01
  0.4820000000      0.7832637156E-01
  0.4840000000      0.8863247308E-01
  0.4860000000      0.7214271065E-01
  0.4880000000      0.8244881217E-01
  0.4900000000      0.1113058964    
  0.4920000000      0.1669588446    
  0.4940000000      0.1648976243    
  0.4960000000      0.1958159289    
  0.4980000000      0.2844484020    
     
