    -22192.2541054    
    -22085.4369758    
    -21947.2131441    
    -21801.2658731    
    -21669.9890589    
    -21568.0785394    
    -21499.6283588    
    -21459.8705064    
    -21439.8392394    
    -21430.8542949    
    -21427.2856238    
    -21425.7628440    
    -21425.0585227    
    -21424.7005048    
    -21424.5116586    
    -21424.4159282    
    -21424.3717526    
    -21424.3535640    
    -21424.3467801    
    -21424.3444261    
    -21424.3435791    
    -21424.3433088    
    -21424.3432425    
    -21424.3432294    
    -21424.3432247    
