   1333.310417    
   1333.312472    
   1333.316956    
   1333.325142    
   1333.331365    
   1333.333247    
   1333.332879    
   1333.332726    
   1333.333094    
   1333.333244    
   1333.333200    
   1333.333202    
   1333.333248    
   1333.333273    
   1333.333278    
   1333.333277    
   1333.333278    
   1333.333278    
   1333.333277    
   1333.333277    
   1333.333277    
   1333.333277    
   1333.333277    
   1333.333277    
   1333.333278    
   1333.333278    
   1333.333278    
   1333.333278    
