
! Atomic positions generated by spacegroup version 1.2.01
!  Hermann-Mauguin symbol : Fm-3m
!  Hall symbol            : -F 4 2 3
!  Schoenflies symbol     : Oh^5
!  space group number     : 225
!  lattice constants (a,b,c) :    4.930000000       4.930000000       4.930000000    
!  angles in degrees (bc,ac,ab) :    90.00000000       90.00000000       90.00000000    
!  number of conventional unit cells :    1   1   1
!  reduction to primitive cell : T
!  Wyckoff positions :
!   species :    1, Pb
!      0.000000000       0.000000000       1.000000000    

avec
   2.465000000       2.465000000       0.000000000    
   2.465000000      -2.465000000       0.000000000    
   2.465000000       0.000000000       2.465000000    

atoms
   1                                    : nspecies
'Pb.in'                                 : spfname
   1                                    : natoms; atposl, bfcmt below
    0.00000000    0.00000000    0.00000000    0.00000000  0.00000000  0.00000000
