
+----------------------------+
| Real-space lattice vectors |
+----------------------------+

vector a1 :    2.465000000       2.465000000       0.000000000    
vector a2 :    2.465000000      -2.465000000       0.000000000    
vector a3 :    2.465000000       0.000000000       2.465000000    

Stored column-wise as a matrix :
   2.465000000       2.465000000       2.465000000    
   2.465000000      -2.465000000       0.000000000    
   0.000000000       0.000000000       2.465000000    

Inverse of matrix :
  0.2028397566      0.2028397566     -0.2028397566    
  0.2028397566     -0.2028397566     -0.2028397566    
  -0.000000000      -0.000000000      0.4056795132    

Unit cell volume :    29.95578925    


+----------------------------------+
| Reciprocal-space lattice vectors |
+----------------------------------+

vector b1 :    1.274479778       1.274479778      -1.274479778    
vector b2 :    1.274479778      -1.274479778      -1.274479778    
vector b3 :   -0.000000000      -0.000000000       2.548959557    

Stored column-wise as a matrix :
   1.274479778       1.274479778      -0.000000000    
   1.274479778      -1.274479778      -0.000000000    
  -1.274479778      -1.274479778       2.548959557    

Inverse of matrix :
  0.3923169347      0.3923169347       0.000000000    
  0.3923169347     -0.3923169347      -0.000000000    
  0.3923169347      -0.000000000      0.3923169347    

Brillouin zone volume :    8.280543416    
