    -21083.5743202    
    -21058.8194180    
    -21027.7671350    
    -20997.1677905    
    -20972.7163155    
    -20956.6960606    
    -20947.8581023    
    -20943.4184999    
    -20939.9820351    
    -20940.0436690    
    -20939.1859927    
    -20938.7955377    
    -20938.4709602    
    -20938.4311657    
    -20938.4899485    
    -20938.5352127    
    -20938.5401784    
    -20938.5371454    
    -20938.5324363    
    -20938.5287985    
    -20938.5271970    
    -20938.5269825    
    -20938.5271500    
    -20938.5274698    
    -20938.5277278    
    -20938.5278449    
    -20938.5278647    
    -20938.5278510    
